ARM GAS  /tmp/ccVK02f7.s 			page 1


   1              		.syntax unified
   2              		.cpu cortex-m3
   3              		.fpu softvfp
   4              		.eabi_attribute 20, 1
   5              		.eabi_attribute 21, 1
   6              		.eabi_attribute 23, 3
   7              		.eabi_attribute 24, 1
   8              		.eabi_attribute 25, 1
   9              		.eabi_attribute 26, 1
  10              		.eabi_attribute 30, 2
  11              		.eabi_attribute 18, 4
  12              		.thumb
  13              		.file	"hal_lld.c"
  14              		.section	.debug_abbrev,"",%progbits
  15              	.Ldebug_abbrev0:
  16              		.section	.debug_info,"",%progbits
  17              	.Ldebug_info0:
  18              		.section	.debug_line,"",%progbits
  19              	.Ldebug_line0:
  20 0000 26010000 		.text
  20      0200BD00 
  20      00000201 
  20      FB0E0D00 
  20      01010101 
  21              	.Ltext0:
  22              		.cfi_sections	.debug_frame
  23              		.section	.text.hal_lld_init,"ax",%progbits
  24              		.align	2
  25              		.p2align 4,,15
  26              		.global	hal_lld_init
  27              		.thumb
  28              		.thumb_func
  29              		.type	hal_lld_init, %function
  30              	hal_lld_init:
  31              	.LFB36:
  32              		.file 1 "chibios/os/hal/platforms/STM32/hal_lld.c"
  33              		.loc 1 65 0
  34              		.cfi_startproc
  35              		@ args = 0, pretend = 0, frame = 0
  36              		@ frame_needed = 0, uses_anonymous_args = 0
  37              		@ link register save eliminated.
  38              		.loc 1 68 0
  39 0000 4EF21003 		movw	r3, #57360
  40 0004 41F63F11 		movw	r1, #6463
  41 0008 CEF20003 		movt	r3, 57344
  42 000c C0F20101 		movt	r1, 1
  43              		.loc 1 69 0
  44 0010 0020     		movs	r0, #0
  45              		.loc 1 70 0
  46 0012 0722     		movs	r2, #7
  47              		.loc 1 68 0
  48 0014 5960     		str	r1, [r3, #4]
  49              		.loc 1 69 0
  50 0016 9860     		str	r0, [r3, #8]
  51              		.loc 1 70 0
  52 0018 1A60     		str	r2, [r3, #0]
  53              		.loc 1 77 0
ARM GAS  /tmp/ccVK02f7.s 			page 2


  54 001a 7047     		bx	lr
  55              		.cfi_endproc
  56              	.LFE36:
  57              		.size	hal_lld_init, .-hal_lld_init
  58 001c AFF30080 		.section	.text.stm32_clock_init,"ax",%progbits
  59              		.align	2
  60              		.p2align 4,,15
  61              		.global	stm32_clock_init
  62              		.thumb
  63              		.thumb_func
  64              		.type	stm32_clock_init, %function
  65              	stm32_clock_init:
  66              	.LFB37:
  67              		.loc 1 92 0
  68              		.cfi_startproc
  69              		@ args = 0, pretend = 0, frame = 0
  70              		@ frame_needed = 0, uses_anonymous_args = 0
  71              		@ link register save eliminated.
  72              		.loc 1 96 0
  73 0000 4FF48053 		mov	r3, #4096
  74 0004 C4F20203 		movt	r3, 16386
  75 0008 1868     		ldr	r0, [r3, #0]
  76              		.loc 1 97 0
  77 000a 1946     		mov	r1, r3
  78              		.loc 1 96 0
  79 000c 40F00102 		orr	r2, r0, #1
  80 0010 1A60     		str	r2, [r3, #0]
  81              	.L3:
  82              		.loc 1 97 0 discriminator 1
  83 0012 0A68     		ldr	r2, [r1, #0]
  84 0014 4FF48053 		mov	r3, #4096
  85 0018 12F0020F 		tst	r2, #2
  86 001c C4F20203 		movt	r3, 16386
  87 0020 F7D0     		beq	.L3
  88              		.loc 1 99 0
  89 0022 1A68     		ldr	r2, [r3, #0]
  90              		.loc 1 100 0
  91 0024 0020     		movs	r0, #0
  92              		.loc 1 99 0
  93 0026 02F0F901 		and	r1, r2, #249
  94 002a 1960     		str	r1, [r3, #0]
  95              		.loc 1 101 0
  96 002c 1946     		mov	r1, r3
  97              		.loc 1 100 0
  98 002e 5860     		str	r0, [r3, #4]
  99              	.L4:
 100              		.loc 1 101 0 discriminator 1
 101 0030 4868     		ldr	r0, [r1, #4]
 102 0032 4FF48053 		mov	r3, #4096
 103 0036 10F00C0F 		tst	r0, #12
 104 003a C4F20203 		movt	r3, 16386
 105 003e F7D1     		bne	.L4
 106              		.loc 1 108 0
 107 0040 1868     		ldr	r0, [r3, #0]
 108              		.loc 1 109 0
 109 0042 1946     		mov	r1, r3
 110              		.loc 1 108 0
ARM GAS  /tmp/ccVK02f7.s 			page 3


 111 0044 40F48032 		orr	r2, r0, #65536
 112 0048 1A60     		str	r2, [r3, #0]
 113              	.L5:
 114              		.loc 1 109 0 discriminator 1
 115 004a 0A68     		ldr	r2, [r1, #0]
 116 004c 4FF48053 		mov	r3, #4096
 117 0050 12F4003F 		tst	r2, #131072
 118 0054 C4F20203 		movt	r3, 16386
 119 0058 F7D0     		beq	.L5
 120              		.loc 1 116 0
 121 005a 5A68     		ldr	r2, [r3, #4]
 122              		.loc 1 118 0
 123 005c 1946     		mov	r1, r3
 124              		.loc 1 116 0
 125 005e 42F4E810 		orr	r0, r2, #1900544
 126 0062 5860     		str	r0, [r3, #4]
 127              		.loc 1 117 0
 128 0064 1A68     		ldr	r2, [r3, #0]
 129 0066 42F08070 		orr	r0, r2, #16777216
 130 006a 1860     		str	r0, [r3, #0]
 131              	.L6:
 132              		.loc 1 118 0 discriminator 1
 133 006c 0868     		ldr	r0, [r1, #0]
 134 006e 4FF48053 		mov	r3, #4096
 135 0072 10F0007F 		tst	r0, #33554432
 136 0076 C4F20203 		movt	r3, 16386
 137 007a F7D0     		beq	.L6
 138              		.loc 1 124 0
 139 007c 4FF4C842 		mov	r2, #25600
 140              		.loc 1 134 0
 141 0080 4FF4005C 		mov	ip, #8192
 142              		.loc 1 124 0
 143 0084 C0F21D02 		movt	r2, 29
 144              		.loc 1 134 0
 145 0088 1221     		movs	r1, #18
 146 008a C4F2020C 		movt	ip, 16386
 147              		.loc 1 124 0
 148 008e 5A60     		str	r2, [r3, #4]
 149              		.loc 1 134 0
 150 0090 CCF80010 		str	r1, [ip, #0]
 151              		.loc 1 138 0
 152 0094 5868     		ldr	r0, [r3, #4]
 153              		.loc 1 139 0
 154 0096 1A46     		mov	r2, r3
 155              		.loc 1 138 0
 156 0098 40F00201 		orr	r1, r0, #2
 157 009c 5960     		str	r1, [r3, #4]
 158              	.L7:
 159              		.loc 1 139 0 discriminator 1
 160 009e 5068     		ldr	r0, [r2, #4]
 161 00a0 00F00C03 		and	r3, r0, #12
 162 00a4 082B     		cmp	r3, #8
 163 00a6 FAD1     		bne	.L7
 164              		.loc 1 142 0
 165 00a8 7047     		bx	lr
 166              		.cfi_endproc
 167              	.LFE37:
ARM GAS  /tmp/ccVK02f7.s 			page 4


 168              		.size	stm32_clock_init, .-stm32_clock_init
 169 00aa 00BFAFF3 		.text
 169      0080
 170              	.Letext0:
 171              		.file 2 "chibios/os/hal/platforms/STM32/core_cm3.h"
 172              		.file 3 "/home/dan/arm-cs-tools/lib/gcc/arm-none-eabi/4.5.1/../../../../arm-none-eabi/include/stdi
 173              		.file 4 "chibios/os/hal/platforms/STM32/stm32f10x.h"
 174              		.section	.debug_info
 175 0000 61020000 		.4byte	0x261
 176 0004 0200     		.2byte	0x2
 177 0006 00000000 		.4byte	.Ldebug_abbrev0
 178 000a 04       		.byte	0x4
 179 000b 01       		.uleb128 0x1
 180 000c 18000000 		.4byte	.LASF30
 181 0010 01       		.byte	0x1
 182 0011 55000000 		.4byte	.LASF31
 183 0015 A3000000 		.4byte	.LASF32
 184 0019 00000000 		.4byte	0x0
 185 001d 00000000 		.4byte	0x0
 186 0021 00000000 		.4byte	.Ldebug_ranges0+0x0
 187 0025 00000000 		.4byte	.Ldebug_line0
 188 0029 02       		.uleb128 0x2
 189 002a 04       		.byte	0x4
 190 002b 05       		.byte	0x5
 191 002c 696E7400 		.ascii	"int\000"
 192 0030 03       		.uleb128 0x3
 193 0031 04       		.byte	0x4
 194 0032 07       		.byte	0x7
 195 0033 18010000 		.4byte	.LASF0
 196 0037 03       		.uleb128 0x3
 197 0038 01       		.byte	0x1
 198 0039 06       		.byte	0x6
 199 003a 9C010000 		.4byte	.LASF1
 200 003e 03       		.uleb128 0x3
 201 003f 01       		.byte	0x1
 202 0040 08       		.byte	0x8
 203 0041 47000000 		.4byte	.LASF2
 204 0045 03       		.uleb128 0x3
 205 0046 02       		.byte	0x2
 206 0047 05       		.byte	0x5
 207 0048 FD000000 		.4byte	.LASF3
 208 004c 03       		.uleb128 0x3
 209 004d 02       		.byte	0x2
 210 004e 07       		.byte	0x7
 211 004f 90000000 		.4byte	.LASF4
 212 0053 03       		.uleb128 0x3
 213 0054 04       		.byte	0x4
 214 0055 05       		.byte	0x5
 215 0056 8E010000 		.4byte	.LASF5
 216 005a 04       		.uleb128 0x4
 217 005b 85010000 		.4byte	.LASF12
 218 005f 03       		.byte	0x3
 219 0060 50       		.byte	0x50
 220 0061 65000000 		.4byte	0x65
 221 0065 03       		.uleb128 0x3
 222 0066 04       		.byte	0x4
 223 0067 07       		.byte	0x7
ARM GAS  /tmp/ccVK02f7.s 			page 5


 224 0068 7E000000 		.4byte	.LASF6
 225 006c 03       		.uleb128 0x3
 226 006d 08       		.byte	0x8
 227 006e 05       		.byte	0x5
 228 006f 00000000 		.4byte	.LASF7
 229 0073 03       		.uleb128 0x3
 230 0074 08       		.byte	0x8
 231 0075 07       		.byte	0x7
 232 0076 25010000 		.4byte	.LASF8
 233 007a 05       		.uleb128 0x5
 234 007b 5A000000 		.4byte	0x5a
 235 007f 06       		.uleb128 0x6
 236 0080 7A000000 		.4byte	0x7a
 237 0084 07       		.uleb128 0x7
 238 0085 10       		.byte	0x10
 239 0086 02       		.byte	0x2
 240 0087 8C01     		.2byte	0x18c
 241 0089 CA000000 		.4byte	0xca
 242 008d 08       		.uleb128 0x8
 243 008e 49010000 		.4byte	.LASF9
 244 0092 02       		.byte	0x2
 245 0093 8E01     		.2byte	0x18e
 246 0095 7A000000 		.4byte	0x7a
 247 0099 02       		.byte	0x2
 248 009a 23       		.byte	0x23
 249 009b 00       		.uleb128 0x0
 250 009c 08       		.uleb128 0x8
 251 009d 63010000 		.4byte	.LASF10
 252 00a1 02       		.byte	0x2
 253 00a2 8F01     		.2byte	0x18f
 254 00a4 7A000000 		.4byte	0x7a
 255 00a8 02       		.byte	0x2
 256 00a9 23       		.byte	0x23
 257 00aa 04       		.uleb128 0x4
 258 00ab 09       		.uleb128 0x9
 259 00ac 56414C00 		.ascii	"VAL\000"
 260 00b0 02       		.byte	0x2
 261 00b1 9001     		.2byte	0x190
 262 00b3 7A000000 		.4byte	0x7a
 263 00b7 02       		.byte	0x2
 264 00b8 23       		.byte	0x23
 265 00b9 08       		.uleb128 0x8
 266 00ba 08       		.uleb128 0x8
 267 00bb D9000000 		.4byte	.LASF11
 268 00bf 02       		.byte	0x2
 269 00c0 9101     		.2byte	0x191
 270 00c2 7F000000 		.4byte	0x7f
 271 00c6 02       		.byte	0x2
 272 00c7 23       		.byte	0x23
 273 00c8 0C       		.uleb128 0xc
 274 00c9 00       		.byte	0x0
 275 00ca 0A       		.uleb128 0xa
 276 00cb 3C010000 		.4byte	.LASF13
 277 00cf 02       		.byte	0x2
 278 00d0 9201     		.2byte	0x192
 279 00d2 84000000 		.4byte	0x84
 280 00d6 07       		.uleb128 0x7
ARM GAS  /tmp/ccVK02f7.s 			page 6


 281 00d7 24       		.byte	0x24
 282 00d8 04       		.byte	0x4
 283 00d9 4703     		.2byte	0x347
 284 00db 64010000 		.4byte	0x164
 285 00df 09       		.uleb128 0x9
 286 00e0 41435200 		.ascii	"ACR\000"
 287 00e4 04       		.byte	0x4
 288 00e5 4903     		.2byte	0x349
 289 00e7 7A000000 		.4byte	0x7a
 290 00eb 02       		.byte	0x2
 291 00ec 23       		.byte	0x23
 292 00ed 00       		.uleb128 0x0
 293 00ee 08       		.uleb128 0x8
 294 00ef 97010000 		.4byte	.LASF14
 295 00f3 04       		.byte	0x4
 296 00f4 4A03     		.2byte	0x34a
 297 00f6 7A000000 		.4byte	0x7a
 298 00fa 02       		.byte	0x2
 299 00fb 23       		.byte	0x23
 300 00fc 04       		.uleb128 0x4
 301 00fd 08       		.uleb128 0x8
 302 00fe EC000000 		.4byte	.LASF15
 303 0102 04       		.byte	0x4
 304 0103 4B03     		.2byte	0x34b
 305 0105 7A000000 		.4byte	0x7a
 306 0109 02       		.byte	0x2
 307 010a 23       		.byte	0x23
 308 010b 08       		.uleb128 0x8
 309 010c 09       		.uleb128 0x9
 310 010d 535200   		.ascii	"SR\000"
 311 0110 04       		.byte	0x4
 312 0111 4C03     		.2byte	0x34c
 313 0113 7A000000 		.4byte	0x7a
 314 0117 02       		.byte	0x2
 315 0118 23       		.byte	0x23
 316 0119 0C       		.uleb128 0xc
 317 011a 09       		.uleb128 0x9
 318 011b 435200   		.ascii	"CR\000"
 319 011e 04       		.byte	0x4
 320 011f 4D03     		.2byte	0x34d
 321 0121 7A000000 		.4byte	0x7a
 322 0125 02       		.byte	0x2
 323 0126 23       		.byte	0x23
 324 0127 10       		.uleb128 0x10
 325 0128 09       		.uleb128 0x9
 326 0129 415200   		.ascii	"AR\000"
 327 012c 04       		.byte	0x4
 328 012d 4E03     		.2byte	0x34e
 329 012f 7A000000 		.4byte	0x7a
 330 0133 02       		.byte	0x2
 331 0134 23       		.byte	0x23
 332 0135 14       		.uleb128 0x14
 333 0136 08       		.uleb128 0x8
 334 0137 F4000000 		.4byte	.LASF16
 335 013b 04       		.byte	0x4
 336 013c 4F03     		.2byte	0x34f
 337 013e 7A000000 		.4byte	0x7a
ARM GAS  /tmp/ccVK02f7.s 			page 7


 338 0142 02       		.byte	0x2
 339 0143 23       		.byte	0x23
 340 0144 18       		.uleb128 0x18
 341 0145 09       		.uleb128 0x9
 342 0146 4F425200 		.ascii	"OBR\000"
 343 014a 04       		.byte	0x4
 344 014b 5003     		.2byte	0x350
 345 014d 7A000000 		.4byte	0x7a
 346 0151 02       		.byte	0x2
 347 0152 23       		.byte	0x23
 348 0153 1C       		.uleb128 0x1c
 349 0154 08       		.uleb128 0x8
 350 0155 39000000 		.4byte	.LASF17
 351 0159 04       		.byte	0x4
 352 015a 5103     		.2byte	0x351
 353 015c 7A000000 		.4byte	0x7a
 354 0160 02       		.byte	0x2
 355 0161 23       		.byte	0x23
 356 0162 20       		.uleb128 0x20
 357 0163 00       		.byte	0x0
 358 0164 0A       		.uleb128 0xa
 359 0165 24000000 		.4byte	.LASF18
 360 0169 04       		.byte	0x4
 361 016a 5A03     		.2byte	0x35a
 362 016c D6000000 		.4byte	0xd6
 363 0170 07       		.uleb128 0x7
 364 0171 28       		.byte	0x28
 365 0172 04       		.byte	0x4
 366 0173 F603     		.2byte	0x3f6
 367 0175 0F020000 		.4byte	0x20f
 368 0179 09       		.uleb128 0x9
 369 017a 435200   		.ascii	"CR\000"
 370 017d 04       		.byte	0x4
 371 017e F803     		.2byte	0x3f8
 372 0180 7A000000 		.4byte	0x7a
 373 0184 02       		.byte	0x2
 374 0185 23       		.byte	0x23
 375 0186 00       		.uleb128 0x0
 376 0187 08       		.uleb128 0x8
 377 0188 13000000 		.4byte	.LASF19
 378 018c 04       		.byte	0x4
 379 018d F903     		.2byte	0x3f9
 380 018f 7A000000 		.4byte	0x7a
 381 0193 02       		.byte	0x2
 382 0194 23       		.byte	0x23
 383 0195 04       		.uleb128 0x4
 384 0196 09       		.uleb128 0x9
 385 0197 43495200 		.ascii	"CIR\000"
 386 019b 04       		.byte	0x4
 387 019c FA03     		.2byte	0x3fa
 388 019e 7A000000 		.4byte	0x7a
 389 01a2 02       		.byte	0x2
 390 01a3 23       		.byte	0x23
 391 01a4 08       		.uleb128 0x8
 392 01a5 08       		.uleb128 0x8
 393 01a6 0F010000 		.4byte	.LASF20
 394 01aa 04       		.byte	0x4
ARM GAS  /tmp/ccVK02f7.s 			page 8


 395 01ab FB03     		.2byte	0x3fb
 396 01ad 7A000000 		.4byte	0x7a
 397 01b1 02       		.byte	0x2
 398 01b2 23       		.byte	0x23
 399 01b3 0C       		.uleb128 0xc
 400 01b4 08       		.uleb128 0x8
 401 01b5 3E000000 		.4byte	.LASF21
 402 01b9 04       		.byte	0x4
 403 01ba FC03     		.2byte	0x3fc
 404 01bc 7A000000 		.4byte	0x7a
 405 01c0 02       		.byte	0x2
 406 01c1 23       		.byte	0x23
 407 01c2 10       		.uleb128 0x10
 408 01c3 08       		.uleb128 0x8
 409 01c4 32000000 		.4byte	.LASF22
 410 01c8 04       		.byte	0x4
 411 01c9 FD03     		.2byte	0x3fd
 412 01cb 7A000000 		.4byte	0x7a
 413 01cf 02       		.byte	0x2
 414 01d0 23       		.byte	0x23
 415 01d1 14       		.uleb128 0x14
 416 01d2 08       		.uleb128 0x8
 417 01d3 4E010000 		.4byte	.LASF23
 418 01d7 04       		.byte	0x4
 419 01d8 FE03     		.2byte	0x3fe
 420 01da 7A000000 		.4byte	0x7a
 421 01de 02       		.byte	0x2
 422 01df 23       		.byte	0x23
 423 01e0 18       		.uleb128 0x18
 424 01e1 08       		.uleb128 0x8
 425 01e2 07010000 		.4byte	.LASF24
 426 01e6 04       		.byte	0x4
 427 01e7 FF03     		.2byte	0x3ff
 428 01e9 7A000000 		.4byte	0x7a
 429 01ed 02       		.byte	0x2
 430 01ee 23       		.byte	0x23
 431 01ef 1C       		.uleb128 0x1c
 432 01f0 08       		.uleb128 0x8
 433 01f1 0E000000 		.4byte	.LASF25
 434 01f5 04       		.byte	0x4
 435 01f6 0004     		.2byte	0x400
 436 01f8 7A000000 		.4byte	0x7a
 437 01fc 02       		.byte	0x2
 438 01fd 23       		.byte	0x23
 439 01fe 20       		.uleb128 0x20
 440 01ff 09       		.uleb128 0x9
 441 0200 43535200 		.ascii	"CSR\000"
 442 0204 04       		.byte	0x4
 443 0205 0104     		.2byte	0x401
 444 0207 7A000000 		.4byte	0x7a
 445 020b 02       		.byte	0x2
 446 020c 23       		.byte	0x23
 447 020d 24       		.uleb128 0x24
 448 020e 00       		.byte	0x0
 449 020f 0A       		.uleb128 0xa
 450 0210 79010000 		.4byte	.LASF26
 451 0214 04       		.byte	0x4
ARM GAS  /tmp/ccVK02f7.s 			page 9


 452 0215 0C04     		.2byte	0x40c
 453 0217 70010000 		.4byte	0x170
 454 021b 0B       		.uleb128 0xb
 455 021c 01       		.byte	0x1
 456 021d 56010000 		.4byte	.LASF27
 457 0221 01       		.byte	0x1
 458 0222 41       		.byte	0x41
 459 0223 01       		.byte	0x1
 460 0224 00000000 		.4byte	.LFB36
 461 0228 1C000000 		.4byte	.LFE36
 462 022c 02       		.byte	0x2
 463 022d 7D       		.byte	0x7d
 464 022e 00       		.sleb128 0
 465 022f 0B       		.uleb128 0xb
 466 0230 01       		.byte	0x1
 467 0231 68010000 		.4byte	.LASF28
 468 0235 01       		.byte	0x1
 469 0236 5C       		.byte	0x5c
 470 0237 01       		.byte	0x1
 471 0238 00000000 		.4byte	.LFB37
 472 023c AA000000 		.4byte	.LFE37
 473 0240 02       		.byte	0x2
 474 0241 7D       		.byte	0x7d
 475 0242 00       		.sleb128 0
 476 0243 0C       		.uleb128 0xc
 477 0244 DF000000 		.4byte	.LASF29
 478 0248 02       		.byte	0x2
 479 0249 ED06     		.2byte	0x6ed
 480 024b 51020000 		.4byte	0x251
 481 024f 01       		.byte	0x1
 482 0250 01       		.byte	0x1
 483 0251 05       		.uleb128 0x5
 484 0252 29000000 		.4byte	0x29
 485 0256 0C       		.uleb128 0xc
 486 0257 DF000000 		.4byte	.LASF29
 487 025b 02       		.byte	0x2
 488 025c ED06     		.2byte	0x6ed
 489 025e 51020000 		.4byte	0x251
 490 0262 01       		.byte	0x1
 491 0263 01       		.byte	0x1
 492 0264 00       		.byte	0x0
 493              		.section	.debug_abbrev
 494 0000 01       		.uleb128 0x1
 495 0001 11       		.uleb128 0x11
 496 0002 01       		.byte	0x1
 497 0003 25       		.uleb128 0x25
 498 0004 0E       		.uleb128 0xe
 499 0005 13       		.uleb128 0x13
 500 0006 0B       		.uleb128 0xb
 501 0007 03       		.uleb128 0x3
 502 0008 0E       		.uleb128 0xe
 503 0009 1B       		.uleb128 0x1b
 504 000a 0E       		.uleb128 0xe
 505 000b 11       		.uleb128 0x11
 506 000c 01       		.uleb128 0x1
 507 000d 52       		.uleb128 0x52
 508 000e 01       		.uleb128 0x1
ARM GAS  /tmp/ccVK02f7.s 			page 10


 509 000f 55       		.uleb128 0x55
 510 0010 06       		.uleb128 0x6
 511 0011 10       		.uleb128 0x10
 512 0012 06       		.uleb128 0x6
 513 0013 00       		.byte	0x0
 514 0014 00       		.byte	0x0
 515 0015 02       		.uleb128 0x2
 516 0016 24       		.uleb128 0x24
 517 0017 00       		.byte	0x0
 518 0018 0B       		.uleb128 0xb
 519 0019 0B       		.uleb128 0xb
 520 001a 3E       		.uleb128 0x3e
 521 001b 0B       		.uleb128 0xb
 522 001c 03       		.uleb128 0x3
 523 001d 08       		.uleb128 0x8
 524 001e 00       		.byte	0x0
 525 001f 00       		.byte	0x0
 526 0020 03       		.uleb128 0x3
 527 0021 24       		.uleb128 0x24
 528 0022 00       		.byte	0x0
 529 0023 0B       		.uleb128 0xb
 530 0024 0B       		.uleb128 0xb
 531 0025 3E       		.uleb128 0x3e
 532 0026 0B       		.uleb128 0xb
 533 0027 03       		.uleb128 0x3
 534 0028 0E       		.uleb128 0xe
 535 0029 00       		.byte	0x0
 536 002a 00       		.byte	0x0
 537 002b 04       		.uleb128 0x4
 538 002c 16       		.uleb128 0x16
 539 002d 00       		.byte	0x0
 540 002e 03       		.uleb128 0x3
 541 002f 0E       		.uleb128 0xe
 542 0030 3A       		.uleb128 0x3a
 543 0031 0B       		.uleb128 0xb
 544 0032 3B       		.uleb128 0x3b
 545 0033 0B       		.uleb128 0xb
 546 0034 49       		.uleb128 0x49
 547 0035 13       		.uleb128 0x13
 548 0036 00       		.byte	0x0
 549 0037 00       		.byte	0x0
 550 0038 05       		.uleb128 0x5
 551 0039 35       		.uleb128 0x35
 552 003a 00       		.byte	0x0
 553 003b 49       		.uleb128 0x49
 554 003c 13       		.uleb128 0x13
 555 003d 00       		.byte	0x0
 556 003e 00       		.byte	0x0
 557 003f 06       		.uleb128 0x6
 558 0040 26       		.uleb128 0x26
 559 0041 00       		.byte	0x0
 560 0042 49       		.uleb128 0x49
 561 0043 13       		.uleb128 0x13
 562 0044 00       		.byte	0x0
 563 0045 00       		.byte	0x0
 564 0046 07       		.uleb128 0x7
 565 0047 13       		.uleb128 0x13
ARM GAS  /tmp/ccVK02f7.s 			page 11


 566 0048 01       		.byte	0x1
 567 0049 0B       		.uleb128 0xb
 568 004a 0B       		.uleb128 0xb
 569 004b 3A       		.uleb128 0x3a
 570 004c 0B       		.uleb128 0xb
 571 004d 3B       		.uleb128 0x3b
 572 004e 05       		.uleb128 0x5
 573 004f 01       		.uleb128 0x1
 574 0050 13       		.uleb128 0x13
 575 0051 00       		.byte	0x0
 576 0052 00       		.byte	0x0
 577 0053 08       		.uleb128 0x8
 578 0054 0D       		.uleb128 0xd
 579 0055 00       		.byte	0x0
 580 0056 03       		.uleb128 0x3
 581 0057 0E       		.uleb128 0xe
 582 0058 3A       		.uleb128 0x3a
 583 0059 0B       		.uleb128 0xb
 584 005a 3B       		.uleb128 0x3b
 585 005b 05       		.uleb128 0x5
 586 005c 49       		.uleb128 0x49
 587 005d 13       		.uleb128 0x13
 588 005e 38       		.uleb128 0x38
 589 005f 0A       		.uleb128 0xa
 590 0060 00       		.byte	0x0
 591 0061 00       		.byte	0x0
 592 0062 09       		.uleb128 0x9
 593 0063 0D       		.uleb128 0xd
 594 0064 00       		.byte	0x0
 595 0065 03       		.uleb128 0x3
 596 0066 08       		.uleb128 0x8
 597 0067 3A       		.uleb128 0x3a
 598 0068 0B       		.uleb128 0xb
 599 0069 3B       		.uleb128 0x3b
 600 006a 05       		.uleb128 0x5
 601 006b 49       		.uleb128 0x49
 602 006c 13       		.uleb128 0x13
 603 006d 38       		.uleb128 0x38
 604 006e 0A       		.uleb128 0xa
 605 006f 00       		.byte	0x0
 606 0070 00       		.byte	0x0
 607 0071 0A       		.uleb128 0xa
 608 0072 16       		.uleb128 0x16
 609 0073 00       		.byte	0x0
 610 0074 03       		.uleb128 0x3
 611 0075 0E       		.uleb128 0xe
 612 0076 3A       		.uleb128 0x3a
 613 0077 0B       		.uleb128 0xb
 614 0078 3B       		.uleb128 0x3b
 615 0079 05       		.uleb128 0x5
 616 007a 49       		.uleb128 0x49
 617 007b 13       		.uleb128 0x13
 618 007c 00       		.byte	0x0
 619 007d 00       		.byte	0x0
 620 007e 0B       		.uleb128 0xb
 621 007f 2E       		.uleb128 0x2e
 622 0080 00       		.byte	0x0
ARM GAS  /tmp/ccVK02f7.s 			page 12


 623 0081 3F       		.uleb128 0x3f
 624 0082 0C       		.uleb128 0xc
 625 0083 03       		.uleb128 0x3
 626 0084 0E       		.uleb128 0xe
 627 0085 3A       		.uleb128 0x3a
 628 0086 0B       		.uleb128 0xb
 629 0087 3B       		.uleb128 0x3b
 630 0088 0B       		.uleb128 0xb
 631 0089 27       		.uleb128 0x27
 632 008a 0C       		.uleb128 0xc
 633 008b 11       		.uleb128 0x11
 634 008c 01       		.uleb128 0x1
 635 008d 12       		.uleb128 0x12
 636 008e 01       		.uleb128 0x1
 637 008f 40       		.uleb128 0x40
 638 0090 0A       		.uleb128 0xa
 639 0091 00       		.byte	0x0
 640 0092 00       		.byte	0x0
 641 0093 0C       		.uleb128 0xc
 642 0094 34       		.uleb128 0x34
 643 0095 00       		.byte	0x0
 644 0096 03       		.uleb128 0x3
 645 0097 0E       		.uleb128 0xe
 646 0098 3A       		.uleb128 0x3a
 647 0099 0B       		.uleb128 0xb
 648 009a 3B       		.uleb128 0x3b
 649 009b 05       		.uleb128 0x5
 650 009c 49       		.uleb128 0x49
 651 009d 13       		.uleb128 0x13
 652 009e 3F       		.uleb128 0x3f
 653 009f 0C       		.uleb128 0xc
 654 00a0 3C       		.uleb128 0x3c
 655 00a1 0C       		.uleb128 0xc
 656 00a2 00       		.byte	0x0
 657 00a3 00       		.byte	0x0
 658 00a4 00       		.byte	0x0
 659              		.section	.debug_pubnames,"",%progbits
 660 0000 34000000 		.4byte	0x34
 661 0004 0200     		.2byte	0x2
 662 0006 00000000 		.4byte	.Ldebug_info0
 663 000a 65020000 		.4byte	0x265
 664 000e 1B020000 		.4byte	0x21b
 665 0012 68616C5F 		.ascii	"hal_lld_init\000"
 665      6C6C645F 
 665      696E6974 
 665      00
 666 001f 2F020000 		.4byte	0x22f
 667 0023 73746D33 		.ascii	"stm32_clock_init\000"
 667      325F636C 
 667      6F636B5F 
 667      696E6974 
 667      00
 668 0034 00000000 		.4byte	0x0
 669              		.section	.debug_pubtypes,"",%progbits
 670 0000 4E000000 		.4byte	0x4e
 671 0004 0200     		.2byte	0x2
 672 0006 00000000 		.4byte	.Ldebug_info0
ARM GAS  /tmp/ccVK02f7.s 			page 13


 673 000a 65020000 		.4byte	0x265
 674 000e 5A000000 		.4byte	0x5a
 675 0012 75696E74 		.ascii	"uint32_t\000"
 675      33325F74 
 675      00
 676 001b CA000000 		.4byte	0xca
 677 001f 53797354 		.ascii	"SysTick_Type\000"
 677      69636B5F 
 677      54797065 
 677      00
 678 002c 64010000 		.4byte	0x164
 679 0030 464C4153 		.ascii	"FLASH_TypeDef\000"
 679      485F5479 
 679      70654465 
 679      6600
 680 003e 0F020000 		.4byte	0x20f
 681 0042 5243435F 		.ascii	"RCC_TypeDef\000"
 681      54797065 
 681      44656600 
 682 004e 00000000 		.4byte	0x0
 683              		.section	.debug_aranges,"",%progbits
 684 0000 24000000 		.4byte	0x24
 685 0004 0200     		.2byte	0x2
 686 0006 00000000 		.4byte	.Ldebug_info0
 687 000a 04       		.byte	0x4
 688 000b 00       		.byte	0x0
 689 000c 0000     		.2byte	0x0
 690 000e 0000     		.2byte	0x0
 691 0010 00000000 		.4byte	.LFB36
 692 0014 1C000000 		.4byte	.LFE36-.LFB36
 693 0018 00000000 		.4byte	.LFB37
 694 001c AA000000 		.4byte	.LFE37-.LFB37
 695 0020 00000000 		.4byte	0x0
 696 0024 00000000 		.4byte	0x0
 697              		.section	.debug_ranges,"",%progbits
 698              	.Ldebug_ranges0:
 699 0000 00000000 		.4byte	.LFB36
 700 0004 1C000000 		.4byte	.LFE36
 701 0008 00000000 		.4byte	.LFB37
 702 000c AA000000 		.4byte	.LFE37
 703 0010 00000000 		.4byte	0x0
 704 0014 00000000 		.4byte	0x0
 705              		.section	.debug_str,"MS",%progbits,1
 706              	.LASF7:
 707 0000 6C6F6E67 		.ascii	"long long int\000"
 707      206C6F6E 
 707      6720696E 
 707      7400
 708              	.LASF25:
 709 000e 42444352 		.ascii	"BDCR\000"
 709      00
 710              	.LASF19:
 711 0013 43464752 		.ascii	"CFGR\000"
 711      00
 712              	.LASF30:
 713 0018 474E5520 		.ascii	"GNU C 4.5.1\000"
 713      4320342E 
ARM GAS  /tmp/ccVK02f7.s 			page 14


 713      352E3100 
 714              	.LASF18:
 715 0024 464C4153 		.ascii	"FLASH_TypeDef\000"
 715      485F5479 
 715      70654465 
 715      6600
 716              	.LASF22:
 717 0032 41484245 		.ascii	"AHBENR\000"
 717      4E5200
 718              	.LASF17:
 719 0039 57525052 		.ascii	"WRPR\000"
 719      00
 720              	.LASF21:
 721 003e 41504231 		.ascii	"APB1RSTR\000"
 721      52535452 
 721      00
 722              	.LASF2:
 723 0047 756E7369 		.ascii	"unsigned char\000"
 723      676E6564 
 723      20636861 
 723      7200
 724              	.LASF31:
 725 0055 63686962 		.ascii	"chibios/os/hal/platforms/STM32/hal_lld.c\000"
 725      696F732F 
 725      6F732F68 
 725      616C2F70 
 725      6C617466 
 726              	.LASF6:
 727 007e 6C6F6E67 		.ascii	"long unsigned int\000"
 727      20756E73 
 727      69676E65 
 727      6420696E 
 727      7400
 728              	.LASF4:
 729 0090 73686F72 		.ascii	"short unsigned int\000"
 729      7420756E 
 729      7369676E 
 729      65642069 
 729      6E7400
 730              	.LASF32:
 731 00a3 2F686F6D 		.ascii	"/home/dan/github/github-projects/Quad-Rotor/QuadRot"
 731      652F6461 
 731      6E2F6769 
 731      74687562 
 731      2F676974 
 732 00d6 6F7200   		.ascii	"or\000"
 733              	.LASF11:
 734 00d9 43414C49 		.ascii	"CALIB\000"
 734      4200
 735              	.LASF29:
 736 00df 49544D5F 		.ascii	"ITM_RxBuffer\000"
 736      52784275 
 736      66666572 
 736      00
 737              	.LASF15:
 738 00ec 4F50544B 		.ascii	"OPTKEYR\000"
 738      45595200 
ARM GAS  /tmp/ccVK02f7.s 			page 15


 739              	.LASF16:
 740 00f4 52455345 		.ascii	"RESERVED\000"
 740      52564544 
 740      00
 741              	.LASF3:
 742 00fd 73686F72 		.ascii	"short int\000"
 742      7420696E 
 742      7400
 743              	.LASF24:
 744 0107 41504231 		.ascii	"APB1ENR\000"
 744      454E5200 
 745              	.LASF20:
 746 010f 41504232 		.ascii	"APB2RSTR\000"
 746      52535452 
 746      00
 747              	.LASF0:
 748 0118 756E7369 		.ascii	"unsigned int\000"
 748      676E6564 
 748      20696E74 
 748      00
 749              	.LASF8:
 750 0125 6C6F6E67 		.ascii	"long long unsigned int\000"
 750      206C6F6E 
 750      6720756E 
 750      7369676E 
 750      65642069 
 751              	.LASF13:
 752 013c 53797354 		.ascii	"SysTick_Type\000"
 752      69636B5F 
 752      54797065 
 752      00
 753              	.LASF9:
 754 0149 4354524C 		.ascii	"CTRL\000"
 754      00
 755              	.LASF23:
 756 014e 41504232 		.ascii	"APB2ENR\000"
 756      454E5200 
 757              	.LASF27:
 758 0156 68616C5F 		.ascii	"hal_lld_init\000"
 758      6C6C645F 
 758      696E6974 
 758      00
 759              	.LASF10:
 760 0163 4C4F4144 		.ascii	"LOAD\000"
 760      00
 761              	.LASF28:
 762 0168 73746D33 		.ascii	"stm32_clock_init\000"
 762      325F636C 
 762      6F636B5F 
 762      696E6974 
 762      00
 763              	.LASF26:
 764 0179 5243435F 		.ascii	"RCC_TypeDef\000"
 764      54797065 
 764      44656600 
 765              	.LASF12:
 766 0185 75696E74 		.ascii	"uint32_t\000"
ARM GAS  /tmp/ccVK02f7.s 			page 16


 766      33325F74 
 766      00
 767              	.LASF5:
 768 018e 6C6F6E67 		.ascii	"long int\000"
 768      20696E74 
 768      00
 769              	.LASF14:
 770 0197 4B455952 		.ascii	"KEYR\000"
 770      00
 771              	.LASF1:
 772 019c 7369676E 		.ascii	"signed char\000"
 772      65642063 
 772      68617200 
 773              		.ident	"GCC: (GNU) 4.5.1"
ARM GAS  /tmp/ccVK02f7.s 			page 17


DEFINED SYMBOLS
                            *ABS*:0000000000000000 hal_lld.c
     /tmp/ccVK02f7.s:24     .text.hal_lld_init:0000000000000000 $t
     /tmp/ccVK02f7.s:30     .text.hal_lld_init:0000000000000000 hal_lld_init
     /tmp/ccVK02f7.s:59     .text.stm32_clock_init:0000000000000000 $t
     /tmp/ccVK02f7.s:65     .text.stm32_clock_init:0000000000000000 stm32_clock_init
                     .debug_frame:0000000000000010 $d

NO UNDEFINED SYMBOLS
