ARM GAS  /tmp/cciMj5o6.s 			page 1


   1              		.syntax unified
   2              		.cpu cortex-m3
   3              		.fpu softvfp
   4              		.eabi_attribute 20, 1
   5              		.eabi_attribute 21, 1
   6              		.eabi_attribute 23, 3
   7              		.eabi_attribute 24, 1
   8              		.eabi_attribute 25, 1
   9              		.eabi_attribute 26, 1
  10              		.eabi_attribute 30, 2
  11              		.eabi_attribute 18, 4
  12              		.thumb
  13              		.file	"mmc_spi.c"
  14              		.section	.debug_abbrev,"",%progbits
  15              	.Ldebug_abbrev0:
  16              		.section	.debug_info,"",%progbits
  17              	.Ldebug_info0:
  18              		.section	.debug_line,"",%progbits
  19              	.Ldebug_line0:
  20 0000 46000000 		.text
  20      02004000 
  20      00000201 
  20      FB0E0D00 
  20      01010101 
  21              	.Ltext0:
  22              		.cfi_sections	.debug_frame
  23              	.Letext0:
  24              		.file 1 "chibios/os/hal/platforms/STM32/core_cm3.h"
  25              		.section	.debug_info
  26 0000 89000000 		.4byte	0x89
  27 0004 0200     		.2byte	0x2
  28 0006 00000000 		.4byte	.Ldebug_abbrev0
  29 000a 04       		.byte	0x4
  30 000b 01       		.uleb128 0x1
  31 000c D6000000 		.4byte	.LASF10
  32 0010 01       		.byte	0x1
  33 0011 8B000000 		.4byte	.LASF11
  34 0015 00000000 		.4byte	.LASF12
  35 0019 00000000 		.4byte	.Ltext0
  36 001d 00000000 		.4byte	.Letext0
  37 0021 00000000 		.4byte	.Ldebug_line0
  38 0025 02       		.uleb128 0x2
  39 0026 04       		.byte	0x4
  40 0027 05       		.byte	0x5
  41 0028 696E7400 		.ascii	"int\000"
  42 002c 03       		.uleb128 0x3
  43 002d 04       		.byte	0x4
  44 002e 07       		.byte	0x7
  45 002f 36000000 		.4byte	.LASF0
  46 0033 03       		.uleb128 0x3
  47 0034 01       		.byte	0x1
  48 0035 06       		.byte	0x6
  49 0036 62000000 		.4byte	.LASF1
  50 003a 03       		.uleb128 0x3
  51 003b 01       		.byte	0x1
  52 003c 08       		.byte	0x8
  53 003d BF000000 		.4byte	.LASF2
ARM GAS  /tmp/cciMj5o6.s 			page 2


  54 0041 03       		.uleb128 0x3
  55 0042 02       		.byte	0x2
  56 0043 05       		.byte	0x5
  57 0044 81000000 		.4byte	.LASF3
  58 0048 03       		.uleb128 0x3
  59 0049 02       		.byte	0x2
  60 004a 07       		.byte	0x7
  61 004b 6E000000 		.4byte	.LASF4
  62 004f 03       		.uleb128 0x3
  63 0050 04       		.byte	0x4
  64 0051 05       		.byte	0x5
  65 0052 CD000000 		.4byte	.LASF5
  66 0056 03       		.uleb128 0x3
  67 0057 04       		.byte	0x4
  68 0058 07       		.byte	0x7
  69 0059 43000000 		.4byte	.LASF6
  70 005d 03       		.uleb128 0x3
  71 005e 08       		.byte	0x8
  72 005f 05       		.byte	0x5
  73 0060 E2000000 		.4byte	.LASF7
  74 0064 03       		.uleb128 0x3
  75 0065 08       		.byte	0x8
  76 0066 07       		.byte	0x7
  77 0067 A8000000 		.4byte	.LASF8
  78 006b 04       		.uleb128 0x4
  79 006c 55000000 		.4byte	.LASF9
  80 0070 01       		.byte	0x1
  81 0071 ED06     		.2byte	0x6ed
  82 0073 79000000 		.4byte	0x79
  83 0077 01       		.byte	0x1
  84 0078 01       		.byte	0x1
  85 0079 05       		.uleb128 0x5
  86 007a 25000000 		.4byte	0x25
  87 007e 04       		.uleb128 0x4
  88 007f 55000000 		.4byte	.LASF9
  89 0083 01       		.byte	0x1
  90 0084 ED06     		.2byte	0x6ed
  91 0086 79000000 		.4byte	0x79
  92 008a 01       		.byte	0x1
  93 008b 01       		.byte	0x1
  94 008c 00       		.byte	0x0
  95              		.section	.debug_abbrev
  96 0000 01       		.uleb128 0x1
  97 0001 11       		.uleb128 0x11
  98 0002 01       		.byte	0x1
  99 0003 25       		.uleb128 0x25
 100 0004 0E       		.uleb128 0xe
 101 0005 13       		.uleb128 0x13
 102 0006 0B       		.uleb128 0xb
 103 0007 03       		.uleb128 0x3
 104 0008 0E       		.uleb128 0xe
 105 0009 1B       		.uleb128 0x1b
 106 000a 0E       		.uleb128 0xe
 107 000b 11       		.uleb128 0x11
 108 000c 01       		.uleb128 0x1
 109 000d 12       		.uleb128 0x12
 110 000e 01       		.uleb128 0x1
ARM GAS  /tmp/cciMj5o6.s 			page 3


 111 000f 10       		.uleb128 0x10
 112 0010 06       		.uleb128 0x6
 113 0011 00       		.byte	0x0
 114 0012 00       		.byte	0x0
 115 0013 02       		.uleb128 0x2
 116 0014 24       		.uleb128 0x24
 117 0015 00       		.byte	0x0
 118 0016 0B       		.uleb128 0xb
 119 0017 0B       		.uleb128 0xb
 120 0018 3E       		.uleb128 0x3e
 121 0019 0B       		.uleb128 0xb
 122 001a 03       		.uleb128 0x3
 123 001b 08       		.uleb128 0x8
 124 001c 00       		.byte	0x0
 125 001d 00       		.byte	0x0
 126 001e 03       		.uleb128 0x3
 127 001f 24       		.uleb128 0x24
 128 0020 00       		.byte	0x0
 129 0021 0B       		.uleb128 0xb
 130 0022 0B       		.uleb128 0xb
 131 0023 3E       		.uleb128 0x3e
 132 0024 0B       		.uleb128 0xb
 133 0025 03       		.uleb128 0x3
 134 0026 0E       		.uleb128 0xe
 135 0027 00       		.byte	0x0
 136 0028 00       		.byte	0x0
 137 0029 04       		.uleb128 0x4
 138 002a 34       		.uleb128 0x34
 139 002b 00       		.byte	0x0
 140 002c 03       		.uleb128 0x3
 141 002d 0E       		.uleb128 0xe
 142 002e 3A       		.uleb128 0x3a
 143 002f 0B       		.uleb128 0xb
 144 0030 3B       		.uleb128 0x3b
 145 0031 05       		.uleb128 0x5
 146 0032 49       		.uleb128 0x49
 147 0033 13       		.uleb128 0x13
 148 0034 3F       		.uleb128 0x3f
 149 0035 0C       		.uleb128 0xc
 150 0036 3C       		.uleb128 0x3c
 151 0037 0C       		.uleb128 0xc
 152 0038 00       		.byte	0x0
 153 0039 00       		.byte	0x0
 154 003a 05       		.uleb128 0x5
 155 003b 35       		.uleb128 0x35
 156 003c 00       		.byte	0x0
 157 003d 49       		.uleb128 0x49
 158 003e 13       		.uleb128 0x13
 159 003f 00       		.byte	0x0
 160 0040 00       		.byte	0x0
 161 0041 00       		.byte	0x0
 162              		.section	.debug_pubtypes,"",%progbits
 163 0000 0E000000 		.4byte	0xe
 164 0004 0200     		.2byte	0x2
 165 0006 00000000 		.4byte	.Ldebug_info0
 166 000a 8D000000 		.4byte	0x8d
 167 000e 00000000 		.4byte	0x0
ARM GAS  /tmp/cciMj5o6.s 			page 4


 168              		.section	.debug_str,"MS",%progbits,1
 169              	.LASF12:
 170 0000 2F686F6D 		.ascii	"/home/dan/github/github-projects/Quad-Rotor/QuadRot"
 170      652F6461 
 170      6E2F6769 
 170      74687562 
 170      2F676974 
 171 0033 6F7200   		.ascii	"or\000"
 172              	.LASF0:
 173 0036 756E7369 		.ascii	"unsigned int\000"
 173      676E6564 
 173      20696E74 
 173      00
 174              	.LASF6:
 175 0043 6C6F6E67 		.ascii	"long unsigned int\000"
 175      20756E73 
 175      69676E65 
 175      6420696E 
 175      7400
 176              	.LASF9:
 177 0055 49544D5F 		.ascii	"ITM_RxBuffer\000"
 177      52784275 
 177      66666572 
 177      00
 178              	.LASF1:
 179 0062 7369676E 		.ascii	"signed char\000"
 179      65642063 
 179      68617200 
 180              	.LASF4:
 181 006e 73686F72 		.ascii	"short unsigned int\000"
 181      7420756E 
 181      7369676E 
 181      65642069 
 181      6E7400
 182              	.LASF3:
 183 0081 73686F72 		.ascii	"short int\000"
 183      7420696E 
 183      7400
 184              	.LASF11:
 185 008b 63686962 		.ascii	"chibios/os/hal/src/mmc_spi.c\000"
 185      696F732F 
 185      6F732F68 
 185      616C2F73 
 185      72632F6D 
 186              	.LASF8:
 187 00a8 6C6F6E67 		.ascii	"long long unsigned int\000"
 187      206C6F6E 
 187      6720756E 
 187      7369676E 
 187      65642069 
 188              	.LASF2:
 189 00bf 756E7369 		.ascii	"unsigned char\000"
 189      676E6564 
 189      20636861 
 189      7200
 190              	.LASF5:
 191 00cd 6C6F6E67 		.ascii	"long int\000"
ARM GAS  /tmp/cciMj5o6.s 			page 5


 191      20696E74 
 191      00
 192              	.LASF10:
 193 00d6 474E5520 		.ascii	"GNU C 4.5.1\000"
 193      4320342E 
 193      352E3100 
 194              	.LASF7:
 195 00e2 6C6F6E67 		.ascii	"long long int\000"
 195      206C6F6E 
 195      6720696E 
 195      7400
 196              		.ident	"GCC: (GNU) 4.5.1"
ARM GAS  /tmp/cciMj5o6.s 			page 6


DEFINED SYMBOLS
                            *ABS*:0000000000000000 mmc_spi.c

NO UNDEFINED SYMBOLS
