ARM GAS  /tmp/ccQX1Cbd.s 			page 1


   1              		.syntax unified
   2              		.cpu cortex-m3
   3              		.fpu softvfp
   4              		.eabi_attribute 20, 1
   5              		.eabi_attribute 21, 1
   6              		.eabi_attribute 23, 3
   7              		.eabi_attribute 24, 1
   8              		.eabi_attribute 25, 1
   9              		.eabi_attribute 26, 1
  10              		.eabi_attribute 30, 2
  11              		.eabi_attribute 18, 4
  12              		.thumb
  13              		.file	"vectors.c"
  14              		.section	.debug_abbrev,"",%progbits
  15              	.Ldebug_abbrev0:
  16              		.section	.debug_info,"",%progbits
  17              	.Ldebug_info0:
  18              		.section	.debug_line,"",%progbits
  19              	.Ldebug_line0:
  20 0000 59000000 		.text
  20      02004200 
  20      00000201 
  20      FB0E0D00 
  20      01010101 
  21              	.Ltext0:
  22              		.cfi_sections	.debug_frame
  23              		.section	.text._unhandled_exception,"ax",%progbits
  24              		.align	2
  25              		.p2align 4,,15
  26              		.global	_unhandled_exception
  27              		.thumb
  28              		.thumb_func
  29              		.type	_unhandled_exception, %function
  30              	_unhandled_exception:
  31              	.LFB7:
  32              		.file 1 "chibios/os/ports/GCC/ARMCMx/STM32/vectors.c"
  33              		.loc 1 187 0
  34              		.cfi_startproc
  35              		@ Naked Function: prologue and epilogue provided by programmer.
  36              		@ args = 0, pretend = 0, frame = 0
  37              		@ frame_needed = 0, uses_anonymous_args = 0
  38              		.loc 1 189 0
  39              	@ 189 "chibios/os/ports/GCC/ARMCMx/STM32/vectors.c" 1
  40              		.weak NMIVector            
  41              	NMIVector:                
  42              		.weak HardFaultVector      
  43              	HardFaultVector:          
  44              		.weak MemManageVector      
  45              	MemManageVector:          
  46              		.weak BusFaultVector       
  47              	BusFaultVector:           
  48              		.weak UsageFaultVector     
  49              	UsageFaultVector:         
  50              		.weak Vector1C             
  51              	Vector1C:                 
  52              		.weak Vector20             
  53              	Vector20:                 
ARM GAS  /tmp/ccQX1Cbd.s 			page 2


  54              		.weak Vector24             
  55              	Vector24:                 
  56              		.weak Vector28             
  57              	Vector28:                 
  58              		.weak SVCallVector         
  59              	SVCallVector:             
  60              		.weak DebugMonitorVector   
  61              	DebugMonitorVector:       
  62              		.weak Vector34             
  63              	Vector34:                 
  64              		.weak PendSVVector         
  65              	PendSVVector:             
  66              		.weak SysTickVector        
  67              	SysTickVector:            
  68              		.weak Vector40             
  69              	Vector40:                 
  70              		.weak Vector44             
  71              	Vector44:                 
  72              		.weak Vector48             
  73              	Vector48:                 
  74              		.weak Vector4C             
  75              	Vector4C:                 
  76              		.weak Vector50             
  77              	Vector50:                 
  78              		.weak Vector54             
  79              	Vector54:                 
  80              		.weak Vector58             
  81              	Vector58:                 
  82              		.weak Vector5C             
  83              	Vector5C:                 
  84              		.weak Vector60             
  85              	Vector60:                 
  86              		.weak Vector64             
  87              	Vector64:                 
  88              		.weak Vector68             
  89              	Vector68:                 
  90              		.weak Vector6C             
  91              	Vector6C:                 
  92              		.weak Vector70             
  93              	Vector70:                 
  94              		.weak Vector74             
  95              	Vector74:                 
  96              		.weak Vector78             
  97              	Vector78:                 
  98              		.weak Vector7C             
  99              	Vector7C:                 
 100              		.weak Vector80             
 101              	Vector80:                 
 102              		.weak Vector84             
 103              	Vector84:                 
 104              		.weak Vector88             
 105              	Vector88:                 
 106              		.weak Vector8C             
 107              	Vector8C:                 
 108              		.weak Vector90             
 109              	Vector90:                 
 110              		.weak Vector94             
ARM GAS  /tmp/ccQX1Cbd.s 			page 3


 111              	Vector94:                 
 112              		.weak Vector98             
 113              	Vector98:                 
 114              		.weak Vector9C             
 115              	Vector9C:                 
 116              		.weak VectorA0             
 117              	VectorA0:                 
 118              		.weak VectorA4             
 119              	VectorA4:                 
 120              		.weak VectorA8             
 121              	VectorA8:                 
 122              		.weak VectorAC             
 123              	VectorAC:                 
 124              		.weak VectorB0             
 125              	VectorB0:                 
 126              		.weak VectorB4             
 127              	VectorB4:                 
 128              		.weak VectorB8             
 129              	VectorB8:                 
 130              		.weak VectorBC             
 131              	VectorBC:                 
 132              		.weak VectorC0             
 133              	VectorC0:                 
 134              		.weak VectorC4             
 135              	VectorC4:                 
 136              		.weak VectorC8             
 137              	VectorC8:                 
 138              		.weak VectorCC             
 139              	VectorCC:                 
 140              		.weak VectorD0             
 141              	VectorD0:                 
 142              		.weak VectorD4             
 143              	VectorD4:                 
 144              		.weak VectorD8             
 145              	VectorD8:                 
 146              		.weak VectorDC             
 147              	VectorDC:                 
 148              		.weak VectorE0             
 149              	VectorE0:                 
 150              		.weak VectorE4             
 151              	VectorE4:                 
 152              		.weak VectorE8             
 153              	VectorE8:                 
 154              		
 155              	@ 0 "" 2
 156              		.thumb
 157              	.L2:
 158 0000 FEE7     		b	.L2
 159              		.cfi_endproc
 160              	.LFE7:
 161              		.size	_unhandled_exception, .-_unhandled_exception
 162              		.global	_vectors
 163 0002 00BFAFF3 		.section	vectors,"aw",%progbits
 163      0080AFF3 
 163      0080AFF3 
 163      0080
 164              		.align	2
ARM GAS  /tmp/ccQX1Cbd.s 			page 4


 165              		.type	_vectors, %object
 166              		.size	_vectors, 236
 167              	_vectors:
 168 0000 00000000 		.word	__ram_end__
 169 0004 00000000 		.word	ResetHandler
 170 0008 00000000 		.word	NMIVector
 171 000c 00000000 		.word	HardFaultVector
 172 0010 00000000 		.word	MemManageVector
 173 0014 00000000 		.word	BusFaultVector
 174 0018 00000000 		.word	UsageFaultVector
 175 001c 00000000 		.word	Vector1C
 176 0020 00000000 		.word	Vector20
 177 0024 00000000 		.word	Vector24
 178 0028 00000000 		.word	Vector28
 179 002c 00000000 		.word	SVCallVector
 180 0030 00000000 		.word	DebugMonitorVector
 181 0034 00000000 		.word	Vector34
 182 0038 00000000 		.word	PendSVVector
 183 003c 00000000 		.word	SysTickVector
 184 0040 00000000 		.word	Vector40
 185 0044 00000000 		.word	Vector44
 186 0048 00000000 		.word	Vector48
 187 004c 00000000 		.word	Vector4C
 188 0050 00000000 		.word	Vector50
 189 0054 00000000 		.word	Vector54
 190 0058 00000000 		.word	Vector58
 191 005c 00000000 		.word	Vector5C
 192 0060 00000000 		.word	Vector60
 193 0064 00000000 		.word	Vector64
 194 0068 00000000 		.word	Vector68
 195 006c 00000000 		.word	Vector6C
 196 0070 00000000 		.word	Vector70
 197 0074 00000000 		.word	Vector74
 198 0078 00000000 		.word	Vector78
 199 007c 00000000 		.word	Vector7C
 200 0080 00000000 		.word	Vector80
 201 0084 00000000 		.word	Vector84
 202 0088 00000000 		.word	Vector88
 203 008c 00000000 		.word	Vector8C
 204 0090 00000000 		.word	Vector90
 205 0094 00000000 		.word	Vector94
 206 0098 00000000 		.word	Vector98
 207 009c 00000000 		.word	Vector9C
 208 00a0 00000000 		.word	VectorA0
 209 00a4 00000000 		.word	VectorA4
 210 00a8 00000000 		.word	VectorA8
 211 00ac 00000000 		.word	VectorAC
 212 00b0 00000000 		.word	VectorB0
 213 00b4 00000000 		.word	VectorB4
 214 00b8 00000000 		.word	VectorB8
 215 00bc 00000000 		.word	VectorBC
 216 00c0 00000000 		.word	VectorC0
 217 00c4 00000000 		.word	VectorC4
 218 00c8 00000000 		.word	VectorC8
 219 00cc 00000000 		.word	VectorCC
 220 00d0 00000000 		.word	VectorD0
 221 00d4 00000000 		.word	VectorD4
ARM GAS  /tmp/ccQX1Cbd.s 			page 5


 222 00d8 00000000 		.word	VectorD8
 223 00dc 00000000 		.word	VectorDC
 224 00e0 00000000 		.word	VectorE0
 225 00e4 00000000 		.word	VectorE4
 226 00e8 00000000 		.word	VectorE8
 227              		.text
 228              	.Letext0:
 229              		.section	.debug_info
 230 0000 AA000000 		.4byte	0xaa
 231 0004 0200     		.2byte	0x2
 232 0006 00000000 		.4byte	.Ldebug_abbrev0
 233 000a 04       		.byte	0x4
 234 000b 01       		.uleb128 0x1
 235 000c F6000000 		.4byte	.LASF9
 236 0010 01       		.byte	0x1
 237 0011 48000000 		.4byte	.LASF10
 238 0015 AB000000 		.4byte	.LASF11
 239 0019 00000000 		.4byte	0x0
 240 001d 00000000 		.4byte	0x0
 241 0021 00000000 		.4byte	.Ldebug_ranges0+0x0
 242 0025 00000000 		.4byte	.Ldebug_line0
 243 0029 02       		.uleb128 0x2
 244 002a 04       		.byte	0x4
 245 002b 05       		.byte	0x5
 246 002c 696E7400 		.ascii	"int\000"
 247 0030 03       		.uleb128 0x3
 248 0031 04       		.byte	0x4
 249 0032 07       		.byte	0x7
 250 0033 00000000 		.4byte	.LASF0
 251 0037 03       		.uleb128 0x3
 252 0038 01       		.byte	0x1
 253 0039 06       		.byte	0x6
 254 003a 1F000000 		.4byte	.LASF1
 255 003e 03       		.uleb128 0x3
 256 003f 01       		.byte	0x1
 257 0040 08       		.byte	0x8
 258 0041 94000000 		.4byte	.LASF2
 259 0045 03       		.uleb128 0x3
 260 0046 02       		.byte	0x2
 261 0047 05       		.byte	0x5
 262 0048 3E000000 		.4byte	.LASF3
 263 004c 03       		.uleb128 0x3
 264 004d 02       		.byte	0x2
 265 004e 07       		.byte	0x7
 266 004f 2B000000 		.4byte	.LASF4
 267 0053 03       		.uleb128 0x3
 268 0054 04       		.byte	0x4
 269 0055 05       		.byte	0x5
 270 0056 A2000000 		.4byte	.LASF5
 271 005a 03       		.uleb128 0x3
 272 005b 04       		.byte	0x4
 273 005c 07       		.byte	0x7
 274 005d 0D000000 		.4byte	.LASF6
 275 0061 03       		.uleb128 0x3
 276 0062 08       		.byte	0x8
 277 0063 05       		.byte	0x5
 278 0064 02010000 		.4byte	.LASF7
ARM GAS  /tmp/ccQX1Cbd.s 			page 6


 279 0068 03       		.uleb128 0x3
 280 0069 08       		.byte	0x8
 281 006a 07       		.byte	0x7
 282 006b 7D000000 		.4byte	.LASF8
 283 006f 04       		.uleb128 0x4
 284 0070 01       		.byte	0x1
 285 0071 E1000000 		.4byte	.LASF12
 286 0075 01       		.byte	0x1
 287 0076 BB       		.byte	0xbb
 288 0077 01       		.byte	0x1
 289 0078 00000000 		.4byte	.LFB7
 290 007c 02000000 		.4byte	.LFE7
 291 0080 02       		.byte	0x2
 292 0081 7D       		.byte	0x7d
 293 0082 00       		.sleb128 0
 294 0083 05       		.uleb128 0x5
 295 0084 95000000 		.4byte	0x95
 296 0088 93000000 		.4byte	0x93
 297 008c 06       		.uleb128 0x6
 298 008d 30000000 		.4byte	0x30
 299 0091 3A       		.byte	0x3a
 300 0092 00       		.byte	0x0
 301 0093 07       		.uleb128 0x7
 302 0094 01       		.byte	0x1
 303 0095 08       		.uleb128 0x8
 304 0096 04       		.byte	0x4
 305 0097 93000000 		.4byte	0x93
 306 009b 09       		.uleb128 0x9
 307 009c 74000000 		.4byte	.LASF13
 308 00a0 01       		.byte	0x1
 309 00a1 91       		.byte	0x91
 310 00a2 83000000 		.4byte	0x83
 311 00a6 01       		.byte	0x1
 312 00a7 05       		.byte	0x5
 313 00a8 03       		.byte	0x3
 314 00a9 00000000 		.4byte	_vectors
 315 00ad 00       		.byte	0x0
 316              		.section	.debug_abbrev
 317 0000 01       		.uleb128 0x1
 318 0001 11       		.uleb128 0x11
 319 0002 01       		.byte	0x1
 320 0003 25       		.uleb128 0x25
 321 0004 0E       		.uleb128 0xe
 322 0005 13       		.uleb128 0x13
 323 0006 0B       		.uleb128 0xb
 324 0007 03       		.uleb128 0x3
 325 0008 0E       		.uleb128 0xe
 326 0009 1B       		.uleb128 0x1b
 327 000a 0E       		.uleb128 0xe
 328 000b 11       		.uleb128 0x11
 329 000c 01       		.uleb128 0x1
 330 000d 52       		.uleb128 0x52
 331 000e 01       		.uleb128 0x1
 332 000f 55       		.uleb128 0x55
 333 0010 06       		.uleb128 0x6
 334 0011 10       		.uleb128 0x10
 335 0012 06       		.uleb128 0x6
ARM GAS  /tmp/ccQX1Cbd.s 			page 7


 336 0013 00       		.byte	0x0
 337 0014 00       		.byte	0x0
 338 0015 02       		.uleb128 0x2
 339 0016 24       		.uleb128 0x24
 340 0017 00       		.byte	0x0
 341 0018 0B       		.uleb128 0xb
 342 0019 0B       		.uleb128 0xb
 343 001a 3E       		.uleb128 0x3e
 344 001b 0B       		.uleb128 0xb
 345 001c 03       		.uleb128 0x3
 346 001d 08       		.uleb128 0x8
 347 001e 00       		.byte	0x0
 348 001f 00       		.byte	0x0
 349 0020 03       		.uleb128 0x3
 350 0021 24       		.uleb128 0x24
 351 0022 00       		.byte	0x0
 352 0023 0B       		.uleb128 0xb
 353 0024 0B       		.uleb128 0xb
 354 0025 3E       		.uleb128 0x3e
 355 0026 0B       		.uleb128 0xb
 356 0027 03       		.uleb128 0x3
 357 0028 0E       		.uleb128 0xe
 358 0029 00       		.byte	0x0
 359 002a 00       		.byte	0x0
 360 002b 04       		.uleb128 0x4
 361 002c 2E       		.uleb128 0x2e
 362 002d 00       		.byte	0x0
 363 002e 3F       		.uleb128 0x3f
 364 002f 0C       		.uleb128 0xc
 365 0030 03       		.uleb128 0x3
 366 0031 0E       		.uleb128 0xe
 367 0032 3A       		.uleb128 0x3a
 368 0033 0B       		.uleb128 0xb
 369 0034 3B       		.uleb128 0x3b
 370 0035 0B       		.uleb128 0xb
 371 0036 27       		.uleb128 0x27
 372 0037 0C       		.uleb128 0xc
 373 0038 11       		.uleb128 0x11
 374 0039 01       		.uleb128 0x1
 375 003a 12       		.uleb128 0x12
 376 003b 01       		.uleb128 0x1
 377 003c 40       		.uleb128 0x40
 378 003d 0A       		.uleb128 0xa
 379 003e 00       		.byte	0x0
 380 003f 00       		.byte	0x0
 381 0040 05       		.uleb128 0x5
 382 0041 01       		.uleb128 0x1
 383 0042 01       		.byte	0x1
 384 0043 49       		.uleb128 0x49
 385 0044 13       		.uleb128 0x13
 386 0045 01       		.uleb128 0x1
 387 0046 13       		.uleb128 0x13
 388 0047 00       		.byte	0x0
 389 0048 00       		.byte	0x0
 390 0049 06       		.uleb128 0x6
 391 004a 21       		.uleb128 0x21
 392 004b 00       		.byte	0x0
ARM GAS  /tmp/ccQX1Cbd.s 			page 8


 393 004c 49       		.uleb128 0x49
 394 004d 13       		.uleb128 0x13
 395 004e 2F       		.uleb128 0x2f
 396 004f 0B       		.uleb128 0xb
 397 0050 00       		.byte	0x0
 398 0051 00       		.byte	0x0
 399 0052 07       		.uleb128 0x7
 400 0053 15       		.uleb128 0x15
 401 0054 00       		.byte	0x0
 402 0055 27       		.uleb128 0x27
 403 0056 0C       		.uleb128 0xc
 404 0057 00       		.byte	0x0
 405 0058 00       		.byte	0x0
 406 0059 08       		.uleb128 0x8
 407 005a 0F       		.uleb128 0xf
 408 005b 00       		.byte	0x0
 409 005c 0B       		.uleb128 0xb
 410 005d 0B       		.uleb128 0xb
 411 005e 49       		.uleb128 0x49
 412 005f 13       		.uleb128 0x13
 413 0060 00       		.byte	0x0
 414 0061 00       		.byte	0x0
 415 0062 09       		.uleb128 0x9
 416 0063 34       		.uleb128 0x34
 417 0064 00       		.byte	0x0
 418 0065 03       		.uleb128 0x3
 419 0066 0E       		.uleb128 0xe
 420 0067 3A       		.uleb128 0x3a
 421 0068 0B       		.uleb128 0xb
 422 0069 3B       		.uleb128 0x3b
 423 006a 0B       		.uleb128 0xb
 424 006b 49       		.uleb128 0x49
 425 006c 13       		.uleb128 0x13
 426 006d 3F       		.uleb128 0x3f
 427 006e 0C       		.uleb128 0xc
 428 006f 02       		.uleb128 0x2
 429 0070 0A       		.uleb128 0xa
 430 0071 00       		.byte	0x0
 431 0072 00       		.byte	0x0
 432 0073 00       		.byte	0x0
 433              		.section	.debug_pubnames,"",%progbits
 434 0000 34000000 		.4byte	0x34
 435 0004 0200     		.2byte	0x2
 436 0006 00000000 		.4byte	.Ldebug_info0
 437 000a AE000000 		.4byte	0xae
 438 000e 6F000000 		.4byte	0x6f
 439 0012 5F756E68 		.ascii	"_unhandled_exception\000"
 439      616E646C 
 439      65645F65 
 439      78636570 
 439      74696F6E 
 440 0027 9B000000 		.4byte	0x9b
 441 002b 5F766563 		.ascii	"_vectors\000"
 441      746F7273 
 441      00
 442 0034 00000000 		.4byte	0x0
 443              		.section	.debug_pubtypes,"",%progbits
ARM GAS  /tmp/ccQX1Cbd.s 			page 9


 444 0000 0E000000 		.4byte	0xe
 445 0004 0200     		.2byte	0x2
 446 0006 00000000 		.4byte	.Ldebug_info0
 447 000a AE000000 		.4byte	0xae
 448 000e 00000000 		.4byte	0x0
 449              		.section	.debug_aranges,"",%progbits
 450 0000 1C000000 		.4byte	0x1c
 451 0004 0200     		.2byte	0x2
 452 0006 00000000 		.4byte	.Ldebug_info0
 453 000a 04       		.byte	0x4
 454 000b 00       		.byte	0x0
 455 000c 0000     		.2byte	0x0
 456 000e 0000     		.2byte	0x0
 457 0010 00000000 		.4byte	.LFB7
 458 0014 02000000 		.4byte	.LFE7-.LFB7
 459 0018 00000000 		.4byte	0x0
 460 001c 00000000 		.4byte	0x0
 461              		.section	.debug_ranges,"",%progbits
 462              	.Ldebug_ranges0:
 463 0000 00000000 		.4byte	.LFB7
 464 0004 02000000 		.4byte	.LFE7
 465 0008 00000000 		.4byte	0x0
 466 000c 00000000 		.4byte	0x0
 467              		.section	.debug_str,"MS",%progbits,1
 468              	.LASF0:
 469 0000 756E7369 		.ascii	"unsigned int\000"
 469      676E6564 
 469      20696E74 
 469      00
 470              	.LASF6:
 471 000d 6C6F6E67 		.ascii	"long unsigned int\000"
 471      20756E73 
 471      69676E65 
 471      6420696E 
 471      7400
 472              	.LASF1:
 473 001f 7369676E 		.ascii	"signed char\000"
 473      65642063 
 473      68617200 
 474              	.LASF4:
 475 002b 73686F72 		.ascii	"short unsigned int\000"
 475      7420756E 
 475      7369676E 
 475      65642069 
 475      6E7400
 476              	.LASF3:
 477 003e 73686F72 		.ascii	"short int\000"
 477      7420696E 
 477      7400
 478              	.LASF10:
 479 0048 63686962 		.ascii	"chibios/os/ports/GCC/ARMCMx/STM32/vectors.c\000"
 479      696F732F 
 479      6F732F70 
 479      6F727473 
 479      2F474343 
 480              	.LASF13:
 481 0074 5F766563 		.ascii	"_vectors\000"
ARM GAS  /tmp/ccQX1Cbd.s 			page 10


 481      746F7273 
 481      00
 482              	.LASF8:
 483 007d 6C6F6E67 		.ascii	"long long unsigned int\000"
 483      206C6F6E 
 483      6720756E 
 483      7369676E 
 483      65642069 
 484              	.LASF2:
 485 0094 756E7369 		.ascii	"unsigned char\000"
 485      676E6564 
 485      20636861 
 485      7200
 486              	.LASF5:
 487 00a2 6C6F6E67 		.ascii	"long int\000"
 487      20696E74 
 487      00
 488              	.LASF11:
 489 00ab 2F686F6D 		.ascii	"/home/dan/github/github-projects/Quad-Rotor/QuadRot"
 489      652F6461 
 489      6E2F6769 
 489      74687562 
 489      2F676974 
 490 00de 6F7200   		.ascii	"or\000"
 491              	.LASF12:
 492 00e1 5F756E68 		.ascii	"_unhandled_exception\000"
 492      616E646C 
 492      65645F65 
 492      78636570 
 492      74696F6E 
 493              	.LASF9:
 494 00f6 474E5520 		.ascii	"GNU C 4.5.1\000"
 494      4320342E 
 494      352E3100 
 495              	.LASF7:
 496 0102 6C6F6E67 		.ascii	"long long int\000"
 496      206C6F6E 
 496      6720696E 
 496      7400
 497              		.ident	"GCC: (GNU) 4.5.1"
ARM GAS  /tmp/ccQX1Cbd.s 			page 11


DEFINED SYMBOLS
                            *ABS*:0000000000000000 vectors.c
     /tmp/ccQX1Cbd.s:24     .text._unhandled_exception:0000000000000000 $t
     /tmp/ccQX1Cbd.s:30     .text._unhandled_exception:0000000000000000 _unhandled_exception
     /tmp/ccQX1Cbd.s:41     .text._unhandled_exception:0000000000000000 NMIVector
     /tmp/ccQX1Cbd.s:43     .text._unhandled_exception:0000000000000000 HardFaultVector
     /tmp/ccQX1Cbd.s:45     .text._unhandled_exception:0000000000000000 MemManageVector
     /tmp/ccQX1Cbd.s:47     .text._unhandled_exception:0000000000000000 BusFaultVector
     /tmp/ccQX1Cbd.s:49     .text._unhandled_exception:0000000000000000 UsageFaultVector
     /tmp/ccQX1Cbd.s:51     .text._unhandled_exception:0000000000000000 Vector1C
     /tmp/ccQX1Cbd.s:53     .text._unhandled_exception:0000000000000000 Vector20
     /tmp/ccQX1Cbd.s:55     .text._unhandled_exception:0000000000000000 Vector24
     /tmp/ccQX1Cbd.s:57     .text._unhandled_exception:0000000000000000 Vector28
     /tmp/ccQX1Cbd.s:59     .text._unhandled_exception:0000000000000000 SVCallVector
     /tmp/ccQX1Cbd.s:61     .text._unhandled_exception:0000000000000000 DebugMonitorVector
     /tmp/ccQX1Cbd.s:63     .text._unhandled_exception:0000000000000000 Vector34
     /tmp/ccQX1Cbd.s:65     .text._unhandled_exception:0000000000000000 PendSVVector
     /tmp/ccQX1Cbd.s:67     .text._unhandled_exception:0000000000000000 SysTickVector
     /tmp/ccQX1Cbd.s:69     .text._unhandled_exception:0000000000000000 Vector40
     /tmp/ccQX1Cbd.s:71     .text._unhandled_exception:0000000000000000 Vector44
     /tmp/ccQX1Cbd.s:73     .text._unhandled_exception:0000000000000000 Vector48
     /tmp/ccQX1Cbd.s:75     .text._unhandled_exception:0000000000000000 Vector4C
     /tmp/ccQX1Cbd.s:77     .text._unhandled_exception:0000000000000000 Vector50
     /tmp/ccQX1Cbd.s:79     .text._unhandled_exception:0000000000000000 Vector54
     /tmp/ccQX1Cbd.s:81     .text._unhandled_exception:0000000000000000 Vector58
     /tmp/ccQX1Cbd.s:83     .text._unhandled_exception:0000000000000000 Vector5C
     /tmp/ccQX1Cbd.s:85     .text._unhandled_exception:0000000000000000 Vector60
     /tmp/ccQX1Cbd.s:87     .text._unhandled_exception:0000000000000000 Vector64
     /tmp/ccQX1Cbd.s:89     .text._unhandled_exception:0000000000000000 Vector68
     /tmp/ccQX1Cbd.s:91     .text._unhandled_exception:0000000000000000 Vector6C
     /tmp/ccQX1Cbd.s:93     .text._unhandled_exception:0000000000000000 Vector70
     /tmp/ccQX1Cbd.s:95     .text._unhandled_exception:0000000000000000 Vector74
     /tmp/ccQX1Cbd.s:97     .text._unhandled_exception:0000000000000000 Vector78
     /tmp/ccQX1Cbd.s:99     .text._unhandled_exception:0000000000000000 Vector7C
     /tmp/ccQX1Cbd.s:101    .text._unhandled_exception:0000000000000000 Vector80
     /tmp/ccQX1Cbd.s:103    .text._unhandled_exception:0000000000000000 Vector84
     /tmp/ccQX1Cbd.s:105    .text._unhandled_exception:0000000000000000 Vector88
     /tmp/ccQX1Cbd.s:107    .text._unhandled_exception:0000000000000000 Vector8C
     /tmp/ccQX1Cbd.s:109    .text._unhandled_exception:0000000000000000 Vector90
     /tmp/ccQX1Cbd.s:111    .text._unhandled_exception:0000000000000000 Vector94
     /tmp/ccQX1Cbd.s:113    .text._unhandled_exception:0000000000000000 Vector98
     /tmp/ccQX1Cbd.s:115    .text._unhandled_exception:0000000000000000 Vector9C
     /tmp/ccQX1Cbd.s:117    .text._unhandled_exception:0000000000000000 VectorA0
     /tmp/ccQX1Cbd.s:119    .text._unhandled_exception:0000000000000000 VectorA4
     /tmp/ccQX1Cbd.s:121    .text._unhandled_exception:0000000000000000 VectorA8
     /tmp/ccQX1Cbd.s:123    .text._unhandled_exception:0000000000000000 VectorAC
     /tmp/ccQX1Cbd.s:125    .text._unhandled_exception:0000000000000000 VectorB0
     /tmp/ccQX1Cbd.s:127    .text._unhandled_exception:0000000000000000 VectorB4
     /tmp/ccQX1Cbd.s:129    .text._unhandled_exception:0000000000000000 VectorB8
     /tmp/ccQX1Cbd.s:131    .text._unhandled_exception:0000000000000000 VectorBC
     /tmp/ccQX1Cbd.s:133    .text._unhandled_exception:0000000000000000 VectorC0
     /tmp/ccQX1Cbd.s:135    .text._unhandled_exception:0000000000000000 VectorC4
     /tmp/ccQX1Cbd.s:137    .text._unhandled_exception:0000000000000000 VectorC8
     /tmp/ccQX1Cbd.s:139    .text._unhandled_exception:0000000000000000 VectorCC
     /tmp/ccQX1Cbd.s:141    .text._unhandled_exception:0000000000000000 VectorD0
     /tmp/ccQX1Cbd.s:143    .text._unhandled_exception:0000000000000000 VectorD4
     /tmp/ccQX1Cbd.s:145    .text._unhandled_exception:0000000000000000 VectorD8
ARM GAS  /tmp/ccQX1Cbd.s 			page 12


     /tmp/ccQX1Cbd.s:147    .text._unhandled_exception:0000000000000000 VectorDC
     /tmp/ccQX1Cbd.s:149    .text._unhandled_exception:0000000000000000 VectorE0
     /tmp/ccQX1Cbd.s:151    .text._unhandled_exception:0000000000000000 VectorE4
     /tmp/ccQX1Cbd.s:153    .text._unhandled_exception:0000000000000000 VectorE8
     /tmp/ccQX1Cbd.s:167    vectors:0000000000000000 _vectors
     /tmp/ccQX1Cbd.s:164    vectors:0000000000000000 $d
                     .debug_frame:0000000000000010 $d

UNDEFINED SYMBOLS
__ram_end__
ResetHandler
