ARM GAS  /tmp/cca1Zu6D.s 			page 1


   1              		.syntax unified
   2              		.cpu cortex-m3
   3              		.fpu softvfp
   4              		.eabi_attribute 20, 1
   5              		.eabi_attribute 21, 1
   6              		.eabi_attribute 23, 3
   7              		.eabi_attribute 24, 1
   8              		.eabi_attribute 25, 1
   9              		.eabi_attribute 26, 1
  10              		.eabi_attribute 30, 2
  11              		.eabi_attribute 18, 4
  12              		.thumb
  13              		.file	"chcore_v7m.c"
  14              		.section	.debug_abbrev,"",%progbits
  15              	.Ldebug_abbrev0:
  16              		.section	.debug_info,"",%progbits
  17              	.Ldebug_info0:
  18              		.section	.debug_line,"",%progbits
  19              	.Ldebug_line0:
  20 0000 AF010000 		.text
  20      02002301 
  20      00000201 
  20      FB0E0D00 
  20      01010101 
  21              	.Ltext0:
  22              		.cfi_sections	.debug_frame
  23              		.section	.text.SVCallVector,"ax",%progbits
  24              		.align	2
  25              		.p2align 4,,15
  26              		.global	SVCallVector
  27              		.thumb
  28              		.thumb_func
  29              		.type	SVCallVector, %function
  30              	SVCallVector:
  31              	.LFB8:
  32              		.file 1 "../../os/ports/GCC/ARMCMx/chcore_v7m.c"
  33              		.loc 1 98 0
  34              		.cfi_startproc
  35              		@ args = 0, pretend = 0, frame = 0
  36              		@ frame_needed = 0, uses_anonymous_args = 0
  37              		@ link register save eliminated.
  38              		.loc 1 103 0
  39              	@ 103 "../../os/ports/GCC/ARMCMx/chcore_v7m.c" 1
  40 0000 EFF30983 		mrs     r3, PSP
  41              	@ 0 "" 2
  42              	.LVL0:
  43              		.loc 1 105 0
  44              		.thumb
  45 0004 2033     		adds	r3, r3, #32
  46              	.LVL1:
  47              	@ 105 "../../os/ports/GCC/ARMCMx/chcore_v7m.c" 1
  48 0006 83F30988 		msr     PSP, r3
  49              	@ 0 "" 2
  50              		.thumb
  51              	.LBB2:
  52              		.loc 1 106 0
  53 000a 0023     		movs	r3, #0
ARM GAS  /tmp/cca1Zu6D.s 			page 2


  54              	.LVL2:
  55              	@ 106 "../../os/ports/GCC/ARMCMx/chcore_v7m.c" 1
  56 000c 83F31188 		msr     BASEPRI, r3
  57              	@ 0 "" 2
  58              		.thumb
  59              	.LBE2:
  60              		.loc 1 107 0
  61 0010 7047     		bx	lr
  62              		.cfi_endproc
  63              	.LFE8:
  64              		.size	SVCallVector, .-SVCallVector
  65 0012 00BFAFF3 		.section	.text.port_switch,"ax",%progbits
  65      0080AFF3 
  65      0080AFF3 
  65      0080
  66              		.align	2
  67              		.p2align 4,,15
  68              		.global	port_switch
  69              		.thumb
  70              		.thumb_func
  71              		.type	port_switch, %function
  72              	port_switch:
  73              	.LFB11:
  74              		.loc 1 159 0
  75              		.cfi_startproc
  76              		@ Naked Function: prologue and epilogue provided by programmer.
  77              		@ args = 0, pretend = 0, frame = 0
  78              		@ frame_needed = 0, uses_anonymous_args = 0
  79              	.LVL3:
  80              		.loc 1 169 0
  81              	@ 169 "../../os/ports/GCC/ARMCMx/chcore_v7m.c" 1
  82 0000 2DE9F04F 		push    {r4, r5, r6, r7, r8, r9, r10, r11, lr}
  83              	@ 0 "" 2
  84              		.loc 1 171 0
  85              	@ 171 "../../os/ports/GCC/ARMCMx/chcore_v7m.c" 1
  86 0004 C1F80CD0 		str     sp, [r1, #12]                          
  87 0008 D0F80CD0 		ldr     sp, [r0, #12]
  88              	@ 0 "" 2
  89              		.loc 1 174 0
  90              	@ 174 "../../os/ports/GCC/ARMCMx/chcore_v7m.c" 1
  91 000c BDE8F08F 		pop     {r4, r5, r6, r7, r8, r9, r10, r11, pc}
  92              	@ 0 "" 2
  93              		.loc 1 175 0
  94              		.thumb
  95              		.cfi_endproc
  96              	.LFE11:
  97              		.size	port_switch, .-port_switch
  98              		.section	.text._port_thread_start,"ax",%progbits
  99              		.align	2
 100              		.p2align 4,,15
 101              		.global	_port_thread_start
 102              		.thumb
 103              		.thumb_func
 104              		.type	_port_thread_start, %function
 105              	_port_thread_start:
 106              	.LFB12:
 107              		.loc 1 182 0
ARM GAS  /tmp/cca1Zu6D.s 			page 3


 108              		.cfi_startproc
 109              		@ args = 0, pretend = 0, frame = 0
 110              		@ frame_needed = 0, uses_anonymous_args = 0
 111              		@ link register save eliminated.
 112              	.LBB3:
 113              		.loc 1 184 0
 114 0000 0023     		movs	r3, #0
 115              	.LVL4:
 116              	@ 184 "../../os/ports/GCC/ARMCMx/chcore_v7m.c" 1
 117 0002 83F31188 		msr     BASEPRI, r3
 118              	@ 0 "" 2
 119              		.thumb
 120              	.LBE3:
 121              		.loc 1 185 0
 122              	@ 185 "../../os/ports/GCC/ARMCMx/chcore_v7m.c" 1
 123 0006 2846     		mov     r0, r5                                 
 124 0008 A047     		blx     r4                                     
 125 000a FFF7FEFF 		bl      chThdExit
 126              	@ 0 "" 2
 127              		.loc 1 188 0
 128              		.thumb
 129 000e 7047     		bx	lr
 130              		.cfi_endproc
 131              	.LFE12:
 132              		.size	_port_thread_start, .-_port_thread_start
 133              		.section	.text._port_switch_from_isr,"ax",%progbits
 134              		.align	2
 135              		.p2align 4,,15
 136              		.global	_port_switch_from_isr
 137              		.thumb
 138              		.thumb_func
 139              		.type	_port_switch_from_isr, %function
 140              	_port_switch_from_isr:
 141              	.LFB10:
 142              		.loc 1 140 0
 143              		.cfi_startproc
 144              		@ Naked Function: prologue and epilogue provided by programmer.
 145              		@ args = 0, pretend = 0, frame = 0
 146              		@ frame_needed = 0, uses_anonymous_args = 0
 147              		.loc 1 142 0
 148 0000 FFF7FEFF 		bl	chSchDoRescheduleI
 149              		.loc 1 143 0
 150              	@ 143 "../../os/ports/GCC/ARMCMx/chcore_v7m.c" 1
 151 0004 00DF     		svc     #0
 152              	@ 0 "" 2
 153              		.loc 1 144 0
 154              		.thumb
 155              		.cfi_endproc
 156              	.LFE10:
 157              		.size	_port_switch_from_isr, .-_port_switch_from_isr
 158 0006 00BFAFF3 		.section	.text._port_irq_epilogue,"ax",%progbits
 158      0080AFF3 
 158      0080
 159              		.align	2
 160              		.p2align 4,,15
 161              		.global	_port_irq_epilogue
 162              		.thumb
ARM GAS  /tmp/cca1Zu6D.s 			page 4


 163              		.thumb_func
 164              		.type	_port_irq_epilogue, %function
 165              	_port_irq_epilogue:
 166              	.LFB9:
 167              		.loc 1 112 0
 168              		.cfi_startproc
 169              		@ args = 0, pretend = 0, frame = 0
 170              		@ frame_needed = 0, uses_anonymous_args = 0
 171 0000 08B5     		push	{r3, lr}
 172              	.LCFI0:
 173              		.cfi_def_cfa_offset 8
 174              	.LBB4:
 175              		.loc 1 114 0
 176 0002 2023     		movs	r3, #32
 177              		.cfi_offset 14, -4
 178              		.cfi_offset 3, -8
 179              	.LVL5:
 180              	@ 114 "../../os/ports/GCC/ARMCMx/chcore_v7m.c" 1
 181 0004 83F31188 		msr     BASEPRI, r3
 182              	@ 0 "" 2
 183              		.thumb
 184              	.LBE4:
 185              		.loc 1 115 0
 186 0008 4EF60050 		movw	r0, #:lower16:-536810240
 187 000c CEF20000 		movt	r0, #:upper16:-536810240
 188 0010 4368     		ldr	r3, [r0, #4]
 189              	.LVL6:
 190 0012 13F4006F 		tst	r3, #2048
 191 0016 03D1     		bne	.L14
 192              	.L10:
 193              	.LBB5:
 194              		.loc 1 130 0
 195 0018 0023     		movs	r3, #0
 196              	.LVL7:
 197              	@ 130 "../../os/ports/GCC/ARMCMx/chcore_v7m.c" 1
 198 001a 83F31188 		msr     BASEPRI, r3
 199              	@ 0 "" 2
 200              		.thumb
 201 001e 08BD     		pop	{r3, pc}
 202              	.LVL8:
 203              	.L14:
 204              	.LBE5:
 205              		.loc 1 115 0
 206 0020 FFF7FEFF 		bl	chSchIsRescRequiredExI
 207 0024 0028     		cmp	r0, #0
 208 0026 F7D0     		beq	.L10
 209              	.LBB6:
 210              		.loc 1 120 0
 211              	@ 120 "../../os/ports/GCC/ARMCMx/chcore_v7m.c" 1
 212 0028 EFF30983 		mrs     r3, PSP
 213              	@ 0 "" 2
 214              	.LVL9:
 215              		.loc 1 121 0
 216              		.thumb
 217 002c 203B     		subs	r3, r3, #32
 218              	.LVL10:
 219              		.loc 1 122 0
ARM GAS  /tmp/cca1Zu6D.s 			page 5


 220              	@ 122 "../../os/ports/GCC/ARMCMx/chcore_v7m.c" 1
 221 002e 83F30988 		msr     PSP, r3
 222              	@ 0 "" 2
 223              		.loc 1 123 0
 224              		.thumb
 225 0032 40F20002 		movw	r2, #:lower16:_port_switch_from_isr
 226 0036 C0F20002 		movt	r2, #:upper16:_port_switch_from_isr
 227              		.loc 1 124 0
 228 003a 4FF08071 		mov	r1, #16777216
 229 003e D961     		str	r1, [r3, #28]
 230              		.loc 1 123 0
 231 0040 9A61     		str	r2, [r3, #24]
 232              		.loc 1 127 0
 233 0042 08BD     		pop	{r3, pc}
 234              	.LBE6:
 235              		.cfi_endproc
 236              	.LFE9:
 237              		.size	_port_irq_epilogue, .-_port_irq_epilogue
 238 0044 AFF30080 		.section	.text.SysTickVector,"ax",%progbits
 238      AFF30080 
 238      AFF30080 
 239              		.align	2
 240              		.p2align 4,,15
 241              		.global	SysTickVector
 242              		.thumb
 243              		.thumb_func
 244              		.type	SysTickVector, %function
 245              	SysTickVector:
 246              	.LFB7:
 247              		.loc 1 82 0
 248              		.cfi_startproc
 249              		@ args = 0, pretend = 0, frame = 0
 250              		@ frame_needed = 0, uses_anonymous_args = 0
 251 0000 10B5     		push	{r4, lr}
 252              	.LCFI1:
 253              		.cfi_def_cfa_offset 8
 254              	.LBB7:
 255              		.loc 1 86 0
 256 0002 2023     		movs	r3, #32
 257              	.LVL11:
 258              	@ 86 "../../os/ports/GCC/ARMCMx/chcore_v7m.c" 1
 259 0004 83F31188 		msr     BASEPRI, r3
 260              	@ 0 "" 2
 261              		.thumb
 262              	.LBE7:
 263              		.loc 1 87 0
 264              		.cfi_offset 14, -4
 265              		.cfi_offset 4, -8
 266 0008 FFF7FEFF 		bl	chSysTimerHandlerI
 267              	.LVL12:
 268              	.LBB8:
 269              		.loc 1 88 0
 270 000c 0023     		movs	r3, #0
 271              	.LVL13:
 272              	@ 88 "../../os/ports/GCC/ARMCMx/chcore_v7m.c" 1
 273 000e 83F31188 		msr     BASEPRI, r3
 274              	@ 0 "" 2
ARM GAS  /tmp/cca1Zu6D.s 			page 6


 275              		.thumb
 276              	.LBE8:
 277              		.loc 1 91 0
 278 0012 BDE81040 		pop	{r4, lr}
 279              		.loc 1 90 0
 280 0016 FFF7FEBF 		b	_port_irq_epilogue
 281              	.LVL14:
 282              		.cfi_endproc
 283              	.LFE7:
 284              		.size	SysTickVector, .-SysTickVector
 285 001a 00BFAFF3 		.text
 285      0080
 286              	.Letext0:
 287              		.section	.debug_loc,"",%progbits
 288              	.Ldebug_loc0:
 289              	.LLST1:
 290 0000 04000000 		.4byte	.LVL0
 291 0004 06000000 		.4byte	.LVL1
 292 0008 0100     		.2byte	0x1
 293 000a 53       		.byte	0x53
 294 000b 00000000 		.4byte	0x0
 295 000f 00000000 		.4byte	0x0
 296              	.LLST5:
 297 0013 00000000 		.4byte	.LFB9
 298 0017 02000000 		.4byte	.LCFI0
 299 001b 0100     		.2byte	0x1
 300 001d 5D       		.byte	0x5d
 301 001e 02000000 		.4byte	.LCFI0
 302 0022 44000000 		.4byte	.LFE9
 303 0026 0200     		.2byte	0x2
 304 0028 7D       		.byte	0x7d
 305 0029 08       		.sleb128 8
 306 002a 00000000 		.4byte	0x0
 307 002e 00000000 		.4byte	0x0
 308              	.LLST6:
 309 0032 04000000 		.4byte	.LVL5
 310 0036 12000000 		.4byte	.LVL6
 311 003a 0100     		.2byte	0x1
 312 003c 53       		.byte	0x53
 313 003d 00000000 		.4byte	0x0
 314 0041 00000000 		.4byte	0x0
 315              	.LLST7:
 316 0045 1A000000 		.4byte	.LVL7
 317 0049 20000000 		.4byte	.LVL8
 318 004d 0100     		.2byte	0x1
 319 004f 53       		.byte	0x53
 320 0050 00000000 		.4byte	0x0
 321 0054 00000000 		.4byte	0x0
 322              	.LLST8:
 323 0058 00000000 		.4byte	.LFB7
 324 005c 02000000 		.4byte	.LCFI1
 325 0060 0100     		.2byte	0x1
 326 0062 5D       		.byte	0x5d
 327 0063 02000000 		.4byte	.LCFI1
 328 0067 1A000000 		.4byte	.LFE7
 329 006b 0200     		.2byte	0x2
 330 006d 7D       		.byte	0x7d
ARM GAS  /tmp/cca1Zu6D.s 			page 7


 331 006e 08       		.sleb128 8
 332 006f 00000000 		.4byte	0x0
 333 0073 00000000 		.4byte	0x0
 334              	.LLST9:
 335 0077 04000000 		.4byte	.LVL11
 336 007b 0C000000 		.4byte	.LVL12
 337 007f 0100     		.2byte	0x1
 338 0081 53       		.byte	0x53
 339 0082 00000000 		.4byte	0x0
 340 0086 00000000 		.4byte	0x0
 341              	.LLST10:
 342 008a 0E000000 		.4byte	.LVL13
 343 008e 1A000000 		.4byte	.LVL14
 344 0092 0100     		.2byte	0x1
 345 0094 53       		.byte	0x53
 346 0095 00000000 		.4byte	0x0
 347 0099 00000000 		.4byte	0x0
 348              		.file 2 "/usr/local/LPCXpresso/tools/bin/../lib/gcc/arm-none-eabi/4.4.1/../../../../arm-none-eabi/
 349              		.file 3 "../../os/ports/GCC/ARMCMx/chtypes.h"
 350              		.file 4 "../../os/kernel/include/chlists.h"
 351              		.file 5 "../../os/kernel/include/chthreads.h"
 352              		.file 6 "../../os/ports/GCC/ARMCMx/nvic.h"
 353              		.file 7 "../../os/ports/GCC/ARMCMx/chcore.h"
 354              		.file 8 "../../os/ports/GCC/ARMCMx/chcore_v7m.h"
 355              		.file 9 "../../os/kernel/include/chmtx.h"
 356              		.section	.debug_info
 357 0000 55060000 		.4byte	0x655
 358 0004 0200     		.2byte	0x2
 359 0006 00000000 		.4byte	.Ldebug_abbrev0
 360 000a 04       		.byte	0x4
 361 000b 01       		.uleb128 0x1
 362 000c 3B000000 		.4byte	.LASF70
 363 0010 01       		.byte	0x1
 364 0011 5F020000 		.4byte	.LASF71
 365 0015 54000000 		.4byte	.LASF72
 366 0019 00000000 		.4byte	0x0
 367 001d 00000000 		.4byte	0x0
 368 0021 00000000 		.4byte	.Ldebug_ranges0+0x0
 369 0025 00000000 		.4byte	.Ldebug_line0
 370 0029 02       		.uleb128 0x2
 371 002a 04       		.byte	0x4
 372 002b 05       		.byte	0x5
 373 002c 696E7400 		.ascii	"int\000"
 374 0030 03       		.uleb128 0x3
 375 0031 04       		.byte	0x4
 376 0032 07       		.byte	0x7
 377 0033 F2000000 		.4byte	.LASF0
 378 0037 03       		.uleb128 0x3
 379 0038 01       		.byte	0x1
 380 0039 06       		.byte	0x6
 381 003a 8D000000 		.4byte	.LASF1
 382 003e 04       		.uleb128 0x4
 383 003f D4020000 		.4byte	.LASF5
 384 0043 02       		.byte	0x2
 385 0044 2A       		.byte	0x2a
 386 0045 49000000 		.4byte	0x49
 387 0049 03       		.uleb128 0x3
ARM GAS  /tmp/cca1Zu6D.s 			page 8


 388 004a 01       		.byte	0x1
 389 004b 08       		.byte	0x8
 390 004c F4010000 		.4byte	.LASF2
 391 0050 03       		.uleb128 0x3
 392 0051 02       		.byte	0x2
 393 0052 05       		.byte	0x5
 394 0053 12020000 		.4byte	.LASF3
 395 0057 03       		.uleb128 0x3
 396 0058 02       		.byte	0x2
 397 0059 07       		.byte	0x7
 398 005a 42010000 		.4byte	.LASF4
 399 005e 04       		.uleb128 0x4
 400 005f EC010000 		.4byte	.LASF6
 401 0063 02       		.byte	0x2
 402 0064 4F       		.byte	0x4f
 403 0065 69000000 		.4byte	0x69
 404 0069 03       		.uleb128 0x3
 405 006a 04       		.byte	0x4
 406 006b 05       		.byte	0x5
 407 006c A9000000 		.4byte	.LASF7
 408 0070 04       		.uleb128 0x4
 409 0071 51020000 		.4byte	.LASF8
 410 0075 02       		.byte	0x2
 411 0076 50       		.byte	0x50
 412 0077 7B000000 		.4byte	0x7b
 413 007b 03       		.uleb128 0x3
 414 007c 04       		.byte	0x4
 415 007d 07       		.byte	0x7
 416 007e 0D010000 		.4byte	.LASF9
 417 0082 03       		.uleb128 0x3
 418 0083 08       		.byte	0x8
 419 0084 05       		.byte	0x5
 420 0085 CE000000 		.4byte	.LASF10
 421 0089 03       		.uleb128 0x3
 422 008a 08       		.byte	0x8
 423 008b 07       		.byte	0x7
 424 008c 1B000000 		.4byte	.LASF11
 425 0090 04       		.uleb128 0x4
 426 0091 84010000 		.4byte	.LASF12
 427 0095 03       		.byte	0x3
 428 0096 2E       		.byte	0x2e
 429 0097 3E000000 		.4byte	0x3e
 430 009b 04       		.uleb128 0x4
 431 009c B2000000 		.4byte	.LASF13
 432 00a0 03       		.byte	0x3
 433 00a1 2F       		.byte	0x2f
 434 00a2 3E000000 		.4byte	0x3e
 435 00a6 04       		.uleb128 0x4
 436 00a7 D0010000 		.4byte	.LASF14
 437 00ab 03       		.byte	0x3
 438 00ac 30       		.byte	0x30
 439 00ad 3E000000 		.4byte	0x3e
 440 00b1 04       		.uleb128 0x4
 441 00b2 E4010000 		.4byte	.LASF15
 442 00b6 03       		.byte	0x3
 443 00b7 31       		.byte	0x31
 444 00b8 70000000 		.4byte	0x70
ARM GAS  /tmp/cca1Zu6D.s 			page 9


 445 00bc 04       		.uleb128 0x4
 446 00bd 5A010000 		.4byte	.LASF16
 447 00c1 03       		.byte	0x3
 448 00c2 32       		.byte	0x32
 449 00c3 5E000000 		.4byte	0x5e
 450 00c7 04       		.uleb128 0x4
 451 00c8 98010000 		.4byte	.LASF17
 452 00cc 03       		.byte	0x3
 453 00cd 34       		.byte	0x34
 454 00ce 70000000 		.4byte	0x70
 455 00d2 04       		.uleb128 0x4
 456 00d3 8D020000 		.4byte	.LASF18
 457 00d7 03       		.byte	0x3
 458 00d8 35       		.byte	0x35
 459 00d9 70000000 		.4byte	0x70
 460 00dd 04       		.uleb128 0x4
 461 00de 3F020000 		.4byte	.LASF19
 462 00e2 04       		.byte	0x4
 463 00e3 29       		.byte	0x29
 464 00e4 E8000000 		.4byte	0xe8
 465 00e8 05       		.uleb128 0x5
 466 00e9 3F020000 		.4byte	.LASF19
 467 00ed 44       		.byte	0x44
 468 00ee 04       		.byte	0x4
 469 00ef 29       		.byte	0x29
 470 00f0 F1010000 		.4byte	0x1f1
 471 00f4 06       		.uleb128 0x6
 472 00f5 30020000 		.4byte	.LASF20
 473 00f9 05       		.byte	0x5
 474 00fa 2F       		.byte	0x2f
 475 00fb 16020000 		.4byte	0x216
 476 00ff 02       		.byte	0x2
 477 0100 23       		.byte	0x23
 478 0101 00       		.uleb128 0x0
 479 0102 06       		.uleb128 0x6
 480 0103 DD010000 		.4byte	.LASF21
 481 0107 05       		.byte	0x5
 482 0108 31       		.byte	0x31
 483 0109 16020000 		.4byte	0x216
 484 010d 02       		.byte	0x2
 485 010e 23       		.byte	0x23
 486 010f 04       		.uleb128 0x4
 487 0110 06       		.uleb128 0x6
 488 0111 4D000000 		.4byte	.LASF22
 489 0115 05       		.byte	0x5
 490 0116 33       		.byte	0x33
 491 0117 B1000000 		.4byte	0xb1
 492 011b 02       		.byte	0x2
 493 011c 23       		.byte	0x23
 494 011d 08       		.uleb128 0x8
 495 011e 06       		.uleb128 0x6
 496 011f F0020000 		.4byte	.LASF23
 497 0123 05       		.byte	0x5
 498 0124 34       		.byte	0x34
 499 0125 41030000 		.4byte	0x341
 500 0129 02       		.byte	0x2
 501 012a 23       		.byte	0x23
ARM GAS  /tmp/cca1Zu6D.s 			page 10


 502 012b 0C       		.uleb128 0xc
 503 012c 06       		.uleb128 0x6
 504 012d DC000000 		.4byte	.LASF24
 505 0131 05       		.byte	0x5
 506 0132 36       		.byte	0x36
 507 0133 16020000 		.4byte	0x216
 508 0137 02       		.byte	0x2
 509 0138 23       		.byte	0x23
 510 0139 10       		.uleb128 0x10
 511 013a 06       		.uleb128 0x6
 512 013b AF010000 		.4byte	.LASF25
 513 013f 05       		.byte	0x5
 514 0140 37       		.byte	0x37
 515 0141 16020000 		.4byte	0x216
 516 0145 02       		.byte	0x2
 517 0146 23       		.byte	0x23
 518 0147 14       		.uleb128 0x14
 519 0148 06       		.uleb128 0x6
 520 0149 1C020000 		.4byte	.LASF26
 521 014d 05       		.byte	0x5
 522 014e 3D       		.byte	0x3d
 523 014f 9B000000 		.4byte	0x9b
 524 0153 02       		.byte	0x2
 525 0154 23       		.byte	0x23
 526 0155 18       		.uleb128 0x18
 527 0156 06       		.uleb128 0x6
 528 0157 37020000 		.4byte	.LASF27
 529 015b 05       		.byte	0x5
 530 015c 41       		.byte	0x41
 531 015d 90000000 		.4byte	0x90
 532 0161 02       		.byte	0x2
 533 0162 23       		.byte	0x23
 534 0163 19       		.uleb128 0x19
 535 0164 06       		.uleb128 0x6
 536 0165 CD020000 		.4byte	.LASF28
 537 0169 05       		.byte	0x5
 538 016a 46       		.byte	0x46
 539 016b A6000000 		.4byte	0xa6
 540 016f 02       		.byte	0x2
 541 0170 23       		.byte	0x23
 542 0171 1A       		.uleb128 0x1a
 543 0172 06       		.uleb128 0x6
 544 0173 AF020000 		.4byte	.LASF29
 545 0177 05       		.byte	0x5
 546 0178 53       		.byte	0x53
 547 0179 61040000 		.4byte	0x461
 548 017d 02       		.byte	0x2
 549 017e 23       		.byte	0x23
 550 017f 1C       		.uleb128 0x1c
 551 0180 07       		.uleb128 0x7
 552 0181 705F7500 		.ascii	"p_u\000"
 553 0185 05       		.byte	0x5
 554 0186 78       		.byte	0x78
 555 0187 AE040000 		.4byte	0x4ae
 556 018b 02       		.byte	0x2
 557 018c 23       		.byte	0x23
 558 018d 20       		.uleb128 0x20
ARM GAS  /tmp/cca1Zu6D.s 			page 11


 559 018e 06       		.uleb128 0x6
 560 018f F6020000 		.4byte	.LASF30
 561 0193 05       		.byte	0x5
 562 0194 7D       		.byte	0x7d
 563 0195 3E020000 		.4byte	0x23e
 564 0199 02       		.byte	0x2
 565 019a 23       		.byte	0x23
 566 019b 24       		.uleb128 0x24
 567 019c 06       		.uleb128 0x6
 568 019d C2020000 		.4byte	.LASF31
 569 01a1 05       		.byte	0x5
 570 01a2 83       		.byte	0x83
 571 01a3 1C020000 		.4byte	0x21c
 572 01a7 02       		.byte	0x2
 573 01a8 23       		.byte	0x23
 574 01a9 28       		.uleb128 0x28
 575 01aa 06       		.uleb128 0x6
 576 01ab 00000000 		.4byte	.LASF32
 577 01af 05       		.byte	0x5
 578 01b0 87       		.byte	0x87
 579 01b1 BC000000 		.4byte	0xbc
 580 01b5 02       		.byte	0x2
 581 01b6 23       		.byte	0x23
 582 01b7 30       		.uleb128 0x30
 583 01b8 06       		.uleb128 0x6
 584 01b9 46020000 		.4byte	.LASF33
 585 01bd 05       		.byte	0x5
 586 01be 8D       		.byte	0x8d
 587 01bf C7000000 		.4byte	0xc7
 588 01c3 02       		.byte	0x2
 589 01c4 23       		.byte	0x23
 590 01c5 34       		.uleb128 0x34
 591 01c6 06       		.uleb128 0x6
 592 01c7 08020000 		.4byte	.LASF34
 593 01cb 05       		.byte	0x5
 594 01cc 94       		.byte	0x94
 595 01cd E3040000 		.4byte	0x4e3
 596 01d1 02       		.byte	0x2
 597 01d2 23       		.byte	0x23
 598 01d3 38       		.uleb128 0x38
 599 01d4 06       		.uleb128 0x6
 600 01d5 97020000 		.4byte	.LASF35
 601 01d9 05       		.byte	0x5
 602 01da 98       		.byte	0x98
 603 01db B1000000 		.4byte	0xb1
 604 01df 02       		.byte	0x2
 605 01e0 23       		.byte	0x23
 606 01e1 3C       		.uleb128 0x3c
 607 01e2 06       		.uleb128 0x6
 608 01e3 99000000 		.4byte	.LASF36
 609 01e7 05       		.byte	0x5
 610 01e8 9E       		.byte	0x9e
 611 01e9 3F030000 		.4byte	0x33f
 612 01ed 02       		.byte	0x2
 613 01ee 23       		.byte	0x23
 614 01ef 40       		.uleb128 0x40
 615 01f0 00       		.byte	0x0
ARM GAS  /tmp/cca1Zu6D.s 			page 12


 616 01f1 08       		.uleb128 0x8
 617 01f2 08       		.byte	0x8
 618 01f3 04       		.byte	0x4
 619 01f4 60       		.byte	0x60
 620 01f5 16020000 		.4byte	0x216
 621 01f9 06       		.uleb128 0x6
 622 01fa 30020000 		.4byte	.LASF20
 623 01fe 04       		.byte	0x4
 624 01ff 61       		.byte	0x61
 625 0200 16020000 		.4byte	0x216
 626 0204 02       		.byte	0x2
 627 0205 23       		.byte	0x23
 628 0206 00       		.uleb128 0x0
 629 0207 06       		.uleb128 0x6
 630 0208 DD010000 		.4byte	.LASF21
 631 020c 04       		.byte	0x4
 632 020d 63       		.byte	0x63
 633 020e 16020000 		.4byte	0x216
 634 0212 02       		.byte	0x2
 635 0213 23       		.byte	0x23
 636 0214 04       		.uleb128 0x4
 637 0215 00       		.byte	0x0
 638 0216 09       		.uleb128 0x9
 639 0217 04       		.byte	0x4
 640 0218 DD000000 		.4byte	0xdd
 641 021c 04       		.uleb128 0x4
 642 021d B7010000 		.4byte	.LASF37
 643 0221 04       		.byte	0x4
 644 0222 65       		.byte	0x65
 645 0223 F1010000 		.4byte	0x1f1
 646 0227 08       		.uleb128 0x8
 647 0228 04       		.byte	0x4
 648 0229 04       		.byte	0x4
 649 022a 6A       		.byte	0x6a
 650 022b 3E020000 		.4byte	0x23e
 651 022f 06       		.uleb128 0x6
 652 0230 30020000 		.4byte	.LASF20
 653 0234 04       		.byte	0x4
 654 0235 6C       		.byte	0x6c
 655 0236 16020000 		.4byte	0x216
 656 023a 02       		.byte	0x2
 657 023b 23       		.byte	0x23
 658 023c 00       		.uleb128 0x0
 659 023d 00       		.byte	0x0
 660 023e 04       		.uleb128 0x4
 661 023f 8C010000 		.4byte	.LASF38
 662 0243 04       		.byte	0x4
 663 0244 6F       		.byte	0x6f
 664 0245 27020000 		.4byte	0x227
 665 0249 0A       		.uleb128 0xa
 666 024a 7B000000 		.4byte	0x7b
 667 024e 0B       		.uleb128 0xb
 668 024f 04       		.byte	0x4
 669 0250 07       		.byte	0x7
 670 0251 08       		.uleb128 0x8
 671 0252 40       		.byte	0x40
 672 0253 06       		.byte	0x6
ARM GAS  /tmp/cca1Zu6D.s 			page 13


 673 0254 88       		.byte	0x88
 674 0255 1E030000 		.4byte	0x31e
 675 0259 06       		.uleb128 0x6
 676 025a 47000000 		.4byte	.LASF39
 677 025e 06       		.byte	0x6
 678 025f 89       		.byte	0x89
 679 0260 49020000 		.4byte	0x249
 680 0264 02       		.byte	0x2
 681 0265 23       		.byte	0x23
 682 0266 00       		.uleb128 0x0
 683 0267 06       		.uleb128 0x6
 684 0268 55010000 		.4byte	.LASF40
 685 026c 06       		.byte	0x6
 686 026d 8A       		.byte	0x8a
 687 026e 49020000 		.4byte	0x249
 688 0272 02       		.byte	0x2
 689 0273 23       		.byte	0x23
 690 0274 04       		.uleb128 0x4
 691 0275 06       		.uleb128 0x6
 692 0276 1F010000 		.4byte	.LASF41
 693 027a 06       		.byte	0x6
 694 027b 8B       		.byte	0x8b
 695 027c 49020000 		.4byte	0x249
 696 0280 02       		.byte	0x2
 697 0281 23       		.byte	0x23
 698 0282 08       		.uleb128 0x8
 699 0283 06       		.uleb128 0x6
 700 0284 60010000 		.4byte	.LASF42
 701 0288 06       		.byte	0x6
 702 0289 8C       		.byte	0x8c
 703 028a 49020000 		.4byte	0x249
 704 028e 02       		.byte	0x2
 705 028f 23       		.byte	0x23
 706 0290 0C       		.uleb128 0xc
 707 0291 07       		.uleb128 0x7
 708 0292 53435200 		.ascii	"SCR\000"
 709 0296 06       		.byte	0x6
 710 0297 8D       		.byte	0x8d
 711 0298 49020000 		.4byte	0x249
 712 029c 02       		.byte	0x2
 713 029d 23       		.byte	0x23
 714 029e 10       		.uleb128 0x10
 715 029f 07       		.uleb128 0x7
 716 02a0 43435200 		.ascii	"CCR\000"
 717 02a4 06       		.byte	0x6
 718 02a5 8E       		.byte	0x8e
 719 02a6 49020000 		.4byte	0x249
 720 02aa 02       		.byte	0x2
 721 02ab 23       		.byte	0x23
 722 02ac 14       		.uleb128 0x14
 723 02ad 06       		.uleb128 0x6
 724 02ae B6020000 		.4byte	.LASF43
 725 02b2 06       		.byte	0x6
 726 02b3 8F       		.byte	0x8f
 727 02b4 2E030000 		.4byte	0x32e
 728 02b8 02       		.byte	0x2
 729 02b9 23       		.byte	0x23
ARM GAS  /tmp/cca1Zu6D.s 			page 14


 730 02ba 18       		.uleb128 0x18
 731 02bb 06       		.uleb128 0x6
 732 02bc 02020000 		.4byte	.LASF44
 733 02c0 06       		.byte	0x6
 734 02c1 90       		.byte	0x90
 735 02c2 49020000 		.4byte	0x249
 736 02c6 02       		.byte	0x2
 737 02c7 23       		.byte	0x23
 738 02c8 24       		.uleb128 0x24
 739 02c9 06       		.uleb128 0x6
 740 02ca AA010000 		.4byte	.LASF45
 741 02ce 06       		.byte	0x6
 742 02cf 91       		.byte	0x91
 743 02d0 49020000 		.4byte	0x249
 744 02d4 02       		.byte	0x2
 745 02d5 23       		.byte	0x23
 746 02d6 28       		.uleb128 0x28
 747 02d7 06       		.uleb128 0x6
 748 02d8 E3020000 		.4byte	.LASF46
 749 02dc 06       		.byte	0x6
 750 02dd 92       		.byte	0x92
 751 02de 49020000 		.4byte	0x249
 752 02e2 02       		.byte	0x2
 753 02e3 23       		.byte	0x23
 754 02e4 2C       		.uleb128 0x2c
 755 02e5 06       		.uleb128 0x6
 756 02e6 66010000 		.4byte	.LASF47
 757 02ea 06       		.byte	0x6
 758 02eb 93       		.byte	0x93
 759 02ec 49020000 		.4byte	0x249
 760 02f0 02       		.byte	0x2
 761 02f1 23       		.byte	0x23
 762 02f2 30       		.uleb128 0x30
 763 02f3 06       		.uleb128 0x6
 764 02f4 6B010000 		.4byte	.LASF48
 765 02f8 06       		.byte	0x6
 766 02f9 94       		.byte	0x94
 767 02fa 49020000 		.4byte	0x249
 768 02fe 02       		.byte	0x2
 769 02ff 23       		.byte	0x23
 770 0300 34       		.uleb128 0x34
 771 0301 06       		.uleb128 0x6
 772 0302 E4000000 		.4byte	.LASF49
 773 0306 06       		.byte	0x6
 774 0307 95       		.byte	0x95
 775 0308 49020000 		.4byte	0x249
 776 030c 02       		.byte	0x2
 777 030d 23       		.byte	0x23
 778 030e 38       		.uleb128 0x38
 779 030f 06       		.uleb128 0x6
 780 0310 5A020000 		.4byte	.LASF50
 781 0314 06       		.byte	0x6
 782 0315 96       		.byte	0x96
 783 0316 49020000 		.4byte	0x249
 784 031a 02       		.byte	0x2
 785 031b 23       		.byte	0x23
 786 031c 3C       		.uleb128 0x3c
ARM GAS  /tmp/cca1Zu6D.s 			page 15


 787 031d 00       		.byte	0x0
 788 031e 0C       		.uleb128 0xc
 789 031f 7B000000 		.4byte	0x7b
 790 0323 2E030000 		.4byte	0x32e
 791 0327 0D       		.uleb128 0xd
 792 0328 4E020000 		.4byte	0x24e
 793 032c 02       		.byte	0x2
 794 032d 00       		.byte	0x0
 795 032e 0A       		.uleb128 0xa
 796 032f 1E030000 		.4byte	0x31e
 797 0333 0E       		.uleb128 0xe
 798 0334 E9000000 		.4byte	.LASF51
 799 0338 07       		.byte	0x7
 800 0339 0F01     		.2byte	0x10f
 801 033b 3F030000 		.4byte	0x33f
 802 033f 0F       		.uleb128 0xf
 803 0340 04       		.byte	0x4
 804 0341 10       		.uleb128 0x10
 805 0342 3A010000 		.4byte	.LASF52
 806 0346 04       		.byte	0x4
 807 0347 07       		.byte	0x7
 808 0348 2B01     		.2byte	0x12b
 809 034a 5E030000 		.4byte	0x35e
 810 034e 11       		.uleb128 0x11
 811 034f 72313300 		.ascii	"r13\000"
 812 0353 07       		.byte	0x7
 813 0354 2C01     		.2byte	0x12c
 814 0356 E3030000 		.4byte	0x3e3
 815 035a 02       		.byte	0x2
 816 035b 23       		.byte	0x23
 817 035c 00       		.uleb128 0x0
 818 035d 00       		.byte	0x0
 819 035e 10       		.uleb128 0x10
 820 035f BB020000 		.4byte	.LASF53
 821 0363 24       		.byte	0x24
 822 0364 07       		.byte	0x7
 823 0365 2C01     		.2byte	0x12c
 824 0367 E3030000 		.4byte	0x3e3
 825 036b 07       		.uleb128 0x7
 826 036c 723400   		.ascii	"r4\000"
 827 036f 08       		.byte	0x8
 828 0370 37       		.byte	0x37
 829 0371 33030000 		.4byte	0x333
 830 0375 02       		.byte	0x2
 831 0376 23       		.byte	0x23
 832 0377 00       		.uleb128 0x0
 833 0378 07       		.uleb128 0x7
 834 0379 723500   		.ascii	"r5\000"
 835 037c 08       		.byte	0x8
 836 037d 38       		.byte	0x38
 837 037e 33030000 		.4byte	0x333
 838 0382 02       		.byte	0x2
 839 0383 23       		.byte	0x23
 840 0384 04       		.uleb128 0x4
 841 0385 07       		.uleb128 0x7
 842 0386 723600   		.ascii	"r6\000"
 843 0389 08       		.byte	0x8
ARM GAS  /tmp/cca1Zu6D.s 			page 16


 844 038a 39       		.byte	0x39
 845 038b 33030000 		.4byte	0x333
 846 038f 02       		.byte	0x2
 847 0390 23       		.byte	0x23
 848 0391 08       		.uleb128 0x8
 849 0392 07       		.uleb128 0x7
 850 0393 723700   		.ascii	"r7\000"
 851 0396 08       		.byte	0x8
 852 0397 3B       		.byte	0x3b
 853 0398 33030000 		.4byte	0x333
 854 039c 02       		.byte	0x2
 855 039d 23       		.byte	0x23
 856 039e 0C       		.uleb128 0xc
 857 039f 07       		.uleb128 0x7
 858 03a0 723800   		.ascii	"r8\000"
 859 03a3 08       		.byte	0x8
 860 03a4 3D       		.byte	0x3d
 861 03a5 33030000 		.4byte	0x333
 862 03a9 02       		.byte	0x2
 863 03aa 23       		.byte	0x23
 864 03ab 10       		.uleb128 0x10
 865 03ac 07       		.uleb128 0x7
 866 03ad 723900   		.ascii	"r9\000"
 867 03b0 08       		.byte	0x8
 868 03b1 3E       		.byte	0x3e
 869 03b2 33030000 		.4byte	0x333
 870 03b6 02       		.byte	0x2
 871 03b7 23       		.byte	0x23
 872 03b8 14       		.uleb128 0x14
 873 03b9 07       		.uleb128 0x7
 874 03ba 72313000 		.ascii	"r10\000"
 875 03be 08       		.byte	0x8
 876 03bf 3F       		.byte	0x3f
 877 03c0 33030000 		.4byte	0x333
 878 03c4 02       		.byte	0x2
 879 03c5 23       		.byte	0x23
 880 03c6 18       		.uleb128 0x18
 881 03c7 07       		.uleb128 0x7
 882 03c8 72313100 		.ascii	"r11\000"
 883 03cc 08       		.byte	0x8
 884 03cd 40       		.byte	0x40
 885 03ce 33030000 		.4byte	0x333
 886 03d2 02       		.byte	0x2
 887 03d3 23       		.byte	0x23
 888 03d4 1C       		.uleb128 0x1c
 889 03d5 07       		.uleb128 0x7
 890 03d6 6C7200   		.ascii	"lr\000"
 891 03d9 08       		.byte	0x8
 892 03da 41       		.byte	0x41
 893 03db 33030000 		.4byte	0x333
 894 03df 02       		.byte	0x2
 895 03e0 23       		.byte	0x23
 896 03e1 20       		.uleb128 0x20
 897 03e2 00       		.byte	0x0
 898 03e3 09       		.uleb128 0x9
 899 03e4 04       		.byte	0x4
 900 03e5 5E030000 		.4byte	0x35e
ARM GAS  /tmp/cca1Zu6D.s 			page 17


 901 03e9 05       		.uleb128 0x5
 902 03ea 06010000 		.4byte	.LASF54
 903 03ee 20       		.byte	0x20
 904 03ef 08       		.byte	0x8
 905 03f0 2B       		.byte	0x2b
 906 03f1 61040000 		.4byte	0x461
 907 03f5 07       		.uleb128 0x7
 908 03f6 723000   		.ascii	"r0\000"
 909 03f9 08       		.byte	0x8
 910 03fa 2C       		.byte	0x2c
 911 03fb 33030000 		.4byte	0x333
 912 03ff 02       		.byte	0x2
 913 0400 23       		.byte	0x23
 914 0401 00       		.uleb128 0x0
 915 0402 07       		.uleb128 0x7
 916 0403 723100   		.ascii	"r1\000"
 917 0406 08       		.byte	0x8
 918 0407 2D       		.byte	0x2d
 919 0408 33030000 		.4byte	0x333
 920 040c 02       		.byte	0x2
 921 040d 23       		.byte	0x23
 922 040e 04       		.uleb128 0x4
 923 040f 07       		.uleb128 0x7
 924 0410 723200   		.ascii	"r2\000"
 925 0413 08       		.byte	0x8
 926 0414 2E       		.byte	0x2e
 927 0415 33030000 		.4byte	0x333
 928 0419 02       		.byte	0x2
 929 041a 23       		.byte	0x23
 930 041b 08       		.uleb128 0x8
 931 041c 07       		.uleb128 0x7
 932 041d 723300   		.ascii	"r3\000"
 933 0420 08       		.byte	0x8
 934 0421 2F       		.byte	0x2f
 935 0422 33030000 		.4byte	0x333
 936 0426 02       		.byte	0x2
 937 0427 23       		.byte	0x23
 938 0428 0C       		.uleb128 0xc
 939 0429 07       		.uleb128 0x7
 940 042a 72313200 		.ascii	"r12\000"
 941 042e 08       		.byte	0x8
 942 042f 30       		.byte	0x30
 943 0430 33030000 		.4byte	0x333
 944 0434 02       		.byte	0x2
 945 0435 23       		.byte	0x23
 946 0436 10       		.uleb128 0x10
 947 0437 06       		.uleb128 0x6
 948 0438 FF000000 		.4byte	.LASF55
 949 043c 08       		.byte	0x8
 950 043d 31       		.byte	0x31
 951 043e 33030000 		.4byte	0x333
 952 0442 02       		.byte	0x2
 953 0443 23       		.byte	0x23
 954 0444 14       		.uleb128 0x14
 955 0445 07       		.uleb128 0x7
 956 0446 706300   		.ascii	"pc\000"
 957 0449 08       		.byte	0x8
ARM GAS  /tmp/cca1Zu6D.s 			page 18


 958 044a 32       		.byte	0x32
 959 044b 33030000 		.4byte	0x333
 960 044f 02       		.byte	0x2
 961 0450 23       		.byte	0x23
 962 0451 18       		.uleb128 0x18
 963 0452 06       		.uleb128 0x6
 964 0453 24020000 		.4byte	.LASF56
 965 0457 08       		.byte	0x8
 966 0458 33       		.byte	0x33
 967 0459 33030000 		.4byte	0x333
 968 045d 02       		.byte	0x2
 969 045e 23       		.byte	0x23
 970 045f 1C       		.uleb128 0x1c
 971 0460 00       		.byte	0x0
 972 0461 0A       		.uleb128 0xa
 973 0462 D2000000 		.4byte	0xd2
 974 0466 05       		.uleb128 0x5
 975 0467 A4010000 		.4byte	.LASF57
 976 046b 10       		.byte	0x10
 977 046c 09       		.byte	0x9
 978 046d 2B       		.byte	0x2b
 979 046e 9D040000 		.4byte	0x49d
 980 0472 06       		.uleb128 0x6
 981 0473 A1000000 		.4byte	.LASF58
 982 0477 09       		.byte	0x9
 983 0478 2C       		.byte	0x2c
 984 0479 1C020000 		.4byte	0x21c
 985 047d 02       		.byte	0x2
 986 047e 23       		.byte	0x23
 987 047f 00       		.uleb128 0x0
 988 0480 06       		.uleb128 0x6
 989 0481 E8020000 		.4byte	.LASF59
 990 0485 09       		.byte	0x9
 991 0486 2E       		.byte	0x2e
 992 0487 16020000 		.4byte	0x216
 993 048b 02       		.byte	0x2
 994 048c 23       		.byte	0x23
 995 048d 08       		.uleb128 0x8
 996 048e 06       		.uleb128 0x6
 997 048f 86020000 		.4byte	.LASF60
 998 0493 09       		.byte	0x9
 999 0494 30       		.byte	0x30
 1000 0495 9D040000 		.4byte	0x49d
 1001 0499 02       		.byte	0x2
 1002 049a 23       		.byte	0x23
 1003 049b 0C       		.uleb128 0xc
 1004 049c 00       		.byte	0x0
 1005 049d 09       		.uleb128 0x9
 1006 049e 04       		.byte	0x4
 1007 049f 66040000 		.4byte	0x466
 1008 04a3 04       		.uleb128 0x4
 1009 04a4 A4010000 		.4byte	.LASF57
 1010 04a8 09       		.byte	0x9
 1011 04a9 32       		.byte	0x32
 1012 04aa 66040000 		.4byte	0x466
 1013 04ae 12       		.uleb128 0x12
 1014 04af 04       		.byte	0x4
ARM GAS  /tmp/cca1Zu6D.s 			page 19


 1015 04b0 05       		.byte	0x5
 1016 04b1 5A       		.byte	0x5a
 1017 04b2 E3040000 		.4byte	0x4e3
 1018 04b6 13       		.uleb128 0x13
 1019 04b7 06000000 		.4byte	.LASF61
 1020 04bb 05       		.byte	0x5
 1021 04bc 61       		.byte	0x61
 1022 04bd BC000000 		.4byte	0xbc
 1023 04c1 13       		.uleb128 0x13
 1024 04c2 32000000 		.4byte	.LASF62
 1025 04c6 05       		.byte	0x5
 1026 04c7 68       		.byte	0x68
 1027 04c8 BC000000 		.4byte	0xbc
 1028 04cc 13       		.uleb128 0x13
 1029 04cd DC020000 		.4byte	.LASF63
 1030 04d1 05       		.byte	0x5
 1031 04d2 6F       		.byte	0x6f
 1032 04d3 3F030000 		.4byte	0x33f
 1033 04d7 13       		.uleb128 0x13
 1034 04d8 29020000 		.4byte	.LASF64
 1035 04dc 05       		.byte	0x5
 1036 04dd 76       		.byte	0x76
 1037 04de C7000000 		.4byte	0xc7
 1038 04e2 00       		.byte	0x0
 1039 04e3 09       		.uleb128 0x9
 1040 04e4 04       		.byte	0x4
 1041 04e5 A3040000 		.4byte	0x4a3
 1042 04e9 14       		.uleb128 0x14
 1043 04ea 01       		.byte	0x1
 1044 04eb A2020000 		.4byte	.LASF66
 1045 04ef 01       		.byte	0x1
 1046 04f0 62       		.byte	0x62
 1047 04f1 01       		.byte	0x1
 1048 04f2 00000000 		.4byte	.LFB8
 1049 04f6 12000000 		.4byte	.LFE8
 1050 04fa 01       		.byte	0x1
 1051 04fb 5D       		.byte	0x5d
 1052 04fc 27050000 		.4byte	0x527
 1053 0500 15       		.uleb128 0x15
 1054 0501 D8010000 		.4byte	.LASF65
 1055 0505 01       		.byte	0x1
 1056 0506 63       		.byte	0x63
 1057 0507 27050000 		.4byte	0x527
 1058 050b 00000000 		.4byte	.LLST1
 1059 050f 16       		.uleb128 0x16
 1060 0510 0A000000 		.4byte	.LBB2
 1061 0514 10000000 		.4byte	.LBE2
 1062 0518 17       		.uleb128 0x17
 1063 0519 746D7000 		.ascii	"tmp\000"
 1064 051d 01       		.byte	0x1
 1065 051e 6A       		.byte	0x6a
 1066 051f 70000000 		.4byte	0x70
 1067 0523 01       		.byte	0x1
 1068 0524 53       		.byte	0x53
 1069 0525 00       		.byte	0x0
 1070 0526 00       		.byte	0x0
 1071 0527 09       		.uleb128 0x9
ARM GAS  /tmp/cca1Zu6D.s 			page 20


 1072 0528 04       		.byte	0x4
 1073 0529 E9030000 		.4byte	0x3e9
 1074 052d 14       		.uleb128 0x14
 1075 052e 01       		.byte	0x1
 1076 052f C4010000 		.4byte	.LASF67
 1077 0533 01       		.byte	0x1
 1078 0534 9F       		.byte	0x9f
 1079 0535 01       		.byte	0x1
 1080 0536 00000000 		.4byte	.LFB11
 1081 053a 10000000 		.4byte	.LFE11
 1082 053e 01       		.byte	0x1
 1083 053f 5D       		.byte	0x5d
 1084 0540 5F050000 		.4byte	0x55f
 1085 0544 18       		.uleb128 0x18
 1086 0545 6E747000 		.ascii	"ntp\000"
 1087 0549 01       		.byte	0x1
 1088 054a 9F       		.byte	0x9f
 1089 054b 16020000 		.4byte	0x216
 1090 054f 01       		.byte	0x1
 1091 0550 50       		.byte	0x50
 1092 0551 18       		.uleb128 0x18
 1093 0552 6F747000 		.ascii	"otp\000"
 1094 0556 01       		.byte	0x1
 1095 0557 9F       		.byte	0x9f
 1096 0558 16020000 		.4byte	0x216
 1097 055c 01       		.byte	0x1
 1098 055d 51       		.byte	0x51
 1099 055e 00       		.byte	0x0
 1100 055f 14       		.uleb128 0x14
 1101 0560 01       		.byte	0x1
 1102 0561 BB000000 		.4byte	.LASF68
 1103 0565 01       		.byte	0x1
 1104 0566 B6       		.byte	0xb6
 1105 0567 01       		.byte	0x1
 1106 0568 00000000 		.4byte	.LFB12
 1107 056c 10000000 		.4byte	.LFE12
 1108 0570 01       		.byte	0x1
 1109 0571 5D       		.byte	0x5d
 1110 0572 8E050000 		.4byte	0x58e
 1111 0576 16       		.uleb128 0x16
 1112 0577 00000000 		.4byte	.LBB3
 1113 057b 06000000 		.4byte	.LBE3
 1114 057f 17       		.uleb128 0x17
 1115 0580 746D7000 		.ascii	"tmp\000"
 1116 0584 01       		.byte	0x1
 1117 0585 B8       		.byte	0xb8
 1118 0586 70000000 		.4byte	0x70
 1119 058a 01       		.byte	0x1
 1120 058b 53       		.byte	0x53
 1121 058c 00       		.byte	0x0
 1122 058d 00       		.byte	0x0
 1123 058e 19       		.uleb128 0x19
 1124 058f 01       		.byte	0x1
 1125 0590 24010000 		.4byte	.LASF73
 1126 0594 01       		.byte	0x1
 1127 0595 8C       		.byte	0x8c
 1128 0596 01       		.byte	0x1
ARM GAS  /tmp/cca1Zu6D.s 			page 21


 1129 0597 00000000 		.4byte	.LFB10
 1130 059b 06000000 		.4byte	.LFE10
 1131 059f 01       		.byte	0x1
 1132 05a0 5D       		.byte	0x5d
 1133 05a1 1A       		.uleb128 0x1a
 1134 05a2 01       		.byte	0x1
 1135 05a3 71010000 		.4byte	.LASF69
 1136 05a7 01       		.byte	0x1
 1137 05a8 70       		.byte	0x70
 1138 05a9 01       		.byte	0x1
 1139 05aa 00000000 		.4byte	.LFB9
 1140 05ae 44000000 		.4byte	.LFE9
 1141 05b2 13000000 		.4byte	.LLST5
 1142 05b6 0C060000 		.4byte	0x60c
 1143 05ba 1B       		.uleb128 0x1b
 1144 05bb 02000000 		.4byte	.LBB4
 1145 05bf 08000000 		.4byte	.LBE4
 1146 05c3 D7050000 		.4byte	0x5d7
 1147 05c7 1C       		.uleb128 0x1c
 1148 05c8 746D7000 		.ascii	"tmp\000"
 1149 05cc 01       		.byte	0x1
 1150 05cd 72       		.byte	0x72
 1151 05ce 70000000 		.4byte	0x70
 1152 05d2 32000000 		.4byte	.LLST6
 1153 05d6 00       		.byte	0x0
 1154 05d7 1B       		.uleb128 0x1b
 1155 05d8 18000000 		.4byte	.LBB5
 1156 05dc 20000000 		.4byte	.LBE5
 1157 05e0 F4050000 		.4byte	0x5f4
 1158 05e4 1C       		.uleb128 0x1c
 1159 05e5 746D7000 		.ascii	"tmp\000"
 1160 05e9 01       		.byte	0x1
 1161 05ea 82       		.byte	0x82
 1162 05eb 70000000 		.4byte	0x70
 1163 05ef 45000000 		.4byte	.LLST7
 1164 05f3 00       		.byte	0x0
 1165 05f4 16       		.uleb128 0x16
 1166 05f5 28000000 		.4byte	.LBB6
 1167 05f9 44000000 		.4byte	.LBE6
 1168 05fd 1D       		.uleb128 0x1d
 1169 05fe D8010000 		.4byte	.LASF65
 1170 0602 01       		.byte	0x1
 1171 0603 74       		.byte	0x74
 1172 0604 27050000 		.4byte	0x527
 1173 0608 01       		.byte	0x1
 1174 0609 53       		.byte	0x53
 1175 060a 00       		.byte	0x0
 1176 060b 00       		.byte	0x0
 1177 060c 1E       		.uleb128 0x1e
 1178 060d 01       		.byte	0x1
 1179 060e 0D000000 		.4byte	.LASF74
 1180 0612 01       		.byte	0x1
 1181 0613 52       		.byte	0x52
 1182 0614 01       		.byte	0x1
 1183 0615 00000000 		.4byte	.LFB7
 1184 0619 1A000000 		.4byte	.LFE7
 1185 061d 58000000 		.4byte	.LLST8
ARM GAS  /tmp/cca1Zu6D.s 			page 22


 1186 0621 1B       		.uleb128 0x1b
 1187 0622 02000000 		.4byte	.LBB7
 1188 0626 08000000 		.4byte	.LBE7
 1189 062a 3E060000 		.4byte	0x63e
 1190 062e 1C       		.uleb128 0x1c
 1191 062f 746D7000 		.ascii	"tmp\000"
 1192 0633 01       		.byte	0x1
 1193 0634 56       		.byte	0x56
 1194 0635 70000000 		.4byte	0x70
 1195 0639 77000000 		.4byte	.LLST9
 1196 063d 00       		.byte	0x0
 1197 063e 16       		.uleb128 0x16
 1198 063f 0C000000 		.4byte	.LBB8
 1199 0643 12000000 		.4byte	.LBE8
 1200 0647 1C       		.uleb128 0x1c
 1201 0648 746D7000 		.ascii	"tmp\000"
 1202 064c 01       		.byte	0x1
 1203 064d 58       		.byte	0x58
 1204 064e 70000000 		.4byte	0x70
 1205 0652 8A000000 		.4byte	.LLST10
 1206 0656 00       		.byte	0x0
 1207 0657 00       		.byte	0x0
 1208 0658 00       		.byte	0x0
 1209              		.section	.debug_abbrev
 1210 0000 01       		.uleb128 0x1
 1211 0001 11       		.uleb128 0x11
 1212 0002 01       		.byte	0x1
 1213 0003 25       		.uleb128 0x25
 1214 0004 0E       		.uleb128 0xe
 1215 0005 13       		.uleb128 0x13
 1216 0006 0B       		.uleb128 0xb
 1217 0007 03       		.uleb128 0x3
 1218 0008 0E       		.uleb128 0xe
 1219 0009 1B       		.uleb128 0x1b
 1220 000a 0E       		.uleb128 0xe
 1221 000b 11       		.uleb128 0x11
 1222 000c 01       		.uleb128 0x1
 1223 000d 52       		.uleb128 0x52
 1224 000e 01       		.uleb128 0x1
 1225 000f 55       		.uleb128 0x55
 1226 0010 06       		.uleb128 0x6
 1227 0011 10       		.uleb128 0x10
 1228 0012 06       		.uleb128 0x6
 1229 0013 00       		.byte	0x0
 1230 0014 00       		.byte	0x0
 1231 0015 02       		.uleb128 0x2
 1232 0016 24       		.uleb128 0x24
 1233 0017 00       		.byte	0x0
 1234 0018 0B       		.uleb128 0xb
 1235 0019 0B       		.uleb128 0xb
 1236 001a 3E       		.uleb128 0x3e
 1237 001b 0B       		.uleb128 0xb
 1238 001c 03       		.uleb128 0x3
 1239 001d 08       		.uleb128 0x8
 1240 001e 00       		.byte	0x0
 1241 001f 00       		.byte	0x0
 1242 0020 03       		.uleb128 0x3
ARM GAS  /tmp/cca1Zu6D.s 			page 23


 1243 0021 24       		.uleb128 0x24
 1244 0022 00       		.byte	0x0
 1245 0023 0B       		.uleb128 0xb
 1246 0024 0B       		.uleb128 0xb
 1247 0025 3E       		.uleb128 0x3e
 1248 0026 0B       		.uleb128 0xb
 1249 0027 03       		.uleb128 0x3
 1250 0028 0E       		.uleb128 0xe
 1251 0029 00       		.byte	0x0
 1252 002a 00       		.byte	0x0
 1253 002b 04       		.uleb128 0x4
 1254 002c 16       		.uleb128 0x16
 1255 002d 00       		.byte	0x0
 1256 002e 03       		.uleb128 0x3
 1257 002f 0E       		.uleb128 0xe
 1258 0030 3A       		.uleb128 0x3a
 1259 0031 0B       		.uleb128 0xb
 1260 0032 3B       		.uleb128 0x3b
 1261 0033 0B       		.uleb128 0xb
 1262 0034 49       		.uleb128 0x49
 1263 0035 13       		.uleb128 0x13
 1264 0036 00       		.byte	0x0
 1265 0037 00       		.byte	0x0
 1266 0038 05       		.uleb128 0x5
 1267 0039 13       		.uleb128 0x13
 1268 003a 01       		.byte	0x1
 1269 003b 03       		.uleb128 0x3
 1270 003c 0E       		.uleb128 0xe
 1271 003d 0B       		.uleb128 0xb
 1272 003e 0B       		.uleb128 0xb
 1273 003f 3A       		.uleb128 0x3a
 1274 0040 0B       		.uleb128 0xb
 1275 0041 3B       		.uleb128 0x3b
 1276 0042 0B       		.uleb128 0xb
 1277 0043 01       		.uleb128 0x1
 1278 0044 13       		.uleb128 0x13
 1279 0045 00       		.byte	0x0
 1280 0046 00       		.byte	0x0
 1281 0047 06       		.uleb128 0x6
 1282 0048 0D       		.uleb128 0xd
 1283 0049 00       		.byte	0x0
 1284 004a 03       		.uleb128 0x3
 1285 004b 0E       		.uleb128 0xe
 1286 004c 3A       		.uleb128 0x3a
 1287 004d 0B       		.uleb128 0xb
 1288 004e 3B       		.uleb128 0x3b
 1289 004f 0B       		.uleb128 0xb
 1290 0050 49       		.uleb128 0x49
 1291 0051 13       		.uleb128 0x13
 1292 0052 38       		.uleb128 0x38
 1293 0053 0A       		.uleb128 0xa
 1294 0054 00       		.byte	0x0
 1295 0055 00       		.byte	0x0
 1296 0056 07       		.uleb128 0x7
 1297 0057 0D       		.uleb128 0xd
 1298 0058 00       		.byte	0x0
 1299 0059 03       		.uleb128 0x3
ARM GAS  /tmp/cca1Zu6D.s 			page 24


 1300 005a 08       		.uleb128 0x8
 1301 005b 3A       		.uleb128 0x3a
 1302 005c 0B       		.uleb128 0xb
 1303 005d 3B       		.uleb128 0x3b
 1304 005e 0B       		.uleb128 0xb
 1305 005f 49       		.uleb128 0x49
 1306 0060 13       		.uleb128 0x13
 1307 0061 38       		.uleb128 0x38
 1308 0062 0A       		.uleb128 0xa
 1309 0063 00       		.byte	0x0
 1310 0064 00       		.byte	0x0
 1311 0065 08       		.uleb128 0x8
 1312 0066 13       		.uleb128 0x13
 1313 0067 01       		.byte	0x1
 1314 0068 0B       		.uleb128 0xb
 1315 0069 0B       		.uleb128 0xb
 1316 006a 3A       		.uleb128 0x3a
 1317 006b 0B       		.uleb128 0xb
 1318 006c 3B       		.uleb128 0x3b
 1319 006d 0B       		.uleb128 0xb
 1320 006e 01       		.uleb128 0x1
 1321 006f 13       		.uleb128 0x13
 1322 0070 00       		.byte	0x0
 1323 0071 00       		.byte	0x0
 1324 0072 09       		.uleb128 0x9
 1325 0073 0F       		.uleb128 0xf
 1326 0074 00       		.byte	0x0
 1327 0075 0B       		.uleb128 0xb
 1328 0076 0B       		.uleb128 0xb
 1329 0077 49       		.uleb128 0x49
 1330 0078 13       		.uleb128 0x13
 1331 0079 00       		.byte	0x0
 1332 007a 00       		.byte	0x0
 1333 007b 0A       		.uleb128 0xa
 1334 007c 35       		.uleb128 0x35
 1335 007d 00       		.byte	0x0
 1336 007e 49       		.uleb128 0x49
 1337 007f 13       		.uleb128 0x13
 1338 0080 00       		.byte	0x0
 1339 0081 00       		.byte	0x0
 1340 0082 0B       		.uleb128 0xb
 1341 0083 24       		.uleb128 0x24
 1342 0084 00       		.byte	0x0
 1343 0085 0B       		.uleb128 0xb
 1344 0086 0B       		.uleb128 0xb
 1345 0087 3E       		.uleb128 0x3e
 1346 0088 0B       		.uleb128 0xb
 1347 0089 00       		.byte	0x0
 1348 008a 00       		.byte	0x0
 1349 008b 0C       		.uleb128 0xc
 1350 008c 01       		.uleb128 0x1
 1351 008d 01       		.byte	0x1
 1352 008e 49       		.uleb128 0x49
 1353 008f 13       		.uleb128 0x13
 1354 0090 01       		.uleb128 0x1
 1355 0091 13       		.uleb128 0x13
 1356 0092 00       		.byte	0x0
ARM GAS  /tmp/cca1Zu6D.s 			page 25


 1357 0093 00       		.byte	0x0
 1358 0094 0D       		.uleb128 0xd
 1359 0095 21       		.uleb128 0x21
 1360 0096 00       		.byte	0x0
 1361 0097 49       		.uleb128 0x49
 1362 0098 13       		.uleb128 0x13
 1363 0099 2F       		.uleb128 0x2f
 1364 009a 0B       		.uleb128 0xb
 1365 009b 00       		.byte	0x0
 1366 009c 00       		.byte	0x0
 1367 009d 0E       		.uleb128 0xe
 1368 009e 16       		.uleb128 0x16
 1369 009f 00       		.byte	0x0
 1370 00a0 03       		.uleb128 0x3
 1371 00a1 0E       		.uleb128 0xe
 1372 00a2 3A       		.uleb128 0x3a
 1373 00a3 0B       		.uleb128 0xb
 1374 00a4 3B       		.uleb128 0x3b
 1375 00a5 05       		.uleb128 0x5
 1376 00a6 49       		.uleb128 0x49
 1377 00a7 13       		.uleb128 0x13
 1378 00a8 00       		.byte	0x0
 1379 00a9 00       		.byte	0x0
 1380 00aa 0F       		.uleb128 0xf
 1381 00ab 0F       		.uleb128 0xf
 1382 00ac 00       		.byte	0x0
 1383 00ad 0B       		.uleb128 0xb
 1384 00ae 0B       		.uleb128 0xb
 1385 00af 00       		.byte	0x0
 1386 00b0 00       		.byte	0x0
 1387 00b1 10       		.uleb128 0x10
 1388 00b2 13       		.uleb128 0x13
 1389 00b3 01       		.byte	0x1
 1390 00b4 03       		.uleb128 0x3
 1391 00b5 0E       		.uleb128 0xe
 1392 00b6 0B       		.uleb128 0xb
 1393 00b7 0B       		.uleb128 0xb
 1394 00b8 3A       		.uleb128 0x3a
 1395 00b9 0B       		.uleb128 0xb
 1396 00ba 3B       		.uleb128 0x3b
 1397 00bb 05       		.uleb128 0x5
 1398 00bc 01       		.uleb128 0x1
 1399 00bd 13       		.uleb128 0x13
 1400 00be 00       		.byte	0x0
 1401 00bf 00       		.byte	0x0
 1402 00c0 11       		.uleb128 0x11
 1403 00c1 0D       		.uleb128 0xd
 1404 00c2 00       		.byte	0x0
 1405 00c3 03       		.uleb128 0x3
 1406 00c4 08       		.uleb128 0x8
 1407 00c5 3A       		.uleb128 0x3a
 1408 00c6 0B       		.uleb128 0xb
 1409 00c7 3B       		.uleb128 0x3b
 1410 00c8 05       		.uleb128 0x5
 1411 00c9 49       		.uleb128 0x49
 1412 00ca 13       		.uleb128 0x13
 1413 00cb 38       		.uleb128 0x38
ARM GAS  /tmp/cca1Zu6D.s 			page 26


 1414 00cc 0A       		.uleb128 0xa
 1415 00cd 00       		.byte	0x0
 1416 00ce 00       		.byte	0x0
 1417 00cf 12       		.uleb128 0x12
 1418 00d0 17       		.uleb128 0x17
 1419 00d1 01       		.byte	0x1
 1420 00d2 0B       		.uleb128 0xb
 1421 00d3 0B       		.uleb128 0xb
 1422 00d4 3A       		.uleb128 0x3a
 1423 00d5 0B       		.uleb128 0xb
 1424 00d6 3B       		.uleb128 0x3b
 1425 00d7 0B       		.uleb128 0xb
 1426 00d8 01       		.uleb128 0x1
 1427 00d9 13       		.uleb128 0x13
 1428 00da 00       		.byte	0x0
 1429 00db 00       		.byte	0x0
 1430 00dc 13       		.uleb128 0x13
 1431 00dd 0D       		.uleb128 0xd
 1432 00de 00       		.byte	0x0
 1433 00df 03       		.uleb128 0x3
 1434 00e0 0E       		.uleb128 0xe
 1435 00e1 3A       		.uleb128 0x3a
 1436 00e2 0B       		.uleb128 0xb
 1437 00e3 3B       		.uleb128 0x3b
 1438 00e4 0B       		.uleb128 0xb
 1439 00e5 49       		.uleb128 0x49
 1440 00e6 13       		.uleb128 0x13
 1441 00e7 00       		.byte	0x0
 1442 00e8 00       		.byte	0x0
 1443 00e9 14       		.uleb128 0x14
 1444 00ea 2E       		.uleb128 0x2e
 1445 00eb 01       		.byte	0x1
 1446 00ec 3F       		.uleb128 0x3f
 1447 00ed 0C       		.uleb128 0xc
 1448 00ee 03       		.uleb128 0x3
 1449 00ef 0E       		.uleb128 0xe
 1450 00f0 3A       		.uleb128 0x3a
 1451 00f1 0B       		.uleb128 0xb
 1452 00f2 3B       		.uleb128 0x3b
 1453 00f3 0B       		.uleb128 0xb
 1454 00f4 27       		.uleb128 0x27
 1455 00f5 0C       		.uleb128 0xc
 1456 00f6 11       		.uleb128 0x11
 1457 00f7 01       		.uleb128 0x1
 1458 00f8 12       		.uleb128 0x12
 1459 00f9 01       		.uleb128 0x1
 1460 00fa 40       		.uleb128 0x40
 1461 00fb 0A       		.uleb128 0xa
 1462 00fc 01       		.uleb128 0x1
 1463 00fd 13       		.uleb128 0x13
 1464 00fe 00       		.byte	0x0
 1465 00ff 00       		.byte	0x0
 1466 0100 15       		.uleb128 0x15
 1467 0101 34       		.uleb128 0x34
 1468 0102 00       		.byte	0x0
 1469 0103 03       		.uleb128 0x3
 1470 0104 0E       		.uleb128 0xe
ARM GAS  /tmp/cca1Zu6D.s 			page 27


 1471 0105 3A       		.uleb128 0x3a
 1472 0106 0B       		.uleb128 0xb
 1473 0107 3B       		.uleb128 0x3b
 1474 0108 0B       		.uleb128 0xb
 1475 0109 49       		.uleb128 0x49
 1476 010a 13       		.uleb128 0x13
 1477 010b 02       		.uleb128 0x2
 1478 010c 06       		.uleb128 0x6
 1479 010d 00       		.byte	0x0
 1480 010e 00       		.byte	0x0
 1481 010f 16       		.uleb128 0x16
 1482 0110 0B       		.uleb128 0xb
 1483 0111 01       		.byte	0x1
 1484 0112 11       		.uleb128 0x11
 1485 0113 01       		.uleb128 0x1
 1486 0114 12       		.uleb128 0x12
 1487 0115 01       		.uleb128 0x1
 1488 0116 00       		.byte	0x0
 1489 0117 00       		.byte	0x0
 1490 0118 17       		.uleb128 0x17
 1491 0119 34       		.uleb128 0x34
 1492 011a 00       		.byte	0x0
 1493 011b 03       		.uleb128 0x3
 1494 011c 08       		.uleb128 0x8
 1495 011d 3A       		.uleb128 0x3a
 1496 011e 0B       		.uleb128 0xb
 1497 011f 3B       		.uleb128 0x3b
 1498 0120 0B       		.uleb128 0xb
 1499 0121 49       		.uleb128 0x49
 1500 0122 13       		.uleb128 0x13
 1501 0123 02       		.uleb128 0x2
 1502 0124 0A       		.uleb128 0xa
 1503 0125 00       		.byte	0x0
 1504 0126 00       		.byte	0x0
 1505 0127 18       		.uleb128 0x18
 1506 0128 05       		.uleb128 0x5
 1507 0129 00       		.byte	0x0
 1508 012a 03       		.uleb128 0x3
 1509 012b 08       		.uleb128 0x8
 1510 012c 3A       		.uleb128 0x3a
 1511 012d 0B       		.uleb128 0xb
 1512 012e 3B       		.uleb128 0x3b
 1513 012f 0B       		.uleb128 0xb
 1514 0130 49       		.uleb128 0x49
 1515 0131 13       		.uleb128 0x13
 1516 0132 02       		.uleb128 0x2
 1517 0133 0A       		.uleb128 0xa
 1518 0134 00       		.byte	0x0
 1519 0135 00       		.byte	0x0
 1520 0136 19       		.uleb128 0x19
 1521 0137 2E       		.uleb128 0x2e
 1522 0138 00       		.byte	0x0
 1523 0139 3F       		.uleb128 0x3f
 1524 013a 0C       		.uleb128 0xc
 1525 013b 03       		.uleb128 0x3
 1526 013c 0E       		.uleb128 0xe
 1527 013d 3A       		.uleb128 0x3a
ARM GAS  /tmp/cca1Zu6D.s 			page 28


 1528 013e 0B       		.uleb128 0xb
 1529 013f 3B       		.uleb128 0x3b
 1530 0140 0B       		.uleb128 0xb
 1531 0141 27       		.uleb128 0x27
 1532 0142 0C       		.uleb128 0xc
 1533 0143 11       		.uleb128 0x11
 1534 0144 01       		.uleb128 0x1
 1535 0145 12       		.uleb128 0x12
 1536 0146 01       		.uleb128 0x1
 1537 0147 40       		.uleb128 0x40
 1538 0148 0A       		.uleb128 0xa
 1539 0149 00       		.byte	0x0
 1540 014a 00       		.byte	0x0
 1541 014b 1A       		.uleb128 0x1a
 1542 014c 2E       		.uleb128 0x2e
 1543 014d 01       		.byte	0x1
 1544 014e 3F       		.uleb128 0x3f
 1545 014f 0C       		.uleb128 0xc
 1546 0150 03       		.uleb128 0x3
 1547 0151 0E       		.uleb128 0xe
 1548 0152 3A       		.uleb128 0x3a
 1549 0153 0B       		.uleb128 0xb
 1550 0154 3B       		.uleb128 0x3b
 1551 0155 0B       		.uleb128 0xb
 1552 0156 27       		.uleb128 0x27
 1553 0157 0C       		.uleb128 0xc
 1554 0158 11       		.uleb128 0x11
 1555 0159 01       		.uleb128 0x1
 1556 015a 12       		.uleb128 0x12
 1557 015b 01       		.uleb128 0x1
 1558 015c 40       		.uleb128 0x40
 1559 015d 06       		.uleb128 0x6
 1560 015e 01       		.uleb128 0x1
 1561 015f 13       		.uleb128 0x13
 1562 0160 00       		.byte	0x0
 1563 0161 00       		.byte	0x0
 1564 0162 1B       		.uleb128 0x1b
 1565 0163 0B       		.uleb128 0xb
 1566 0164 01       		.byte	0x1
 1567 0165 11       		.uleb128 0x11
 1568 0166 01       		.uleb128 0x1
 1569 0167 12       		.uleb128 0x12
 1570 0168 01       		.uleb128 0x1
 1571 0169 01       		.uleb128 0x1
 1572 016a 13       		.uleb128 0x13
 1573 016b 00       		.byte	0x0
 1574 016c 00       		.byte	0x0
 1575 016d 1C       		.uleb128 0x1c
 1576 016e 34       		.uleb128 0x34
 1577 016f 00       		.byte	0x0
 1578 0170 03       		.uleb128 0x3
 1579 0171 08       		.uleb128 0x8
 1580 0172 3A       		.uleb128 0x3a
 1581 0173 0B       		.uleb128 0xb
 1582 0174 3B       		.uleb128 0x3b
 1583 0175 0B       		.uleb128 0xb
 1584 0176 49       		.uleb128 0x49
ARM GAS  /tmp/cca1Zu6D.s 			page 29


 1585 0177 13       		.uleb128 0x13
 1586 0178 02       		.uleb128 0x2
 1587 0179 06       		.uleb128 0x6
 1588 017a 00       		.byte	0x0
 1589 017b 00       		.byte	0x0
 1590 017c 1D       		.uleb128 0x1d
 1591 017d 34       		.uleb128 0x34
 1592 017e 00       		.byte	0x0
 1593 017f 03       		.uleb128 0x3
 1594 0180 0E       		.uleb128 0xe
 1595 0181 3A       		.uleb128 0x3a
 1596 0182 0B       		.uleb128 0xb
 1597 0183 3B       		.uleb128 0x3b
 1598 0184 0B       		.uleb128 0xb
 1599 0185 49       		.uleb128 0x49
 1600 0186 13       		.uleb128 0x13
 1601 0187 02       		.uleb128 0x2
 1602 0188 0A       		.uleb128 0xa
 1603 0189 00       		.byte	0x0
 1604 018a 00       		.byte	0x0
 1605 018b 1E       		.uleb128 0x1e
 1606 018c 2E       		.uleb128 0x2e
 1607 018d 01       		.byte	0x1
 1608 018e 3F       		.uleb128 0x3f
 1609 018f 0C       		.uleb128 0xc
 1610 0190 03       		.uleb128 0x3
 1611 0191 0E       		.uleb128 0xe
 1612 0192 3A       		.uleb128 0x3a
 1613 0193 0B       		.uleb128 0xb
 1614 0194 3B       		.uleb128 0x3b
 1615 0195 0B       		.uleb128 0xb
 1616 0196 27       		.uleb128 0x27
 1617 0197 0C       		.uleb128 0xc
 1618 0198 11       		.uleb128 0x11
 1619 0199 01       		.uleb128 0x1
 1620 019a 12       		.uleb128 0x12
 1621 019b 01       		.uleb128 0x1
 1622 019c 40       		.uleb128 0x40
 1623 019d 06       		.uleb128 0x6
 1624 019e 00       		.byte	0x0
 1625 019f 00       		.byte	0x0
 1626 01a0 00       		.byte	0x0
 1627              		.section	.debug_pubnames,"",%progbits
 1628 0000 89000000 		.4byte	0x89
 1629 0004 0200     		.2byte	0x2
 1630 0006 00000000 		.4byte	.Ldebug_info0
 1631 000a 59060000 		.4byte	0x659
 1632 000e E9040000 		.4byte	0x4e9
 1633 0012 53564361 		.ascii	"SVCallVector\000"
 1633      6C6C5665 
 1633      63746F72 
 1633      00
 1634 001f 2D050000 		.4byte	0x52d
 1635 0023 706F7274 		.ascii	"port_switch\000"
 1635      5F737769 
 1635      74636800 
 1636 002f 5F050000 		.4byte	0x55f
ARM GAS  /tmp/cca1Zu6D.s 			page 30


 1637 0033 5F706F72 		.ascii	"_port_thread_start\000"
 1637      745F7468 
 1637      72656164 
 1637      5F737461 
 1637      727400
 1638 0046 8E050000 		.4byte	0x58e
 1639 004a 5F706F72 		.ascii	"_port_switch_from_isr\000"
 1639      745F7377 
 1639      69746368 
 1639      5F66726F 
 1639      6D5F6973 
 1640 0060 A1050000 		.4byte	0x5a1
 1641 0064 5F706F72 		.ascii	"_port_irq_epilogue\000"
 1641      745F6972 
 1641      715F6570 
 1641      696C6F67 
 1641      756500
 1642 0077 0C060000 		.4byte	0x60c
 1643 007b 53797354 		.ascii	"SysTickVector\000"
 1643      69636B56 
 1643      6563746F 
 1643      7200
 1644 0089 00000000 		.4byte	0x0
 1645              		.section	.debug_aranges,"",%progbits
 1646 0000 44000000 		.4byte	0x44
 1647 0004 0200     		.2byte	0x2
 1648 0006 00000000 		.4byte	.Ldebug_info0
 1649 000a 04       		.byte	0x4
 1650 000b 00       		.byte	0x0
 1651 000c 0000     		.2byte	0x0
 1652 000e 0000     		.2byte	0x0
 1653 0010 00000000 		.4byte	.LFB8
 1654 0014 12000000 		.4byte	.LFE8-.LFB8
 1655 0018 00000000 		.4byte	.LFB11
 1656 001c 10000000 		.4byte	.LFE11-.LFB11
 1657 0020 00000000 		.4byte	.LFB12
 1658 0024 10000000 		.4byte	.LFE12-.LFB12
 1659 0028 00000000 		.4byte	.LFB10
 1660 002c 06000000 		.4byte	.LFE10-.LFB10
 1661 0030 00000000 		.4byte	.LFB9
 1662 0034 44000000 		.4byte	.LFE9-.LFB9
 1663 0038 00000000 		.4byte	.LFB7
 1664 003c 1A000000 		.4byte	.LFE7-.LFB7
 1665 0040 00000000 		.4byte	0x0
 1666 0044 00000000 		.4byte	0x0
 1667              		.section	.debug_ranges,"",%progbits
 1668              	.Ldebug_ranges0:
 1669 0000 00000000 		.4byte	.Ltext0
 1670 0004 00000000 		.4byte	.Letext0
 1671 0008 00000000 		.4byte	.LFB8
 1672 000c 12000000 		.4byte	.LFE8
 1673 0010 00000000 		.4byte	.LFB11
 1674 0014 10000000 		.4byte	.LFE11
 1675 0018 00000000 		.4byte	.LFB12
 1676 001c 10000000 		.4byte	.LFE12
 1677 0020 00000000 		.4byte	.LFB10
 1678 0024 06000000 		.4byte	.LFE10
ARM GAS  /tmp/cca1Zu6D.s 			page 31


 1679 0028 00000000 		.4byte	.LFB9
 1680 002c 44000000 		.4byte	.LFE9
 1681 0030 00000000 		.4byte	.LFB7
 1682 0034 1A000000 		.4byte	.LFE7
 1683 0038 00000000 		.4byte	0x0
 1684 003c 00000000 		.4byte	0x0
 1685              		.section	.debug_str,"MS",%progbits,1
 1686              	.LASF32:
 1687 0000 705F6D73 		.ascii	"p_msg\000"
 1687      6700
 1688              	.LASF61:
 1689 0006 7264796D 		.ascii	"rdymsg\000"
 1689      736700
 1690              	.LASF74:
 1691 000d 53797354 		.ascii	"SysTickVector\000"
 1691      69636B56 
 1691      6563746F 
 1691      7200
 1692              	.LASF11:
 1693 001b 6C6F6E67 		.ascii	"long long unsigned int\000"
 1693      206C6F6E 
 1693      6720756E 
 1693      7369676E 
 1693      65642069 
 1694              	.LASF62:
 1695 0032 65786974 		.ascii	"exitcode\000"
 1695      636F6465 
 1695      00
 1696              	.LASF70:
 1697 003b 474E5520 		.ascii	"GNU C 4.4.1\000"
 1697      4320342E 
 1697      342E3100 
 1698              	.LASF39:
 1699 0047 43505549 		.ascii	"CPUID\000"
 1699      4400
 1700              	.LASF22:
 1701 004d 705F7072 		.ascii	"p_prio\000"
 1701      696F00
 1702              	.LASF72:
 1703 0054 2F686F6D 		.ascii	"/home/dan/Downloads/ChibiOS_2.2.3/demos/ARMCM3-STM3"
 1703      652F6461 
 1703      6E2F446F 
 1703      776E6C6F 
 1703      6164732F 
 1704 0087 32463130 		.ascii	"2F103\000"
 1704      3300
 1705              	.LASF1:
 1706 008d 7369676E 		.ascii	"signed char\000"
 1706      65642063 
 1706      68617200 
 1707              	.LASF36:
 1708 0099 705F6D70 		.ascii	"p_mpool\000"
 1708      6F6F6C00 
 1709              	.LASF58:
 1710 00a1 6D5F7175 		.ascii	"m_queue\000"
 1710      65756500 
 1711              	.LASF7:
ARM GAS  /tmp/cca1Zu6D.s 			page 32


 1712 00a9 6C6F6E67 		.ascii	"long int\000"
 1712      20696E74 
 1712      00
 1713              	.LASF13:
 1714 00b2 74737461 		.ascii	"tstate_t\000"
 1714      74655F74 
 1714      00
 1715              	.LASF68:
 1716 00bb 5F706F72 		.ascii	"_port_thread_start\000"
 1716      745F7468 
 1716      72656164 
 1716      5F737461 
 1716      727400
 1717              	.LASF10:
 1718 00ce 6C6F6E67 		.ascii	"long long int\000"
 1718      206C6F6E 
 1718      6720696E 
 1718      7400
 1719              	.LASF24:
 1720 00dc 705F6E65 		.ascii	"p_newer\000"
 1720      77657200 
 1721              	.LASF49:
 1722 00e4 42464152 		.ascii	"BFAR\000"
 1722      00
 1723              	.LASF51:
 1724 00e9 72656761 		.ascii	"regarm_t\000"
 1724      726D5F74 
 1724      00
 1725              	.LASF0:
 1726 00f2 756E7369 		.ascii	"unsigned int\000"
 1726      676E6564 
 1726      20696E74 
 1726      00
 1727              	.LASF55:
 1728 00ff 6C725F74 		.ascii	"lr_thd\000"
 1728      686400
 1729              	.LASF54:
 1730 0106 65787463 		.ascii	"extctx\000"
 1730      747800
 1731              	.LASF9:
 1732 010d 6C6F6E67 		.ascii	"long unsigned int\000"
 1732      20756E73 
 1732      69676E65 
 1732      6420696E 
 1732      7400
 1733              	.LASF41:
 1734 011f 56544F52 		.ascii	"VTOR\000"
 1734      00
 1735              	.LASF73:
 1736 0124 5F706F72 		.ascii	"_port_switch_from_isr\000"
 1736      745F7377 
 1736      69746368 
 1736      5F66726F 
 1736      6D5F6973 
 1737              	.LASF52:
 1738 013a 636F6E74 		.ascii	"context\000"
 1738      65787400 
ARM GAS  /tmp/cca1Zu6D.s 			page 33


 1739              	.LASF4:
 1740 0142 73686F72 		.ascii	"short unsigned int\000"
 1740      7420756E 
 1740      7369676E 
 1740      65642069 
 1740      6E7400
 1741              	.LASF40:
 1742 0155 49435352 		.ascii	"ICSR\000"
 1742      00
 1743              	.LASF16:
 1744 015a 6D73675F 		.ascii	"msg_t\000"
 1744      7400
 1745              	.LASF42:
 1746 0160 41495243 		.ascii	"AIRCR\000"
 1746      5200
 1747              	.LASF47:
 1748 0166 44465352 		.ascii	"DFSR\000"
 1748      00
 1749              	.LASF48:
 1750 016b 4D4D4641 		.ascii	"MMFAR\000"
 1750      5200
 1751              	.LASF69:
 1752 0171 5F706F72 		.ascii	"_port_irq_epilogue\000"
 1752      745F6972 
 1752      715F6570 
 1752      696C6F67 
 1752      756500
 1753              	.LASF12:
 1754 0184 746D6F64 		.ascii	"tmode_t\000"
 1754      655F7400 
 1755              	.LASF38:
 1756 018c 54687265 		.ascii	"ThreadsList\000"
 1756      6164734C 
 1756      69737400 
 1757              	.LASF17:
 1758 0198 6576656E 		.ascii	"eventmask_t\000"
 1758      746D6173 
 1758      6B5F7400 
 1759              	.LASF57:
 1760 01a4 4D757465 		.ascii	"Mutex\000"
 1760      7800
 1761              	.LASF45:
 1762 01aa 43465352 		.ascii	"CFSR\000"
 1762      00
 1763              	.LASF25:
 1764 01af 705F6F6C 		.ascii	"p_older\000"
 1764      64657200 
 1765              	.LASF37:
 1766 01b7 54687265 		.ascii	"ThreadsQueue\000"
 1766      61647351 
 1766      75657565 
 1766      00
 1767              	.LASF67:
 1768 01c4 706F7274 		.ascii	"port_switch\000"
 1768      5F737769 
 1768      74636800 
 1769              	.LASF14:
ARM GAS  /tmp/cca1Zu6D.s 			page 34


 1770 01d0 74726566 		.ascii	"trefs_t\000"
 1770      735F7400 
 1771              	.LASF65:
 1772 01d8 63747870 		.ascii	"ctxp\000"
 1772      00
 1773              	.LASF21:
 1774 01dd 705F7072 		.ascii	"p_prev\000"
 1774      657600
 1775              	.LASF15:
 1776 01e4 74707269 		.ascii	"tprio_t\000"
 1776      6F5F7400 
 1777              	.LASF6:
 1778 01ec 696E7433 		.ascii	"int32_t\000"
 1778      325F7400 
 1779              	.LASF2:
 1780 01f4 756E7369 		.ascii	"unsigned char\000"
 1780      676E6564 
 1780      20636861 
 1780      7200
 1781              	.LASF44:
 1782 0202 53484353 		.ascii	"SHCSR\000"
 1782      5200
 1783              	.LASF34:
 1784 0208 705F6D74 		.ascii	"p_mtxlist\000"
 1784      786C6973 
 1784      7400
 1785              	.LASF3:
 1786 0212 73686F72 		.ascii	"short int\000"
 1786      7420696E 
 1786      7400
 1787              	.LASF26:
 1788 021c 705F7374 		.ascii	"p_state\000"
 1788      61746500 
 1789              	.LASF56:
 1790 0224 78707372 		.ascii	"xpsr\000"
 1790      00
 1791              	.LASF64:
 1792 0229 65776D61 		.ascii	"ewmask\000"
 1792      736B00
 1793              	.LASF20:
 1794 0230 705F6E65 		.ascii	"p_next\000"
 1794      787400
 1795              	.LASF27:
 1796 0237 705F666C 		.ascii	"p_flags\000"
 1796      61677300 
 1797              	.LASF19:
 1798 023f 54687265 		.ascii	"Thread\000"
 1798      616400
 1799              	.LASF33:
 1800 0246 705F6570 		.ascii	"p_epending\000"
 1800      656E6469 
 1800      6E6700
 1801              	.LASF8:
 1802 0251 75696E74 		.ascii	"uint32_t\000"
 1802      33325F74 
 1802      00
 1803              	.LASF50:
ARM GAS  /tmp/cca1Zu6D.s 			page 35


 1804 025a 41465352 		.ascii	"AFSR\000"
 1804      00
 1805              	.LASF71:
 1806 025f 2E2E2F2E 		.ascii	"../../os/ports/GCC/ARMCMx/chcore_v7m.c\000"
 1806      2E2F6F73 
 1806      2F706F72 
 1806      74732F47 
 1806      43432F41 
 1807              	.LASF60:
 1808 0286 6D5F6E65 		.ascii	"m_next\000"
 1808      787400
 1809              	.LASF18:
 1810 028d 73797374 		.ascii	"systime_t\000"
 1810      696D655F 
 1810      7400
 1811              	.LASF35:
 1812 0297 705F7265 		.ascii	"p_realprio\000"
 1812      616C7072 
 1812      696F00
 1813              	.LASF66:
 1814 02a2 53564361 		.ascii	"SVCallVector\000"
 1814      6C6C5665 
 1814      63746F72 
 1814      00
 1815              	.LASF29:
 1816 02af 705F7469 		.ascii	"p_time\000"
 1816      6D6500
 1817              	.LASF43:
 1818 02b6 53485052 		.ascii	"SHPR\000"
 1818      00
 1819              	.LASF53:
 1820 02bb 696E7463 		.ascii	"intctx\000"
 1820      747800
 1821              	.LASF31:
 1822 02c2 705F6D73 		.ascii	"p_msgqueue\000"
 1822      67717565 
 1822      756500
 1823              	.LASF28:
 1824 02cd 705F7265 		.ascii	"p_refs\000"
 1824      667300
 1825              	.LASF5:
 1826 02d4 75696E74 		.ascii	"uint8_t\000"
 1826      385F7400 
 1827              	.LASF63:
 1828 02dc 77746F62 		.ascii	"wtobjp\000"
 1828      6A7000
 1829              	.LASF46:
 1830 02e3 48465352 		.ascii	"HFSR\000"
 1830      00
 1831              	.LASF59:
 1832 02e8 6D5F6F77 		.ascii	"m_owner\000"
 1832      6E657200 
 1833              	.LASF23:
 1834 02f0 705F6374 		.ascii	"p_ctx\000"
 1834      7800
 1835              	.LASF30:
 1836 02f6 705F7761 		.ascii	"p_waiting\000"
ARM GAS  /tmp/cca1Zu6D.s 			page 36


 1836      6974696E 
 1836      6700
 1837              		.ident	"GCC: (Red Suite 2010Q1 by Code Red) 4.4.1"
ARM GAS  /tmp/cca1Zu6D.s 			page 37


DEFINED SYMBOLS
                            *ABS*:00000000 chcore_v7m.c
     /tmp/cca1Zu6D.s:24     .text.SVCallVector:00000000 $t
     /tmp/cca1Zu6D.s:30     .text.SVCallVector:00000000 SVCallVector
     /tmp/cca1Zu6D.s:66     .text.port_switch:00000000 $t
     /tmp/cca1Zu6D.s:72     .text.port_switch:00000000 port_switch
     /tmp/cca1Zu6D.s:99     .text._port_thread_start:00000000 $t
     /tmp/cca1Zu6D.s:105    .text._port_thread_start:00000000 _port_thread_start
     /tmp/cca1Zu6D.s:134    .text._port_switch_from_isr:00000000 $t
     /tmp/cca1Zu6D.s:140    .text._port_switch_from_isr:00000000 _port_switch_from_isr
     /tmp/cca1Zu6D.s:159    .text._port_irq_epilogue:00000000 $t
     /tmp/cca1Zu6D.s:165    .text._port_irq_epilogue:00000000 _port_irq_epilogue
     /tmp/cca1Zu6D.s:239    .text.SysTickVector:00000000 $t
     /tmp/cca1Zu6D.s:245    .text.SysTickVector:00000000 SysTickVector
                     .debug_frame:00000010 $d

UNDEFINED SYMBOLS
chThdExit
chSchDoRescheduleI
chSchIsRescRequiredExI
chSysTimerHandlerI
