ARM GAS  /tmp/cchGnqri.s 			page 1


   1              		.syntax unified
   2              		.cpu cortex-m3
   3              		.fpu softvfp
   4              		.eabi_attribute 20, 1
   5              		.eabi_attribute 21, 1
   6              		.eabi_attribute 23, 3
   7              		.eabi_attribute 24, 1
   8              		.eabi_attribute 25, 1
   9              		.eabi_attribute 26, 1
  10              		.eabi_attribute 30, 2
  11              		.eabi_attribute 18, 4
  12              		.thumb
  13              		.file	"chcore.c"
  14              		.section	.debug_abbrev,"",%progbits
  15              	.Ldebug_abbrev0:
  16              		.section	.debug_info,"",%progbits
  17              	.Ldebug_info0:
  18              		.section	.debug_line,"",%progbits
  19              	.Ldebug_line0:
  20 0000 51000000 		.text
  20      02003B00 
  20      00000201 
  20      FB0E0D00 
  20      01010101 
  21              	.Ltext0:
  22              		.cfi_sections	.debug_frame
  23              		.section	.text.port_halt,"ax",%progbits
  24              		.align	2
  25              		.p2align 4,,15
  26              		.weak	port_halt
  27              		.thumb
  28              		.thumb_func
  29              		.type	port_halt, %function
  30              	port_halt:
  31              	.LFB7:
  32              		.file 1 "chibios/os/ports/GCC/ARMCMx/chcore.c"
  33              		.loc 1 45 0
  34              		.cfi_startproc
  35              		@ args = 0, pretend = 0, frame = 0
  36              		@ frame_needed = 0, uses_anonymous_args = 0
  37              		@ link register save eliminated.
  38              		.loc 1 47 0
  39              	@ 47 "chibios/os/ports/GCC/ARMCMx/chcore.c" 1
  40 0000 72B6     		cpsid   i
  41              	@ 0 "" 2
  42              		.thumb
  43              	.L2:
  44 0002 FEE7     		b	.L2
  45              		.cfi_endproc
  46              	.LFE7:
  47              		.size	port_halt, .-port_halt
  48 0004 AFF30080 		.text
  48      AFF30080 
  48      AFF30080 
  49              	.Letext0:
  50              		.section	.debug_info
  51 0000 80000000 		.4byte	0x80
ARM GAS  /tmp/cchGnqri.s 			page 2


  52 0004 0200     		.2byte	0x2
  53 0006 00000000 		.4byte	.Ldebug_abbrev0
  54 000a 04       		.byte	0x4
  55 000b 01       		.uleb128 0x1
  56 000c DB000000 		.4byte	.LASF9
  57 0010 01       		.byte	0x1
  58 0011 43000000 		.4byte	.LASF10
  59 0015 A5000000 		.4byte	.LASF11
  60 0019 00000000 		.4byte	0x0
  61 001d 00000000 		.4byte	0x0
  62 0021 00000000 		.4byte	.Ldebug_ranges0+0x0
  63 0025 00000000 		.4byte	.Ldebug_line0
  64 0029 02       		.uleb128 0x2
  65 002a 04       		.byte	0x4
  66 002b 05       		.byte	0x5
  67 002c 696E7400 		.ascii	"int\000"
  68 0030 03       		.uleb128 0x3
  69 0031 04       		.byte	0x4
  70 0032 07       		.byte	0x7
  71 0033 00000000 		.4byte	.LASF0
  72 0037 03       		.uleb128 0x3
  73 0038 01       		.byte	0x1
  74 0039 06       		.byte	0x6
  75 003a 2D000000 		.4byte	.LASF1
  76 003e 03       		.uleb128 0x3
  77 003f 01       		.byte	0x1
  78 0040 08       		.byte	0x8
  79 0041 1F000000 		.4byte	.LASF2
  80 0045 03       		.uleb128 0x3
  81 0046 02       		.byte	0x2
  82 0047 05       		.byte	0x5
  83 0048 9B000000 		.4byte	.LASF3
  84 004c 03       		.uleb128 0x3
  85 004d 02       		.byte	0x2
  86 004e 07       		.byte	0x7
  87 004f 7F000000 		.4byte	.LASF4
  88 0053 03       		.uleb128 0x3
  89 0054 04       		.byte	0x4
  90 0055 05       		.byte	0x5
  91 0056 92000000 		.4byte	.LASF5
  92 005a 03       		.uleb128 0x3
  93 005b 04       		.byte	0x4
  94 005c 07       		.byte	0x7
  95 005d 0D000000 		.4byte	.LASF6
  96 0061 03       		.uleb128 0x3
  97 0062 08       		.byte	0x8
  98 0063 05       		.byte	0x5
  99 0064 E7000000 		.4byte	.LASF7
 100 0068 03       		.uleb128 0x3
 101 0069 08       		.byte	0x8
 102 006a 07       		.byte	0x7
 103 006b 68000000 		.4byte	.LASF8
 104 006f 04       		.uleb128 0x4
 105 0070 01       		.byte	0x1
 106 0071 39000000 		.4byte	.LASF12
 107 0075 01       		.byte	0x1
 108 0076 2D       		.byte	0x2d
ARM GAS  /tmp/cchGnqri.s 			page 3


 109 0077 01       		.byte	0x1
 110 0078 00000000 		.4byte	.LFB7
 111 007c 04000000 		.4byte	.LFE7
 112 0080 02       		.byte	0x2
 113 0081 7D       		.byte	0x7d
 114 0082 00       		.sleb128 0
 115 0083 00       		.byte	0x0
 116              		.section	.debug_abbrev
 117 0000 01       		.uleb128 0x1
 118 0001 11       		.uleb128 0x11
 119 0002 01       		.byte	0x1
 120 0003 25       		.uleb128 0x25
 121 0004 0E       		.uleb128 0xe
 122 0005 13       		.uleb128 0x13
 123 0006 0B       		.uleb128 0xb
 124 0007 03       		.uleb128 0x3
 125 0008 0E       		.uleb128 0xe
 126 0009 1B       		.uleb128 0x1b
 127 000a 0E       		.uleb128 0xe
 128 000b 11       		.uleb128 0x11
 129 000c 01       		.uleb128 0x1
 130 000d 52       		.uleb128 0x52
 131 000e 01       		.uleb128 0x1
 132 000f 55       		.uleb128 0x55
 133 0010 06       		.uleb128 0x6
 134 0011 10       		.uleb128 0x10
 135 0012 06       		.uleb128 0x6
 136 0013 00       		.byte	0x0
 137 0014 00       		.byte	0x0
 138 0015 02       		.uleb128 0x2
 139 0016 24       		.uleb128 0x24
 140 0017 00       		.byte	0x0
 141 0018 0B       		.uleb128 0xb
 142 0019 0B       		.uleb128 0xb
 143 001a 3E       		.uleb128 0x3e
 144 001b 0B       		.uleb128 0xb
 145 001c 03       		.uleb128 0x3
 146 001d 08       		.uleb128 0x8
 147 001e 00       		.byte	0x0
 148 001f 00       		.byte	0x0
 149 0020 03       		.uleb128 0x3
 150 0021 24       		.uleb128 0x24
 151 0022 00       		.byte	0x0
 152 0023 0B       		.uleb128 0xb
 153 0024 0B       		.uleb128 0xb
 154 0025 3E       		.uleb128 0x3e
 155 0026 0B       		.uleb128 0xb
 156 0027 03       		.uleb128 0x3
 157 0028 0E       		.uleb128 0xe
 158 0029 00       		.byte	0x0
 159 002a 00       		.byte	0x0
 160 002b 04       		.uleb128 0x4
 161 002c 2E       		.uleb128 0x2e
 162 002d 00       		.byte	0x0
 163 002e 3F       		.uleb128 0x3f
 164 002f 0C       		.uleb128 0xc
 165 0030 03       		.uleb128 0x3
ARM GAS  /tmp/cchGnqri.s 			page 4


 166 0031 0E       		.uleb128 0xe
 167 0032 3A       		.uleb128 0x3a
 168 0033 0B       		.uleb128 0xb
 169 0034 3B       		.uleb128 0x3b
 170 0035 0B       		.uleb128 0xb
 171 0036 27       		.uleb128 0x27
 172 0037 0C       		.uleb128 0xc
 173 0038 11       		.uleb128 0x11
 174 0039 01       		.uleb128 0x1
 175 003a 12       		.uleb128 0x12
 176 003b 01       		.uleb128 0x1
 177 003c 40       		.uleb128 0x40
 178 003d 0A       		.uleb128 0xa
 179 003e 00       		.byte	0x0
 180 003f 00       		.byte	0x0
 181 0040 00       		.byte	0x0
 182              		.section	.debug_pubnames,"",%progbits
 183 0000 1C000000 		.4byte	0x1c
 184 0004 0200     		.2byte	0x2
 185 0006 00000000 		.4byte	.Ldebug_info0
 186 000a 84000000 		.4byte	0x84
 187 000e 6F000000 		.4byte	0x6f
 188 0012 706F7274 		.ascii	"port_halt\000"
 188      5F68616C 
 188      7400
 189 001c 00000000 		.4byte	0x0
 190              		.section	.debug_pubtypes,"",%progbits
 191 0000 0E000000 		.4byte	0xe
 192 0004 0200     		.2byte	0x2
 193 0006 00000000 		.4byte	.Ldebug_info0
 194 000a 84000000 		.4byte	0x84
 195 000e 00000000 		.4byte	0x0
 196              		.section	.debug_aranges,"",%progbits
 197 0000 1C000000 		.4byte	0x1c
 198 0004 0200     		.2byte	0x2
 199 0006 00000000 		.4byte	.Ldebug_info0
 200 000a 04       		.byte	0x4
 201 000b 00       		.byte	0x0
 202 000c 0000     		.2byte	0x0
 203 000e 0000     		.2byte	0x0
 204 0010 00000000 		.4byte	.LFB7
 205 0014 04000000 		.4byte	.LFE7-.LFB7
 206 0018 00000000 		.4byte	0x0
 207 001c 00000000 		.4byte	0x0
 208              		.section	.debug_ranges,"",%progbits
 209              	.Ldebug_ranges0:
 210 0000 00000000 		.4byte	.LFB7
 211 0004 04000000 		.4byte	.LFE7
 212 0008 00000000 		.4byte	0x0
 213 000c 00000000 		.4byte	0x0
 214              		.section	.debug_str,"MS",%progbits,1
 215              	.LASF0:
 216 0000 756E7369 		.ascii	"unsigned int\000"
 216      676E6564 
 216      20696E74 
 216      00
 217              	.LASF6:
ARM GAS  /tmp/cchGnqri.s 			page 5


 218 000d 6C6F6E67 		.ascii	"long unsigned int\000"
 218      20756E73 
 218      69676E65 
 218      6420696E 
 218      7400
 219              	.LASF2:
 220 001f 756E7369 		.ascii	"unsigned char\000"
 220      676E6564 
 220      20636861 
 220      7200
 221              	.LASF1:
 222 002d 7369676E 		.ascii	"signed char\000"
 222      65642063 
 222      68617200 
 223              	.LASF12:
 224 0039 706F7274 		.ascii	"port_halt\000"
 224      5F68616C 
 224      7400
 225              	.LASF10:
 226 0043 63686962 		.ascii	"chibios/os/ports/GCC/ARMCMx/chcore.c\000"
 226      696F732F 
 226      6F732F70 
 226      6F727473 
 226      2F474343 
 227              	.LASF8:
 228 0068 6C6F6E67 		.ascii	"long long unsigned int\000"
 228      206C6F6E 
 228      6720756E 
 228      7369676E 
 228      65642069 
 229              	.LASF4:
 230 007f 73686F72 		.ascii	"short unsigned int\000"
 230      7420756E 
 230      7369676E 
 230      65642069 
 230      6E7400
 231              	.LASF5:
 232 0092 6C6F6E67 		.ascii	"long int\000"
 232      20696E74 
 232      00
 233              	.LASF3:
 234 009b 73686F72 		.ascii	"short int\000"
 234      7420696E 
 234      7400
 235              	.LASF11:
 236 00a5 2F686F6D 		.ascii	"/home/dan/github/github-projects/Quad-Rotor/QuadRot"
 236      652F6461 
 236      6E2F6769 
 236      74687562 
 236      2F676974 
 237 00d8 6F7200   		.ascii	"or\000"
 238              	.LASF9:
 239 00db 474E5520 		.ascii	"GNU C 4.5.1\000"
 239      4320342E 
 239      352E3100 
 240              	.LASF7:
 241 00e7 6C6F6E67 		.ascii	"long long int\000"
ARM GAS  /tmp/cchGnqri.s 			page 6


 241      206C6F6E 
 241      6720696E 
 241      7400
 242              		.ident	"GCC: (GNU) 4.5.1"
ARM GAS  /tmp/cchGnqri.s 			page 7


DEFINED SYMBOLS
                            *ABS*:0000000000000000 chcore.c
     /tmp/cchGnqri.s:24     .text.port_halt:0000000000000000 $t
     /tmp/cchGnqri.s:30     .text.port_halt:0000000000000000 port_halt
                     .debug_frame:0000000000000010 $d

NO UNDEFINED SYMBOLS
