ARM GAS  /tmp/cca1YSrQ.s 			page 1


   1              		.syntax unified
   2              		.cpu cortex-m3
   3              		.fpu softvfp
   4              		.eabi_attribute 20, 1
   5              		.eabi_attribute 21, 1
   6              		.eabi_attribute 23, 3
   7              		.eabi_attribute 24, 1
   8              		.eabi_attribute 25, 1
   9              		.eabi_attribute 26, 1
  10              		.eabi_attribute 30, 2
  11              		.eabi_attribute 18, 4
  12              		.thumb
  13              		.file	"chdebug.c"
  14              		.section	.debug_abbrev,"",%progbits
  15              	.Ldebug_abbrev0:
  16              		.section	.debug_info,"",%progbits
  17              	.Ldebug_info0:
  18              		.section	.debug_line,"",%progbits
  19              	.Ldebug_line0:
  20 0000 19000000 		.text
  20      02001300 
  20      00000201 
  20      FB0E0D00 
  20      01010101 
  21              	.Ltext0:
  22              		.cfi_sections	.debug_frame
  23              	.Letext0:
  24              		.section	.debug_info
  25 0000 6B000000 		.4byte	0x6b
  26 0004 0200     		.2byte	0x2
  27 0006 00000000 		.4byte	.Ldebug_abbrev0
  28 000a 04       		.byte	0x4
  29 000b 01       		.uleb128 0x1
  30 000c CD000000 		.4byte	.LASF9
  31 0010 01       		.byte	0x1
  32 0011 AF000000 		.4byte	.LASF10
  33 0015 5F000000 		.4byte	.LASF11
  34 0019 00000000 		.4byte	.Ltext0
  35 001d 00000000 		.4byte	.Letext0
  36 0021 00000000 		.4byte	.Ldebug_line0
  37 0025 02       		.uleb128 0x2
  38 0026 04       		.byte	0x4
  39 0027 05       		.byte	0x5
  40 0028 696E7400 		.ascii	"int\000"
  41 002c 03       		.uleb128 0x3
  42 002d 04       		.byte	0x4
  43 002e 07       		.byte	0x7
  44 002f 00000000 		.4byte	.LASF0
  45 0033 03       		.uleb128 0x3
  46 0034 01       		.byte	0x1
  47 0035 06       		.byte	0x6
  48 0036 1F000000 		.4byte	.LASF1
  49 003a 03       		.uleb128 0x3
  50 003b 01       		.byte	0x1
  51 003c 08       		.byte	0x8
  52 003d 98000000 		.4byte	.LASF2
  53 0041 03       		.uleb128 0x3
ARM GAS  /tmp/cca1YSrQ.s 			page 2


  54 0042 02       		.byte	0x2
  55 0043 05       		.byte	0x5
  56 0044 3E000000 		.4byte	.LASF3
  57 0048 03       		.uleb128 0x3
  58 0049 02       		.byte	0x2
  59 004a 07       		.byte	0x7
  60 004b 2B000000 		.4byte	.LASF4
  61 004f 03       		.uleb128 0x3
  62 0050 04       		.byte	0x4
  63 0051 05       		.byte	0x5
  64 0052 A6000000 		.4byte	.LASF5
  65 0056 03       		.uleb128 0x3
  66 0057 04       		.byte	0x4
  67 0058 07       		.byte	0x7
  68 0059 0D000000 		.4byte	.LASF6
  69 005d 03       		.uleb128 0x3
  70 005e 08       		.byte	0x8
  71 005f 05       		.byte	0x5
  72 0060 D9000000 		.4byte	.LASF7
  73 0064 03       		.uleb128 0x3
  74 0065 08       		.byte	0x8
  75 0066 07       		.byte	0x7
  76 0067 48000000 		.4byte	.LASF8
  77 006b 04       		.uleb128 0x4
  78 006c 04       		.byte	0x4
  79 006d 07       		.byte	0x7
  80 006e 00       		.byte	0x0
  81              		.section	.debug_abbrev
  82 0000 01       		.uleb128 0x1
  83 0001 11       		.uleb128 0x11
  84 0002 01       		.byte	0x1
  85 0003 25       		.uleb128 0x25
  86 0004 0E       		.uleb128 0xe
  87 0005 13       		.uleb128 0x13
  88 0006 0B       		.uleb128 0xb
  89 0007 03       		.uleb128 0x3
  90 0008 0E       		.uleb128 0xe
  91 0009 1B       		.uleb128 0x1b
  92 000a 0E       		.uleb128 0xe
  93 000b 11       		.uleb128 0x11
  94 000c 01       		.uleb128 0x1
  95 000d 12       		.uleb128 0x12
  96 000e 01       		.uleb128 0x1
  97 000f 10       		.uleb128 0x10
  98 0010 06       		.uleb128 0x6
  99 0011 00       		.byte	0x0
 100 0012 00       		.byte	0x0
 101 0013 02       		.uleb128 0x2
 102 0014 24       		.uleb128 0x24
 103 0015 00       		.byte	0x0
 104 0016 0B       		.uleb128 0xb
 105 0017 0B       		.uleb128 0xb
 106 0018 3E       		.uleb128 0x3e
 107 0019 0B       		.uleb128 0xb
 108 001a 03       		.uleb128 0x3
 109 001b 08       		.uleb128 0x8
 110 001c 00       		.byte	0x0
ARM GAS  /tmp/cca1YSrQ.s 			page 3


 111 001d 00       		.byte	0x0
 112 001e 03       		.uleb128 0x3
 113 001f 24       		.uleb128 0x24
 114 0020 00       		.byte	0x0
 115 0021 0B       		.uleb128 0xb
 116 0022 0B       		.uleb128 0xb
 117 0023 3E       		.uleb128 0x3e
 118 0024 0B       		.uleb128 0xb
 119 0025 03       		.uleb128 0x3
 120 0026 0E       		.uleb128 0xe
 121 0027 00       		.byte	0x0
 122 0028 00       		.byte	0x0
 123 0029 04       		.uleb128 0x4
 124 002a 24       		.uleb128 0x24
 125 002b 00       		.byte	0x0
 126 002c 0B       		.uleb128 0xb
 127 002d 0B       		.uleb128 0xb
 128 002e 3E       		.uleb128 0x3e
 129 002f 0B       		.uleb128 0xb
 130 0030 00       		.byte	0x0
 131 0031 00       		.byte	0x0
 132 0032 00       		.byte	0x0
 133              		.section	.debug_str,"MS",%progbits,1
 134              	.LASF0:
 135 0000 756E7369 		.ascii	"unsigned int\000"
 135      676E6564 
 135      20696E74 
 135      00
 136              	.LASF6:
 137 000d 6C6F6E67 		.ascii	"long unsigned int\000"
 137      20756E73 
 137      69676E65 
 137      6420696E 
 137      7400
 138              	.LASF1:
 139 001f 7369676E 		.ascii	"signed char\000"
 139      65642063 
 139      68617200 
 140              	.LASF4:
 141 002b 73686F72 		.ascii	"short unsigned int\000"
 141      7420756E 
 141      7369676E 
 141      65642069 
 141      6E7400
 142              	.LASF3:
 143 003e 73686F72 		.ascii	"short int\000"
 143      7420696E 
 143      7400
 144              	.LASF8:
 145 0048 6C6F6E67 		.ascii	"long long unsigned int\000"
 145      206C6F6E 
 145      6720756E 
 145      7369676E 
 145      65642069 
 146              	.LASF11:
 147 005f 2F686F6D 		.ascii	"/home/dan/Downloads/ChibiOS_2.2.3/demos/ARMCM3-STM3"
 147      652F6461 
ARM GAS  /tmp/cca1YSrQ.s 			page 4


 147      6E2F446F 
 147      776E6C6F 
 147      6164732F 
 148 0092 32463130 		.ascii	"2F103\000"
 148      3300
 149              	.LASF2:
 150 0098 756E7369 		.ascii	"unsigned char\000"
 150      676E6564 
 150      20636861 
 150      7200
 151              	.LASF5:
 152 00a6 6C6F6E67 		.ascii	"long int\000"
 152      20696E74 
 152      00
 153              	.LASF10:
 154 00af 2E2E2F2E 		.ascii	"../../os/kernel/src/chdebug.c\000"
 154      2E2F6F73 
 154      2F6B6572 
 154      6E656C2F 
 154      7372632F 
 155              	.LASF9:
 156 00cd 474E5520 		.ascii	"GNU C 4.4.1\000"
 156      4320342E 
 156      342E3100 
 157              	.LASF7:
 158 00d9 6C6F6E67 		.ascii	"long long int\000"
 158      206C6F6E 
 158      6720696E 
 158      7400
 159              		.ident	"GCC: (Red Suite 2010Q1 by Code Red) 4.4.1"
ARM GAS  /tmp/cca1YSrQ.s 			page 5


DEFINED SYMBOLS
                            *ABS*:00000000 chdebug.c

NO UNDEFINED SYMBOLS
