ARM GAS  /tmp/ccV0zK1P.s 			page 1


   1              		.syntax unified
   2              		.cpu cortex-m3
   3              		.fpu softvfp
   4              		.eabi_attribute 20, 1
   5              		.eabi_attribute 21, 1
   6              		.eabi_attribute 23, 3
   7              		.eabi_attribute 24, 1
   8              		.eabi_attribute 25, 1
   9              		.eabi_attribute 26, 1
  10              		.eabi_attribute 30, 2
  11              		.eabi_attribute 18, 4
  12              		.thumb
  13              		.file	"chdynamic.c"
  14              		.section	.debug_abbrev,"",%progbits
  15              	.Ldebug_abbrev0:
  16              		.section	.debug_info,"",%progbits
  17              	.Ldebug_info0:
  18              		.section	.debug_line,"",%progbits
  19              	.Ldebug_line0:
  20 0000 1C020000 		.text
  20      02009101 
  20      00000201 
  20      FB0E0D00 
  20      01010101 
  21              	.Ltext0:
  22              		.cfi_sections	.debug_frame
  23              		.section	.text.chThdAddRef,"ax",%progbits
  24              		.align	2
  25              		.p2align 4,,15
  26              		.global	chThdAddRef
  27              		.thumb
  28              		.thumb_func
  29              		.type	chThdAddRef, %function
  30              	chThdAddRef:
  31              	.LFB7:
  32              		.file 1 "chibios/os/kernel/src/chdynamic.c"
  33              		.loc 1 51 0
  34              		.cfi_startproc
  35              		@ args = 0, pretend = 0, frame = 0
  36              		@ frame_needed = 0, uses_anonymous_args = 0
  37              		@ link register save eliminated.
  38              	.LVL0:
  39              	.LBB2:
  40              		.loc 1 53 0
  41 0000 2023     		movs	r3, #32
  42              	.LVL1:
  43              	@ 53 "chibios/os/kernel/src/chdynamic.c" 1
  44 0002 83F31188 		msr     BASEPRI, r3
  45              	@ 0 "" 2
  46              	.LVL2:
  47              		.thumb
  48              	.LBE2:
  49              		.loc 1 55 0
  50 0006 817E     		ldrb	r1, [r0, #26]	@ zero_extendqisi2
  51              	.LBB3:
  52              		.loc 1 56 0
  53 0008 0023     		movs	r3, #0
ARM GAS  /tmp/ccV0zK1P.s 			page 2


  54              	.LVL3:
  55              	.LBE3:
  56              		.loc 1 55 0
  57 000a 0131     		adds	r1, r1, #1
  58 000c 8176     		strb	r1, [r0, #26]
  59              	.LBB4:
  60              		.loc 1 56 0
  61              	@ 56 "chibios/os/kernel/src/chdynamic.c" 1
  62 000e 83F31188 		msr     BASEPRI, r3
  63              	@ 0 "" 2
  64              	.LVL4:
  65              		.thumb
  66              	.LBE4:
  67              		.loc 1 58 0
  68 0012 7047     		bx	lr
  69              		.cfi_endproc
  70              	.LFE7:
  71              		.size	chThdAddRef, .-chThdAddRef
  72 0014 AFF30080 		.section	.text.chThdRelease,"ax",%progbits
  72      AFF30080 
  72      AFF30080 
  73              		.align	2
  74              		.p2align 4,,15
  75              		.global	chThdRelease
  76              		.thumb
  77              		.thumb_func
  78              		.type	chThdRelease, %function
  79              	chThdRelease:
  80              	.LFB8:
  81              		.loc 1 73 0
  82              		.cfi_startproc
  83              		@ args = 0, pretend = 0, frame = 0
  84              		@ frame_needed = 0, uses_anonymous_args = 0
  85              		@ link register save eliminated.
  86              	.LVL5:
  87              		.loc 1 73 0
  88 0000 0146     		mov	r1, r0
  89              	.LBB5:
  90              		.loc 1 76 0
  91 0002 2023     		movs	r3, #32
  92              	.LVL6:
  93              	@ 76 "chibios/os/kernel/src/chdynamic.c" 1
  94 0004 83F31188 		msr     BASEPRI, r3
  95              	@ 0 "" 2
  96              	.LVL7:
  97              		.thumb
  98              	.LBE5:
  99              		.loc 1 78 0
 100 0008 827E     		ldrb	r2, [r0, #26]	@ zero_extendqisi2
 101              	.LBB6:
 102              		.loc 1 79 0
 103 000a 0023     		movs	r3, #0
 104              	.LVL8:
 105              	.LBE6:
 106              		.loc 1 78 0
 107 000c 013A     		subs	r2, r2, #1
 108 000e D2B2     		uxtb	r2, r2
ARM GAS  /tmp/ccV0zK1P.s 			page 3


 109 0010 8276     		strb	r2, [r0, #26]
 110              	.LVL9:
 111              	.LBB7:
 112              		.loc 1 79 0
 113              	@ 79 "chibios/os/kernel/src/chdynamic.c" 1
 114 0012 83F31188 		msr     BASEPRI, r3
 115              	@ 0 "" 2
 116              	.LVL10:
 117              		.thumb
 118              	.LBE7:
 119              		.loc 1 84 0
 120 0016 12B9     		cbnz	r2, .L2
 121              		.loc 1 84 0 is_stmt 0 discriminator 1
 122 0018 037E     		ldrb	r3, [r0, #24]	@ zero_extendqisi2
 123              	.LVL11:
 124 001a 0C2B     		cmp	r3, #12
 125 001c 00D0     		beq	.L7
 126              	.LVL12:
 127              	.L2:
 128 001e 7047     		bx	lr
 129              	.LVL13:
 130              	.L7:
 131              		.loc 1 85 0 is_stmt 1
 132 0020 90F819C0 		ldrb	ip, [r0, #25]	@ zero_extendqisi2
 133 0024 0CF00303 		and	r3, ip, #3
 134 0028 012B     		cmp	r3, #1
 135 002a 09D0     		beq	.L4
 136 002c 022B     		cmp	r3, #2
 137 002e F6D1     		bne	.L2
 138              		.loc 1 97 0
 139 0030 4369     		ldr	r3, [r0, #20]
 140 0032 0269     		ldr	r2, [r0, #16]
 141              	.LVL14:
 142              		.loc 1 99 0
 143 0034 006C     		ldr	r0, [r0, #64]
 144              	.LVL15:
 145              		.loc 1 97 0
 146 0036 1A61     		str	r2, [r3, #16]
 147 0038 0A69     		ldr	r2, [r1, #16]
 148 003a 5361     		str	r3, [r2, #20]
 149              		.loc 1 104 0
 150              		.loc 1 99 0
 151 003c FFF7FEBF 		b	chPoolFree
 152              	.LVL16:
 153              	.L4:
 154              		.loc 1 89 0
 155 0040 4369     		ldr	r3, [r0, #20]
 156 0042 0269     		ldr	r2, [r0, #16]
 157              	.LVL17:
 158 0044 1A61     		str	r2, [r3, #16]
 159 0046 0169     		ldr	r1, [r0, #16]
 160 0048 4B61     		str	r3, [r1, #20]
 161              		.loc 1 104 0
 162              		.loc 1 91 0
 163 004a FFF7FEBF 		b	chHeapFree
 164              		.cfi_endproc
 165              	.LFE8:
ARM GAS  /tmp/ccV0zK1P.s 			page 4


 166              		.size	chThdRelease, .-chThdRelease
 167 004e 00BF     		.section	.text.chThdCreateFromHeap,"ax",%progbits
 168              		.align	2
 169              		.p2align 4,,15
 170              		.global	chThdCreateFromHeap
 171              		.thumb
 172              		.thumb_func
 173              		.type	chThdCreateFromHeap, %function
 174              	chThdCreateFromHeap:
 175              	.LFB9:
 176              		.loc 1 130 0
 177              		.cfi_startproc
 178              		@ args = 4, pretend = 0, frame = 0
 179              		@ frame_needed = 0, uses_anonymous_args = 0
 180              	.LVL18:
 181 0000 70B5     		push	{r4, r5, r6, lr}
 182              	.LCFI0:
 183              		.cfi_def_cfa_offset 16
 184 0002 82B0     		sub	sp, sp, #8
 185              	.LCFI1:
 186              		.cfi_def_cfa_offset 24
 187              		.loc 1 130 0
 188 0004 0C46     		mov	r4, r1
 189              		.cfi_offset 14, -4
 190              		.cfi_offset 6, -8
 191              		.cfi_offset 5, -12
 192              		.cfi_offset 4, -16
 193 0006 1546     		mov	r5, r2
 194 0008 1E46     		mov	r6, r3
 195              		.loc 1 134 0
 196 000a FFF7FEFF 		bl	chHeapAlloc
 197              	.LVL19:
 198              		.loc 1 135 0
 199 000e A8B1     		cbz	r0, .L10
 200              	.LBB8:
 201              		.loc 1 147 0
 202 0010 2023     		movs	r3, #32
 203              	.LVL20:
 204              	@ 147 "chibios/os/kernel/src/chdynamic.c" 1
 205 0012 83F31188 		msr     BASEPRI, r3
 206              	@ 0 "" 2
 207              	.LVL21:
 208              		.thumb
 209              	.LBE8:
 210              		.loc 1 148 0
 211 0016 2146     		mov	r1, r4
 212 0018 069C     		ldr	r4, [sp, #24]
 213              	.LVL22:
 214 001a 3346     		mov	r3, r6
 215              	.LVL23:
 216 001c 2A46     		mov	r2, r5
 217 001e 0094     		str	r4, [sp, #0]
 218 0020 FFF7FEFF 		bl	chThdCreateI
 219              	.LVL24:
 220              		.loc 1 149 0
 221 0024 0123     		movs	r3, #1
 222 0026 4376     		strb	r3, [r0, #25]
ARM GAS  /tmp/ccV0zK1P.s 			page 5


 223              		.loc 1 150 0
 224 0028 0021     		movs	r1, #0
 225              		.loc 1 148 0
 226 002a 0446     		mov	r4, r0
 227              	.LVL25:
 228              		.loc 1 150 0
 229 002c FFF7FEFF 		bl	chSchWakeupS
 230              	.LVL26:
 231              	.LBB9:
 232              		.loc 1 151 0
 233 0030 0023     		movs	r3, #0
 234              	.LVL27:
 235              	@ 151 "chibios/os/kernel/src/chdynamic.c" 1
 236 0032 83F31188 		msr     BASEPRI, r3
 237              	@ 0 "" 2
 238              	.LVL28:
 239              		.thumb
 240              	.L9:
 241              	.LBE9:
 242              		.loc 1 153 0
 243 0036 2046     		mov	r0, r4
 244 0038 02B0     		add	sp, sp, #8
 245 003a 70BD     		pop	{r4, r5, r6, pc}
 246              	.LVL29:
 247              	.L10:
 248              		.loc 1 136 0
 249 003c 0446     		mov	r4, r0
 250              	.LVL30:
 251 003e FAE7     		b	.L9
 252              		.cfi_endproc
 253              	.LFE9:
 254              		.size	chThdCreateFromHeap, .-chThdCreateFromHeap
 255              		.section	.text.chThdCreateFromMemoryPool,"ax",%progbits
 256              		.align	2
 257              		.p2align 4,,15
 258              		.global	chThdCreateFromMemoryPool
 259              		.thumb
 260              		.thumb_func
 261              		.type	chThdCreateFromMemoryPool, %function
 262              	chThdCreateFromMemoryPool:
 263              	.LFB10:
 264              		.loc 1 179 0
 265              		.cfi_startproc
 266              		@ args = 0, pretend = 0, frame = 0
 267              		@ frame_needed = 0, uses_anonymous_args = 0
 268              	.LVL31:
 269 0000 F0B5     		push	{r4, r5, r6, r7, lr}
 270              	.LCFI2:
 271              		.cfi_def_cfa_offset 20
 272 0002 83B0     		sub	sp, sp, #12
 273              	.LCFI3:
 274              		.cfi_def_cfa_offset 32
 275              		.loc 1 179 0
 276 0004 0446     		mov	r4, r0
 277              		.cfi_offset 14, -4
 278              		.cfi_offset 7, -8
 279              		.cfi_offset 6, -12
ARM GAS  /tmp/ccV0zK1P.s 			page 6


 280              		.cfi_offset 5, -16
 281              		.cfi_offset 4, -20
 282 0006 0E46     		mov	r6, r1
 283 0008 1746     		mov	r7, r2
 284 000a 1D46     		mov	r5, r3
 285              		.loc 1 185 0
 286 000c FFF7FEFF 		bl	chPoolAlloc
 287              	.LVL32:
 288              		.loc 1 186 0
 289 0010 A8B1     		cbz	r0, .L13
 290              	.LBB10:
 291              		.loc 1 198 0
 292 0012 2023     		movs	r3, #32
 293              	.LVL33:
 294              	@ 198 "chibios/os/kernel/src/chdynamic.c" 1
 295 0014 83F31188 		msr     BASEPRI, r3
 296              	@ 0 "" 2
 297              	.LVL34:
 298              		.thumb
 299              	.LBE10:
 300              		.loc 1 199 0
 301 0018 6168     		ldr	r1, [r4, #4]
 302 001a 3B46     		mov	r3, r7
 303              	.LVL35:
 304 001c 3246     		mov	r2, r6
 305 001e 0095     		str	r5, [sp, #0]
 306 0020 FFF7FEFF 		bl	chThdCreateI
 307              	.LVL36:
 308              		.loc 1 200 0
 309 0024 0223     		movs	r3, #2
 310 0026 4376     		strb	r3, [r0, #25]
 311              		.loc 1 201 0
 312 0028 0464     		str	r4, [r0, #64]
 313              		.loc 1 202 0
 314 002a 0021     		movs	r1, #0
 315              		.loc 1 199 0
 316 002c 0546     		mov	r5, r0
 317              	.LVL37:
 318              		.loc 1 202 0
 319 002e FFF7FEFF 		bl	chSchWakeupS
 320              	.LVL38:
 321              	.LBB11:
 322              		.loc 1 203 0
 323 0032 0023     		movs	r3, #0
 324              	.LVL39:
 325              	@ 203 "chibios/os/kernel/src/chdynamic.c" 1
 326 0034 83F31188 		msr     BASEPRI, r3
 327              	@ 0 "" 2
 328              	.LVL40:
 329              		.thumb
 330              	.L12:
 331              	.LBE11:
 332              		.loc 1 205 0
 333 0038 2846     		mov	r0, r5
 334 003a 03B0     		add	sp, sp, #12
 335 003c F0BD     		pop	{r4, r5, r6, r7, pc}
 336              	.LVL41:
ARM GAS  /tmp/ccV0zK1P.s 			page 7


 337              	.L13:
 338              		.loc 1 187 0
 339 003e 0546     		mov	r5, r0
 340              	.LVL42:
 341 0040 FAE7     		b	.L12
 342              		.cfi_endproc
 343              	.LFE10:
 344              		.size	chThdCreateFromMemoryPool, .-chThdCreateFromMemoryPool
 345 0042 00BFAFF3 		.text
 345      0080AFF3 
 345      0080AFF3 
 345      0080
 346              	.Letext0:
 347              		.section	.debug_loc,"",%progbits
 348              	.Ldebug_loc0:
 349              	.LLST0:
 350 0000 06000000 		.4byte	.LVL2
 351 0004 0A000000 		.4byte	.LVL3
 352 0008 0100     		.2byte	0x1
 353 000a 53       		.byte	0x53
 354 000b 00000000 		.4byte	0x0
 355 000f 00000000 		.4byte	0x0
 356              	.LLST1:
 357 0013 12000000 		.4byte	.LVL4
 358 0017 14000000 		.4byte	.LFE7
 359 001b 0100     		.2byte	0x1
 360 001d 53       		.byte	0x53
 361 001e 00000000 		.4byte	0x0
 362 0022 00000000 		.4byte	0x0
 363              	.LLST2:
 364 0026 00000000 		.4byte	.LVL5
 365 002a 36000000 		.4byte	.LVL15
 366 002e 0100     		.2byte	0x1
 367 0030 50       		.byte	0x50
 368 0031 36000000 		.4byte	.LVL15
 369 0035 3F000000 		.4byte	.LVL16-1
 370 0039 0100     		.2byte	0x1
 371 003b 51       		.byte	0x51
 372 003c 40000000 		.4byte	.LVL16
 373 0040 4E000000 		.4byte	.LFE8
 374 0044 0100     		.2byte	0x1
 375 0046 50       		.byte	0x50
 376 0047 00000000 		.4byte	0x0
 377 004b 00000000 		.4byte	0x0
 378              	.LLST3:
 379 004f 12000000 		.4byte	.LVL9
 380 0053 34000000 		.4byte	.LVL14
 381 0057 0100     		.2byte	0x1
 382 0059 52       		.byte	0x52
 383 005a 40000000 		.4byte	.LVL16
 384 005e 44000000 		.4byte	.LVL17
 385 0062 0100     		.2byte	0x1
 386 0064 52       		.byte	0x52
 387 0065 00000000 		.4byte	0x0
 388 0069 00000000 		.4byte	0x0
 389              	.LLST4:
 390 006d 08000000 		.4byte	.LVL7
ARM GAS  /tmp/ccV0zK1P.s 			page 8


 391 0071 0C000000 		.4byte	.LVL8
 392 0075 0100     		.2byte	0x1
 393 0077 53       		.byte	0x53
 394 0078 00000000 		.4byte	0x0
 395 007c 00000000 		.4byte	0x0
 396              	.LLST5:
 397 0080 16000000 		.4byte	.LVL10
 398 0084 1A000000 		.4byte	.LVL11
 399 0088 0100     		.2byte	0x1
 400 008a 53       		.byte	0x53
 401 008b 1E000000 		.4byte	.LVL12
 402 008f 20000000 		.4byte	.LVL13
 403 0093 0100     		.2byte	0x1
 404 0095 53       		.byte	0x53
 405 0096 00000000 		.4byte	0x0
 406 009a 00000000 		.4byte	0x0
 407              	.LLST6:
 408 009e 00000000 		.4byte	.LFB9
 409 00a2 02000000 		.4byte	.LCFI0
 410 00a6 0200     		.2byte	0x2
 411 00a8 7D       		.byte	0x7d
 412 00a9 00       		.sleb128 0
 413 00aa 02000000 		.4byte	.LCFI0
 414 00ae 04000000 		.4byte	.LCFI1
 415 00b2 0200     		.2byte	0x2
 416 00b4 7D       		.byte	0x7d
 417 00b5 10       		.sleb128 16
 418 00b6 04000000 		.4byte	.LCFI1
 419 00ba 40000000 		.4byte	.LFE9
 420 00be 0200     		.2byte	0x2
 421 00c0 7D       		.byte	0x7d
 422 00c1 18       		.sleb128 24
 423 00c2 00000000 		.4byte	0x0
 424 00c6 00000000 		.4byte	0x0
 425              	.LLST7:
 426 00ca 00000000 		.4byte	.LVL18
 427 00ce 0D000000 		.4byte	.LVL19-1
 428 00d2 0100     		.2byte	0x1
 429 00d4 50       		.byte	0x50
 430 00d5 00000000 		.4byte	0x0
 431 00d9 00000000 		.4byte	0x0
 432              	.LLST8:
 433 00dd 00000000 		.4byte	.LVL18
 434 00e1 0D000000 		.4byte	.LVL19-1
 435 00e5 0100     		.2byte	0x1
 436 00e7 51       		.byte	0x51
 437 00e8 0D000000 		.4byte	.LVL19-1
 438 00ec 1A000000 		.4byte	.LVL22
 439 00f0 0100     		.2byte	0x1
 440 00f2 54       		.byte	0x54
 441 00f3 1A000000 		.4byte	.LVL22
 442 00f7 23000000 		.4byte	.LVL24-1
 443 00fb 0100     		.2byte	0x1
 444 00fd 51       		.byte	0x51
 445 00fe 3C000000 		.4byte	.LVL29
 446 0102 3E000000 		.4byte	.LVL30
 447 0106 0100     		.2byte	0x1
ARM GAS  /tmp/ccV0zK1P.s 			page 9


 448 0108 54       		.byte	0x54
 449 0109 00000000 		.4byte	0x0
 450 010d 00000000 		.4byte	0x0
 451              	.LLST9:
 452 0111 00000000 		.4byte	.LVL18
 453 0115 0D000000 		.4byte	.LVL19-1
 454 0119 0100     		.2byte	0x1
 455 011b 52       		.byte	0x52
 456 011c 0D000000 		.4byte	.LVL19-1
 457 0120 40000000 		.4byte	.LFE9
 458 0124 0100     		.2byte	0x1
 459 0126 55       		.byte	0x55
 460 0127 00000000 		.4byte	0x0
 461 012b 00000000 		.4byte	0x0
 462              	.LLST10:
 463 012f 00000000 		.4byte	.LVL18
 464 0133 0D000000 		.4byte	.LVL19-1
 465 0137 0100     		.2byte	0x1
 466 0139 53       		.byte	0x53
 467 013a 0D000000 		.4byte	.LVL19-1
 468 013e 40000000 		.4byte	.LFE9
 469 0142 0100     		.2byte	0x1
 470 0144 56       		.byte	0x56
 471 0145 00000000 		.4byte	0x0
 472 0149 00000000 		.4byte	0x0
 473              	.LLST11:
 474 014d 0E000000 		.4byte	.LVL19
 475 0151 23000000 		.4byte	.LVL24-1
 476 0155 0100     		.2byte	0x1
 477 0157 50       		.byte	0x50
 478 0158 3C000000 		.4byte	.LVL29
 479 015c 40000000 		.4byte	.LFE9
 480 0160 0100     		.2byte	0x1
 481 0162 50       		.byte	0x50
 482 0163 00000000 		.4byte	0x0
 483 0167 00000000 		.4byte	0x0
 484              	.LLST12:
 485 016b 2C000000 		.4byte	.LVL25
 486 016f 2F000000 		.4byte	.LVL26-1
 487 0173 0100     		.2byte	0x1
 488 0175 50       		.byte	0x50
 489 0176 2F000000 		.4byte	.LVL26-1
 490 017a 36000000 		.4byte	.LVL28
 491 017e 0100     		.2byte	0x1
 492 0180 54       		.byte	0x54
 493 0181 00000000 		.4byte	0x0
 494 0185 00000000 		.4byte	0x0
 495              	.LLST13:
 496 0189 16000000 		.4byte	.LVL21
 497 018d 1C000000 		.4byte	.LVL23
 498 0191 0100     		.2byte	0x1
 499 0193 53       		.byte	0x53
 500 0194 00000000 		.4byte	0x0
 501 0198 00000000 		.4byte	0x0
 502              	.LLST14:
 503 019c 36000000 		.4byte	.LVL28
 504 01a0 3C000000 		.4byte	.LVL29
ARM GAS  /tmp/ccV0zK1P.s 			page 10


 505 01a4 0100     		.2byte	0x1
 506 01a6 53       		.byte	0x53
 507 01a7 00000000 		.4byte	0x0
 508 01ab 00000000 		.4byte	0x0
 509              	.LLST15:
 510 01af 00000000 		.4byte	.LFB10
 511 01b3 02000000 		.4byte	.LCFI2
 512 01b7 0200     		.2byte	0x2
 513 01b9 7D       		.byte	0x7d
 514 01ba 00       		.sleb128 0
 515 01bb 02000000 		.4byte	.LCFI2
 516 01bf 04000000 		.4byte	.LCFI3
 517 01c3 0200     		.2byte	0x2
 518 01c5 7D       		.byte	0x7d
 519 01c6 14       		.sleb128 20
 520 01c7 04000000 		.4byte	.LCFI3
 521 01cb 42000000 		.4byte	.LFE10
 522 01cf 0200     		.2byte	0x2
 523 01d1 7D       		.byte	0x7d
 524 01d2 20       		.sleb128 32
 525 01d3 00000000 		.4byte	0x0
 526 01d7 00000000 		.4byte	0x0
 527              	.LLST16:
 528 01db 00000000 		.4byte	.LVL31
 529 01df 0F000000 		.4byte	.LVL32-1
 530 01e3 0100     		.2byte	0x1
 531 01e5 50       		.byte	0x50
 532 01e6 0F000000 		.4byte	.LVL32-1
 533 01ea 42000000 		.4byte	.LFE10
 534 01ee 0100     		.2byte	0x1
 535 01f0 54       		.byte	0x54
 536 01f1 00000000 		.4byte	0x0
 537 01f5 00000000 		.4byte	0x0
 538              	.LLST17:
 539 01f9 00000000 		.4byte	.LVL31
 540 01fd 0F000000 		.4byte	.LVL32-1
 541 0201 0100     		.2byte	0x1
 542 0203 51       		.byte	0x51
 543 0204 0F000000 		.4byte	.LVL32-1
 544 0208 42000000 		.4byte	.LFE10
 545 020c 0100     		.2byte	0x1
 546 020e 56       		.byte	0x56
 547 020f 00000000 		.4byte	0x0
 548 0213 00000000 		.4byte	0x0
 549              	.LLST18:
 550 0217 00000000 		.4byte	.LVL31
 551 021b 0F000000 		.4byte	.LVL32-1
 552 021f 0100     		.2byte	0x1
 553 0221 52       		.byte	0x52
 554 0222 0F000000 		.4byte	.LVL32-1
 555 0226 42000000 		.4byte	.LFE10
 556 022a 0100     		.2byte	0x1
 557 022c 57       		.byte	0x57
 558 022d 00000000 		.4byte	0x0
 559 0231 00000000 		.4byte	0x0
 560              	.LLST19:
 561 0235 00000000 		.4byte	.LVL31
ARM GAS  /tmp/ccV0zK1P.s 			page 11


 562 0239 0F000000 		.4byte	.LVL32-1
 563 023d 0100     		.2byte	0x1
 564 023f 53       		.byte	0x53
 565 0240 0F000000 		.4byte	.LVL32-1
 566 0244 2E000000 		.4byte	.LVL37
 567 0248 0100     		.2byte	0x1
 568 024a 55       		.byte	0x55
 569 024b 3E000000 		.4byte	.LVL41
 570 024f 40000000 		.4byte	.LVL42
 571 0253 0100     		.2byte	0x1
 572 0255 55       		.byte	0x55
 573 0256 00000000 		.4byte	0x0
 574 025a 00000000 		.4byte	0x0
 575              	.LLST20:
 576 025e 10000000 		.4byte	.LVL32
 577 0262 23000000 		.4byte	.LVL36-1
 578 0266 0100     		.2byte	0x1
 579 0268 50       		.byte	0x50
 580 0269 3E000000 		.4byte	.LVL41
 581 026d 42000000 		.4byte	.LFE10
 582 0271 0100     		.2byte	0x1
 583 0273 50       		.byte	0x50
 584 0274 00000000 		.4byte	0x0
 585 0278 00000000 		.4byte	0x0
 586              	.LLST21:
 587 027c 2E000000 		.4byte	.LVL37
 588 0280 31000000 		.4byte	.LVL38-1
 589 0284 0100     		.2byte	0x1
 590 0286 50       		.byte	0x50
 591 0287 31000000 		.4byte	.LVL38-1
 592 028b 38000000 		.4byte	.LVL40
 593 028f 0100     		.2byte	0x1
 594 0291 55       		.byte	0x55
 595 0292 00000000 		.4byte	0x0
 596 0296 00000000 		.4byte	0x0
 597              	.LLST22:
 598 029a 18000000 		.4byte	.LVL34
 599 029e 1C000000 		.4byte	.LVL35
 600 02a2 0100     		.2byte	0x1
 601 02a4 53       		.byte	0x53
 602 02a5 00000000 		.4byte	0x0
 603 02a9 00000000 		.4byte	0x0
 604              	.LLST23:
 605 02ad 38000000 		.4byte	.LVL40
 606 02b1 3E000000 		.4byte	.LVL41
 607 02b5 0100     		.2byte	0x1
 608 02b7 53       		.byte	0x53
 609 02b8 00000000 		.4byte	0x0
 610 02bc 00000000 		.4byte	0x0
 611              		.file 2 "/home/dan/arm-cs-tools/lib/gcc/arm-none-eabi/4.5.1/include/stddef.h"
 612              		.file 3 "/home/dan/arm-cs-tools/lib/gcc/arm-none-eabi/4.5.1/../../../../arm-none-eabi/include/stdi
 613              		.file 4 "chibios/os/ports/GCC/ARMCMx/chtypes.h"
 614              		.file 5 "chibios/os/kernel/include/chlists.h"
 615              		.file 6 "chibios/os/kernel/include/chthreads.h"
 616              		.file 7 "chibios/os/ports/GCC/ARMCMx/chcore.h"
 617              		.file 8 "chibios/os/ports/GCC/ARMCMx/chcore_v7m.h"
 618              		.file 9 "chibios/os/kernel/include/chmtx.h"
ARM GAS  /tmp/ccV0zK1P.s 			page 12


 619              		.file 10 "chibios/os/kernel/include/chmemcore.h"
 620              		.file 11 "chibios/os/kernel/include/chheap.h"
 621              		.file 12 "chibios/os/kernel/include/chmempools.h"
 622              		.section	.debug_info
 623 0000 25070000 		.4byte	0x725
 624 0004 0200     		.2byte	0x2
 625 0006 00000000 		.4byte	.Ldebug_abbrev0
 626 000a 04       		.byte	0x4
 627 000b 01       		.uleb128 0x1
 628 000c 26030000 		.4byte	.LASF76
 629 0010 01       		.byte	0x1
 630 0011 9A010000 		.4byte	.LASF77
 631 0015 BC010000 		.4byte	.LASF78
 632 0019 00000000 		.4byte	0x0
 633 001d 00000000 		.4byte	0x0
 634 0021 30000000 		.4byte	.Ldebug_ranges0+0x30
 635 0025 00000000 		.4byte	.Ldebug_line0
 636 0029 02       		.uleb128 0x2
 637 002a 04       		.byte	0x4
 638 002b 05       		.byte	0x5
 639 002c 696E7400 		.ascii	"int\000"
 640 0030 03       		.uleb128 0x3
 641 0031 0E000000 		.4byte	.LASF2
 642 0035 02       		.byte	0x2
 643 0036 D3       		.byte	0xd3
 644 0037 3B000000 		.4byte	0x3b
 645 003b 04       		.uleb128 0x4
 646 003c 04       		.byte	0x4
 647 003d 07       		.byte	0x7
 648 003e 18010000 		.4byte	.LASF0
 649 0042 04       		.uleb128 0x4
 650 0043 01       		.byte	0x1
 651 0044 06       		.byte	0x6
 652 0045 84000000 		.4byte	.LASF1
 653 0049 03       		.uleb128 0x3
 654 004a 1E030000 		.4byte	.LASF3
 655 004e 03       		.byte	0x3
 656 004f 2A       		.byte	0x2a
 657 0050 54000000 		.4byte	0x54
 658 0054 04       		.uleb128 0x4
 659 0055 01       		.byte	0x1
 660 0056 08       		.byte	0x8
 661 0057 52020000 		.4byte	.LASF4
 662 005b 04       		.uleb128 0x4
 663 005c 02       		.byte	0x2
 664 005d 05       		.byte	0x5
 665 005e 75020000 		.4byte	.LASF5
 666 0062 04       		.uleb128 0x4
 667 0063 02       		.byte	0x2
 668 0064 07       		.byte	0x7
 669 0065 44010000 		.4byte	.LASF6
 670 0069 03       		.uleb128 0x3
 671 006a 4A020000 		.4byte	.LASF7
 672 006e 03       		.byte	0x3
 673 006f 4F       		.byte	0x4f
 674 0070 74000000 		.4byte	0x74
 675 0074 04       		.uleb128 0x4
ARM GAS  /tmp/ccV0zK1P.s 			page 13


 676 0075 04       		.byte	0x4
 677 0076 05       		.byte	0x5
 678 0077 AD000000 		.4byte	.LASF8
 679 007b 03       		.uleb128 0x3
 680 007c C8020000 		.4byte	.LASF9
 681 0080 03       		.byte	0x3
 682 0081 50       		.byte	0x50
 683 0082 86000000 		.4byte	0x86
 684 0086 04       		.uleb128 0x4
 685 0087 04       		.byte	0x4
 686 0088 07       		.byte	0x7
 687 0089 25010000 		.4byte	.LASF10
 688 008d 04       		.uleb128 0x4
 689 008e 08       		.byte	0x8
 690 008f 05       		.byte	0x5
 691 0090 76000000 		.4byte	.LASF11
 692 0094 03       		.uleb128 0x3
 693 0095 1C000000 		.4byte	.LASF12
 694 0099 03       		.byte	0x3
 695 009a 78       		.byte	0x78
 696 009b 9F000000 		.4byte	0x9f
 697 009f 04       		.uleb128 0x4
 698 00a0 08       		.byte	0x8
 699 00a1 07       		.byte	0x7
 700 00a2 3D000000 		.4byte	.LASF13
 701 00a6 03       		.uleb128 0x3
 702 00a7 5D010000 		.4byte	.LASF14
 703 00ab 04       		.byte	0x4
 704 00ac 2E       		.byte	0x2e
 705 00ad 49000000 		.4byte	0x49
 706 00b1 03       		.uleb128 0x3
 707 00b2 CA000000 		.4byte	.LASF15
 708 00b6 04       		.byte	0x4
 709 00b7 2F       		.byte	0x2f
 710 00b8 49000000 		.4byte	0x49
 711 00bc 03       		.uleb128 0x3
 712 00bd 2E020000 		.4byte	.LASF16
 713 00c1 04       		.byte	0x4
 714 00c2 30       		.byte	0x30
 715 00c3 49000000 		.4byte	0x49
 716 00c7 03       		.uleb128 0x3
 717 00c8 42020000 		.4byte	.LASF17
 718 00cc 04       		.byte	0x4
 719 00cd 31       		.byte	0x31
 720 00ce 7B000000 		.4byte	0x7b
 721 00d2 03       		.uleb128 0x3
 722 00d3 57010000 		.4byte	.LASF18
 723 00d7 04       		.byte	0x4
 724 00d8 32       		.byte	0x32
 725 00d9 69000000 		.4byte	0x69
 726 00dd 03       		.uleb128 0x3
 727 00de 71010000 		.4byte	.LASF19
 728 00e2 04       		.byte	0x4
 729 00e3 34       		.byte	0x34
 730 00e4 7B000000 		.4byte	0x7b
 731 00e8 03       		.uleb128 0x3
 732 00e9 DD020000 		.4byte	.LASF20
ARM GAS  /tmp/ccV0zK1P.s 			page 14


 733 00ed 04       		.byte	0x4
 734 00ee 35       		.byte	0x35
 735 00ef 7B000000 		.4byte	0x7b
 736 00f3 03       		.uleb128 0x3
 737 00f4 B6020000 		.4byte	.LASF21
 738 00f8 05       		.byte	0x5
 739 00f9 29       		.byte	0x29
 740 00fa FE000000 		.4byte	0xfe
 741 00fe 05       		.uleb128 0x5
 742 00ff B6020000 		.4byte	.LASF21
 743 0103 44       		.byte	0x44
 744 0104 06       		.byte	0x6
 745 0105 2E       		.byte	0x2e
 746 0106 07020000 		.4byte	0x207
 747 010a 06       		.uleb128 0x6
 748 010b 9A020000 		.4byte	.LASF22
 749 010f 06       		.byte	0x6
 750 0110 2F       		.byte	0x2f
 751 0111 2C020000 		.4byte	0x22c
 752 0115 02       		.byte	0x2
 753 0116 23       		.byte	0x23
 754 0117 00       		.uleb128 0x0
 755 0118 06       		.uleb128 0x6
 756 0119 3B020000 		.4byte	.LASF23
 757 011d 06       		.byte	0x6
 758 011e 31       		.byte	0x31
 759 011f 2C020000 		.4byte	0x22c
 760 0123 02       		.byte	0x2
 761 0124 23       		.byte	0x23
 762 0125 04       		.uleb128 0x4
 763 0126 06       		.uleb128 0x6
 764 0127 6F000000 		.4byte	.LASF24
 765 012b 06       		.byte	0x6
 766 012c 33       		.byte	0x33
 767 012d C7000000 		.4byte	0xc7
 768 0131 02       		.byte	0x2
 769 0132 23       		.byte	0x23
 770 0133 08       		.uleb128 0x8
 771 0134 06       		.uleb128 0x6
 772 0135 3A030000 		.4byte	.LASF25
 773 0139 06       		.byte	0x6
 774 013a 34       		.byte	0x34
 775 013b 79020000 		.4byte	0x279
 776 013f 02       		.byte	0x2
 777 0140 23       		.byte	0x23
 778 0141 0C       		.uleb128 0xc
 779 0142 06       		.uleb128 0x6
 780 0143 DB000000 		.4byte	.LASF26
 781 0147 06       		.byte	0x6
 782 0148 36       		.byte	0x36
 783 0149 2C020000 		.4byte	0x22c
 784 014d 02       		.byte	0x2
 785 014e 23       		.byte	0x23
 786 014f 10       		.uleb128 0x10
 787 0150 06       		.uleb128 0x6
 788 0151 F2010000 		.4byte	.LASF27
 789 0155 06       		.byte	0x6
ARM GAS  /tmp/ccV0zK1P.s 			page 15


 790 0156 37       		.byte	0x37
 791 0157 2C020000 		.4byte	0x22c
 792 015b 02       		.byte	0x2
 793 015c 23       		.byte	0x23
 794 015d 14       		.uleb128 0x14
 795 015e 06       		.uleb128 0x6
 796 015f 7F020000 		.4byte	.LASF28
 797 0163 06       		.byte	0x6
 798 0164 3D       		.byte	0x3d
 799 0165 B1000000 		.4byte	0xb1
 800 0169 02       		.byte	0x2
 801 016a 23       		.byte	0x23
 802 016b 18       		.uleb128 0x18
 803 016c 06       		.uleb128 0x6
 804 016d A1020000 		.4byte	.LASF29
 805 0171 06       		.byte	0x6
 806 0172 41       		.byte	0x41
 807 0173 A6000000 		.4byte	0xa6
 808 0177 02       		.byte	0x2
 809 0178 23       		.byte	0x23
 810 0179 19       		.uleb128 0x19
 811 017a 06       		.uleb128 0x6
 812 017b 17030000 		.4byte	.LASF30
 813 017f 06       		.byte	0x6
 814 0180 46       		.byte	0x46
 815 0181 BC000000 		.4byte	0xbc
 816 0185 02       		.byte	0x2
 817 0186 23       		.byte	0x23
 818 0187 1A       		.uleb128 0x1a
 819 0188 06       		.uleb128 0x6
 820 0189 F2020000 		.4byte	.LASF31
 821 018d 06       		.byte	0x6
 822 018e 53       		.byte	0x53
 823 018f 20030000 		.4byte	0x320
 824 0193 02       		.byte	0x2
 825 0194 23       		.byte	0x23
 826 0195 1C       		.uleb128 0x1c
 827 0196 07       		.uleb128 0x7
 828 0197 705F7500 		.ascii	"p_u\000"
 829 019b 06       		.byte	0x6
 830 019c 78       		.byte	0x78
 831 019d 9E040000 		.4byte	0x49e
 832 01a1 02       		.byte	0x2
 833 01a2 23       		.byte	0x23
 834 01a3 20       		.uleb128 0x20
 835 01a4 06       		.uleb128 0x6
 836 01a5 40030000 		.4byte	.LASF32
 837 01a9 06       		.byte	0x6
 838 01aa 7D       		.byte	0x7d
 839 01ab 54020000 		.4byte	0x254
 840 01af 02       		.byte	0x2
 841 01b0 23       		.byte	0x23
 842 01b1 24       		.uleb128 0x24
 843 01b2 06       		.uleb128 0x6
 844 01b3 00030000 		.4byte	.LASF33
 845 01b7 06       		.byte	0x6
 846 01b8 83       		.byte	0x83
ARM GAS  /tmp/ccV0zK1P.s 			page 16


 847 01b9 32020000 		.4byte	0x232
 848 01bd 02       		.byte	0x2
 849 01be 23       		.byte	0x23
 850 01bf 28       		.uleb128 0x28
 851 01c0 06       		.uleb128 0x6
 852 01c1 08000000 		.4byte	.LASF34
 853 01c5 06       		.byte	0x6
 854 01c6 87       		.byte	0x87
 855 01c7 D2000000 		.4byte	0xd2
 856 01cb 02       		.byte	0x2
 857 01cc 23       		.byte	0x23
 858 01cd 30       		.uleb128 0x30
 859 01ce 06       		.uleb128 0x6
 860 01cf BD020000 		.4byte	.LASF35
 861 01d3 06       		.byte	0x6
 862 01d4 8D       		.byte	0x8d
 863 01d5 DD000000 		.4byte	0xdd
 864 01d9 02       		.byte	0x2
 865 01da 23       		.byte	0x23
 866 01db 34       		.uleb128 0x34
 867 01dc 06       		.uleb128 0x6
 868 01dd 6B020000 		.4byte	.LASF36
 869 01e1 06       		.byte	0x6
 870 01e2 94       		.byte	0x94
 871 01e3 D3040000 		.4byte	0x4d3
 872 01e7 02       		.byte	0x2
 873 01e8 23       		.byte	0x23
 874 01e9 38       		.uleb128 0x38
 875 01ea 06       		.uleb128 0x6
 876 01eb E7020000 		.4byte	.LASF37
 877 01ef 06       		.byte	0x6
 878 01f0 98       		.byte	0x98
 879 01f1 C7000000 		.4byte	0xc7
 880 01f5 02       		.byte	0x2
 881 01f6 23       		.byte	0x23
 882 01f7 3C       		.uleb128 0x3c
 883 01f8 06       		.uleb128 0x6
 884 01f9 96000000 		.4byte	.LASF38
 885 01fd 06       		.byte	0x6
 886 01fe 9E       		.byte	0x9e
 887 01ff 77020000 		.4byte	0x277
 888 0203 02       		.byte	0x2
 889 0204 23       		.byte	0x23
 890 0205 40       		.uleb128 0x40
 891 0206 00       		.byte	0x0
 892 0207 08       		.uleb128 0x8
 893 0208 08       		.byte	0x8
 894 0209 05       		.byte	0x5
 895 020a 60       		.byte	0x60
 896 020b 2C020000 		.4byte	0x22c
 897 020f 06       		.uleb128 0x6
 898 0210 9A020000 		.4byte	.LASF22
 899 0214 05       		.byte	0x5
 900 0215 61       		.byte	0x61
 901 0216 2C020000 		.4byte	0x22c
 902 021a 02       		.byte	0x2
 903 021b 23       		.byte	0x23
ARM GAS  /tmp/ccV0zK1P.s 			page 17


 904 021c 00       		.uleb128 0x0
 905 021d 06       		.uleb128 0x6
 906 021e 3B020000 		.4byte	.LASF23
 907 0222 05       		.byte	0x5
 908 0223 63       		.byte	0x63
 909 0224 2C020000 		.4byte	0x22c
 910 0228 02       		.byte	0x2
 911 0229 23       		.byte	0x23
 912 022a 04       		.uleb128 0x4
 913 022b 00       		.byte	0x0
 914 022c 09       		.uleb128 0x9
 915 022d 04       		.byte	0x4
 916 022e F3000000 		.4byte	0xf3
 917 0232 03       		.uleb128 0x3
 918 0233 FA010000 		.4byte	.LASF39
 919 0237 05       		.byte	0x5
 920 0238 65       		.byte	0x65
 921 0239 07020000 		.4byte	0x207
 922 023d 08       		.uleb128 0x8
 923 023e 04       		.byte	0x4
 924 023f 05       		.byte	0x5
 925 0240 6A       		.byte	0x6a
 926 0241 54020000 		.4byte	0x254
 927 0245 06       		.uleb128 0x6
 928 0246 9A020000 		.4byte	.LASF22
 929 024a 05       		.byte	0x5
 930 024b 6C       		.byte	0x6c
 931 024c 2C020000 		.4byte	0x22c
 932 0250 02       		.byte	0x2
 933 0251 23       		.byte	0x23
 934 0252 00       		.uleb128 0x0
 935 0253 00       		.byte	0x0
 936 0254 03       		.uleb128 0x3
 937 0255 65010000 		.4byte	.LASF40
 938 0259 05       		.byte	0x5
 939 025a 6F       		.byte	0x6f
 940 025b 3D020000 		.4byte	0x23d
 941 025f 0A       		.uleb128 0xa
 942 0260 8F010000 		.4byte	.LASF41
 943 0264 07       		.byte	0x7
 944 0265 0401     		.2byte	0x104
 945 0267 94000000 		.4byte	0x94
 946 026b 0A       		.uleb128 0xa
 947 026c 09010000 		.4byte	.LASF42
 948 0270 07       		.byte	0x7
 949 0271 0F01     		.2byte	0x10f
 950 0273 77020000 		.4byte	0x277
 951 0277 0B       		.uleb128 0xb
 952 0278 04       		.byte	0x4
 953 0279 0C       		.uleb128 0xc
 954 027a 37010000 		.4byte	.LASF43
 955 027e 04       		.byte	0x4
 956 027f 07       		.byte	0x7
 957 0280 2B01     		.2byte	0x12b
 958 0282 96020000 		.4byte	0x296
 959 0286 0D       		.uleb128 0xd
 960 0287 72313300 		.ascii	"r13\000"
ARM GAS  /tmp/ccV0zK1P.s 			page 18


 961 028b 07       		.byte	0x7
 962 028c 2C01     		.2byte	0x12c
 963 028e 1A030000 		.4byte	0x31a
 964 0292 02       		.byte	0x2
 965 0293 23       		.byte	0x23
 966 0294 00       		.uleb128 0x0
 967 0295 00       		.byte	0x0
 968 0296 05       		.uleb128 0x5
 969 0297 F9020000 		.4byte	.LASF44
 970 029b 24       		.byte	0x24
 971 029c 08       		.byte	0x8
 972 029d 36       		.byte	0x36
 973 029e 1A030000 		.4byte	0x31a
 974 02a2 07       		.uleb128 0x7
 975 02a3 723400   		.ascii	"r4\000"
 976 02a6 08       		.byte	0x8
 977 02a7 37       		.byte	0x37
 978 02a8 6B020000 		.4byte	0x26b
 979 02ac 02       		.byte	0x2
 980 02ad 23       		.byte	0x23
 981 02ae 00       		.uleb128 0x0
 982 02af 07       		.uleb128 0x7
 983 02b0 723500   		.ascii	"r5\000"
 984 02b3 08       		.byte	0x8
 985 02b4 38       		.byte	0x38
 986 02b5 6B020000 		.4byte	0x26b
 987 02b9 02       		.byte	0x2
 988 02ba 23       		.byte	0x23
 989 02bb 04       		.uleb128 0x4
 990 02bc 07       		.uleb128 0x7
 991 02bd 723600   		.ascii	"r6\000"
 992 02c0 08       		.byte	0x8
 993 02c1 39       		.byte	0x39
 994 02c2 6B020000 		.4byte	0x26b
 995 02c6 02       		.byte	0x2
 996 02c7 23       		.byte	0x23
 997 02c8 08       		.uleb128 0x8
 998 02c9 07       		.uleb128 0x7
 999 02ca 723700   		.ascii	"r7\000"
 1000 02cd 08       		.byte	0x8
 1001 02ce 3B       		.byte	0x3b
 1002 02cf 6B020000 		.4byte	0x26b
 1003 02d3 02       		.byte	0x2
 1004 02d4 23       		.byte	0x23
 1005 02d5 0C       		.uleb128 0xc
 1006 02d6 07       		.uleb128 0x7
 1007 02d7 723800   		.ascii	"r8\000"
 1008 02da 08       		.byte	0x8
 1009 02db 3D       		.byte	0x3d
 1010 02dc 6B020000 		.4byte	0x26b
 1011 02e0 02       		.byte	0x2
 1012 02e1 23       		.byte	0x23
 1013 02e2 10       		.uleb128 0x10
 1014 02e3 07       		.uleb128 0x7
 1015 02e4 723900   		.ascii	"r9\000"
 1016 02e7 08       		.byte	0x8
 1017 02e8 3E       		.byte	0x3e
ARM GAS  /tmp/ccV0zK1P.s 			page 19


 1018 02e9 6B020000 		.4byte	0x26b
 1019 02ed 02       		.byte	0x2
 1020 02ee 23       		.byte	0x23
 1021 02ef 14       		.uleb128 0x14
 1022 02f0 07       		.uleb128 0x7
 1023 02f1 72313000 		.ascii	"r10\000"
 1024 02f5 08       		.byte	0x8
 1025 02f6 3F       		.byte	0x3f
 1026 02f7 6B020000 		.4byte	0x26b
 1027 02fb 02       		.byte	0x2
 1028 02fc 23       		.byte	0x23
 1029 02fd 18       		.uleb128 0x18
 1030 02fe 07       		.uleb128 0x7
 1031 02ff 72313100 		.ascii	"r11\000"
 1032 0303 08       		.byte	0x8
 1033 0304 40       		.byte	0x40
 1034 0305 6B020000 		.4byte	0x26b
 1035 0309 02       		.byte	0x2
 1036 030a 23       		.byte	0x23
 1037 030b 1C       		.uleb128 0x1c
 1038 030c 07       		.uleb128 0x7
 1039 030d 6C7200   		.ascii	"lr\000"
 1040 0310 08       		.byte	0x8
 1041 0311 41       		.byte	0x41
 1042 0312 6B020000 		.4byte	0x26b
 1043 0316 02       		.byte	0x2
 1044 0317 23       		.byte	0x23
 1045 0318 20       		.uleb128 0x20
 1046 0319 00       		.byte	0x0
 1047 031a 09       		.uleb128 0x9
 1048 031b 04       		.byte	0x4
 1049 031c 96020000 		.4byte	0x296
 1050 0320 0E       		.uleb128 0xe
 1051 0321 E8000000 		.4byte	0xe8
 1052 0325 05       		.uleb128 0x5
 1053 0326 7D010000 		.4byte	.LASF45
 1054 032a 10       		.byte	0x10
 1055 032b 09       		.byte	0x9
 1056 032c 2B       		.byte	0x2b
 1057 032d 5C030000 		.4byte	0x35c
 1058 0331 06       		.uleb128 0x6
 1059 0332 9E000000 		.4byte	.LASF46
 1060 0336 09       		.byte	0x9
 1061 0337 2C       		.byte	0x2c
 1062 0338 32020000 		.4byte	0x232
 1063 033c 02       		.byte	0x2
 1064 033d 23       		.byte	0x23
 1065 033e 00       		.uleb128 0x0
 1066 033f 06       		.uleb128 0x6
 1067 0340 32030000 		.4byte	.LASF47
 1068 0344 09       		.byte	0x9
 1069 0345 2E       		.byte	0x2e
 1070 0346 2C020000 		.4byte	0x22c
 1071 034a 02       		.byte	0x2
 1072 034b 23       		.byte	0x23
 1073 034c 08       		.uleb128 0x8
 1074 034d 06       		.uleb128 0x6
ARM GAS  /tmp/ccV0zK1P.s 			page 20


 1075 034e D6020000 		.4byte	.LASF48
 1076 0352 09       		.byte	0x9
 1077 0353 30       		.byte	0x30
 1078 0354 5C030000 		.4byte	0x35c
 1079 0358 02       		.byte	0x2
 1080 0359 23       		.byte	0x23
 1081 035a 0C       		.uleb128 0xc
 1082 035b 00       		.byte	0x0
 1083 035c 09       		.uleb128 0x9
 1084 035d 04       		.byte	0x4
 1085 035e 25030000 		.4byte	0x325
 1086 0362 03       		.uleb128 0x3
 1087 0363 7D010000 		.4byte	.LASF45
 1088 0367 09       		.byte	0x9
 1089 0368 32       		.byte	0x32
 1090 0369 25030000 		.4byte	0x325
 1091 036d 03       		.uleb128 0x3
 1092 036e 30000000 		.4byte	.LASF49
 1093 0372 0A       		.byte	0xa
 1094 0373 2B       		.byte	0x2b
 1095 0374 78030000 		.4byte	0x378
 1096 0378 09       		.uleb128 0x9
 1097 0379 04       		.byte	0x4
 1098 037a 7E030000 		.4byte	0x37e
 1099 037e 0F       		.uleb128 0xf
 1100 037f 01       		.byte	0x1
 1101 0380 77020000 		.4byte	0x277
 1102 0384 8E030000 		.4byte	0x38e
 1103 0388 10       		.uleb128 0x10
 1104 0389 30000000 		.4byte	0x30
 1105 038d 00       		.byte	0x0
 1106 038e 03       		.uleb128 0x3
 1107 038f 1B020000 		.4byte	.LASF50
 1108 0393 0B       		.byte	0xb
 1109 0394 33       		.byte	0x33
 1110 0395 99030000 		.4byte	0x399
 1111 0399 05       		.uleb128 0x5
 1112 039a 4A030000 		.4byte	.LASF51
 1113 039e 20       		.byte	0x20
 1114 039f 0B       		.byte	0xb
 1115 03a0 46       		.byte	0x46
 1116 03a1 D0030000 		.4byte	0x3d0
 1117 03a5 06       		.uleb128 0x6
 1118 03a6 60020000 		.4byte	.LASF52
 1119 03aa 0B       		.byte	0xb
 1120 03ab 47       		.byte	0x47
 1121 03ac 6D030000 		.4byte	0x36d
 1122 03b0 02       		.byte	0x2
 1123 03b1 23       		.byte	0x23
 1124 03b2 00       		.uleb128 0x0
 1125 03b3 06       		.uleb128 0x6
 1126 03b4 5D000000 		.4byte	.LASF53
 1127 03b8 0B       		.byte	0xb
 1128 03b9 49       		.byte	0x49
 1129 03ba EF030000 		.4byte	0x3ef
 1130 03be 02       		.byte	0x2
 1131 03bf 23       		.byte	0x23
ARM GAS  /tmp/ccV0zK1P.s 			page 21


 1132 03c0 08       		.uleb128 0x8
 1133 03c1 06       		.uleb128 0x6
 1134 03c2 90000000 		.4byte	.LASF54
 1135 03c6 0B       		.byte	0xb
 1136 03c7 4B       		.byte	0x4b
 1137 03c8 62030000 		.4byte	0x362
 1138 03cc 02       		.byte	0x2
 1139 03cd 23       		.byte	0x23
 1140 03ce 10       		.uleb128 0x10
 1141 03cf 00       		.byte	0x0
 1142 03d0 11       		.uleb128 0x11
 1143 03d1 04       		.byte	0x4
 1144 03d2 0B       		.byte	0xb
 1145 03d3 3B       		.byte	0x3b
 1146 03d4 EF030000 		.4byte	0x3ef
 1147 03d8 12       		.uleb128 0x12
 1148 03d9 6A000000 		.4byte	.LASF55
 1149 03dd 0B       		.byte	0xb
 1150 03de 3C       		.byte	0x3c
 1151 03df 10040000 		.4byte	0x410
 1152 03e3 12       		.uleb128 0x12
 1153 03e4 D1020000 		.4byte	.LASF56
 1154 03e8 0B       		.byte	0xb
 1155 03e9 3D       		.byte	0x3d
 1156 03ea 16040000 		.4byte	0x416
 1157 03ee 00       		.byte	0x0
 1158 03ef 13       		.uleb128 0x13
 1159 03f0 87020000 		.4byte	.LASF79
 1160 03f4 08       		.byte	0x8
 1161 03f5 0B       		.byte	0xb
 1162 03f6 38       		.byte	0x38
 1163 03f7 10040000 		.4byte	0x410
 1164 03fb 12       		.uleb128 0x12
 1165 03fc 12010000 		.4byte	.LASF57
 1166 0400 0B       		.byte	0xb
 1167 0401 39       		.byte	0x39
 1168 0402 5F020000 		.4byte	0x25f
 1169 0406 14       		.uleb128 0x14
 1170 0407 6800     		.ascii	"h\000"
 1171 0409 0B       		.byte	0xb
 1172 040a 40       		.byte	0x40
 1173 040b 1C040000 		.4byte	0x41c
 1174 040f 00       		.byte	0x0
 1175 0410 09       		.uleb128 0x9
 1176 0411 04       		.byte	0x4
 1177 0412 EF030000 		.4byte	0x3ef
 1178 0416 09       		.uleb128 0x9
 1179 0417 04       		.byte	0x4
 1180 0418 8E030000 		.4byte	0x38e
 1181 041c 08       		.uleb128 0x8
 1182 041d 08       		.byte	0x8
 1183 041e 0B       		.byte	0xb
 1184 041f 3A       		.byte	0x3a
 1185 0420 3F040000 		.4byte	0x43f
 1186 0424 07       		.uleb128 0x7
 1187 0425 7500     		.ascii	"u\000"
 1188 0427 0B       		.byte	0xb
ARM GAS  /tmp/ccV0zK1P.s 			page 22


 1189 0428 3E       		.byte	0x3e
 1190 0429 D0030000 		.4byte	0x3d0
 1191 042d 02       		.byte	0x2
 1192 042e 23       		.byte	0x23
 1193 042f 00       		.uleb128 0x0
 1194 0430 06       		.uleb128 0x6
 1195 0431 3F010000 		.4byte	.LASF58
 1196 0435 0B       		.byte	0xb
 1197 0436 3F       		.byte	0x3f
 1198 0437 30000000 		.4byte	0x30
 1199 043b 02       		.byte	0x2
 1200 043c 23       		.byte	0x23
 1201 043d 04       		.uleb128 0x4
 1202 043e 00       		.byte	0x0
 1203 043f 05       		.uleb128 0x5
 1204 0440 0B030000 		.4byte	.LASF59
 1205 0444 04       		.byte	0x4
 1206 0445 0C       		.byte	0xc
 1207 0446 2B       		.byte	0x2b
 1208 0447 5A040000 		.4byte	0x45a
 1209 044b 06       		.uleb128 0x6
 1210 044c 26020000 		.4byte	.LASF60
 1211 0450 0C       		.byte	0xc
 1212 0451 2C       		.byte	0x2c
 1213 0452 5A040000 		.4byte	0x45a
 1214 0456 02       		.byte	0x2
 1215 0457 23       		.byte	0x23
 1216 0458 00       		.uleb128 0x0
 1217 0459 00       		.byte	0x0
 1218 045a 09       		.uleb128 0x9
 1219 045b 04       		.byte	0x4
 1220 045c 3F040000 		.4byte	0x43f
 1221 0460 08       		.uleb128 0x8
 1222 0461 0C       		.byte	0xc
 1223 0462 0C       		.byte	0xc
 1224 0463 33       		.byte	0x33
 1225 0464 93040000 		.4byte	0x493
 1226 0468 06       		.uleb128 0x6
 1227 0469 D3000000 		.4byte	.LASF61
 1228 046d 0C       		.byte	0xc
 1229 046e 34       		.byte	0x34
 1230 046f 5A040000 		.4byte	0x45a
 1231 0473 02       		.byte	0x2
 1232 0474 23       		.byte	0x23
 1233 0475 00       		.uleb128 0x0
 1234 0476 06       		.uleb128 0x6
 1235 0477 07020000 		.4byte	.LASF62
 1236 047b 0C       		.byte	0xc
 1237 047c 35       		.byte	0x35
 1238 047d 30000000 		.4byte	0x30
 1239 0481 02       		.byte	0x2
 1240 0482 23       		.byte	0x23
 1241 0483 04       		.uleb128 0x4
 1242 0484 06       		.uleb128 0x6
 1243 0485 FD000000 		.4byte	.LASF63
 1244 0489 0C       		.byte	0xc
 1245 048a 37       		.byte	0x37
ARM GAS  /tmp/ccV0zK1P.s 			page 23


 1246 048b 6D030000 		.4byte	0x36d
 1247 048f 02       		.byte	0x2
 1248 0490 23       		.byte	0x23
 1249 0491 08       		.uleb128 0x8
 1250 0492 00       		.byte	0x0
 1251 0493 03       		.uleb128 0x3
 1252 0494 25000000 		.4byte	.LASF64
 1253 0498 0C       		.byte	0xc
 1254 0499 39       		.byte	0x39
 1255 049a 60040000 		.4byte	0x460
 1256 049e 11       		.uleb128 0x11
 1257 049f 04       		.byte	0x4
 1258 04a0 06       		.byte	0x6
 1259 04a1 5A       		.byte	0x5a
 1260 04a2 D3040000 		.4byte	0x4d3
 1261 04a6 12       		.uleb128 0x12
 1262 04a7 15000000 		.4byte	.LASF65
 1263 04ab 06       		.byte	0x6
 1264 04ac 61       		.byte	0x61
 1265 04ad D2000000 		.4byte	0xd2
 1266 04b1 12       		.uleb128 0x12
 1267 04b2 54000000 		.4byte	.LASF66
 1268 04b6 06       		.byte	0x6
 1269 04b7 68       		.byte	0x68
 1270 04b8 D2000000 		.4byte	0xd2
 1271 04bc 12       		.uleb128 0x12
 1272 04bd A6000000 		.4byte	.LASF67
 1273 04c1 06       		.byte	0x6
 1274 04c2 6F       		.byte	0x6f
 1275 04c3 77020000 		.4byte	0x277
 1276 04c7 12       		.uleb128 0x12
 1277 04c8 93020000 		.4byte	.LASF68
 1278 04cc 06       		.byte	0x6
 1279 04cd 76       		.byte	0x76
 1280 04ce DD000000 		.4byte	0xdd
 1281 04d2 00       		.byte	0x0
 1282 04d3 09       		.uleb128 0x9
 1283 04d4 04       		.byte	0x4
 1284 04d5 62030000 		.4byte	0x362
 1285 04d9 03       		.uleb128 0x3
 1286 04da 00000000 		.4byte	.LASF69
 1287 04de 06       		.byte	0x6
 1288 04df CB       		.byte	0xcb
 1289 04e0 E4040000 		.4byte	0x4e4
 1290 04e4 09       		.uleb128 0x9
 1291 04e5 04       		.byte	0x4
 1292 04e6 EA040000 		.4byte	0x4ea
 1293 04ea 0F       		.uleb128 0xf
 1294 04eb 01       		.byte	0x1
 1295 04ec D2000000 		.4byte	0xd2
 1296 04f0 FA040000 		.4byte	0x4fa
 1297 04f4 10       		.uleb128 0x10
 1298 04f5 77020000 		.4byte	0x277
 1299 04f9 00       		.byte	0x0
 1300 04fa 15       		.uleb128 0x15
 1301 04fb 01       		.byte	0x1
 1302 04fc 83010000 		.4byte	.LASF71
ARM GAS  /tmp/ccV0zK1P.s 			page 24


 1303 0500 01       		.byte	0x1
 1304 0501 33       		.byte	0x33
 1305 0502 01       		.byte	0x1
 1306 0503 2C020000 		.4byte	0x22c
 1307 0507 00000000 		.4byte	.LFB7
 1308 050b 14000000 		.4byte	.LFE7
 1309 050f 02       		.byte	0x2
 1310 0510 7D       		.byte	0x7d
 1311 0511 00       		.sleb128 0
 1312 0512 55050000 		.4byte	0x555
 1313 0516 16       		.uleb128 0x16
 1314 0517 747000   		.ascii	"tp\000"
 1315 051a 01       		.byte	0x1
 1316 051b 33       		.byte	0x33
 1317 051c 2C020000 		.4byte	0x22c
 1318 0520 01       		.byte	0x1
 1319 0521 50       		.byte	0x50
 1320 0522 17       		.uleb128 0x17
 1321 0523 00000000 		.4byte	.LBB2
 1322 0527 06000000 		.4byte	.LBE2
 1323 052b 3F050000 		.4byte	0x53f
 1324 052f 18       		.uleb128 0x18
 1325 0530 746D7000 		.ascii	"tmp\000"
 1326 0534 01       		.byte	0x1
 1327 0535 35       		.byte	0x35
 1328 0536 7B000000 		.4byte	0x7b
 1329 053a 00000000 		.4byte	.LLST0
 1330 053e 00       		.byte	0x0
 1331 053f 19       		.uleb128 0x19
 1332 0540 00000000 		.4byte	.Ldebug_ranges0+0x0
 1333 0544 18       		.uleb128 0x18
 1334 0545 746D7000 		.ascii	"tmp\000"
 1335 0549 01       		.byte	0x1
 1336 054a 38       		.byte	0x38
 1337 054b 7B000000 		.4byte	0x7b
 1338 054f 13000000 		.4byte	.LLST1
 1339 0553 00       		.byte	0x0
 1340 0554 00       		.byte	0x0
 1341 0555 1A       		.uleb128 0x1a
 1342 0556 01       		.byte	0x1
 1343 0557 A9020000 		.4byte	.LASF80
 1344 055b 01       		.byte	0x1
 1345 055c 49       		.byte	0x49
 1346 055d 01       		.byte	0x1
 1347 055e 00000000 		.4byte	.LFB8
 1348 0562 4E000000 		.4byte	.LFE8
 1349 0566 02       		.byte	0x2
 1350 0567 7D       		.byte	0x7d
 1351 0568 00       		.sleb128 0
 1352 0569 BD050000 		.4byte	0x5bd
 1353 056d 1B       		.uleb128 0x1b
 1354 056e 747000   		.ascii	"tp\000"
 1355 0571 01       		.byte	0x1
 1356 0572 49       		.byte	0x49
 1357 0573 2C020000 		.4byte	0x22c
 1358 0577 26000000 		.4byte	.LLST2
 1359 057b 1C       		.uleb128 0x1c
ARM GAS  /tmp/ccV0zK1P.s 			page 25


 1360 057c 36020000 		.4byte	.LASF70
 1361 0580 01       		.byte	0x1
 1362 0581 4A       		.byte	0x4a
 1363 0582 BC000000 		.4byte	0xbc
 1364 0586 4F000000 		.4byte	.LLST3
 1365 058a 17       		.uleb128 0x17
 1366 058b 02000000 		.4byte	.LBB5
 1367 058f 08000000 		.4byte	.LBE5
 1368 0593 A7050000 		.4byte	0x5a7
 1369 0597 18       		.uleb128 0x18
 1370 0598 746D7000 		.ascii	"tmp\000"
 1371 059c 01       		.byte	0x1
 1372 059d 4C       		.byte	0x4c
 1373 059e 7B000000 		.4byte	0x7b
 1374 05a2 6D000000 		.4byte	.LLST4
 1375 05a6 00       		.byte	0x0
 1376 05a7 19       		.uleb128 0x19
 1377 05a8 18000000 		.4byte	.Ldebug_ranges0+0x18
 1378 05ac 18       		.uleb128 0x18
 1379 05ad 746D7000 		.ascii	"tmp\000"
 1380 05b1 01       		.byte	0x1
 1381 05b2 4F       		.byte	0x4f
 1382 05b3 7B000000 		.4byte	0x7b
 1383 05b7 80000000 		.4byte	.LLST5
 1384 05bb 00       		.byte	0x0
 1385 05bc 00       		.byte	0x0
 1386 05bd 1D       		.uleb128 0x1d
 1387 05be 01       		.byte	0x1
 1388 05bf B6000000 		.4byte	.LASF72
 1389 05c3 01       		.byte	0x1
 1390 05c4 81       		.byte	0x81
 1391 05c5 01       		.byte	0x1
 1392 05c6 2C020000 		.4byte	0x22c
 1393 05ca 00000000 		.4byte	.LFB9
 1394 05ce 40000000 		.4byte	.LFE9
 1395 05d2 9E000000 		.4byte	.LLST6
 1396 05d6 77060000 		.4byte	0x677
 1397 05da 1E       		.uleb128 0x1e
 1398 05db 64000000 		.4byte	.LASF73
 1399 05df 01       		.byte	0x1
 1400 05e0 81       		.byte	0x81
 1401 05e1 16040000 		.4byte	0x416
 1402 05e5 CA000000 		.4byte	.LLST7
 1403 05e9 1E       		.uleb128 0x1e
 1404 05ea 3F010000 		.4byte	.LASF58
 1405 05ee 01       		.byte	0x1
 1406 05ef 81       		.byte	0x81
 1407 05f0 30000000 		.4byte	0x30
 1408 05f4 DD000000 		.4byte	.LLST8
 1409 05f8 1E       		.uleb128 0x1e
 1410 05f9 16020000 		.4byte	.LASF74
 1411 05fd 01       		.byte	0x1
 1412 05fe 82       		.byte	0x82
 1413 05ff C7000000 		.4byte	0xc7
 1414 0603 11010000 		.4byte	.LLST9
 1415 0607 1B       		.uleb128 0x1b
 1416 0608 706600   		.ascii	"pf\000"
ARM GAS  /tmp/ccV0zK1P.s 			page 26


 1417 060b 01       		.byte	0x1
 1418 060c 82       		.byte	0x82
 1419 060d D9040000 		.4byte	0x4d9
 1420 0611 2F010000 		.4byte	.LLST10
 1421 0615 16       		.uleb128 0x16
 1422 0616 61726700 		.ascii	"arg\000"
 1423 061a 01       		.byte	0x1
 1424 061b 82       		.byte	0x82
 1425 061c 77020000 		.4byte	0x277
 1426 0620 02       		.byte	0x2
 1427 0621 91       		.byte	0x91
 1428 0622 00       		.sleb128 0
 1429 0623 18       		.uleb128 0x18
 1430 0624 77737000 		.ascii	"wsp\000"
 1431 0628 01       		.byte	0x1
 1432 0629 83       		.byte	0x83
 1433 062a 77020000 		.4byte	0x277
 1434 062e 4D010000 		.4byte	.LLST11
 1435 0632 18       		.uleb128 0x18
 1436 0633 747000   		.ascii	"tp\000"
 1437 0636 01       		.byte	0x1
 1438 0637 84       		.byte	0x84
 1439 0638 2C020000 		.4byte	0x22c
 1440 063c 6B010000 		.4byte	.LLST12
 1441 0640 17       		.uleb128 0x17
 1442 0641 10000000 		.4byte	.LBB8
 1443 0645 16000000 		.4byte	.LBE8
 1444 0649 5D060000 		.4byte	0x65d
 1445 064d 18       		.uleb128 0x18
 1446 064e 746D7000 		.ascii	"tmp\000"
 1447 0652 01       		.byte	0x1
 1448 0653 93       		.byte	0x93
 1449 0654 7B000000 		.4byte	0x7b
 1450 0658 89010000 		.4byte	.LLST13
 1451 065c 00       		.byte	0x0
 1452 065d 1F       		.uleb128 0x1f
 1453 065e 30000000 		.4byte	.LBB9
 1454 0662 36000000 		.4byte	.LBE9
 1455 0666 18       		.uleb128 0x18
 1456 0667 746D7000 		.ascii	"tmp\000"
 1457 066b 01       		.byte	0x1
 1458 066c 97       		.byte	0x97
 1459 066d 7B000000 		.4byte	0x7b
 1460 0671 9C010000 		.4byte	.LLST14
 1461 0675 00       		.byte	0x0
 1462 0676 00       		.byte	0x0
 1463 0677 1D       		.uleb128 0x1d
 1464 0678 01       		.byte	0x1
 1465 0679 E3000000 		.4byte	.LASF75
 1466 067d 01       		.byte	0x1
 1467 067e B2       		.byte	0xb2
 1468 067f 01       		.byte	0x1
 1469 0680 2C020000 		.4byte	0x22c
 1470 0684 00000000 		.4byte	.LFB10
 1471 0688 42000000 		.4byte	.LFE10
 1472 068c AF010000 		.4byte	.LLST15
 1473 0690 22070000 		.4byte	0x722
ARM GAS  /tmp/ccV0zK1P.s 			page 27


 1474 0694 1B       		.uleb128 0x1b
 1475 0695 6D7000   		.ascii	"mp\000"
 1476 0698 01       		.byte	0x1
 1477 0699 B2       		.byte	0xb2
 1478 069a 22070000 		.4byte	0x722
 1479 069e DB010000 		.4byte	.LLST16
 1480 06a2 1E       		.uleb128 0x1e
 1481 06a3 16020000 		.4byte	.LASF74
 1482 06a7 01       		.byte	0x1
 1483 06a8 B2       		.byte	0xb2
 1484 06a9 C7000000 		.4byte	0xc7
 1485 06ad F9010000 		.4byte	.LLST17
 1486 06b1 1B       		.uleb128 0x1b
 1487 06b2 706600   		.ascii	"pf\000"
 1488 06b5 01       		.byte	0x1
 1489 06b6 B3       		.byte	0xb3
 1490 06b7 D9040000 		.4byte	0x4d9
 1491 06bb 17020000 		.4byte	.LLST18
 1492 06bf 1B       		.uleb128 0x1b
 1493 06c0 61726700 		.ascii	"arg\000"
 1494 06c4 01       		.byte	0x1
 1495 06c5 B3       		.byte	0xb3
 1496 06c6 77020000 		.4byte	0x277
 1497 06ca 35020000 		.4byte	.LLST19
 1498 06ce 18       		.uleb128 0x18
 1499 06cf 77737000 		.ascii	"wsp\000"
 1500 06d3 01       		.byte	0x1
 1501 06d4 B4       		.byte	0xb4
 1502 06d5 77020000 		.4byte	0x277
 1503 06d9 5E020000 		.4byte	.LLST20
 1504 06dd 18       		.uleb128 0x18
 1505 06de 747000   		.ascii	"tp\000"
 1506 06e1 01       		.byte	0x1
 1507 06e2 B5       		.byte	0xb5
 1508 06e3 2C020000 		.4byte	0x22c
 1509 06e7 7C020000 		.4byte	.LLST21
 1510 06eb 17       		.uleb128 0x17
 1511 06ec 12000000 		.4byte	.LBB10
 1512 06f0 18000000 		.4byte	.LBE10
 1513 06f4 08070000 		.4byte	0x708
 1514 06f8 18       		.uleb128 0x18
 1515 06f9 746D7000 		.ascii	"tmp\000"
 1516 06fd 01       		.byte	0x1
 1517 06fe C6       		.byte	0xc6
 1518 06ff 7B000000 		.4byte	0x7b
 1519 0703 9A020000 		.4byte	.LLST22
 1520 0707 00       		.byte	0x0
 1521 0708 1F       		.uleb128 0x1f
 1522 0709 32000000 		.4byte	.LBB11
 1523 070d 38000000 		.4byte	.LBE11
 1524 0711 18       		.uleb128 0x18
 1525 0712 746D7000 		.ascii	"tmp\000"
 1526 0716 01       		.byte	0x1
 1527 0717 CB       		.byte	0xcb
 1528 0718 7B000000 		.4byte	0x7b
 1529 071c AD020000 		.4byte	.LLST23
 1530 0720 00       		.byte	0x0
ARM GAS  /tmp/ccV0zK1P.s 			page 28


 1531 0721 00       		.byte	0x0
 1532 0722 09       		.uleb128 0x9
 1533 0723 04       		.byte	0x4
 1534 0724 93040000 		.4byte	0x493
 1535 0728 00       		.byte	0x0
 1536              		.section	.debug_abbrev
 1537 0000 01       		.uleb128 0x1
 1538 0001 11       		.uleb128 0x11
 1539 0002 01       		.byte	0x1
 1540 0003 25       		.uleb128 0x25
 1541 0004 0E       		.uleb128 0xe
 1542 0005 13       		.uleb128 0x13
 1543 0006 0B       		.uleb128 0xb
 1544 0007 03       		.uleb128 0x3
 1545 0008 0E       		.uleb128 0xe
 1546 0009 1B       		.uleb128 0x1b
 1547 000a 0E       		.uleb128 0xe
 1548 000b 11       		.uleb128 0x11
 1549 000c 01       		.uleb128 0x1
 1550 000d 52       		.uleb128 0x52
 1551 000e 01       		.uleb128 0x1
 1552 000f 55       		.uleb128 0x55
 1553 0010 06       		.uleb128 0x6
 1554 0011 10       		.uleb128 0x10
 1555 0012 06       		.uleb128 0x6
 1556 0013 00       		.byte	0x0
 1557 0014 00       		.byte	0x0
 1558 0015 02       		.uleb128 0x2
 1559 0016 24       		.uleb128 0x24
 1560 0017 00       		.byte	0x0
 1561 0018 0B       		.uleb128 0xb
 1562 0019 0B       		.uleb128 0xb
 1563 001a 3E       		.uleb128 0x3e
 1564 001b 0B       		.uleb128 0xb
 1565 001c 03       		.uleb128 0x3
 1566 001d 08       		.uleb128 0x8
 1567 001e 00       		.byte	0x0
 1568 001f 00       		.byte	0x0
 1569 0020 03       		.uleb128 0x3
 1570 0021 16       		.uleb128 0x16
 1571 0022 00       		.byte	0x0
 1572 0023 03       		.uleb128 0x3
 1573 0024 0E       		.uleb128 0xe
 1574 0025 3A       		.uleb128 0x3a
 1575 0026 0B       		.uleb128 0xb
 1576 0027 3B       		.uleb128 0x3b
 1577 0028 0B       		.uleb128 0xb
 1578 0029 49       		.uleb128 0x49
 1579 002a 13       		.uleb128 0x13
 1580 002b 00       		.byte	0x0
 1581 002c 00       		.byte	0x0
 1582 002d 04       		.uleb128 0x4
 1583 002e 24       		.uleb128 0x24
 1584 002f 00       		.byte	0x0
 1585 0030 0B       		.uleb128 0xb
 1586 0031 0B       		.uleb128 0xb
 1587 0032 3E       		.uleb128 0x3e
ARM GAS  /tmp/ccV0zK1P.s 			page 29


 1588 0033 0B       		.uleb128 0xb
 1589 0034 03       		.uleb128 0x3
 1590 0035 0E       		.uleb128 0xe
 1591 0036 00       		.byte	0x0
 1592 0037 00       		.byte	0x0
 1593 0038 05       		.uleb128 0x5
 1594 0039 13       		.uleb128 0x13
 1595 003a 01       		.byte	0x1
 1596 003b 03       		.uleb128 0x3
 1597 003c 0E       		.uleb128 0xe
 1598 003d 0B       		.uleb128 0xb
 1599 003e 0B       		.uleb128 0xb
 1600 003f 3A       		.uleb128 0x3a
 1601 0040 0B       		.uleb128 0xb
 1602 0041 3B       		.uleb128 0x3b
 1603 0042 0B       		.uleb128 0xb
 1604 0043 01       		.uleb128 0x1
 1605 0044 13       		.uleb128 0x13
 1606 0045 00       		.byte	0x0
 1607 0046 00       		.byte	0x0
 1608 0047 06       		.uleb128 0x6
 1609 0048 0D       		.uleb128 0xd
 1610 0049 00       		.byte	0x0
 1611 004a 03       		.uleb128 0x3
 1612 004b 0E       		.uleb128 0xe
 1613 004c 3A       		.uleb128 0x3a
 1614 004d 0B       		.uleb128 0xb
 1615 004e 3B       		.uleb128 0x3b
 1616 004f 0B       		.uleb128 0xb
 1617 0050 49       		.uleb128 0x49
 1618 0051 13       		.uleb128 0x13
 1619 0052 38       		.uleb128 0x38
 1620 0053 0A       		.uleb128 0xa
 1621 0054 00       		.byte	0x0
 1622 0055 00       		.byte	0x0
 1623 0056 07       		.uleb128 0x7
 1624 0057 0D       		.uleb128 0xd
 1625 0058 00       		.byte	0x0
 1626 0059 03       		.uleb128 0x3
 1627 005a 08       		.uleb128 0x8
 1628 005b 3A       		.uleb128 0x3a
 1629 005c 0B       		.uleb128 0xb
 1630 005d 3B       		.uleb128 0x3b
 1631 005e 0B       		.uleb128 0xb
 1632 005f 49       		.uleb128 0x49
 1633 0060 13       		.uleb128 0x13
 1634 0061 38       		.uleb128 0x38
 1635 0062 0A       		.uleb128 0xa
 1636 0063 00       		.byte	0x0
 1637 0064 00       		.byte	0x0
 1638 0065 08       		.uleb128 0x8
 1639 0066 13       		.uleb128 0x13
 1640 0067 01       		.byte	0x1
 1641 0068 0B       		.uleb128 0xb
 1642 0069 0B       		.uleb128 0xb
 1643 006a 3A       		.uleb128 0x3a
 1644 006b 0B       		.uleb128 0xb
ARM GAS  /tmp/ccV0zK1P.s 			page 30


 1645 006c 3B       		.uleb128 0x3b
 1646 006d 0B       		.uleb128 0xb
 1647 006e 01       		.uleb128 0x1
 1648 006f 13       		.uleb128 0x13
 1649 0070 00       		.byte	0x0
 1650 0071 00       		.byte	0x0
 1651 0072 09       		.uleb128 0x9
 1652 0073 0F       		.uleb128 0xf
 1653 0074 00       		.byte	0x0
 1654 0075 0B       		.uleb128 0xb
 1655 0076 0B       		.uleb128 0xb
 1656 0077 49       		.uleb128 0x49
 1657 0078 13       		.uleb128 0x13
 1658 0079 00       		.byte	0x0
 1659 007a 00       		.byte	0x0
 1660 007b 0A       		.uleb128 0xa
 1661 007c 16       		.uleb128 0x16
 1662 007d 00       		.byte	0x0
 1663 007e 03       		.uleb128 0x3
 1664 007f 0E       		.uleb128 0xe
 1665 0080 3A       		.uleb128 0x3a
 1666 0081 0B       		.uleb128 0xb
 1667 0082 3B       		.uleb128 0x3b
 1668 0083 05       		.uleb128 0x5
 1669 0084 49       		.uleb128 0x49
 1670 0085 13       		.uleb128 0x13
 1671 0086 00       		.byte	0x0
 1672 0087 00       		.byte	0x0
 1673 0088 0B       		.uleb128 0xb
 1674 0089 0F       		.uleb128 0xf
 1675 008a 00       		.byte	0x0
 1676 008b 0B       		.uleb128 0xb
 1677 008c 0B       		.uleb128 0xb
 1678 008d 00       		.byte	0x0
 1679 008e 00       		.byte	0x0
 1680 008f 0C       		.uleb128 0xc
 1681 0090 13       		.uleb128 0x13
 1682 0091 01       		.byte	0x1
 1683 0092 03       		.uleb128 0x3
 1684 0093 0E       		.uleb128 0xe
 1685 0094 0B       		.uleb128 0xb
 1686 0095 0B       		.uleb128 0xb
 1687 0096 3A       		.uleb128 0x3a
 1688 0097 0B       		.uleb128 0xb
 1689 0098 3B       		.uleb128 0x3b
 1690 0099 05       		.uleb128 0x5
 1691 009a 01       		.uleb128 0x1
 1692 009b 13       		.uleb128 0x13
 1693 009c 00       		.byte	0x0
 1694 009d 00       		.byte	0x0
 1695 009e 0D       		.uleb128 0xd
 1696 009f 0D       		.uleb128 0xd
 1697 00a0 00       		.byte	0x0
 1698 00a1 03       		.uleb128 0x3
 1699 00a2 08       		.uleb128 0x8
 1700 00a3 3A       		.uleb128 0x3a
 1701 00a4 0B       		.uleb128 0xb
ARM GAS  /tmp/ccV0zK1P.s 			page 31


 1702 00a5 3B       		.uleb128 0x3b
 1703 00a6 05       		.uleb128 0x5
 1704 00a7 49       		.uleb128 0x49
 1705 00a8 13       		.uleb128 0x13
 1706 00a9 38       		.uleb128 0x38
 1707 00aa 0A       		.uleb128 0xa
 1708 00ab 00       		.byte	0x0
 1709 00ac 00       		.byte	0x0
 1710 00ad 0E       		.uleb128 0xe
 1711 00ae 35       		.uleb128 0x35
 1712 00af 00       		.byte	0x0
 1713 00b0 49       		.uleb128 0x49
 1714 00b1 13       		.uleb128 0x13
 1715 00b2 00       		.byte	0x0
 1716 00b3 00       		.byte	0x0
 1717 00b4 0F       		.uleb128 0xf
 1718 00b5 15       		.uleb128 0x15
 1719 00b6 01       		.byte	0x1
 1720 00b7 27       		.uleb128 0x27
 1721 00b8 0C       		.uleb128 0xc
 1722 00b9 49       		.uleb128 0x49
 1723 00ba 13       		.uleb128 0x13
 1724 00bb 01       		.uleb128 0x1
 1725 00bc 13       		.uleb128 0x13
 1726 00bd 00       		.byte	0x0
 1727 00be 00       		.byte	0x0
 1728 00bf 10       		.uleb128 0x10
 1729 00c0 05       		.uleb128 0x5
 1730 00c1 00       		.byte	0x0
 1731 00c2 49       		.uleb128 0x49
 1732 00c3 13       		.uleb128 0x13
 1733 00c4 00       		.byte	0x0
 1734 00c5 00       		.byte	0x0
 1735 00c6 11       		.uleb128 0x11
 1736 00c7 17       		.uleb128 0x17
 1737 00c8 01       		.byte	0x1
 1738 00c9 0B       		.uleb128 0xb
 1739 00ca 0B       		.uleb128 0xb
 1740 00cb 3A       		.uleb128 0x3a
 1741 00cc 0B       		.uleb128 0xb
 1742 00cd 3B       		.uleb128 0x3b
 1743 00ce 0B       		.uleb128 0xb
 1744 00cf 01       		.uleb128 0x1
 1745 00d0 13       		.uleb128 0x13
 1746 00d1 00       		.byte	0x0
 1747 00d2 00       		.byte	0x0
 1748 00d3 12       		.uleb128 0x12
 1749 00d4 0D       		.uleb128 0xd
 1750 00d5 00       		.byte	0x0
 1751 00d6 03       		.uleb128 0x3
 1752 00d7 0E       		.uleb128 0xe
 1753 00d8 3A       		.uleb128 0x3a
 1754 00d9 0B       		.uleb128 0xb
 1755 00da 3B       		.uleb128 0x3b
 1756 00db 0B       		.uleb128 0xb
 1757 00dc 49       		.uleb128 0x49
 1758 00dd 13       		.uleb128 0x13
ARM GAS  /tmp/ccV0zK1P.s 			page 32


 1759 00de 00       		.byte	0x0
 1760 00df 00       		.byte	0x0
 1761 00e0 13       		.uleb128 0x13
 1762 00e1 17       		.uleb128 0x17
 1763 00e2 01       		.byte	0x1
 1764 00e3 03       		.uleb128 0x3
 1765 00e4 0E       		.uleb128 0xe
 1766 00e5 0B       		.uleb128 0xb
 1767 00e6 0B       		.uleb128 0xb
 1768 00e7 3A       		.uleb128 0x3a
 1769 00e8 0B       		.uleb128 0xb
 1770 00e9 3B       		.uleb128 0x3b
 1771 00ea 0B       		.uleb128 0xb
 1772 00eb 01       		.uleb128 0x1
 1773 00ec 13       		.uleb128 0x13
 1774 00ed 00       		.byte	0x0
 1775 00ee 00       		.byte	0x0
 1776 00ef 14       		.uleb128 0x14
 1777 00f0 0D       		.uleb128 0xd
 1778 00f1 00       		.byte	0x0
 1779 00f2 03       		.uleb128 0x3
 1780 00f3 08       		.uleb128 0x8
 1781 00f4 3A       		.uleb128 0x3a
 1782 00f5 0B       		.uleb128 0xb
 1783 00f6 3B       		.uleb128 0x3b
 1784 00f7 0B       		.uleb128 0xb
 1785 00f8 49       		.uleb128 0x49
 1786 00f9 13       		.uleb128 0x13
 1787 00fa 00       		.byte	0x0
 1788 00fb 00       		.byte	0x0
 1789 00fc 15       		.uleb128 0x15
 1790 00fd 2E       		.uleb128 0x2e
 1791 00fe 01       		.byte	0x1
 1792 00ff 3F       		.uleb128 0x3f
 1793 0100 0C       		.uleb128 0xc
 1794 0101 03       		.uleb128 0x3
 1795 0102 0E       		.uleb128 0xe
 1796 0103 3A       		.uleb128 0x3a
 1797 0104 0B       		.uleb128 0xb
 1798 0105 3B       		.uleb128 0x3b
 1799 0106 0B       		.uleb128 0xb
 1800 0107 27       		.uleb128 0x27
 1801 0108 0C       		.uleb128 0xc
 1802 0109 49       		.uleb128 0x49
 1803 010a 13       		.uleb128 0x13
 1804 010b 11       		.uleb128 0x11
 1805 010c 01       		.uleb128 0x1
 1806 010d 12       		.uleb128 0x12
 1807 010e 01       		.uleb128 0x1
 1808 010f 40       		.uleb128 0x40
 1809 0110 0A       		.uleb128 0xa
 1810 0111 01       		.uleb128 0x1
 1811 0112 13       		.uleb128 0x13
 1812 0113 00       		.byte	0x0
 1813 0114 00       		.byte	0x0
 1814 0115 16       		.uleb128 0x16
 1815 0116 05       		.uleb128 0x5
ARM GAS  /tmp/ccV0zK1P.s 			page 33


 1816 0117 00       		.byte	0x0
 1817 0118 03       		.uleb128 0x3
 1818 0119 08       		.uleb128 0x8
 1819 011a 3A       		.uleb128 0x3a
 1820 011b 0B       		.uleb128 0xb
 1821 011c 3B       		.uleb128 0x3b
 1822 011d 0B       		.uleb128 0xb
 1823 011e 49       		.uleb128 0x49
 1824 011f 13       		.uleb128 0x13
 1825 0120 02       		.uleb128 0x2
 1826 0121 0A       		.uleb128 0xa
 1827 0122 00       		.byte	0x0
 1828 0123 00       		.byte	0x0
 1829 0124 17       		.uleb128 0x17
 1830 0125 0B       		.uleb128 0xb
 1831 0126 01       		.byte	0x1
 1832 0127 11       		.uleb128 0x11
 1833 0128 01       		.uleb128 0x1
 1834 0129 12       		.uleb128 0x12
 1835 012a 01       		.uleb128 0x1
 1836 012b 01       		.uleb128 0x1
 1837 012c 13       		.uleb128 0x13
 1838 012d 00       		.byte	0x0
 1839 012e 00       		.byte	0x0
 1840 012f 18       		.uleb128 0x18
 1841 0130 34       		.uleb128 0x34
 1842 0131 00       		.byte	0x0
 1843 0132 03       		.uleb128 0x3
 1844 0133 08       		.uleb128 0x8
 1845 0134 3A       		.uleb128 0x3a
 1846 0135 0B       		.uleb128 0xb
 1847 0136 3B       		.uleb128 0x3b
 1848 0137 0B       		.uleb128 0xb
 1849 0138 49       		.uleb128 0x49
 1850 0139 13       		.uleb128 0x13
 1851 013a 02       		.uleb128 0x2
 1852 013b 06       		.uleb128 0x6
 1853 013c 00       		.byte	0x0
 1854 013d 00       		.byte	0x0
 1855 013e 19       		.uleb128 0x19
 1856 013f 0B       		.uleb128 0xb
 1857 0140 01       		.byte	0x1
 1858 0141 55       		.uleb128 0x55
 1859 0142 06       		.uleb128 0x6
 1860 0143 00       		.byte	0x0
 1861 0144 00       		.byte	0x0
 1862 0145 1A       		.uleb128 0x1a
 1863 0146 2E       		.uleb128 0x2e
 1864 0147 01       		.byte	0x1
 1865 0148 3F       		.uleb128 0x3f
 1866 0149 0C       		.uleb128 0xc
 1867 014a 03       		.uleb128 0x3
 1868 014b 0E       		.uleb128 0xe
 1869 014c 3A       		.uleb128 0x3a
 1870 014d 0B       		.uleb128 0xb
 1871 014e 3B       		.uleb128 0x3b
 1872 014f 0B       		.uleb128 0xb
ARM GAS  /tmp/ccV0zK1P.s 			page 34


 1873 0150 27       		.uleb128 0x27
 1874 0151 0C       		.uleb128 0xc
 1875 0152 11       		.uleb128 0x11
 1876 0153 01       		.uleb128 0x1
 1877 0154 12       		.uleb128 0x12
 1878 0155 01       		.uleb128 0x1
 1879 0156 40       		.uleb128 0x40
 1880 0157 0A       		.uleb128 0xa
 1881 0158 01       		.uleb128 0x1
 1882 0159 13       		.uleb128 0x13
 1883 015a 00       		.byte	0x0
 1884 015b 00       		.byte	0x0
 1885 015c 1B       		.uleb128 0x1b
 1886 015d 05       		.uleb128 0x5
 1887 015e 00       		.byte	0x0
 1888 015f 03       		.uleb128 0x3
 1889 0160 08       		.uleb128 0x8
 1890 0161 3A       		.uleb128 0x3a
 1891 0162 0B       		.uleb128 0xb
 1892 0163 3B       		.uleb128 0x3b
 1893 0164 0B       		.uleb128 0xb
 1894 0165 49       		.uleb128 0x49
 1895 0166 13       		.uleb128 0x13
 1896 0167 02       		.uleb128 0x2
 1897 0168 06       		.uleb128 0x6
 1898 0169 00       		.byte	0x0
 1899 016a 00       		.byte	0x0
 1900 016b 1C       		.uleb128 0x1c
 1901 016c 34       		.uleb128 0x34
 1902 016d 00       		.byte	0x0
 1903 016e 03       		.uleb128 0x3
 1904 016f 0E       		.uleb128 0xe
 1905 0170 3A       		.uleb128 0x3a
 1906 0171 0B       		.uleb128 0xb
 1907 0172 3B       		.uleb128 0x3b
 1908 0173 0B       		.uleb128 0xb
 1909 0174 49       		.uleb128 0x49
 1910 0175 13       		.uleb128 0x13
 1911 0176 02       		.uleb128 0x2
 1912 0177 06       		.uleb128 0x6
 1913 0178 00       		.byte	0x0
 1914 0179 00       		.byte	0x0
 1915 017a 1D       		.uleb128 0x1d
 1916 017b 2E       		.uleb128 0x2e
 1917 017c 01       		.byte	0x1
 1918 017d 3F       		.uleb128 0x3f
 1919 017e 0C       		.uleb128 0xc
 1920 017f 03       		.uleb128 0x3
 1921 0180 0E       		.uleb128 0xe
 1922 0181 3A       		.uleb128 0x3a
 1923 0182 0B       		.uleb128 0xb
 1924 0183 3B       		.uleb128 0x3b
 1925 0184 0B       		.uleb128 0xb
 1926 0185 27       		.uleb128 0x27
 1927 0186 0C       		.uleb128 0xc
 1928 0187 49       		.uleb128 0x49
 1929 0188 13       		.uleb128 0x13
ARM GAS  /tmp/ccV0zK1P.s 			page 35


 1930 0189 11       		.uleb128 0x11
 1931 018a 01       		.uleb128 0x1
 1932 018b 12       		.uleb128 0x12
 1933 018c 01       		.uleb128 0x1
 1934 018d 40       		.uleb128 0x40
 1935 018e 06       		.uleb128 0x6
 1936 018f 01       		.uleb128 0x1
 1937 0190 13       		.uleb128 0x13
 1938 0191 00       		.byte	0x0
 1939 0192 00       		.byte	0x0
 1940 0193 1E       		.uleb128 0x1e
 1941 0194 05       		.uleb128 0x5
 1942 0195 00       		.byte	0x0
 1943 0196 03       		.uleb128 0x3
 1944 0197 0E       		.uleb128 0xe
 1945 0198 3A       		.uleb128 0x3a
 1946 0199 0B       		.uleb128 0xb
 1947 019a 3B       		.uleb128 0x3b
 1948 019b 0B       		.uleb128 0xb
 1949 019c 49       		.uleb128 0x49
 1950 019d 13       		.uleb128 0x13
 1951 019e 02       		.uleb128 0x2
 1952 019f 06       		.uleb128 0x6
 1953 01a0 00       		.byte	0x0
 1954 01a1 00       		.byte	0x0
 1955 01a2 1F       		.uleb128 0x1f
 1956 01a3 0B       		.uleb128 0xb
 1957 01a4 01       		.byte	0x1
 1958 01a5 11       		.uleb128 0x11
 1959 01a6 01       		.uleb128 0x1
 1960 01a7 12       		.uleb128 0x12
 1961 01a8 01       		.uleb128 0x1
 1962 01a9 00       		.byte	0x0
 1963 01aa 00       		.byte	0x0
 1964 01ab 00       		.byte	0x0
 1965              		.section	.debug_pubnames,"",%progbits
 1966 0000 65000000 		.4byte	0x65
 1967 0004 0200     		.2byte	0x2
 1968 0006 00000000 		.4byte	.Ldebug_info0
 1969 000a 29070000 		.4byte	0x729
 1970 000e FA040000 		.4byte	0x4fa
 1971 0012 63685468 		.ascii	"chThdAddRef\000"
 1971      64416464 
 1971      52656600 
 1972 001e 55050000 		.4byte	0x555
 1973 0022 63685468 		.ascii	"chThdRelease\000"
 1973      6452656C 
 1973      65617365 
 1973      00
 1974 002f BD050000 		.4byte	0x5bd
 1975 0033 63685468 		.ascii	"chThdCreateFromHeap\000"
 1975      64437265 
 1975      61746546 
 1975      726F6D48 
 1975      65617000 
 1976 0047 77060000 		.4byte	0x677
 1977 004b 63685468 		.ascii	"chThdCreateFromMemoryPool\000"
ARM GAS  /tmp/ccV0zK1P.s 			page 36


 1977      64437265 
 1977      61746546 
 1977      726F6D4D 
 1977      656D6F72 
 1978 0065 00000000 		.4byte	0x0
 1979              		.section	.debug_pubtypes,"",%progbits
 1980 0000 8D010000 		.4byte	0x18d
 1981 0004 0200     		.2byte	0x2
 1982 0006 00000000 		.4byte	.Ldebug_info0
 1983 000a 29070000 		.4byte	0x729
 1984 000e 30000000 		.4byte	0x30
 1985 0012 73697A65 		.ascii	"size_t\000"
 1985      5F7400
 1986 0019 49000000 		.4byte	0x49
 1987 001d 75696E74 		.ascii	"uint8_t\000"
 1987      385F7400 
 1988 0025 69000000 		.4byte	0x69
 1989 0029 696E7433 		.ascii	"int32_t\000"
 1989      325F7400 
 1990 0031 7B000000 		.4byte	0x7b
 1991 0035 75696E74 		.ascii	"uint32_t\000"
 1991      33325F74 
 1991      00
 1992 003e 94000000 		.4byte	0x94
 1993 0042 75696E74 		.ascii	"uint64_t\000"
 1993      36345F74 
 1993      00
 1994 004b A6000000 		.4byte	0xa6
 1995 004f 746D6F64 		.ascii	"tmode_t\000"
 1995      655F7400 
 1996 0057 B1000000 		.4byte	0xb1
 1997 005b 74737461 		.ascii	"tstate_t\000"
 1997      74655F74 
 1997      00
 1998 0064 BC000000 		.4byte	0xbc
 1999 0068 74726566 		.ascii	"trefs_t\000"
 1999      735F7400 
 2000 0070 C7000000 		.4byte	0xc7
 2001 0074 74707269 		.ascii	"tprio_t\000"
 2001      6F5F7400 
 2002 007c D2000000 		.4byte	0xd2
 2003 0080 6D73675F 		.ascii	"msg_t\000"
 2003      7400
 2004 0086 DD000000 		.4byte	0xdd
 2005 008a 6576656E 		.ascii	"eventmask_t\000"
 2005      746D6173 
 2005      6B5F7400 
 2006 0096 E8000000 		.4byte	0xe8
 2007 009a 73797374 		.ascii	"systime_t\000"
 2007      696D655F 
 2007      7400
 2008 00a4 F3000000 		.4byte	0xf3
 2009 00a8 54687265 		.ascii	"Thread\000"
 2009      616400
 2010 00af 32020000 		.4byte	0x232
 2011 00b3 54687265 		.ascii	"ThreadsQueue\000"
 2011      61647351 
ARM GAS  /tmp/ccV0zK1P.s 			page 37


 2011      75657565 
 2011      00
 2012 00c0 54020000 		.4byte	0x254
 2013 00c4 54687265 		.ascii	"ThreadsList\000"
 2013      6164734C 
 2013      69737400 
 2014 00d0 5F020000 		.4byte	0x25f
 2015 00d4 73746B61 		.ascii	"stkalign_t\000"
 2015      6C69676E 
 2015      5F7400
 2016 00df 6B020000 		.4byte	0x26b
 2017 00e3 72656761 		.ascii	"regarm_t\000"
 2017      726D5F74 
 2017      00
 2018 00ec 79020000 		.4byte	0x279
 2019 00f0 636F6E74 		.ascii	"context\000"
 2019      65787400 
 2020 00f8 96020000 		.4byte	0x296
 2021 00fc 696E7463 		.ascii	"intctx\000"
 2021      747800
 2022 0103 25030000 		.4byte	0x325
 2023 0107 4D757465 		.ascii	"Mutex\000"
 2023      7800
 2024 010d 62030000 		.4byte	0x362
 2025 0111 4D757465 		.ascii	"Mutex\000"
 2025      7800
 2026 0117 6D030000 		.4byte	0x36d
 2027 011b 6D656D67 		.ascii	"memgetfunc_t\000"
 2027      65746675 
 2027      6E635F74 
 2027      00
 2028 0128 8E030000 		.4byte	0x38e
 2029 012c 4D656D6F 		.ascii	"MemoryHeap\000"
 2029      72794865 
 2029      617000
 2030 0137 EF030000 		.4byte	0x3ef
 2031 013b 68656170 		.ascii	"heap_header\000"
 2031      5F686561 
 2031      64657200 
 2032 0147 99030000 		.4byte	0x399
 2033 014b 6D656D6F 		.ascii	"memory_heap\000"
 2033      72795F68 
 2033      65617000 
 2034 0157 3F040000 		.4byte	0x43f
 2035 015b 706F6F6C 		.ascii	"pool_header\000"
 2035      5F686561 
 2035      64657200 
 2036 0167 93040000 		.4byte	0x493
 2037 016b 4D656D6F 		.ascii	"MemoryPool\000"
 2037      7279506F 
 2037      6F6C00
 2038 0176 FE000000 		.4byte	0xfe
 2039 017a 54687265 		.ascii	"Thread\000"
 2039      616400
 2040 0181 D9040000 		.4byte	0x4d9
 2041 0185 7466756E 		.ascii	"tfunc_t\000"
 2041      635F7400 
ARM GAS  /tmp/ccV0zK1P.s 			page 38


 2042 018d 00000000 		.4byte	0x0
 2043              		.section	.debug_aranges,"",%progbits
 2044 0000 34000000 		.4byte	0x34
 2045 0004 0200     		.2byte	0x2
 2046 0006 00000000 		.4byte	.Ldebug_info0
 2047 000a 04       		.byte	0x4
 2048 000b 00       		.byte	0x0
 2049 000c 0000     		.2byte	0x0
 2050 000e 0000     		.2byte	0x0
 2051 0010 00000000 		.4byte	.LFB7
 2052 0014 14000000 		.4byte	.LFE7-.LFB7
 2053 0018 00000000 		.4byte	.LFB8
 2054 001c 4E000000 		.4byte	.LFE8-.LFB8
 2055 0020 00000000 		.4byte	.LFB9
 2056 0024 40000000 		.4byte	.LFE9-.LFB9
 2057 0028 00000000 		.4byte	.LFB10
 2058 002c 42000000 		.4byte	.LFE10-.LFB10
 2059 0030 00000000 		.4byte	0x0
 2060 0034 00000000 		.4byte	0x0
 2061              		.section	.debug_ranges,"",%progbits
 2062              	.Ldebug_ranges0:
 2063 0000 08000000 		.4byte	.LBB3
 2064 0004 0A000000 		.4byte	.LBE3
 2065 0008 0E000000 		.4byte	.LBB4
 2066 000c 12000000 		.4byte	.LBE4
 2067 0010 00000000 		.4byte	0x0
 2068 0014 00000000 		.4byte	0x0
 2069 0018 0A000000 		.4byte	.LBB6
 2070 001c 0C000000 		.4byte	.LBE6
 2071 0020 12000000 		.4byte	.LBB7
 2072 0024 16000000 		.4byte	.LBE7
 2073 0028 00000000 		.4byte	0x0
 2074 002c 00000000 		.4byte	0x0
 2075 0030 00000000 		.4byte	.LFB7
 2076 0034 14000000 		.4byte	.LFE7
 2077 0038 00000000 		.4byte	.LFB8
 2078 003c 4E000000 		.4byte	.LFE8
 2079 0040 00000000 		.4byte	.LFB9
 2080 0044 40000000 		.4byte	.LFE9
 2081 0048 00000000 		.4byte	.LFB10
 2082 004c 42000000 		.4byte	.LFE10
 2083 0050 00000000 		.4byte	0x0
 2084 0054 00000000 		.4byte	0x0
 2085              		.section	.debug_str,"MS",%progbits,1
 2086              	.LASF69:
 2087 0000 7466756E 		.ascii	"tfunc_t\000"
 2087      635F7400 
 2088              	.LASF34:
 2089 0008 705F6D73 		.ascii	"p_msg\000"
 2089      6700
 2090              	.LASF2:
 2091 000e 73697A65 		.ascii	"size_t\000"
 2091      5F7400
 2092              	.LASF65:
 2093 0015 7264796D 		.ascii	"rdymsg\000"
 2093      736700
 2094              	.LASF12:
ARM GAS  /tmp/ccV0zK1P.s 			page 39


 2095 001c 75696E74 		.ascii	"uint64_t\000"
 2095      36345F74 
 2095      00
 2096              	.LASF64:
 2097 0025 4D656D6F 		.ascii	"MemoryPool\000"
 2097      7279506F 
 2097      6F6C00
 2098              	.LASF49:
 2099 0030 6D656D67 		.ascii	"memgetfunc_t\000"
 2099      65746675 
 2099      6E635F74 
 2099      00
 2100              	.LASF13:
 2101 003d 6C6F6E67 		.ascii	"long long unsigned int\000"
 2101      206C6F6E 
 2101      6720756E 
 2101      7369676E 
 2101      65642069 
 2102              	.LASF66:
 2103 0054 65786974 		.ascii	"exitcode\000"
 2103      636F6465 
 2103      00
 2104              	.LASF53:
 2105 005d 685F6672 		.ascii	"h_free\000"
 2105      656500
 2106              	.LASF73:
 2107 0064 68656170 		.ascii	"heapp\000"
 2107      7000
 2108              	.LASF55:
 2109 006a 6E657874 		.ascii	"next\000"
 2109      00
 2110              	.LASF24:
 2111 006f 705F7072 		.ascii	"p_prio\000"
 2111      696F00
 2112              	.LASF11:
 2113 0076 6C6F6E67 		.ascii	"long long int\000"
 2113      206C6F6E 
 2113      6720696E 
 2113      7400
 2114              	.LASF1:
 2115 0084 7369676E 		.ascii	"signed char\000"
 2115      65642063 
 2115      68617200 
 2116              	.LASF54:
 2117 0090 685F6D74 		.ascii	"h_mtx\000"
 2117      7800
 2118              	.LASF38:
 2119 0096 705F6D70 		.ascii	"p_mpool\000"
 2119      6F6F6C00 
 2120              	.LASF46:
 2121 009e 6D5F7175 		.ascii	"m_queue\000"
 2121      65756500 
 2122              	.LASF67:
 2123 00a6 77746F62 		.ascii	"wtobjp\000"
 2123      6A7000
 2124              	.LASF8:
 2125 00ad 6C6F6E67 		.ascii	"long int\000"
ARM GAS  /tmp/ccV0zK1P.s 			page 40


 2125      20696E74 
 2125      00
 2126              	.LASF72:
 2127 00b6 63685468 		.ascii	"chThdCreateFromHeap\000"
 2127      64437265 
 2127      61746546 
 2127      726F6D48 
 2127      65617000 
 2128              	.LASF15:
 2129 00ca 74737461 		.ascii	"tstate_t\000"
 2129      74655F74 
 2129      00
 2130              	.LASF61:
 2131 00d3 6D705F6E 		.ascii	"mp_next\000"
 2131      65787400 
 2132              	.LASF26:
 2133 00db 705F6E65 		.ascii	"p_newer\000"
 2133      77657200 
 2134              	.LASF75:
 2135 00e3 63685468 		.ascii	"chThdCreateFromMemoryPool\000"
 2135      64437265 
 2135      61746546 
 2135      726F6D4D 
 2135      656D6F72 
 2136              	.LASF63:
 2137 00fd 6D705F70 		.ascii	"mp_provider\000"
 2137      726F7669 
 2137      64657200 
 2138              	.LASF42:
 2139 0109 72656761 		.ascii	"regarm_t\000"
 2139      726D5F74 
 2139      00
 2140              	.LASF57:
 2141 0112 616C6967 		.ascii	"align\000"
 2141      6E00
 2142              	.LASF0:
 2143 0118 756E7369 		.ascii	"unsigned int\000"
 2143      676E6564 
 2143      20696E74 
 2143      00
 2144              	.LASF10:
 2145 0125 6C6F6E67 		.ascii	"long unsigned int\000"
 2145      20756E73 
 2145      69676E65 
 2145      6420696E 
 2145      7400
 2146              	.LASF43:
 2147 0137 636F6E74 		.ascii	"context\000"
 2147      65787400 
 2148              	.LASF58:
 2149 013f 73697A65 		.ascii	"size\000"
 2149      00
 2150              	.LASF6:
 2151 0144 73686F72 		.ascii	"short unsigned int\000"
 2151      7420756E 
 2151      7369676E 
 2151      65642069 
ARM GAS  /tmp/ccV0zK1P.s 			page 41


 2151      6E7400
 2152              	.LASF18:
 2153 0157 6D73675F 		.ascii	"msg_t\000"
 2153      7400
 2154              	.LASF14:
 2155 015d 746D6F64 		.ascii	"tmode_t\000"
 2155      655F7400 
 2156              	.LASF40:
 2157 0165 54687265 		.ascii	"ThreadsList\000"
 2157      6164734C 
 2157      69737400 
 2158              	.LASF19:
 2159 0171 6576656E 		.ascii	"eventmask_t\000"
 2159      746D6173 
 2159      6B5F7400 
 2160              	.LASF45:
 2161 017d 4D757465 		.ascii	"Mutex\000"
 2161      7800
 2162              	.LASF71:
 2163 0183 63685468 		.ascii	"chThdAddRef\000"
 2163      64416464 
 2163      52656600 
 2164              	.LASF41:
 2165 018f 73746B61 		.ascii	"stkalign_t\000"
 2165      6C69676E 
 2165      5F7400
 2166              	.LASF77:
 2167 019a 63686962 		.ascii	"chibios/os/kernel/src/chdynamic.c\000"
 2167      696F732F 
 2167      6F732F6B 
 2167      65726E65 
 2167      6C2F7372 
 2168              	.LASF78:
 2169 01bc 2F686F6D 		.ascii	"/home/dan/github/github-projects/Quad-Rotor/QuadRot"
 2169      652F6461 
 2169      6E2F6769 
 2169      74687562 
 2169      2F676974 
 2170 01ef 6F7200   		.ascii	"or\000"
 2171              	.LASF27:
 2172 01f2 705F6F6C 		.ascii	"p_older\000"
 2172      64657200 
 2173              	.LASF39:
 2174 01fa 54687265 		.ascii	"ThreadsQueue\000"
 2174      61647351 
 2174      75657565 
 2174      00
 2175              	.LASF62:
 2176 0207 6D705F6F 		.ascii	"mp_object_size\000"
 2176      626A6563 
 2176      745F7369 
 2176      7A6500
 2177              	.LASF74:
 2178 0216 7072696F 		.ascii	"prio\000"
 2178      00
 2179              	.LASF50:
 2180 021b 4D656D6F 		.ascii	"MemoryHeap\000"
ARM GAS  /tmp/ccV0zK1P.s 			page 42


 2180      72794865 
 2180      617000
 2181              	.LASF60:
 2182 0226 70685F6E 		.ascii	"ph_next\000"
 2182      65787400 
 2183              	.LASF16:
 2184 022e 74726566 		.ascii	"trefs_t\000"
 2184      735F7400 
 2185              	.LASF70:
 2186 0236 72656673 		.ascii	"refs\000"
 2186      00
 2187              	.LASF23:
 2188 023b 705F7072 		.ascii	"p_prev\000"
 2188      657600
 2189              	.LASF17:
 2190 0242 74707269 		.ascii	"tprio_t\000"
 2190      6F5F7400 
 2191              	.LASF7:
 2192 024a 696E7433 		.ascii	"int32_t\000"
 2192      325F7400 
 2193              	.LASF4:
 2194 0252 756E7369 		.ascii	"unsigned char\000"
 2194      676E6564 
 2194      20636861 
 2194      7200
 2195              	.LASF52:
 2196 0260 685F7072 		.ascii	"h_provider\000"
 2196      6F766964 
 2196      657200
 2197              	.LASF36:
 2198 026b 705F6D74 		.ascii	"p_mtxlist\000"
 2198      786C6973 
 2198      7400
 2199              	.LASF5:
 2200 0275 73686F72 		.ascii	"short int\000"
 2200      7420696E 
 2200      7400
 2201              	.LASF28:
 2202 027f 705F7374 		.ascii	"p_state\000"
 2202      61746500 
 2203              	.LASF79:
 2204 0287 68656170 		.ascii	"heap_header\000"
 2204      5F686561 
 2204      64657200 
 2205              	.LASF68:
 2206 0293 65776D61 		.ascii	"ewmask\000"
 2206      736B00
 2207              	.LASF22:
 2208 029a 705F6E65 		.ascii	"p_next\000"
 2208      787400
 2209              	.LASF29:
 2210 02a1 705F666C 		.ascii	"p_flags\000"
 2210      61677300 
 2211              	.LASF80:
 2212 02a9 63685468 		.ascii	"chThdRelease\000"
 2212      6452656C 
 2212      65617365 
ARM GAS  /tmp/ccV0zK1P.s 			page 43


 2212      00
 2213              	.LASF21:
 2214 02b6 54687265 		.ascii	"Thread\000"
 2214      616400
 2215              	.LASF35:
 2216 02bd 705F6570 		.ascii	"p_epending\000"
 2216      656E6469 
 2216      6E6700
 2217              	.LASF9:
 2218 02c8 75696E74 		.ascii	"uint32_t\000"
 2218      33325F74 
 2218      00
 2219              	.LASF56:
 2220 02d1 68656170 		.ascii	"heap\000"
 2220      00
 2221              	.LASF48:
 2222 02d6 6D5F6E65 		.ascii	"m_next\000"
 2222      787400
 2223              	.LASF20:
 2224 02dd 73797374 		.ascii	"systime_t\000"
 2224      696D655F 
 2224      7400
 2225              	.LASF37:
 2226 02e7 705F7265 		.ascii	"p_realprio\000"
 2226      616C7072 
 2226      696F00
 2227              	.LASF31:
 2228 02f2 705F7469 		.ascii	"p_time\000"
 2228      6D6500
 2229              	.LASF44:
 2230 02f9 696E7463 		.ascii	"intctx\000"
 2230      747800
 2231              	.LASF33:
 2232 0300 705F6D73 		.ascii	"p_msgqueue\000"
 2232      67717565 
 2232      756500
 2233              	.LASF59:
 2234 030b 706F6F6C 		.ascii	"pool_header\000"
 2234      5F686561 
 2234      64657200 
 2235              	.LASF30:
 2236 0317 705F7265 		.ascii	"p_refs\000"
 2236      667300
 2237              	.LASF3:
 2238 031e 75696E74 		.ascii	"uint8_t\000"
 2238      385F7400 
 2239              	.LASF76:
 2240 0326 474E5520 		.ascii	"GNU C 4.5.1\000"
 2240      4320342E 
 2240      352E3100 
 2241              	.LASF47:
 2242 0332 6D5F6F77 		.ascii	"m_owner\000"
 2242      6E657200 
 2243              	.LASF25:
 2244 033a 705F6374 		.ascii	"p_ctx\000"
 2244      7800
 2245              	.LASF32:
ARM GAS  /tmp/ccV0zK1P.s 			page 44


 2246 0340 705F7761 		.ascii	"p_waiting\000"
 2246      6974696E 
 2246      6700
 2247              	.LASF51:
 2248 034a 6D656D6F 		.ascii	"memory_heap\000"
 2248      72795F68 
 2248      65617000 
 2249              		.ident	"GCC: (GNU) 4.5.1"
ARM GAS  /tmp/ccV0zK1P.s 			page 45


DEFINED SYMBOLS
                            *ABS*:0000000000000000 chdynamic.c
     /tmp/ccV0zK1P.s:24     .text.chThdAddRef:0000000000000000 $t
     /tmp/ccV0zK1P.s:30     .text.chThdAddRef:0000000000000000 chThdAddRef
     /tmp/ccV0zK1P.s:73     .text.chThdRelease:0000000000000000 $t
     /tmp/ccV0zK1P.s:79     .text.chThdRelease:0000000000000000 chThdRelease
     /tmp/ccV0zK1P.s:168    .text.chThdCreateFromHeap:0000000000000000 $t
     /tmp/ccV0zK1P.s:174    .text.chThdCreateFromHeap:0000000000000000 chThdCreateFromHeap
     /tmp/ccV0zK1P.s:256    .text.chThdCreateFromMemoryPool:0000000000000000 $t
     /tmp/ccV0zK1P.s:262    .text.chThdCreateFromMemoryPool:0000000000000000 chThdCreateFromMemoryPool
                     .debug_frame:0000000000000010 $d

UNDEFINED SYMBOLS
chPoolFree
chHeapFree
chHeapAlloc
chThdCreateI
chSchWakeupS
chPoolAlloc
