ARM GAS  /tmp/cc0KBbHz.s 			page 1


   1              		.syntax unified
   2              		.cpu cortex-m3
   3              		.fpu softvfp
   4              		.eabi_attribute 20, 1
   5              		.eabi_attribute 21, 1
   6              		.eabi_attribute 23, 3
   7              		.eabi_attribute 24, 1
   8              		.eabi_attribute 25, 1
   9              		.eabi_attribute 26, 1
  10              		.eabi_attribute 30, 2
  11              		.eabi_attribute 18, 4
  12              		.thumb
  13              		.file	"chlists.c"
  14              		.section	.debug_abbrev,"",%progbits
  15              	.Ldebug_abbrev0:
  16              		.section	.debug_info,"",%progbits
  17              	.Ldebug_info0:
  18              		.section	.debug_line,"",%progbits
  19              	.Ldebug_line0:
  20 0000 19000000 		.text
  20      02001300 
  20      00000201 
  20      FB0E0D00 
  20      01010101 
  21              	.Ltext0:
  22              		.cfi_sections	.debug_frame
  23              	.Letext0:
  24              		.section	.debug_info
  25 0000 68000000 		.4byte	0x68
  26 0004 0200     		.2byte	0x2
  27 0006 00000000 		.4byte	.Ldebug_abbrev0
  28 000a 04       		.byte	0x4
  29 000b 01       		.uleb128 0x1
  30 000c CC000000 		.4byte	.LASF9
  31 0010 01       		.byte	0x1
  32 0011 2B000000 		.4byte	.LASF10
  33 0015 96000000 		.4byte	.LASF11
  34 0019 00000000 		.4byte	.Ltext0
  35 001d 00000000 		.4byte	.Letext0
  36 0021 00000000 		.4byte	.Ldebug_line0
  37 0025 02       		.uleb128 0x2
  38 0026 04       		.byte	0x4
  39 0027 05       		.byte	0x5
  40 0028 696E7400 		.ascii	"int\000"
  41 002c 03       		.uleb128 0x3
  42 002d 04       		.byte	0x4
  43 002e 07       		.byte	0x7
  44 002f 00000000 		.4byte	.LASF0
  45 0033 03       		.uleb128 0x3
  46 0034 01       		.byte	0x1
  47 0035 06       		.byte	0x6
  48 0036 1F000000 		.4byte	.LASF1
  49 003a 03       		.uleb128 0x3
  50 003b 01       		.byte	0x1
  51 003c 08       		.byte	0x8
  52 003d 7F000000 		.4byte	.LASF2
  53 0041 03       		.uleb128 0x3
ARM GAS  /tmp/cc0KBbHz.s 			page 2


  54 0042 02       		.byte	0x2
  55 0043 05       		.byte	0x5
  56 0044 5E000000 		.4byte	.LASF3
  57 0048 03       		.uleb128 0x3
  58 0049 02       		.byte	0x2
  59 004a 07       		.byte	0x7
  60 004b 4B000000 		.4byte	.LASF4
  61 004f 03       		.uleb128 0x3
  62 0050 04       		.byte	0x4
  63 0051 05       		.byte	0x5
  64 0052 8D000000 		.4byte	.LASF5
  65 0056 03       		.uleb128 0x3
  66 0057 04       		.byte	0x4
  67 0058 07       		.byte	0x7
  68 0059 0D000000 		.4byte	.LASF6
  69 005d 03       		.uleb128 0x3
  70 005e 08       		.byte	0x8
  71 005f 05       		.byte	0x5
  72 0060 D8000000 		.4byte	.LASF7
  73 0064 03       		.uleb128 0x3
  74 0065 08       		.byte	0x8
  75 0066 07       		.byte	0x7
  76 0067 68000000 		.4byte	.LASF8
  77 006b 00       		.byte	0x0
  78              		.section	.debug_abbrev
  79 0000 01       		.uleb128 0x1
  80 0001 11       		.uleb128 0x11
  81 0002 01       		.byte	0x1
  82 0003 25       		.uleb128 0x25
  83 0004 0E       		.uleb128 0xe
  84 0005 13       		.uleb128 0x13
  85 0006 0B       		.uleb128 0xb
  86 0007 03       		.uleb128 0x3
  87 0008 0E       		.uleb128 0xe
  88 0009 1B       		.uleb128 0x1b
  89 000a 0E       		.uleb128 0xe
  90 000b 11       		.uleb128 0x11
  91 000c 01       		.uleb128 0x1
  92 000d 12       		.uleb128 0x12
  93 000e 01       		.uleb128 0x1
  94 000f 10       		.uleb128 0x10
  95 0010 06       		.uleb128 0x6
  96 0011 00       		.byte	0x0
  97 0012 00       		.byte	0x0
  98 0013 02       		.uleb128 0x2
  99 0014 24       		.uleb128 0x24
 100 0015 00       		.byte	0x0
 101 0016 0B       		.uleb128 0xb
 102 0017 0B       		.uleb128 0xb
 103 0018 3E       		.uleb128 0x3e
 104 0019 0B       		.uleb128 0xb
 105 001a 03       		.uleb128 0x3
 106 001b 08       		.uleb128 0x8
 107 001c 00       		.byte	0x0
 108 001d 00       		.byte	0x0
 109 001e 03       		.uleb128 0x3
 110 001f 24       		.uleb128 0x24
ARM GAS  /tmp/cc0KBbHz.s 			page 3


 111 0020 00       		.byte	0x0
 112 0021 0B       		.uleb128 0xb
 113 0022 0B       		.uleb128 0xb
 114 0023 3E       		.uleb128 0x3e
 115 0024 0B       		.uleb128 0xb
 116 0025 03       		.uleb128 0x3
 117 0026 0E       		.uleb128 0xe
 118 0027 00       		.byte	0x0
 119 0028 00       		.byte	0x0
 120 0029 00       		.byte	0x0
 121              		.section	.debug_pubtypes,"",%progbits
 122 0000 0E000000 		.4byte	0xe
 123 0004 0200     		.2byte	0x2
 124 0006 00000000 		.4byte	.Ldebug_info0
 125 000a 6C000000 		.4byte	0x6c
 126 000e 00000000 		.4byte	0x0
 127              		.section	.debug_str,"MS",%progbits,1
 128              	.LASF0:
 129 0000 756E7369 		.ascii	"unsigned int\000"
 129      676E6564 
 129      20696E74 
 129      00
 130              	.LASF6:
 131 000d 6C6F6E67 		.ascii	"long unsigned int\000"
 131      20756E73 
 131      69676E65 
 131      6420696E 
 131      7400
 132              	.LASF1:
 133 001f 7369676E 		.ascii	"signed char\000"
 133      65642063 
 133      68617200 
 134              	.LASF10:
 135 002b 63686962 		.ascii	"chibios/os/kernel/src/chlists.c\000"
 135      696F732F 
 135      6F732F6B 
 135      65726E65 
 135      6C2F7372 
 136              	.LASF4:
 137 004b 73686F72 		.ascii	"short unsigned int\000"
 137      7420756E 
 137      7369676E 
 137      65642069 
 137      6E7400
 138              	.LASF3:
 139 005e 73686F72 		.ascii	"short int\000"
 139      7420696E 
 139      7400
 140              	.LASF8:
 141 0068 6C6F6E67 		.ascii	"long long unsigned int\000"
 141      206C6F6E 
 141      6720756E 
 141      7369676E 
 141      65642069 
 142              	.LASF2:
 143 007f 756E7369 		.ascii	"unsigned char\000"
 143      676E6564 
ARM GAS  /tmp/cc0KBbHz.s 			page 4


 143      20636861 
 143      7200
 144              	.LASF5:
 145 008d 6C6F6E67 		.ascii	"long int\000"
 145      20696E74 
 145      00
 146              	.LASF11:
 147 0096 2F686F6D 		.ascii	"/home/dan/github/github-projects/Quad-Rotor/QuadRot"
 147      652F6461 
 147      6E2F6769 
 147      74687562 
 147      2F676974 
 148 00c9 6F7200   		.ascii	"or\000"
 149              	.LASF9:
 150 00cc 474E5520 		.ascii	"GNU C 4.5.1\000"
 150      4320342E 
 150      352E3100 
 151              	.LASF7:
 152 00d8 6C6F6E67 		.ascii	"long long int\000"
 152      206C6F6E 
 152      6720696E 
 152      7400
 153              		.ident	"GCC: (GNU) 4.5.1"
ARM GAS  /tmp/cc0KBbHz.s 			page 5


DEFINED SYMBOLS
                            *ABS*:0000000000000000 chlists.c

NO UNDEFINED SYMBOLS
