ARM GAS  /tmp/cc2MeqOu.s 			page 1


   1              		.syntax unified
   2              		.cpu cortex-m3
   3              		.fpu softvfp
   4              		.eabi_attribute 20, 1
   5              		.eabi_attribute 21, 1
   6              		.eabi_attribute 23, 3
   7              		.eabi_attribute 24, 1
   8              		.eabi_attribute 25, 1
   9              		.eabi_attribute 26, 1
  10              		.eabi_attribute 30, 2
  11              		.eabi_attribute 18, 4
  12              		.thumb
  13              		.file	"chmemcore.c"
  14              		.section	.debug_abbrev,"",%progbits
  15              	.Ldebug_abbrev0:
  16              		.section	.debug_info,"",%progbits
  17              	.Ldebug_info0:
  18              		.section	.debug_line,"",%progbits
  19              	.Ldebug_line0:
  20 0000 45010000 		.text
  20      0200E000 
  20      00000201 
  20      FB0E0D00 
  20      01010101 
  21              	.Ltext0:
  22              		.cfi_sections	.debug_frame
  23              		.section	.text.core_init,"ax",%progbits
  24              		.align	2
  25              		.p2align 4,,15
  26              		.global	core_init
  27              		.thumb
  28              		.thumb_func
  29              		.type	core_init, %function
  30              	core_init:
  31              	.LFB7:
  32              		.file 1 "chibios/os/kernel/src/chmemcore.c"
  33              		.loc 1 65 0
  34              		.cfi_startproc
  35              		@ args = 0, pretend = 0, frame = 0
  36              		@ frame_needed = 0, uses_anonymous_args = 0
  37              		@ link register save eliminated.
  38              		.loc 1 69 0
  39 0000 0949     		ldr	r1, .L2
  40              		.loc 1 70 0
  41 0002 40F2000C 		movw	ip, #:lower16:__heap_end__
  42              		.loc 1 69 0
  43 0006 40F20002 		movw	r2, #:lower16:.LANCHOR0
  44              		.loc 1 70 0
  45 000a 40F20003 		movw	r3, #:lower16:.LANCHOR1
  46 000e C0F2000C 		movt	ip, #:upper16:__heap_end__
  47              		.loc 1 69 0
  48 0012 21F00700 		bic	r0, r1, #7
  49 0016 C0F20002 		movt	r2, #:upper16:.LANCHOR0
  50              		.loc 1 70 0
  51 001a C0F20003 		movt	r3, #:upper16:.LANCHOR1
  52 001e 2CF00701 		bic	r1, ip, #7
  53              		.loc 1 69 0
ARM GAS  /tmp/cc2MeqOu.s 			page 2


  54 0022 1060     		str	r0, [r2, #0]
  55              		.loc 1 70 0
  56 0024 1960     		str	r1, [r3, #0]
  57              		.loc 1 76 0
  58 0026 7047     		bx	lr
  59              	.L3:
  60              		.align	2
  61              	.L2:
  62 0028 07000000 		.word	__heap_base__+7
  63              		.cfi_endproc
  64              	.LFE7:
  65              		.size	core_init, .-core_init
  66 002c AFF30080 		.section	.text.chCoreAlloc,"ax",%progbits
  67              		.align	2
  68              		.p2align 4,,15
  69              		.global	chCoreAlloc
  70              		.thumb
  71              		.thumb_func
  72              		.type	chCoreAlloc, %function
  73              	chCoreAlloc:
  74              	.LFB8:
  75              		.loc 1 90 0
  76              		.cfi_startproc
  77              		@ args = 0, pretend = 0, frame = 0
  78              		@ frame_needed = 0, uses_anonymous_args = 0
  79              		@ link register save eliminated.
  80              	.LVL0:
  81              	.LBB6:
  82              		.loc 1 93 0
  83 0000 2023     		movs	r3, #32
  84              	.LVL1:
  85              	@ 93 "chibios/os/kernel/src/chmemcore.c" 1
  86 0002 83F31188 		msr     BASEPRI, r3
  87              	@ 0 "" 2
  88              	.LVL2:
  89              		.thumb
  90              	.LBE6:
  91              	.LBB7:
  92              	.LBB8:
  93              		.loc 1 115 0
  94 0006 40F20003 		movw	r3, #:lower16:.LANCHOR0
  95              	.LVL3:
  96 000a 40F2000C 		movw	ip, #:lower16:.LANCHOR1
  97 000e C0F20003 		movt	r3, #:upper16:.LANCHOR0
  98 0012 C0F2000C 		movt	ip, #:upper16:.LANCHOR1
  99 0016 1968     		ldr	r1, [r3, #0]
 100 0018 DCF80020 		ldr	r2, [ip, #0]
 101              		.loc 1 114 0
 102 001c 0730     		adds	r0, r0, #7
 103              	.LVL4:
 104 001e 20F00700 		bic	r0, r0, #7
 105              	.LVL5:
 106              		.loc 1 115 0
 107 0022 521A     		subs	r2, r2, r1
 108 0024 9042     		cmp	r0, r2
 109              	.LVL6:
 110              		.loc 1 118 0
ARM GAS  /tmp/cc2MeqOu.s 			page 3


 111 0026 9DBF     		ittte	ls
 112 0028 0818     		addls	r0, r1, r0
 113              	.LVL7:
 114 002a 1860     		strls	r0, [r3, #0]
 115              		.loc 1 119 0
 116 002c 0846     		movls	r0, r1
 117              		.loc 1 116 0
 118 002e 0020     		movhi	r0, #0
 119              	.LBE8:
 120              	.LBE7:
 121              	.LBB9:
 122              		.loc 1 95 0
 123 0030 0023     		movs	r3, #0
 124              	.LVL8:
 125              	@ 95 "chibios/os/kernel/src/chmemcore.c" 1
 126 0032 83F31188 		msr     BASEPRI, r3
 127              	@ 0 "" 2
 128              	.LVL9:
 129              		.thumb
 130              	.LBE9:
 131              		.loc 1 97 0
 132 0036 7047     		bx	lr
 133              		.cfi_endproc
 134              	.LFE8:
 135              		.size	chCoreAlloc, .-chCoreAlloc
 136 0038 AFF30080 		.section	.text.chCoreAllocI,"ax",%progbits
 136      AFF30080 
 137              		.align	2
 138              		.p2align 4,,15
 139              		.global	chCoreAllocI
 140              		.thumb
 141              		.thumb_func
 142              		.type	chCoreAllocI, %function
 143              	chCoreAllocI:
 144              	.LFB9:
 145              		.loc 1 111 0
 146              		.cfi_startproc
 147              		@ args = 0, pretend = 0, frame = 0
 148              		@ frame_needed = 0, uses_anonymous_args = 0
 149              		@ link register save eliminated.
 150              	.LVL10:
 151              		.loc 1 115 0
 152 0000 40F20003 		movw	r3, #:lower16:.LANCHOR0
 153 0004 40F2000C 		movw	ip, #:lower16:.LANCHOR1
 154 0008 C0F20003 		movt	r3, #:upper16:.LANCHOR0
 155 000c C0F2000C 		movt	ip, #:upper16:.LANCHOR1
 156 0010 1968     		ldr	r1, [r3, #0]
 157 0012 DCF80020 		ldr	r2, [ip, #0]
 158              		.loc 1 114 0
 159 0016 0730     		adds	r0, r0, #7
 160              	.LVL11:
 161 0018 20F00700 		bic	r0, r0, #7
 162              	.LVL12:
 163              		.loc 1 115 0
 164 001c 521A     		subs	r2, r2, r1
 165 001e 9042     		cmp	r0, r2
 166              	.LVL13:
ARM GAS  /tmp/cc2MeqOu.s 			page 4


 167              		.loc 1 118 0
 168 0020 9DBF     		ittte	ls
 169 0022 0818     		addls	r0, r1, r0
 170              	.LVL14:
 171 0024 1860     		strls	r0, [r3, #0]
 172              		.loc 1 119 0
 173 0026 0846     		movls	r0, r1
 174              		.loc 1 116 0
 175 0028 0020     		movhi	r0, #0
 176              		.loc 1 120 0
 177 002a 7047     		bx	lr
 178              		.cfi_endproc
 179              	.LFE9:
 180              		.size	chCoreAllocI, .-chCoreAllocI
 181 002c AFF30080 		.section	.text.chCoreStatus,"ax",%progbits
 182              		.align	2
 183              		.p2align 4,,15
 184              		.global	chCoreStatus
 185              		.thumb
 186              		.thumb_func
 187              		.type	chCoreStatus, %function
 188              	chCoreStatus:
 189              	.LFB10:
 190              		.loc 1 129 0
 191              		.cfi_startproc
 192              		@ args = 0, pretend = 0, frame = 0
 193              		@ frame_needed = 0, uses_anonymous_args = 0
 194              		@ link register save eliminated.
 195              		.loc 1 131 0
 196 0000 40F20002 		movw	r2, #:lower16:.LANCHOR1
 197 0004 40F20001 		movw	r1, #:lower16:.LANCHOR0
 198 0008 C0F20002 		movt	r2, #:upper16:.LANCHOR1
 199 000c C0F20001 		movt	r1, #:upper16:.LANCHOR0
 200 0010 1068     		ldr	r0, [r2, #0]
 201 0012 0B68     		ldr	r3, [r1, #0]
 202              		.loc 1 132 0
 203 0014 C01A     		subs	r0, r0, r3
 204 0016 7047     		bx	lr
 205              		.cfi_endproc
 206              	.LFE10:
 207              		.size	chCoreStatus, .-chCoreStatus
 208 0018 AFF30080 		.section	.bss.endmem,"aw",%nobits
 208      AFF30080 
 209              		.align	2
 210              		.set	.LANCHOR1,. + 0
 211              		.type	endmem, %object
 212              		.size	endmem, 4
 213              	endmem:
 214 0000 00000000 		.space	4
 215              		.section	.bss.nextmem,"aw",%nobits
 216              		.align	2
 217              		.set	.LANCHOR0,. + 0
 218              		.type	nextmem, %object
 219              		.size	nextmem, 4
 220              	nextmem:
 221 0000 00000000 		.space	4
 222              		.text
ARM GAS  /tmp/cc2MeqOu.s 			page 5


 223              	.Letext0:
 224              		.section	.debug_loc,"",%progbits
 225              	.Ldebug_loc0:
 226              	.LLST0:
 227 0000 00000000 		.4byte	.LVL0
 228 0004 1E000000 		.4byte	.LVL4
 229 0008 0100     		.2byte	0x1
 230 000a 50       		.byte	0x50
 231 000b 1E000000 		.4byte	.LVL4
 232 000f 22000000 		.4byte	.LVL5
 233 0013 0300     		.2byte	0x3
 234 0015 70       		.byte	0x70
 235 0016 79       		.sleb128 -7
 236 0017 9F       		.byte	0x9f
 237 0018 00000000 		.4byte	0x0
 238 001c 00000000 		.4byte	0x0
 239              	.LLST1:
 240 0020 06000000 		.4byte	.LVL2
 241 0024 0A000000 		.4byte	.LVL3
 242 0028 0100     		.2byte	0x1
 243 002a 53       		.byte	0x53
 244 002b 00000000 		.4byte	0x0
 245 002f 00000000 		.4byte	0x0
 246              	.LLST2:
 247 0033 06000000 		.4byte	.LVL2
 248 0037 1E000000 		.4byte	.LVL4
 249 003b 0100     		.2byte	0x1
 250 003d 50       		.byte	0x50
 251 003e 1E000000 		.4byte	.LVL4
 252 0042 22000000 		.4byte	.LVL5
 253 0046 0300     		.2byte	0x3
 254 0048 70       		.byte	0x70
 255 0049 79       		.sleb128 -7
 256 004a 9F       		.byte	0x9f
 257 004b 22000000 		.4byte	.LVL5
 258 004f 2A000000 		.4byte	.LVL7
 259 0053 0100     		.2byte	0x1
 260 0055 50       		.byte	0x50
 261 0056 00000000 		.4byte	0x0
 262 005a 00000000 		.4byte	0x0
 263              	.LLST3:
 264 005e 36000000 		.4byte	.LVL9
 265 0062 38000000 		.4byte	.LFE8
 266 0066 0100     		.2byte	0x1
 267 0068 53       		.byte	0x53
 268 0069 00000000 		.4byte	0x0
 269 006d 00000000 		.4byte	0x0
 270              	.LLST4:
 271 0071 00000000 		.4byte	.LVL10
 272 0075 18000000 		.4byte	.LVL11
 273 0079 0100     		.2byte	0x1
 274 007b 50       		.byte	0x50
 275 007c 18000000 		.4byte	.LVL11
 276 0080 1C000000 		.4byte	.LVL12
 277 0084 0300     		.2byte	0x3
 278 0086 70       		.byte	0x70
 279 0087 79       		.sleb128 -7
ARM GAS  /tmp/cc2MeqOu.s 			page 6


 280 0088 9F       		.byte	0x9f
 281 0089 1C000000 		.4byte	.LVL12
 282 008d 24000000 		.4byte	.LVL14
 283 0091 0100     		.2byte	0x1
 284 0093 50       		.byte	0x50
 285 0094 00000000 		.4byte	0x0
 286 0098 00000000 		.4byte	0x0
 287              		.file 2 "/home/dan/arm-cs-tools/lib/gcc/arm-none-eabi/4.5.1/include/stddef.h"
 288              		.file 3 "/home/dan/arm-cs-tools/lib/gcc/arm-none-eabi/4.5.1/../../../../arm-none-eabi/include/stdi
 289              		.section	.debug_info
 290 0000 16020000 		.4byte	0x216
 291 0004 0200     		.2byte	0x2
 292 0006 00000000 		.4byte	.Ldebug_abbrev0
 293 000a 04       		.byte	0x4
 294 000b 01       		.uleb128 0x1
 295 000c AA000000 		.4byte	.LASF16
 296 0010 01       		.byte	0x1
 297 0011 B6000000 		.4byte	.LASF17
 298 0015 4B000000 		.4byte	.LASF18
 299 0019 00000000 		.4byte	0x0
 300 001d 00000000 		.4byte	0x0
 301 0021 00000000 		.4byte	.Ldebug_ranges0+0x0
 302 0025 00000000 		.4byte	.Ldebug_line0
 303 0029 02       		.uleb128 0x2
 304 002a 04       		.byte	0x4
 305 002b 05       		.byte	0x5
 306 002c 696E7400 		.ascii	"int\000"
 307 0030 03       		.uleb128 0x3
 308 0031 21000000 		.4byte	.LASF2
 309 0035 02       		.byte	0x2
 310 0036 D3       		.byte	0xd3
 311 0037 3B000000 		.4byte	0x3b
 312 003b 04       		.uleb128 0x4
 313 003c 04       		.byte	0x4
 314 003d 07       		.byte	0x7
 315 003e 45010000 		.4byte	.LASF0
 316 0042 04       		.uleb128 0x4
 317 0043 01       		.byte	0x1
 318 0044 06       		.byte	0x6
 319 0045 2A010000 		.4byte	.LASF1
 320 0049 03       		.uleb128 0x3
 321 004a D8000000 		.4byte	.LASF3
 322 004e 03       		.byte	0x3
 323 004f 2A       		.byte	0x2a
 324 0050 54000000 		.4byte	0x54
 325 0054 04       		.uleb128 0x4
 326 0055 01       		.byte	0x1
 327 0056 08       		.byte	0x8
 328 0057 E0000000 		.4byte	.LASF4
 329 005b 04       		.uleb128 0x4
 330 005c 02       		.byte	0x2
 331 005d 05       		.byte	0x5
 332 005e 3B010000 		.4byte	.LASF5
 333 0062 04       		.uleb128 0x4
 334 0063 02       		.byte	0x2
 335 0064 07       		.byte	0x7
 336 0065 0E000000 		.4byte	.LASF6
ARM GAS  /tmp/cc2MeqOu.s 			page 7


 337 0069 04       		.uleb128 0x4
 338 006a 04       		.byte	0x4
 339 006b 05       		.byte	0x5
 340 006c 03010000 		.4byte	.LASF7
 341 0070 03       		.uleb128 0x3
 342 0071 FA000000 		.4byte	.LASF8
 343 0075 03       		.byte	0x3
 344 0076 50       		.byte	0x50
 345 0077 7B000000 		.4byte	0x7b
 346 007b 04       		.uleb128 0x4
 347 007c 04       		.byte	0x4
 348 007d 07       		.byte	0x7
 349 007e 81000000 		.4byte	.LASF9
 350 0082 04       		.uleb128 0x4
 351 0083 08       		.byte	0x8
 352 0084 05       		.byte	0x5
 353 0085 00000000 		.4byte	.LASF10
 354 0089 04       		.uleb128 0x4
 355 008a 08       		.byte	0x8
 356 008b 07       		.byte	0x7
 357 008c 93000000 		.4byte	.LASF11
 358 0090 05       		.uleb128 0x5
 359 0091 04       		.byte	0x4
 360 0092 06       		.uleb128 0x6
 361 0093 04       		.byte	0x4
 362 0094 49000000 		.4byte	0x49
 363 0098 07       		.uleb128 0x7
 364 0099 01       		.byte	0x1
 365 009a 1D010000 		.4byte	.LASF19
 366 009e 01       		.byte	0x1
 367 009f 6F       		.byte	0x6f
 368 00a0 01       		.byte	0x1
 369 00a1 90000000 		.4byte	0x90
 370 00a5 01       		.byte	0x1
 371 00a6 BF000000 		.4byte	0xbf
 372 00aa 08       		.uleb128 0x8
 373 00ab 36010000 		.4byte	.LASF20
 374 00af 01       		.byte	0x1
 375 00b0 6F       		.byte	0x6f
 376 00b1 30000000 		.4byte	0x30
 377 00b5 09       		.uleb128 0x9
 378 00b6 7000     		.ascii	"p\000"
 379 00b8 01       		.byte	0x1
 380 00b9 70       		.byte	0x70
 381 00ba 90000000 		.4byte	0x90
 382 00be 00       		.byte	0x0
 383 00bf 0A       		.uleb128 0xa
 384 00c0 01       		.byte	0x1
 385 00c1 0C010000 		.4byte	.LASF21
 386 00c5 01       		.byte	0x1
 387 00c6 41       		.byte	0x41
 388 00c7 01       		.byte	0x1
 389 00c8 00000000 		.4byte	.LFB7
 390 00cc 2C000000 		.4byte	.LFE7
 391 00d0 02       		.byte	0x2
 392 00d1 7D       		.byte	0x7d
 393 00d2 00       		.sleb128 0
ARM GAS  /tmp/cc2MeqOu.s 			page 8


 394 00d3 F2000000 		.4byte	0xf2
 395 00d7 0B       		.uleb128 0xb
 396 00d8 3D000000 		.4byte	.LASF12
 397 00dc 01       		.byte	0x1
 398 00dd 43       		.byte	0x43
 399 00de F2000000 		.4byte	0xf2
 400 00e2 01       		.byte	0x1
 401 00e3 01       		.byte	0x1
 402 00e4 0B       		.uleb128 0xb
 403 00e5 30000000 		.4byte	.LASF13
 404 00e9 01       		.byte	0x1
 405 00ea 44       		.byte	0x44
 406 00eb F2000000 		.4byte	0xf2
 407 00ef 01       		.byte	0x1
 408 00f0 01       		.byte	0x1
 409 00f1 00       		.byte	0x0
 410 00f2 0C       		.uleb128 0xc
 411 00f3 49000000 		.4byte	0x49
 412 00f7 FD000000 		.4byte	0xfd
 413 00fb 0D       		.uleb128 0xd
 414 00fc 00       		.byte	0x0
 415 00fd 0E       		.uleb128 0xe
 416 00fe 01       		.byte	0x1
 417 00ff EE000000 		.4byte	.LASF22
 418 0103 01       		.byte	0x1
 419 0104 5A       		.byte	0x5a
 420 0105 01       		.byte	0x1
 421 0106 90000000 		.4byte	0x90
 422 010a 00000000 		.4byte	.LFB8
 423 010e 38000000 		.4byte	.LFE8
 424 0112 02       		.byte	0x2
 425 0113 7D       		.byte	0x7d
 426 0114 00       		.sleb128 0
 427 0115 9C010000 		.4byte	0x19c
 428 0119 0F       		.uleb128 0xf
 429 011a 36010000 		.4byte	.LASF20
 430 011e 01       		.byte	0x1
 431 011f 5A       		.byte	0x5a
 432 0120 30000000 		.4byte	0x30
 433 0124 00000000 		.4byte	.LLST0
 434 0128 10       		.uleb128 0x10
 435 0129 7000     		.ascii	"p\000"
 436 012b 01       		.byte	0x1
 437 012c 5B       		.byte	0x5b
 438 012d 90000000 		.4byte	0x90
 439 0131 01       		.byte	0x1
 440 0132 50       		.byte	0x50
 441 0133 11       		.uleb128 0x11
 442 0134 00000000 		.4byte	.LBB6
 443 0138 06000000 		.4byte	.LBE6
 444 013c 50010000 		.4byte	0x150
 445 0140 12       		.uleb128 0x12
 446 0141 746D7000 		.ascii	"tmp\000"
 447 0145 01       		.byte	0x1
 448 0146 5D       		.byte	0x5d
 449 0147 70000000 		.4byte	0x70
 450 014b 20000000 		.4byte	.LLST1
ARM GAS  /tmp/cc2MeqOu.s 			page 9


 451 014f 00       		.byte	0x0
 452 0150 13       		.uleb128 0x13
 453 0151 98000000 		.4byte	0x98
 454 0155 06000000 		.4byte	.LBB7
 455 0159 30000000 		.4byte	.LBE7
 456 015d 01       		.byte	0x1
 457 015e 5E       		.byte	0x5e
 458 015f 82010000 		.4byte	0x182
 459 0163 14       		.uleb128 0x14
 460 0164 AA000000 		.4byte	0xaa
 461 0168 33000000 		.4byte	.LLST2
 462 016c 15       		.uleb128 0x15
 463 016d 06000000 		.4byte	.LBB8
 464 0171 30000000 		.4byte	.LBE8
 465 0175 16       		.uleb128 0x16
 466 0176 B5000000 		.4byte	0xb5
 467 017a 05       		.byte	0x5
 468 017b 03       		.byte	0x3
 469 017c 00000000 		.4byte	nextmem
 470 0180 00       		.byte	0x0
 471 0181 00       		.byte	0x0
 472 0182 15       		.uleb128 0x15
 473 0183 30000000 		.4byte	.LBB9
 474 0187 36000000 		.4byte	.LBE9
 475 018b 12       		.uleb128 0x12
 476 018c 746D7000 		.ascii	"tmp\000"
 477 0190 01       		.byte	0x1
 478 0191 5F       		.byte	0x5f
 479 0192 70000000 		.4byte	0x70
 480 0196 5E000000 		.4byte	.LLST3
 481 019a 00       		.byte	0x0
 482 019b 00       		.byte	0x0
 483 019c 17       		.uleb128 0x17
 484 019d 98000000 		.4byte	0x98
 485 01a1 00000000 		.4byte	.LFB9
 486 01a5 2C000000 		.4byte	.LFE9
 487 01a9 02       		.byte	0x2
 488 01aa 7D       		.byte	0x7d
 489 01ab 00       		.sleb128 0
 490 01ac C5010000 		.4byte	0x1c5
 491 01b0 14       		.uleb128 0x14
 492 01b1 AA000000 		.4byte	0xaa
 493 01b5 71000000 		.4byte	.LLST4
 494 01b9 16       		.uleb128 0x16
 495 01ba B5000000 		.4byte	0xb5
 496 01be 05       		.byte	0x5
 497 01bf 03       		.byte	0x3
 498 01c0 00000000 		.4byte	nextmem
 499 01c4 00       		.byte	0x0
 500 01c5 18       		.uleb128 0x18
 501 01c6 01       		.byte	0x1
 502 01c7 52010000 		.4byte	.LASF23
 503 01cb 01       		.byte	0x1
 504 01cc 81       		.byte	0x81
 505 01cd 01       		.byte	0x1
 506 01ce 30000000 		.4byte	0x30
 507 01d2 00000000 		.4byte	.LFB10
ARM GAS  /tmp/cc2MeqOu.s 			page 10


 508 01d6 18000000 		.4byte	.LFE10
 509 01da 02       		.byte	0x2
 510 01db 7D       		.byte	0x7d
 511 01dc 00       		.sleb128 0
 512 01dd 19       		.uleb128 0x19
 513 01de 28000000 		.4byte	.LASF14
 514 01e2 01       		.byte	0x1
 515 01e3 39       		.byte	0x39
 516 01e4 92000000 		.4byte	0x92
 517 01e8 05       		.byte	0x5
 518 01e9 03       		.byte	0x3
 519 01ea 00000000 		.4byte	nextmem
 520 01ee 19       		.uleb128 0x19
 521 01ef 16010000 		.4byte	.LASF15
 522 01f3 01       		.byte	0x1
 523 01f4 3A       		.byte	0x3a
 524 01f5 92000000 		.4byte	0x92
 525 01f9 05       		.byte	0x5
 526 01fa 03       		.byte	0x3
 527 01fb 00000000 		.4byte	endmem
 528 01ff 0B       		.uleb128 0xb
 529 0200 3D000000 		.4byte	.LASF12
 530 0204 01       		.byte	0x1
 531 0205 43       		.byte	0x43
 532 0206 F2000000 		.4byte	0xf2
 533 020a 01       		.byte	0x1
 534 020b 01       		.byte	0x1
 535 020c 0B       		.uleb128 0xb
 536 020d 30000000 		.4byte	.LASF13
 537 0211 01       		.byte	0x1
 538 0212 44       		.byte	0x44
 539 0213 F2000000 		.4byte	0xf2
 540 0217 01       		.byte	0x1
 541 0218 01       		.byte	0x1
 542 0219 00       		.byte	0x0
 543              		.section	.debug_abbrev
 544 0000 01       		.uleb128 0x1
 545 0001 11       		.uleb128 0x11
 546 0002 01       		.byte	0x1
 547 0003 25       		.uleb128 0x25
 548 0004 0E       		.uleb128 0xe
 549 0005 13       		.uleb128 0x13
 550 0006 0B       		.uleb128 0xb
 551 0007 03       		.uleb128 0x3
 552 0008 0E       		.uleb128 0xe
 553 0009 1B       		.uleb128 0x1b
 554 000a 0E       		.uleb128 0xe
 555 000b 11       		.uleb128 0x11
 556 000c 01       		.uleb128 0x1
 557 000d 52       		.uleb128 0x52
 558 000e 01       		.uleb128 0x1
 559 000f 55       		.uleb128 0x55
 560 0010 06       		.uleb128 0x6
 561 0011 10       		.uleb128 0x10
 562 0012 06       		.uleb128 0x6
 563 0013 00       		.byte	0x0
 564 0014 00       		.byte	0x0
ARM GAS  /tmp/cc2MeqOu.s 			page 11


 565 0015 02       		.uleb128 0x2
 566 0016 24       		.uleb128 0x24
 567 0017 00       		.byte	0x0
 568 0018 0B       		.uleb128 0xb
 569 0019 0B       		.uleb128 0xb
 570 001a 3E       		.uleb128 0x3e
 571 001b 0B       		.uleb128 0xb
 572 001c 03       		.uleb128 0x3
 573 001d 08       		.uleb128 0x8
 574 001e 00       		.byte	0x0
 575 001f 00       		.byte	0x0
 576 0020 03       		.uleb128 0x3
 577 0021 16       		.uleb128 0x16
 578 0022 00       		.byte	0x0
 579 0023 03       		.uleb128 0x3
 580 0024 0E       		.uleb128 0xe
 581 0025 3A       		.uleb128 0x3a
 582 0026 0B       		.uleb128 0xb
 583 0027 3B       		.uleb128 0x3b
 584 0028 0B       		.uleb128 0xb
 585 0029 49       		.uleb128 0x49
 586 002a 13       		.uleb128 0x13
 587 002b 00       		.byte	0x0
 588 002c 00       		.byte	0x0
 589 002d 04       		.uleb128 0x4
 590 002e 24       		.uleb128 0x24
 591 002f 00       		.byte	0x0
 592 0030 0B       		.uleb128 0xb
 593 0031 0B       		.uleb128 0xb
 594 0032 3E       		.uleb128 0x3e
 595 0033 0B       		.uleb128 0xb
 596 0034 03       		.uleb128 0x3
 597 0035 0E       		.uleb128 0xe
 598 0036 00       		.byte	0x0
 599 0037 00       		.byte	0x0
 600 0038 05       		.uleb128 0x5
 601 0039 0F       		.uleb128 0xf
 602 003a 00       		.byte	0x0
 603 003b 0B       		.uleb128 0xb
 604 003c 0B       		.uleb128 0xb
 605 003d 00       		.byte	0x0
 606 003e 00       		.byte	0x0
 607 003f 06       		.uleb128 0x6
 608 0040 0F       		.uleb128 0xf
 609 0041 00       		.byte	0x0
 610 0042 0B       		.uleb128 0xb
 611 0043 0B       		.uleb128 0xb
 612 0044 49       		.uleb128 0x49
 613 0045 13       		.uleb128 0x13
 614 0046 00       		.byte	0x0
 615 0047 00       		.byte	0x0
 616 0048 07       		.uleb128 0x7
 617 0049 2E       		.uleb128 0x2e
 618 004a 01       		.byte	0x1
 619 004b 3F       		.uleb128 0x3f
 620 004c 0C       		.uleb128 0xc
 621 004d 03       		.uleb128 0x3
ARM GAS  /tmp/cc2MeqOu.s 			page 12


 622 004e 0E       		.uleb128 0xe
 623 004f 3A       		.uleb128 0x3a
 624 0050 0B       		.uleb128 0xb
 625 0051 3B       		.uleb128 0x3b
 626 0052 0B       		.uleb128 0xb
 627 0053 27       		.uleb128 0x27
 628 0054 0C       		.uleb128 0xc
 629 0055 49       		.uleb128 0x49
 630 0056 13       		.uleb128 0x13
 631 0057 20       		.uleb128 0x20
 632 0058 0B       		.uleb128 0xb
 633 0059 01       		.uleb128 0x1
 634 005a 13       		.uleb128 0x13
 635 005b 00       		.byte	0x0
 636 005c 00       		.byte	0x0
 637 005d 08       		.uleb128 0x8
 638 005e 05       		.uleb128 0x5
 639 005f 00       		.byte	0x0
 640 0060 03       		.uleb128 0x3
 641 0061 0E       		.uleb128 0xe
 642 0062 3A       		.uleb128 0x3a
 643 0063 0B       		.uleb128 0xb
 644 0064 3B       		.uleb128 0x3b
 645 0065 0B       		.uleb128 0xb
 646 0066 49       		.uleb128 0x49
 647 0067 13       		.uleb128 0x13
 648 0068 00       		.byte	0x0
 649 0069 00       		.byte	0x0
 650 006a 09       		.uleb128 0x9
 651 006b 34       		.uleb128 0x34
 652 006c 00       		.byte	0x0
 653 006d 03       		.uleb128 0x3
 654 006e 08       		.uleb128 0x8
 655 006f 3A       		.uleb128 0x3a
 656 0070 0B       		.uleb128 0xb
 657 0071 3B       		.uleb128 0x3b
 658 0072 0B       		.uleb128 0xb
 659 0073 49       		.uleb128 0x49
 660 0074 13       		.uleb128 0x13
 661 0075 00       		.byte	0x0
 662 0076 00       		.byte	0x0
 663 0077 0A       		.uleb128 0xa
 664 0078 2E       		.uleb128 0x2e
 665 0079 01       		.byte	0x1
 666 007a 3F       		.uleb128 0x3f
 667 007b 0C       		.uleb128 0xc
 668 007c 03       		.uleb128 0x3
 669 007d 0E       		.uleb128 0xe
 670 007e 3A       		.uleb128 0x3a
 671 007f 0B       		.uleb128 0xb
 672 0080 3B       		.uleb128 0x3b
 673 0081 0B       		.uleb128 0xb
 674 0082 27       		.uleb128 0x27
 675 0083 0C       		.uleb128 0xc
 676 0084 11       		.uleb128 0x11
 677 0085 01       		.uleb128 0x1
 678 0086 12       		.uleb128 0x12
ARM GAS  /tmp/cc2MeqOu.s 			page 13


 679 0087 01       		.uleb128 0x1
 680 0088 40       		.uleb128 0x40
 681 0089 0A       		.uleb128 0xa
 682 008a 01       		.uleb128 0x1
 683 008b 13       		.uleb128 0x13
 684 008c 00       		.byte	0x0
 685 008d 00       		.byte	0x0
 686 008e 0B       		.uleb128 0xb
 687 008f 34       		.uleb128 0x34
 688 0090 00       		.byte	0x0
 689 0091 03       		.uleb128 0x3
 690 0092 0E       		.uleb128 0xe
 691 0093 3A       		.uleb128 0x3a
 692 0094 0B       		.uleb128 0xb
 693 0095 3B       		.uleb128 0x3b
 694 0096 0B       		.uleb128 0xb
 695 0097 49       		.uleb128 0x49
 696 0098 13       		.uleb128 0x13
 697 0099 3F       		.uleb128 0x3f
 698 009a 0C       		.uleb128 0xc
 699 009b 3C       		.uleb128 0x3c
 700 009c 0C       		.uleb128 0xc
 701 009d 00       		.byte	0x0
 702 009e 00       		.byte	0x0
 703 009f 0C       		.uleb128 0xc
 704 00a0 01       		.uleb128 0x1
 705 00a1 01       		.byte	0x1
 706 00a2 49       		.uleb128 0x49
 707 00a3 13       		.uleb128 0x13
 708 00a4 01       		.uleb128 0x1
 709 00a5 13       		.uleb128 0x13
 710 00a6 00       		.byte	0x0
 711 00a7 00       		.byte	0x0
 712 00a8 0D       		.uleb128 0xd
 713 00a9 21       		.uleb128 0x21
 714 00aa 00       		.byte	0x0
 715 00ab 00       		.byte	0x0
 716 00ac 00       		.byte	0x0
 717 00ad 0E       		.uleb128 0xe
 718 00ae 2E       		.uleb128 0x2e
 719 00af 01       		.byte	0x1
 720 00b0 3F       		.uleb128 0x3f
 721 00b1 0C       		.uleb128 0xc
 722 00b2 03       		.uleb128 0x3
 723 00b3 0E       		.uleb128 0xe
 724 00b4 3A       		.uleb128 0x3a
 725 00b5 0B       		.uleb128 0xb
 726 00b6 3B       		.uleb128 0x3b
 727 00b7 0B       		.uleb128 0xb
 728 00b8 27       		.uleb128 0x27
 729 00b9 0C       		.uleb128 0xc
 730 00ba 49       		.uleb128 0x49
 731 00bb 13       		.uleb128 0x13
 732 00bc 11       		.uleb128 0x11
 733 00bd 01       		.uleb128 0x1
 734 00be 12       		.uleb128 0x12
 735 00bf 01       		.uleb128 0x1
ARM GAS  /tmp/cc2MeqOu.s 			page 14


 736 00c0 40       		.uleb128 0x40
 737 00c1 0A       		.uleb128 0xa
 738 00c2 01       		.uleb128 0x1
 739 00c3 13       		.uleb128 0x13
 740 00c4 00       		.byte	0x0
 741 00c5 00       		.byte	0x0
 742 00c6 0F       		.uleb128 0xf
 743 00c7 05       		.uleb128 0x5
 744 00c8 00       		.byte	0x0
 745 00c9 03       		.uleb128 0x3
 746 00ca 0E       		.uleb128 0xe
 747 00cb 3A       		.uleb128 0x3a
 748 00cc 0B       		.uleb128 0xb
 749 00cd 3B       		.uleb128 0x3b
 750 00ce 0B       		.uleb128 0xb
 751 00cf 49       		.uleb128 0x49
 752 00d0 13       		.uleb128 0x13
 753 00d1 02       		.uleb128 0x2
 754 00d2 06       		.uleb128 0x6
 755 00d3 00       		.byte	0x0
 756 00d4 00       		.byte	0x0
 757 00d5 10       		.uleb128 0x10
 758 00d6 34       		.uleb128 0x34
 759 00d7 00       		.byte	0x0
 760 00d8 03       		.uleb128 0x3
 761 00d9 08       		.uleb128 0x8
 762 00da 3A       		.uleb128 0x3a
 763 00db 0B       		.uleb128 0xb
 764 00dc 3B       		.uleb128 0x3b
 765 00dd 0B       		.uleb128 0xb
 766 00de 49       		.uleb128 0x49
 767 00df 13       		.uleb128 0x13
 768 00e0 02       		.uleb128 0x2
 769 00e1 0A       		.uleb128 0xa
 770 00e2 00       		.byte	0x0
 771 00e3 00       		.byte	0x0
 772 00e4 11       		.uleb128 0x11
 773 00e5 0B       		.uleb128 0xb
 774 00e6 01       		.byte	0x1
 775 00e7 11       		.uleb128 0x11
 776 00e8 01       		.uleb128 0x1
 777 00e9 12       		.uleb128 0x12
 778 00ea 01       		.uleb128 0x1
 779 00eb 01       		.uleb128 0x1
 780 00ec 13       		.uleb128 0x13
 781 00ed 00       		.byte	0x0
 782 00ee 00       		.byte	0x0
 783 00ef 12       		.uleb128 0x12
 784 00f0 34       		.uleb128 0x34
 785 00f1 00       		.byte	0x0
 786 00f2 03       		.uleb128 0x3
 787 00f3 08       		.uleb128 0x8
 788 00f4 3A       		.uleb128 0x3a
 789 00f5 0B       		.uleb128 0xb
 790 00f6 3B       		.uleb128 0x3b
 791 00f7 0B       		.uleb128 0xb
 792 00f8 49       		.uleb128 0x49
ARM GAS  /tmp/cc2MeqOu.s 			page 15


 793 00f9 13       		.uleb128 0x13
 794 00fa 02       		.uleb128 0x2
 795 00fb 06       		.uleb128 0x6
 796 00fc 00       		.byte	0x0
 797 00fd 00       		.byte	0x0
 798 00fe 13       		.uleb128 0x13
 799 00ff 1D       		.uleb128 0x1d
 800 0100 01       		.byte	0x1
 801 0101 31       		.uleb128 0x31
 802 0102 13       		.uleb128 0x13
 803 0103 11       		.uleb128 0x11
 804 0104 01       		.uleb128 0x1
 805 0105 12       		.uleb128 0x12
 806 0106 01       		.uleb128 0x1
 807 0107 58       		.uleb128 0x58
 808 0108 0B       		.uleb128 0xb
 809 0109 59       		.uleb128 0x59
 810 010a 0B       		.uleb128 0xb
 811 010b 01       		.uleb128 0x1
 812 010c 13       		.uleb128 0x13
 813 010d 00       		.byte	0x0
 814 010e 00       		.byte	0x0
 815 010f 14       		.uleb128 0x14
 816 0110 05       		.uleb128 0x5
 817 0111 00       		.byte	0x0
 818 0112 31       		.uleb128 0x31
 819 0113 13       		.uleb128 0x13
 820 0114 02       		.uleb128 0x2
 821 0115 06       		.uleb128 0x6
 822 0116 00       		.byte	0x0
 823 0117 00       		.byte	0x0
 824 0118 15       		.uleb128 0x15
 825 0119 0B       		.uleb128 0xb
 826 011a 01       		.byte	0x1
 827 011b 11       		.uleb128 0x11
 828 011c 01       		.uleb128 0x1
 829 011d 12       		.uleb128 0x12
 830 011e 01       		.uleb128 0x1
 831 011f 00       		.byte	0x0
 832 0120 00       		.byte	0x0
 833 0121 16       		.uleb128 0x16
 834 0122 34       		.uleb128 0x34
 835 0123 00       		.byte	0x0
 836 0124 31       		.uleb128 0x31
 837 0125 13       		.uleb128 0x13
 838 0126 02       		.uleb128 0x2
 839 0127 0A       		.uleb128 0xa
 840 0128 00       		.byte	0x0
 841 0129 00       		.byte	0x0
 842 012a 17       		.uleb128 0x17
 843 012b 2E       		.uleb128 0x2e
 844 012c 01       		.byte	0x1
 845 012d 31       		.uleb128 0x31
 846 012e 13       		.uleb128 0x13
 847 012f 11       		.uleb128 0x11
 848 0130 01       		.uleb128 0x1
 849 0131 12       		.uleb128 0x12
ARM GAS  /tmp/cc2MeqOu.s 			page 16


 850 0132 01       		.uleb128 0x1
 851 0133 40       		.uleb128 0x40
 852 0134 0A       		.uleb128 0xa
 853 0135 01       		.uleb128 0x1
 854 0136 13       		.uleb128 0x13
 855 0137 00       		.byte	0x0
 856 0138 00       		.byte	0x0
 857 0139 18       		.uleb128 0x18
 858 013a 2E       		.uleb128 0x2e
 859 013b 00       		.byte	0x0
 860 013c 3F       		.uleb128 0x3f
 861 013d 0C       		.uleb128 0xc
 862 013e 03       		.uleb128 0x3
 863 013f 0E       		.uleb128 0xe
 864 0140 3A       		.uleb128 0x3a
 865 0141 0B       		.uleb128 0xb
 866 0142 3B       		.uleb128 0x3b
 867 0143 0B       		.uleb128 0xb
 868 0144 27       		.uleb128 0x27
 869 0145 0C       		.uleb128 0xc
 870 0146 49       		.uleb128 0x49
 871 0147 13       		.uleb128 0x13
 872 0148 11       		.uleb128 0x11
 873 0149 01       		.uleb128 0x1
 874 014a 12       		.uleb128 0x12
 875 014b 01       		.uleb128 0x1
 876 014c 40       		.uleb128 0x40
 877 014d 0A       		.uleb128 0xa
 878 014e 00       		.byte	0x0
 879 014f 00       		.byte	0x0
 880 0150 19       		.uleb128 0x19
 881 0151 34       		.uleb128 0x34
 882 0152 00       		.byte	0x0
 883 0153 03       		.uleb128 0x3
 884 0154 0E       		.uleb128 0xe
 885 0155 3A       		.uleb128 0x3a
 886 0156 0B       		.uleb128 0xb
 887 0157 3B       		.uleb128 0x3b
 888 0158 0B       		.uleb128 0xb
 889 0159 49       		.uleb128 0x49
 890 015a 13       		.uleb128 0x13
 891 015b 02       		.uleb128 0x2
 892 015c 0A       		.uleb128 0xa
 893 015d 00       		.byte	0x0
 894 015e 00       		.byte	0x0
 895 015f 00       		.byte	0x0
 896              		.section	.debug_pubnames,"",%progbits
 897 0000 4E000000 		.4byte	0x4e
 898 0004 0200     		.2byte	0x2
 899 0006 00000000 		.4byte	.Ldebug_info0
 900 000a 1A020000 		.4byte	0x21a
 901 000e BF000000 		.4byte	0xbf
 902 0012 636F7265 		.ascii	"core_init\000"
 902      5F696E69 
 902      7400
 903 001c FD000000 		.4byte	0xfd
 904 0020 6368436F 		.ascii	"chCoreAlloc\000"
ARM GAS  /tmp/cc2MeqOu.s 			page 17


 904      7265416C 
 904      6C6F6300 
 905 002c 9C010000 		.4byte	0x19c
 906 0030 6368436F 		.ascii	"chCoreAllocI\000"
 906      7265416C 
 906      6C6F6349 
 906      00
 907 003d C5010000 		.4byte	0x1c5
 908 0041 6368436F 		.ascii	"chCoreStatus\000"
 908      72655374 
 908      61747573 
 908      00
 909 004e 00000000 		.4byte	0x0
 910              		.section	.debug_pubtypes,"",%progbits
 911 0000 32000000 		.4byte	0x32
 912 0004 0200     		.2byte	0x2
 913 0006 00000000 		.4byte	.Ldebug_info0
 914 000a 1A020000 		.4byte	0x21a
 915 000e 30000000 		.4byte	0x30
 916 0012 73697A65 		.ascii	"size_t\000"
 916      5F7400
 917 0019 49000000 		.4byte	0x49
 918 001d 75696E74 		.ascii	"uint8_t\000"
 918      385F7400 
 919 0025 70000000 		.4byte	0x70
 920 0029 75696E74 		.ascii	"uint32_t\000"
 920      33325F74 
 920      00
 921 0032 00000000 		.4byte	0x0
 922              		.section	.debug_aranges,"",%progbits
 923 0000 34000000 		.4byte	0x34
 924 0004 0200     		.2byte	0x2
 925 0006 00000000 		.4byte	.Ldebug_info0
 926 000a 04       		.byte	0x4
 927 000b 00       		.byte	0x0
 928 000c 0000     		.2byte	0x0
 929 000e 0000     		.2byte	0x0
 930 0010 00000000 		.4byte	.LFB7
 931 0014 2C000000 		.4byte	.LFE7-.LFB7
 932 0018 00000000 		.4byte	.LFB8
 933 001c 38000000 		.4byte	.LFE8-.LFB8
 934 0020 00000000 		.4byte	.LFB9
 935 0024 2C000000 		.4byte	.LFE9-.LFB9
 936 0028 00000000 		.4byte	.LFB10
 937 002c 18000000 		.4byte	.LFE10-.LFB10
 938 0030 00000000 		.4byte	0x0
 939 0034 00000000 		.4byte	0x0
 940              		.section	.debug_ranges,"",%progbits
 941              	.Ldebug_ranges0:
 942 0000 00000000 		.4byte	.LFB7
 943 0004 2C000000 		.4byte	.LFE7
 944 0008 00000000 		.4byte	.LFB8
 945 000c 38000000 		.4byte	.LFE8
 946 0010 00000000 		.4byte	.LFB9
 947 0014 2C000000 		.4byte	.LFE9
 948 0018 00000000 		.4byte	.LFB10
 949 001c 18000000 		.4byte	.LFE10
ARM GAS  /tmp/cc2MeqOu.s 			page 18


 950 0020 00000000 		.4byte	0x0
 951 0024 00000000 		.4byte	0x0
 952              		.section	.debug_str,"MS",%progbits,1
 953              	.LASF10:
 954 0000 6C6F6E67 		.ascii	"long long int\000"
 954      206C6F6E 
 954      6720696E 
 954      7400
 955              	.LASF6:
 956 000e 73686F72 		.ascii	"short unsigned int\000"
 956      7420756E 
 956      7369676E 
 956      65642069 
 956      6E7400
 957              	.LASF2:
 958 0021 73697A65 		.ascii	"size_t\000"
 958      5F7400
 959              	.LASF14:
 960 0028 6E657874 		.ascii	"nextmem\000"
 960      6D656D00 
 961              	.LASF13:
 962 0030 5F5F6865 		.ascii	"__heap_end__\000"
 962      61705F65 
 962      6E645F5F 
 962      00
 963              	.LASF12:
 964 003d 5F5F6865 		.ascii	"__heap_base__\000"
 964      61705F62 
 964      6173655F 
 964      5F00
 965              	.LASF18:
 966 004b 2F686F6D 		.ascii	"/home/dan/github/github-projects/Quad-Rotor/QuadRot"
 966      652F6461 
 966      6E2F6769 
 966      74687562 
 966      2F676974 
 967 007e 6F7200   		.ascii	"or\000"
 968              	.LASF9:
 969 0081 6C6F6E67 		.ascii	"long unsigned int\000"
 969      20756E73 
 969      69676E65 
 969      6420696E 
 969      7400
 970              	.LASF11:
 971 0093 6C6F6E67 		.ascii	"long long unsigned int\000"
 971      206C6F6E 
 971      6720756E 
 971      7369676E 
 971      65642069 
 972              	.LASF16:
 973 00aa 474E5520 		.ascii	"GNU C 4.5.1\000"
 973      4320342E 
 973      352E3100 
 974              	.LASF17:
 975 00b6 63686962 		.ascii	"chibios/os/kernel/src/chmemcore.c\000"
 975      696F732F 
 975      6F732F6B 
ARM GAS  /tmp/cc2MeqOu.s 			page 19


 975      65726E65 
 975      6C2F7372 
 976              	.LASF3:
 977 00d8 75696E74 		.ascii	"uint8_t\000"
 977      385F7400 
 978              	.LASF4:
 979 00e0 756E7369 		.ascii	"unsigned char\000"
 979      676E6564 
 979      20636861 
 979      7200
 980              	.LASF22:
 981 00ee 6368436F 		.ascii	"chCoreAlloc\000"
 981      7265416C 
 981      6C6F6300 
 982              	.LASF8:
 983 00fa 75696E74 		.ascii	"uint32_t\000"
 983      33325F74 
 983      00
 984              	.LASF7:
 985 0103 6C6F6E67 		.ascii	"long int\000"
 985      20696E74 
 985      00
 986              	.LASF21:
 987 010c 636F7265 		.ascii	"core_init\000"
 987      5F696E69 
 987      7400
 988              	.LASF15:
 989 0116 656E646D 		.ascii	"endmem\000"
 989      656D00
 990              	.LASF19:
 991 011d 6368436F 		.ascii	"chCoreAllocI\000"
 991      7265416C 
 991      6C6F6349 
 991      00
 992              	.LASF1:
 993 012a 7369676E 		.ascii	"signed char\000"
 993      65642063 
 993      68617200 
 994              	.LASF20:
 995 0136 73697A65 		.ascii	"size\000"
 995      00
 996              	.LASF5:
 997 013b 73686F72 		.ascii	"short int\000"
 997      7420696E 
 997      7400
 998              	.LASF0:
 999 0145 756E7369 		.ascii	"unsigned int\000"
 999      676E6564 
 999      20696E74 
 999      00
 1000              	.LASF23:
 1001 0152 6368436F 		.ascii	"chCoreStatus\000"
 1001      72655374 
 1001      61747573 
 1001      00
 1002              		.ident	"GCC: (GNU) 4.5.1"
ARM GAS  /tmp/cc2MeqOu.s 			page 20


DEFINED SYMBOLS
                            *ABS*:0000000000000000 chmemcore.c
     /tmp/cc2MeqOu.s:24     .text.core_init:0000000000000000 $t
     /tmp/cc2MeqOu.s:30     .text.core_init:0000000000000000 core_init
     /tmp/cc2MeqOu.s:217    .bss.nextmem:0000000000000000 .LANCHOR0
     /tmp/cc2MeqOu.s:210    .bss.endmem:0000000000000000 .LANCHOR1
     /tmp/cc2MeqOu.s:62     .text.core_init:0000000000000028 $d
     /tmp/cc2MeqOu.s:67     .text.chCoreAlloc:0000000000000000 $t
     /tmp/cc2MeqOu.s:73     .text.chCoreAlloc:0000000000000000 chCoreAlloc
     /tmp/cc2MeqOu.s:137    .text.chCoreAllocI:0000000000000000 $t
     /tmp/cc2MeqOu.s:143    .text.chCoreAllocI:0000000000000000 chCoreAllocI
     /tmp/cc2MeqOu.s:182    .text.chCoreStatus:0000000000000000 $t
     /tmp/cc2MeqOu.s:188    .text.chCoreStatus:0000000000000000 chCoreStatus
     /tmp/cc2MeqOu.s:209    .bss.endmem:0000000000000000 $d
     /tmp/cc2MeqOu.s:213    .bss.endmem:0000000000000000 endmem
     /tmp/cc2MeqOu.s:216    .bss.nextmem:0000000000000000 $d
     /tmp/cc2MeqOu.s:220    .bss.nextmem:0000000000000000 nextmem
                     .debug_frame:0000000000000010 $d
     /tmp/cc2MeqOu.s:66     .text.core_init:000000000000002c $t

UNDEFINED SYMBOLS
__heap_end__
__heap_base__
