ARM GAS  /tmp/ccwoh2Eh.s 			page 1


   1              		.syntax unified
   2              		.cpu cortex-m3
   3              		.fpu softvfp
   4              		.eabi_attribute 20, 1
   5              		.eabi_attribute 21, 1
   6              		.eabi_attribute 23, 3
   7              		.eabi_attribute 24, 1
   8              		.eabi_attribute 25, 1
   9              		.eabi_attribute 26, 1
  10              		.eabi_attribute 30, 2
  11              		.eabi_attribute 18, 4
  12              		.thumb
  13              		.file	"chregistry.c"
  14              		.section	.debug_abbrev,"",%progbits
  15              	.Ldebug_abbrev0:
  16              		.section	.debug_info,"",%progbits
  17              	.Ldebug_info0:
  18              		.section	.debug_line,"",%progbits
  19              	.Ldebug_line0:
  20 0000 77010000 		.text
  20      02003901 
  20      00000201 
  20      FB0E0D00 
  20      01010101 
  21              	.Ltext0:
  22              		.cfi_sections	.debug_frame
  23              		.section	.text.chRegFirstThread,"ax",%progbits
  24              		.align	2
  25              		.p2align 4,,15
  26              		.global	chRegFirstThread
  27              		.thumb
  28              		.thumb_func
  29              		.type	chRegFirstThread, %function
  30              	chRegFirstThread:
  31              	.LFB7:
  32              		.file 1 "../../os/kernel/src/chregistry.c"
  33              		.loc 1 71 0
  34              		.cfi_startproc
  35              		@ args = 0, pretend = 0, frame = 0
  36              		@ frame_needed = 0, uses_anonymous_args = 0
  37              		@ link register save eliminated.
  38              	.LBB2:
  39              		.loc 1 74 0
  40 0000 2023     		movs	r3, #32
  41              	.LVL0:
  42              	@ 74 "../../os/kernel/src/chregistry.c" 1
  43 0002 83F31188 		msr     BASEPRI, r3
  44              	@ 0 "" 2
  45              		.thumb
  46              	.LBE2:
  47              		.loc 1 75 0
  48 0006 40F20003 		movw	r3, #:lower16:rlist
  49              	.LVL1:
  50 000a C0F20003 		movt	r3, #:upper16:rlist
  51 000e 1869     		ldr	r0, [r3, #16]
  52              	.LVL2:
  53              	.LBB3:
ARM GAS  /tmp/ccwoh2Eh.s 			page 2


  54              		.loc 1 79 0
  55 0010 0023     		movs	r3, #0
  56              	.LVL3:
  57              	.LBE3:
  58              		.loc 1 77 0
  59 0012 817E     		ldrb	r1, [r0, #26]	@ zero_extendqisi2
  60 0014 4A1C     		adds	r2, r1, #1
  61 0016 8276     		strb	r2, [r0, #26]
  62              	.LBB4:
  63              		.loc 1 79 0
  64              	@ 79 "../../os/kernel/src/chregistry.c" 1
  65 0018 83F31188 		msr     BASEPRI, r3
  66              	@ 0 "" 2
  67              	.LVL4:
  68              		.thumb
  69              	.LBE4:
  70              		.loc 1 81 0
  71 001c 7047     		bx	lr
  72              		.cfi_endproc
  73              	.LFE7:
  74              		.size	chRegFirstThread, .-chRegFirstThread
  75 001e 00BF     		.section	.text.chRegNextThread,"ax",%progbits
  76              		.align	2
  77              		.p2align 4,,15
  78              		.global	chRegNextThread
  79              		.thumb
  80              		.thumb_func
  81              		.type	chRegNextThread, %function
  82              	chRegNextThread:
  83              	.LFB8:
  84              		.loc 1 94 0
  85              		.cfi_startproc
  86              		@ args = 0, pretend = 0, frame = 0
  87              		@ frame_needed = 0, uses_anonymous_args = 0
  88              	.LVL5:
  89 0000 10B5     		push	{r4, lr}
  90              	.LCFI0:
  91              		.cfi_def_cfa_offset 8
  92              	.LBB5:
  93              		.loc 1 97 0
  94 0002 2023     		movs	r3, #32
  95              	.LVL6:
  96              	@ 97 "../../os/kernel/src/chregistry.c" 1
  97 0004 83F31188 		msr     BASEPRI, r3
  98              	@ 0 "" 2
  99              		.thumb
 100              	.LBE5:
 101              		.loc 1 99 0
 102 0008 40F20003 		movw	r3, #:lower16:rlist
 103              	.LVL7:
 104              		.loc 1 98 0
 105 000c 0469     		ldr	r4, [r0, #16]
 106              		.cfi_offset 14, -4
 107              		.cfi_offset 4, -8
 108              	.LVL8:
 109              		.loc 1 99 0
 110 000e C0F20003 		movt	r3, #:upper16:rlist
ARM GAS  /tmp/ccwoh2Eh.s 			page 3


 111 0012 9C42     		cmp	r4, r3
 112 0014 09D0     		beq	.L8
 113              		.loc 1 105 0
 114 0016 A27E     		ldrb	r2, [r4, #26]	@ zero_extendqisi2
 115              	.LBB6:
 116              		.loc 1 108 0
 117 0018 0023     		movs	r3, #0
 118              	.LVL9:
 119              	.LBE6:
 120              		.loc 1 105 0
 121 001a 511C     		adds	r1, r2, #1
 122 001c A176     		strb	r1, [r4, #26]
 123              	.LBB7:
 124              		.loc 1 108 0
 125              	@ 108 "../../os/kernel/src/chregistry.c" 1
 126 001e 83F31188 		msr     BASEPRI, r3
 127              	@ 0 "" 2
 128              		.thumb
 129              	.LBE7:
 130              		.loc 1 110 0
 131 0022 FFF7FEFF 		bl	chThdRelease
 132              	.LVL10:
 133              		.loc 1 113 0
 134 0026 2046     		mov	r0, r4
 135 0028 10BD     		pop	{r4, pc}
 136              	.LVL11:
 137              	.L8:
 138              		.loc 1 99 0
 139 002a 0024     		movs	r4, #0
 140              	.LBB8:
 141              		.loc 1 108 0
 142 002c 0023     		movs	r3, #0
 143              	.LVL12:
 144              	@ 108 "../../os/kernel/src/chregistry.c" 1
 145 002e 83F31188 		msr     BASEPRI, r3
 146              	@ 0 "" 2
 147              		.thumb
 148              	.LBE8:
 149              		.loc 1 110 0
 150 0032 FFF7FEFF 		bl	chThdRelease
 151              	.LVL13:
 152              		.loc 1 113 0
 153 0036 2046     		mov	r0, r4
 154 0038 10BD     		pop	{r4, pc}
 155              		.cfi_endproc
 156              	.LFE8:
 157              		.size	chRegNextThread, .-chRegNextThread
 158 003a 00BFAFF3 		.text
 158      0080
 159              	.Letext0:
 160              		.section	.debug_loc,"",%progbits
 161              	.Ldebug_loc0:
 162              	.LLST1:
 163 0000 10000000 		.4byte	.LVL2
 164 0004 1C000000 		.4byte	.LVL4
 165 0008 0100     		.2byte	0x1
 166 000a 50       		.byte	0x50
ARM GAS  /tmp/ccwoh2Eh.s 			page 4


 167 000b 00000000 		.4byte	0x0
 168 000f 00000000 		.4byte	0x0
 169              	.LLST2:
 170 0013 02000000 		.4byte	.LVL0
 171 0017 0A000000 		.4byte	.LVL1
 172 001b 0100     		.2byte	0x1
 173 001d 53       		.byte	0x53
 174 001e 00000000 		.4byte	0x0
 175 0022 00000000 		.4byte	0x0
 176              	.LLST3:
 177 0026 00000000 		.4byte	.LFB8
 178 002a 02000000 		.4byte	.LCFI0
 179 002e 0100     		.2byte	0x1
 180 0030 5D       		.byte	0x5d
 181 0031 02000000 		.4byte	.LCFI0
 182 0035 3A000000 		.4byte	.LFE8
 183 0039 0200     		.2byte	0x2
 184 003b 7D       		.byte	0x7d
 185 003c 08       		.sleb128 8
 186 003d 00000000 		.4byte	0x0
 187 0041 00000000 		.4byte	0x0
 188              	.LLST4:
 189 0045 00000000 		.4byte	.LVL5
 190 0049 26000000 		.4byte	.LVL10
 191 004d 0100     		.2byte	0x1
 192 004f 50       		.byte	0x50
 193 0050 2A000000 		.4byte	.LVL11
 194 0054 36000000 		.4byte	.LVL13
 195 0058 0100     		.2byte	0x1
 196 005a 50       		.byte	0x50
 197 005b 00000000 		.4byte	0x0
 198 005f 00000000 		.4byte	0x0
 199              	.LLST5:
 200 0063 04000000 		.4byte	.LVL6
 201 0067 0C000000 		.4byte	.LVL7
 202 006b 0100     		.2byte	0x1
 203 006d 53       		.byte	0x53
 204 006e 00000000 		.4byte	0x0
 205 0072 00000000 		.4byte	0x0
 206              	.LLST6:
 207 0076 1A000000 		.4byte	.LVL9
 208 007a 26000000 		.4byte	.LVL10
 209 007e 0100     		.2byte	0x1
 210 0080 53       		.byte	0x53
 211 0081 2E000000 		.4byte	.LVL12
 212 0085 36000000 		.4byte	.LVL13
 213 0089 0100     		.2byte	0x1
 214 008b 53       		.byte	0x53
 215 008c 00000000 		.4byte	0x0
 216 0090 00000000 		.4byte	0x0
 217              		.file 2 "/usr/local/LPCXpresso/tools/bin/../lib/gcc/arm-none-eabi/4.4.1/../../../../arm-none-eabi/
 218              		.file 3 "../../os/ports/GCC/ARMCMx/chtypes.h"
 219              		.file 4 "../../os/kernel/include/chlists.h"
 220              		.file 5 "../../os/kernel/include/chthreads.h"
 221              		.file 6 "../../os/ports/GCC/ARMCMx/chcore.h"
 222              		.file 7 "../../os/ports/GCC/ARMCMx/chcore_v7m.h"
 223              		.file 8 "../../os/kernel/include/chschd.h"
ARM GAS  /tmp/ccwoh2Eh.s 			page 5


 224              		.file 9 "../../os/kernel/include/chmtx.h"
 225              		.section	.debug_info
 226 0000 DA040000 		.4byte	0x4da
 227 0004 0200     		.2byte	0x2
 228 0006 00000000 		.4byte	.Ldebug_abbrev0
 229 000a 04       		.byte	0x4
 230 000b 01       		.uleb128 0x1
 231 000c 2D000000 		.4byte	.LASF61
 232 0010 01       		.byte	0x1
 233 0011 46020000 		.4byte	.LASF62
 234 0015 51000000 		.4byte	.LASF63
 235 0019 00000000 		.4byte	0x0
 236 001d 00000000 		.4byte	0x0
 237 0021 38000000 		.4byte	.Ldebug_ranges0+0x38
 238 0025 00000000 		.4byte	.Ldebug_line0
 239 0029 02       		.uleb128 0x2
 240 002a 04       		.byte	0x4
 241 002b 05       		.byte	0x5
 242 002c 696E7400 		.ascii	"int\000"
 243 0030 03       		.uleb128 0x3
 244 0031 04       		.byte	0x4
 245 0032 07       		.byte	0x7
 246 0033 E5000000 		.4byte	.LASF0
 247 0037 03       		.uleb128 0x3
 248 0038 01       		.byte	0x1
 249 0039 06       		.byte	0x6
 250 003a 8A000000 		.4byte	.LASF1
 251 003e 04       		.uleb128 0x4
 252 003f 7E020000 		.4byte	.LASF5
 253 0043 02       		.byte	0x2
 254 0044 2A       		.byte	0x2a
 255 0045 49000000 		.4byte	0x49
 256 0049 03       		.uleb128 0x3
 257 004a 01       		.byte	0x1
 258 004b 08       		.byte	0x8
 259 004c 97010000 		.4byte	.LASF2
 260 0050 03       		.uleb128 0x3
 261 0051 02       		.byte	0x2
 262 0052 05       		.byte	0x5
 263 0053 AF010000 		.4byte	.LASF3
 264 0057 03       		.uleb128 0x3
 265 0058 02       		.byte	0x2
 266 0059 07       		.byte	0x7
 267 005a 0C010000 		.4byte	.LASF4
 268 005e 04       		.uleb128 0x4
 269 005f 8F010000 		.4byte	.LASF6
 270 0063 02       		.byte	0x2
 271 0064 4F       		.byte	0x4f
 272 0065 69000000 		.4byte	0x69
 273 0069 03       		.uleb128 0x3
 274 006a 04       		.byte	0x4
 275 006b 05       		.byte	0x5
 276 006c A6000000 		.4byte	.LASF7
 277 0070 04       		.uleb128 0x4
 278 0071 F0010000 		.4byte	.LASF8
 279 0075 02       		.byte	0x2
 280 0076 50       		.byte	0x50
ARM GAS  /tmp/ccwoh2Eh.s 			page 6


 281 0077 7B000000 		.4byte	0x7b
 282 007b 03       		.uleb128 0x3
 283 007c 04       		.byte	0x4
 284 007d 07       		.byte	0x7
 285 007e F2000000 		.4byte	.LASF9
 286 0082 03       		.uleb128 0x3
 287 0083 08       		.byte	0x8
 288 0084 05       		.byte	0x5
 289 0085 B8000000 		.4byte	.LASF10
 290 0089 03       		.uleb128 0x3
 291 008a 08       		.byte	0x8
 292 008b 07       		.byte	0x7
 293 008c 0D000000 		.4byte	.LASF11
 294 0090 04       		.uleb128 0x4
 295 0091 25010000 		.4byte	.LASF12
 296 0095 03       		.byte	0x3
 297 0096 2E       		.byte	0x2e
 298 0097 3E000000 		.4byte	0x3e
 299 009b 04       		.uleb128 0x4
 300 009c AF000000 		.4byte	.LASF13
 301 00a0 03       		.byte	0x3
 302 00a1 2F       		.byte	0x2f
 303 00a2 3E000000 		.4byte	0x3e
 304 00a6 04       		.uleb128 0x4
 305 00a7 78010000 		.4byte	.LASF14
 306 00ab 03       		.byte	0x3
 307 00ac 30       		.byte	0x30
 308 00ad 3E000000 		.4byte	0x3e
 309 00b1 04       		.uleb128 0x4
 310 00b2 87010000 		.4byte	.LASF15
 311 00b6 03       		.byte	0x3
 312 00b7 31       		.byte	0x31
 313 00b8 70000000 		.4byte	0x70
 314 00bc 04       		.uleb128 0x4
 315 00bd 1F010000 		.4byte	.LASF16
 316 00c1 03       		.byte	0x3
 317 00c2 32       		.byte	0x32
 318 00c3 5E000000 		.4byte	0x5e
 319 00c7 04       		.uleb128 0x4
 320 00c8 39010000 		.4byte	.LASF17
 321 00cc 03       		.byte	0x3
 322 00cd 34       		.byte	0x34
 323 00ce 70000000 		.4byte	0x70
 324 00d2 04       		.uleb128 0x4
 325 00d3 18020000 		.4byte	.LASF18
 326 00d7 03       		.byte	0x3
 327 00d8 35       		.byte	0x35
 328 00d9 70000000 		.4byte	0x70
 329 00dd 04       		.uleb128 0x4
 330 00de DF000000 		.4byte	.LASF19
 331 00e2 03       		.byte	0x3
 332 00e3 36       		.byte	0x36
 333 00e4 5E000000 		.4byte	0x5e
 334 00e8 04       		.uleb128 0x4
 335 00e9 DE010000 		.4byte	.LASF20
 336 00ed 04       		.byte	0x4
 337 00ee 29       		.byte	0x29
ARM GAS  /tmp/ccwoh2Eh.s 			page 7


 338 00ef F3000000 		.4byte	0xf3
 339 00f3 05       		.uleb128 0x5
 340 00f4 DE010000 		.4byte	.LASF20
 341 00f8 44       		.byte	0x44
 342 00f9 04       		.byte	0x4
 343 00fa 29       		.byte	0x29
 344 00fb FC010000 		.4byte	0x1fc
 345 00ff 06       		.uleb128 0x6
 346 0100 CF010000 		.4byte	.LASF21
 347 0104 05       		.byte	0x5
 348 0105 2F       		.byte	0x2f
 349 0106 21020000 		.4byte	0x221
 350 010a 02       		.byte	0x2
 351 010b 23       		.byte	0x23
 352 010c 00       		.uleb128 0x0
 353 010d 06       		.uleb128 0x6
 354 010e 80010000 		.4byte	.LASF22
 355 0112 05       		.byte	0x5
 356 0113 31       		.byte	0x31
 357 0114 21020000 		.4byte	0x221
 358 0118 02       		.byte	0x2
 359 0119 23       		.byte	0x23
 360 011a 04       		.uleb128 0x4
 361 011b 06       		.uleb128 0x6
 362 011c 4A000000 		.4byte	.LASF23
 363 0120 05       		.byte	0x5
 364 0121 33       		.byte	0x33
 365 0122 B1000000 		.4byte	0xb1
 366 0126 02       		.byte	0x2
 367 0127 23       		.byte	0x23
 368 0128 08       		.uleb128 0x8
 369 0129 06       		.uleb128 0x6
 370 012a 9F020000 		.4byte	.LASF24
 371 012e 05       		.byte	0x5
 372 012f 34       		.byte	0x34
 373 0130 65020000 		.4byte	0x265
 374 0134 02       		.byte	0x2
 375 0135 23       		.byte	0x23
 376 0136 0C       		.uleb128 0xc
 377 0137 06       		.uleb128 0x6
 378 0138 C6000000 		.4byte	.LASF25
 379 013c 05       		.byte	0x5
 380 013d 36       		.byte	0x36
 381 013e 21020000 		.4byte	0x221
 382 0142 02       		.byte	0x2
 383 0143 23       		.byte	0x23
 384 0144 10       		.uleb128 0x10
 385 0145 06       		.uleb128 0x6
 386 0146 4B010000 		.4byte	.LASF26
 387 014a 05       		.byte	0x5
 388 014b 37       		.byte	0x37
 389 014c 21020000 		.4byte	0x221
 390 0150 02       		.byte	0x2
 391 0151 23       		.byte	0x23
 392 0152 14       		.uleb128 0x14
 393 0153 06       		.uleb128 0x6
 394 0154 B9010000 		.4byte	.LASF27
ARM GAS  /tmp/ccwoh2Eh.s 			page 8


 395 0158 05       		.byte	0x5
 396 0159 3D       		.byte	0x3d
 397 015a 9B000000 		.4byte	0x9b
 398 015e 02       		.byte	0x2
 399 015f 23       		.byte	0x23
 400 0160 18       		.uleb128 0x18
 401 0161 06       		.uleb128 0x6
 402 0162 D6010000 		.4byte	.LASF28
 403 0166 05       		.byte	0x5
 404 0167 41       		.byte	0x41
 405 0168 90000000 		.4byte	0x90
 406 016c 02       		.byte	0x2
 407 016d 23       		.byte	0x23
 408 016e 19       		.uleb128 0x19
 409 016f 06       		.uleb128 0x6
 410 0170 67020000 		.4byte	.LASF29
 411 0174 05       		.byte	0x5
 412 0175 46       		.byte	0x46
 413 0176 A6000000 		.4byte	0xa6
 414 017a 02       		.byte	0x2
 415 017b 23       		.byte	0x23
 416 017c 1A       		.uleb128 0x1a
 417 017d 06       		.uleb128 0x6
 418 017e 2D020000 		.4byte	.LASF30
 419 0182 05       		.byte	0x5
 420 0183 53       		.byte	0x53
 421 0184 0D030000 		.4byte	0x30d
 422 0188 02       		.byte	0x2
 423 0189 23       		.byte	0x23
 424 018a 1C       		.uleb128 0x1c
 425 018b 07       		.uleb128 0x7
 426 018c 705F7500 		.ascii	"p_u\000"
 427 0190 05       		.byte	0x5
 428 0191 78       		.byte	0x78
 429 0192 D0030000 		.4byte	0x3d0
 430 0196 02       		.byte	0x2
 431 0197 23       		.byte	0x23
 432 0198 20       		.uleb128 0x20
 433 0199 06       		.uleb128 0x6
 434 019a A5020000 		.4byte	.LASF31
 435 019e 05       		.byte	0x5
 436 019f 7D       		.byte	0x7d
 437 01a0 49020000 		.4byte	0x249
 438 01a4 02       		.byte	0x2
 439 01a5 23       		.byte	0x23
 440 01a6 24       		.uleb128 0x24
 441 01a7 06       		.uleb128 0x6
 442 01a8 3B020000 		.4byte	.LASF32
 443 01ac 05       		.byte	0x5
 444 01ad 83       		.byte	0x83
 445 01ae 27020000 		.4byte	0x227
 446 01b2 02       		.byte	0x2
 447 01b3 23       		.byte	0x23
 448 01b4 28       		.uleb128 0x28
 449 01b5 06       		.uleb128 0x6
 450 01b6 00000000 		.4byte	.LASF33
 451 01ba 05       		.byte	0x5
ARM GAS  /tmp/ccwoh2Eh.s 			page 9


 452 01bb 87       		.byte	0x87
 453 01bc BC000000 		.4byte	0xbc
 454 01c0 02       		.byte	0x2
 455 01c1 23       		.byte	0x23
 456 01c2 30       		.uleb128 0x30
 457 01c3 06       		.uleb128 0x6
 458 01c4 E5010000 		.4byte	.LASF34
 459 01c8 05       		.byte	0x5
 460 01c9 8D       		.byte	0x8d
 461 01ca C7000000 		.4byte	0xc7
 462 01ce 02       		.byte	0x2
 463 01cf 23       		.byte	0x23
 464 01d0 34       		.uleb128 0x34
 465 01d1 06       		.uleb128 0x6
 466 01d2 A5010000 		.4byte	.LASF35
 467 01d6 05       		.byte	0x5
 468 01d7 94       		.byte	0x94
 469 01d8 05040000 		.4byte	0x405
 470 01dc 02       		.byte	0x2
 471 01dd 23       		.byte	0x23
 472 01de 38       		.uleb128 0x38
 473 01df 06       		.uleb128 0x6
 474 01e0 22020000 		.4byte	.LASF36
 475 01e4 05       		.byte	0x5
 476 01e5 98       		.byte	0x98
 477 01e6 B1000000 		.4byte	0xb1
 478 01ea 02       		.byte	0x2
 479 01eb 23       		.byte	0x23
 480 01ec 3C       		.uleb128 0x3c
 481 01ed 06       		.uleb128 0x6
 482 01ee 96000000 		.4byte	.LASF37
 483 01f2 05       		.byte	0x5
 484 01f3 9E       		.byte	0x9e
 485 01f4 63020000 		.4byte	0x263
 486 01f8 02       		.byte	0x2
 487 01f9 23       		.byte	0x23
 488 01fa 40       		.uleb128 0x40
 489 01fb 00       		.byte	0x0
 490 01fc 08       		.uleb128 0x8
 491 01fd 08       		.byte	0x8
 492 01fe 04       		.byte	0x4
 493 01ff 60       		.byte	0x60
 494 0200 21020000 		.4byte	0x221
 495 0204 06       		.uleb128 0x6
 496 0205 CF010000 		.4byte	.LASF21
 497 0209 04       		.byte	0x4
 498 020a 61       		.byte	0x61
 499 020b 21020000 		.4byte	0x221
 500 020f 02       		.byte	0x2
 501 0210 23       		.byte	0x23
 502 0211 00       		.uleb128 0x0
 503 0212 06       		.uleb128 0x6
 504 0213 80010000 		.4byte	.LASF22
 505 0217 04       		.byte	0x4
 506 0218 63       		.byte	0x63
 507 0219 21020000 		.4byte	0x221
 508 021d 02       		.byte	0x2
ARM GAS  /tmp/ccwoh2Eh.s 			page 10


 509 021e 23       		.byte	0x23
 510 021f 04       		.uleb128 0x4
 511 0220 00       		.byte	0x0
 512 0221 09       		.uleb128 0x9
 513 0222 04       		.byte	0x4
 514 0223 E8000000 		.4byte	0xe8
 515 0227 04       		.uleb128 0x4
 516 0228 59010000 		.4byte	.LASF38
 517 022c 04       		.byte	0x4
 518 022d 65       		.byte	0x65
 519 022e FC010000 		.4byte	0x1fc
 520 0232 08       		.uleb128 0x8
 521 0233 04       		.byte	0x4
 522 0234 04       		.byte	0x4
 523 0235 6A       		.byte	0x6a
 524 0236 49020000 		.4byte	0x249
 525 023a 06       		.uleb128 0x6
 526 023b CF010000 		.4byte	.LASF21
 527 023f 04       		.byte	0x4
 528 0240 6C       		.byte	0x6c
 529 0241 21020000 		.4byte	0x221
 530 0245 02       		.byte	0x2
 531 0246 23       		.byte	0x23
 532 0247 00       		.uleb128 0x0
 533 0248 00       		.byte	0x0
 534 0249 04       		.uleb128 0x4
 535 024a 2D010000 		.4byte	.LASF39
 536 024e 04       		.byte	0x4
 537 024f 6F       		.byte	0x6f
 538 0250 32020000 		.4byte	0x232
 539 0254 0A       		.uleb128 0xa
 540 0255 04       		.byte	0x4
 541 0256 07       		.byte	0x7
 542 0257 0B       		.uleb128 0xb
 543 0258 D6000000 		.4byte	.LASF40
 544 025c 06       		.byte	0x6
 545 025d 0F01     		.2byte	0x10f
 546 025f 63020000 		.4byte	0x263
 547 0263 0C       		.uleb128 0xc
 548 0264 04       		.byte	0x4
 549 0265 0D       		.uleb128 0xd
 550 0266 04010000 		.4byte	.LASF41
 551 026a 04       		.byte	0x4
 552 026b 06       		.byte	0x6
 553 026c 2B01     		.2byte	0x12b
 554 026e 82020000 		.4byte	0x282
 555 0272 0E       		.uleb128 0xe
 556 0273 72313300 		.ascii	"r13\000"
 557 0277 06       		.byte	0x6
 558 0278 2C01     		.2byte	0x12c
 559 027a 07030000 		.4byte	0x307
 560 027e 02       		.byte	0x2
 561 027f 23       		.byte	0x23
 562 0280 00       		.uleb128 0x0
 563 0281 00       		.byte	0x0
 564 0282 0D       		.uleb128 0xd
 565 0283 34020000 		.4byte	.LASF42
ARM GAS  /tmp/ccwoh2Eh.s 			page 11


 566 0287 24       		.byte	0x24
 567 0288 06       		.byte	0x6
 568 0289 2C01     		.2byte	0x12c
 569 028b 07030000 		.4byte	0x307
 570 028f 07       		.uleb128 0x7
 571 0290 723400   		.ascii	"r4\000"
 572 0293 07       		.byte	0x7
 573 0294 37       		.byte	0x37
 574 0295 57020000 		.4byte	0x257
 575 0299 02       		.byte	0x2
 576 029a 23       		.byte	0x23
 577 029b 00       		.uleb128 0x0
 578 029c 07       		.uleb128 0x7
 579 029d 723500   		.ascii	"r5\000"
 580 02a0 07       		.byte	0x7
 581 02a1 38       		.byte	0x38
 582 02a2 57020000 		.4byte	0x257
 583 02a6 02       		.byte	0x2
 584 02a7 23       		.byte	0x23
 585 02a8 04       		.uleb128 0x4
 586 02a9 07       		.uleb128 0x7
 587 02aa 723600   		.ascii	"r6\000"
 588 02ad 07       		.byte	0x7
 589 02ae 39       		.byte	0x39
 590 02af 57020000 		.4byte	0x257
 591 02b3 02       		.byte	0x2
 592 02b4 23       		.byte	0x23
 593 02b5 08       		.uleb128 0x8
 594 02b6 07       		.uleb128 0x7
 595 02b7 723700   		.ascii	"r7\000"
 596 02ba 07       		.byte	0x7
 597 02bb 3B       		.byte	0x3b
 598 02bc 57020000 		.4byte	0x257
 599 02c0 02       		.byte	0x2
 600 02c1 23       		.byte	0x23
 601 02c2 0C       		.uleb128 0xc
 602 02c3 07       		.uleb128 0x7
 603 02c4 723800   		.ascii	"r8\000"
 604 02c7 07       		.byte	0x7
 605 02c8 3D       		.byte	0x3d
 606 02c9 57020000 		.4byte	0x257
 607 02cd 02       		.byte	0x2
 608 02ce 23       		.byte	0x23
 609 02cf 10       		.uleb128 0x10
 610 02d0 07       		.uleb128 0x7
 611 02d1 723900   		.ascii	"r9\000"
 612 02d4 07       		.byte	0x7
 613 02d5 3E       		.byte	0x3e
 614 02d6 57020000 		.4byte	0x257
 615 02da 02       		.byte	0x2
 616 02db 23       		.byte	0x23
 617 02dc 14       		.uleb128 0x14
 618 02dd 07       		.uleb128 0x7
 619 02de 72313000 		.ascii	"r10\000"
 620 02e2 07       		.byte	0x7
 621 02e3 3F       		.byte	0x3f
 622 02e4 57020000 		.4byte	0x257
ARM GAS  /tmp/ccwoh2Eh.s 			page 12


 623 02e8 02       		.byte	0x2
 624 02e9 23       		.byte	0x23
 625 02ea 18       		.uleb128 0x18
 626 02eb 07       		.uleb128 0x7
 627 02ec 72313100 		.ascii	"r11\000"
 628 02f0 07       		.byte	0x7
 629 02f1 40       		.byte	0x40
 630 02f2 57020000 		.4byte	0x257
 631 02f6 02       		.byte	0x2
 632 02f7 23       		.byte	0x23
 633 02f8 1C       		.uleb128 0x1c
 634 02f9 07       		.uleb128 0x7
 635 02fa 6C7200   		.ascii	"lr\000"
 636 02fd 07       		.byte	0x7
 637 02fe 41       		.byte	0x41
 638 02ff 57020000 		.4byte	0x257
 639 0303 02       		.byte	0x2
 640 0304 23       		.byte	0x23
 641 0305 20       		.uleb128 0x20
 642 0306 00       		.byte	0x0
 643 0307 09       		.uleb128 0x9
 644 0308 04       		.byte	0x4
 645 0309 82020000 		.4byte	0x282
 646 030d 0F       		.uleb128 0xf
 647 030e D2000000 		.4byte	0xd2
 648 0312 08       		.uleb128 0x8
 649 0313 20       		.byte	0x20
 650 0314 08       		.byte	0x8
 651 0315 4F       		.byte	0x4f
 652 0316 7D030000 		.4byte	0x37d
 653 031a 06       		.uleb128 0x6
 654 031b F9010000 		.4byte	.LASF43
 655 031f 08       		.byte	0x8
 656 0320 50       		.byte	0x50
 657 0321 27020000 		.4byte	0x227
 658 0325 02       		.byte	0x2
 659 0326 23       		.byte	0x23
 660 0327 00       		.uleb128 0x0
 661 0328 06       		.uleb128 0x6
 662 0329 C1010000 		.4byte	.LASF44
 663 032d 08       		.byte	0x8
 664 032e 51       		.byte	0x51
 665 032f B1000000 		.4byte	0xb1
 666 0333 02       		.byte	0x2
 667 0334 23       		.byte	0x23
 668 0335 08       		.uleb128 0x8
 669 0336 06       		.uleb128 0x6
 670 0337 53010000 		.4byte	.LASF45
 671 033b 08       		.byte	0x8
 672 033c 53       		.byte	0x53
 673 033d 65020000 		.4byte	0x265
 674 0341 02       		.byte	0x2
 675 0342 23       		.byte	0x23
 676 0343 0C       		.uleb128 0xc
 677 0344 06       		.uleb128 0x6
 678 0345 CE000000 		.4byte	.LASF46
 679 0349 08       		.byte	0x8
ARM GAS  /tmp/ccwoh2Eh.s 			page 13


 680 034a 56       		.byte	0x56
 681 034b 21020000 		.4byte	0x221
 682 034f 02       		.byte	0x2
 683 0350 23       		.byte	0x23
 684 0351 10       		.uleb128 0x10
 685 0352 06       		.uleb128 0x6
 686 0353 70010000 		.4byte	.LASF47
 687 0357 08       		.byte	0x8
 688 0358 57       		.byte	0x57
 689 0359 21020000 		.4byte	0x221
 690 035d 02       		.byte	0x2
 691 035e 23       		.byte	0x23
 692 035f 14       		.uleb128 0x14
 693 0360 06       		.uleb128 0x6
 694 0361 8D020000 		.4byte	.LASF48
 695 0365 08       		.byte	0x8
 696 0366 5B       		.byte	0x5b
 697 0367 DD000000 		.4byte	0xdd
 698 036b 02       		.byte	0x2
 699 036c 23       		.byte	0x23
 700 036d 18       		.uleb128 0x18
 701 036e 06       		.uleb128 0x6
 702 036f 66010000 		.4byte	.LASF49
 703 0373 08       		.byte	0x8
 704 0374 5E       		.byte	0x5e
 705 0375 21020000 		.4byte	0x221
 706 0379 02       		.byte	0x2
 707 037a 23       		.byte	0x23
 708 037b 1C       		.uleb128 0x1c
 709 037c 00       		.byte	0x0
 710 037d 04       		.uleb128 0x4
 711 037e 6E020000 		.4byte	.LASF50
 712 0382 08       		.byte	0x8
 713 0383 61       		.byte	0x61
 714 0384 12030000 		.4byte	0x312
 715 0388 05       		.uleb128 0x5
 716 0389 45010000 		.4byte	.LASF51
 717 038d 10       		.byte	0x10
 718 038e 09       		.byte	0x9
 719 038f 2B       		.byte	0x2b
 720 0390 BF030000 		.4byte	0x3bf
 721 0394 06       		.uleb128 0x6
 722 0395 9E000000 		.4byte	.LASF52
 723 0399 09       		.byte	0x9
 724 039a 2C       		.byte	0x2c
 725 039b 27020000 		.4byte	0x227
 726 039f 02       		.byte	0x2
 727 03a0 23       		.byte	0x23
 728 03a1 00       		.uleb128 0x0
 729 03a2 06       		.uleb128 0x6
 730 03a3 97020000 		.4byte	.LASF53
 731 03a7 09       		.byte	0x9
 732 03a8 2E       		.byte	0x2e
 733 03a9 21020000 		.4byte	0x221
 734 03ad 02       		.byte	0x2
 735 03ae 23       		.byte	0x23
 736 03af 08       		.uleb128 0x8
ARM GAS  /tmp/ccwoh2Eh.s 			page 14


 737 03b0 06       		.uleb128 0x6
 738 03b1 11020000 		.4byte	.LASF54
 739 03b5 09       		.byte	0x9
 740 03b6 30       		.byte	0x30
 741 03b7 BF030000 		.4byte	0x3bf
 742 03bb 02       		.byte	0x2
 743 03bc 23       		.byte	0x23
 744 03bd 0C       		.uleb128 0xc
 745 03be 00       		.byte	0x0
 746 03bf 09       		.uleb128 0x9
 747 03c0 04       		.byte	0x4
 748 03c1 88030000 		.4byte	0x388
 749 03c5 04       		.uleb128 0x4
 750 03c6 45010000 		.4byte	.LASF51
 751 03ca 09       		.byte	0x9
 752 03cb 32       		.byte	0x32
 753 03cc 88030000 		.4byte	0x388
 754 03d0 10       		.uleb128 0x10
 755 03d1 04       		.byte	0x4
 756 03d2 05       		.byte	0x5
 757 03d3 5A       		.byte	0x5a
 758 03d4 05040000 		.4byte	0x405
 759 03d8 11       		.uleb128 0x11
 760 03d9 06000000 		.4byte	.LASF55
 761 03dd 05       		.byte	0x5
 762 03de 61       		.byte	0x61
 763 03df BC000000 		.4byte	0xbc
 764 03e3 11       		.uleb128 0x11
 765 03e4 24000000 		.4byte	.LASF56
 766 03e8 05       		.byte	0x5
 767 03e9 68       		.byte	0x68
 768 03ea BC000000 		.4byte	0xbc
 769 03ee 11       		.uleb128 0x11
 770 03ef 86020000 		.4byte	.LASF57
 771 03f3 05       		.byte	0x5
 772 03f4 6F       		.byte	0x6f
 773 03f5 63020000 		.4byte	0x263
 774 03f9 11       		.uleb128 0x11
 775 03fa C8010000 		.4byte	.LASF58
 776 03fe 05       		.byte	0x5
 777 03ff 76       		.byte	0x76
 778 0400 C7000000 		.4byte	0xc7
 779 0404 00       		.byte	0x0
 780 0405 09       		.uleb128 0x9
 781 0406 04       		.byte	0x4
 782 0407 C5030000 		.4byte	0x3c5
 783 040b 12       		.uleb128 0x12
 784 040c 01       		.byte	0x1
 785 040d 39000000 		.4byte	.LASF59
 786 0411 01       		.byte	0x1
 787 0412 47       		.byte	0x47
 788 0413 01       		.byte	0x1
 789 0414 21020000 		.4byte	0x221
 790 0418 00000000 		.4byte	.LFB7
 791 041c 1E000000 		.4byte	.LFE7
 792 0420 01       		.byte	0x1
 793 0421 5D       		.byte	0x5d
ARM GAS  /tmp/ccwoh2Eh.s 			page 15


 794 0422 65040000 		.4byte	0x465
 795 0426 13       		.uleb128 0x13
 796 0427 747000   		.ascii	"tp\000"
 797 042a 01       		.byte	0x1
 798 042b 48       		.byte	0x48
 799 042c 21020000 		.4byte	0x221
 800 0430 00000000 		.4byte	.LLST1
 801 0434 14       		.uleb128 0x14
 802 0435 00000000 		.4byte	.LBB2
 803 0439 06000000 		.4byte	.LBE2
 804 043d 51040000 		.4byte	0x451
 805 0441 13       		.uleb128 0x13
 806 0442 746D7000 		.ascii	"tmp\000"
 807 0446 01       		.byte	0x1
 808 0447 4A       		.byte	0x4a
 809 0448 70000000 		.4byte	0x70
 810 044c 13000000 		.4byte	.LLST2
 811 0450 00       		.byte	0x0
 812 0451 15       		.uleb128 0x15
 813 0452 00000000 		.4byte	.Ldebug_ranges0+0x0
 814 0456 16       		.uleb128 0x16
 815 0457 746D7000 		.ascii	"tmp\000"
 816 045b 01       		.byte	0x1
 817 045c 4F       		.byte	0x4f
 818 045d 70000000 		.4byte	0x70
 819 0461 01       		.byte	0x1
 820 0462 53       		.byte	0x53
 821 0463 00       		.byte	0x0
 822 0464 00       		.byte	0x0
 823 0465 17       		.uleb128 0x17
 824 0466 01       		.byte	0x1
 825 0467 01020000 		.4byte	.LASF60
 826 046b 01       		.byte	0x1
 827 046c 5E       		.byte	0x5e
 828 046d 01       		.byte	0x1
 829 046e 21020000 		.4byte	0x221
 830 0472 00000000 		.4byte	.LFB8
 831 0476 3A000000 		.4byte	.LFE8
 832 047a 26000000 		.4byte	.LLST3
 833 047e D0040000 		.4byte	0x4d0
 834 0482 18       		.uleb128 0x18
 835 0483 747000   		.ascii	"tp\000"
 836 0486 01       		.byte	0x1
 837 0487 5E       		.byte	0x5e
 838 0488 21020000 		.4byte	0x221
 839 048c 45000000 		.4byte	.LLST4
 840 0490 16       		.uleb128 0x16
 841 0491 6E747000 		.ascii	"ntp\000"
 842 0495 01       		.byte	0x1
 843 0496 5F       		.byte	0x5f
 844 0497 21020000 		.4byte	0x221
 845 049b 01       		.byte	0x1
 846 049c 54       		.byte	0x54
 847 049d 14       		.uleb128 0x14
 848 049e 02000000 		.4byte	.LBB5
 849 04a2 08000000 		.4byte	.LBE5
 850 04a6 BA040000 		.4byte	0x4ba
ARM GAS  /tmp/ccwoh2Eh.s 			page 16


 851 04aa 13       		.uleb128 0x13
 852 04ab 746D7000 		.ascii	"tmp\000"
 853 04af 01       		.byte	0x1
 854 04b0 61       		.byte	0x61
 855 04b1 70000000 		.4byte	0x70
 856 04b5 63000000 		.4byte	.LLST5
 857 04b9 00       		.byte	0x0
 858 04ba 15       		.uleb128 0x15
 859 04bb 18000000 		.4byte	.Ldebug_ranges0+0x18
 860 04bf 13       		.uleb128 0x13
 861 04c0 746D7000 		.ascii	"tmp\000"
 862 04c4 01       		.byte	0x1
 863 04c5 6C       		.byte	0x6c
 864 04c6 70000000 		.4byte	0x70
 865 04ca 76000000 		.4byte	.LLST6
 866 04ce 00       		.byte	0x0
 867 04cf 00       		.byte	0x0
 868 04d0 19       		.uleb128 0x19
 869 04d1 78020000 		.4byte	.LASF64
 870 04d5 08       		.byte	0x8
 871 04d6 65       		.byte	0x65
 872 04d7 7D030000 		.4byte	0x37d
 873 04db 01       		.byte	0x1
 874 04dc 01       		.byte	0x1
 875 04dd 00       		.byte	0x0
 876              		.section	.debug_abbrev
 877 0000 01       		.uleb128 0x1
 878 0001 11       		.uleb128 0x11
 879 0002 01       		.byte	0x1
 880 0003 25       		.uleb128 0x25
 881 0004 0E       		.uleb128 0xe
 882 0005 13       		.uleb128 0x13
 883 0006 0B       		.uleb128 0xb
 884 0007 03       		.uleb128 0x3
 885 0008 0E       		.uleb128 0xe
 886 0009 1B       		.uleb128 0x1b
 887 000a 0E       		.uleb128 0xe
 888 000b 11       		.uleb128 0x11
 889 000c 01       		.uleb128 0x1
 890 000d 52       		.uleb128 0x52
 891 000e 01       		.uleb128 0x1
 892 000f 55       		.uleb128 0x55
 893 0010 06       		.uleb128 0x6
 894 0011 10       		.uleb128 0x10
 895 0012 06       		.uleb128 0x6
 896 0013 00       		.byte	0x0
 897 0014 00       		.byte	0x0
 898 0015 02       		.uleb128 0x2
 899 0016 24       		.uleb128 0x24
 900 0017 00       		.byte	0x0
 901 0018 0B       		.uleb128 0xb
 902 0019 0B       		.uleb128 0xb
 903 001a 3E       		.uleb128 0x3e
 904 001b 0B       		.uleb128 0xb
 905 001c 03       		.uleb128 0x3
 906 001d 08       		.uleb128 0x8
 907 001e 00       		.byte	0x0
ARM GAS  /tmp/ccwoh2Eh.s 			page 17


 908 001f 00       		.byte	0x0
 909 0020 03       		.uleb128 0x3
 910 0021 24       		.uleb128 0x24
 911 0022 00       		.byte	0x0
 912 0023 0B       		.uleb128 0xb
 913 0024 0B       		.uleb128 0xb
 914 0025 3E       		.uleb128 0x3e
 915 0026 0B       		.uleb128 0xb
 916 0027 03       		.uleb128 0x3
 917 0028 0E       		.uleb128 0xe
 918 0029 00       		.byte	0x0
 919 002a 00       		.byte	0x0
 920 002b 04       		.uleb128 0x4
 921 002c 16       		.uleb128 0x16
 922 002d 00       		.byte	0x0
 923 002e 03       		.uleb128 0x3
 924 002f 0E       		.uleb128 0xe
 925 0030 3A       		.uleb128 0x3a
 926 0031 0B       		.uleb128 0xb
 927 0032 3B       		.uleb128 0x3b
 928 0033 0B       		.uleb128 0xb
 929 0034 49       		.uleb128 0x49
 930 0035 13       		.uleb128 0x13
 931 0036 00       		.byte	0x0
 932 0037 00       		.byte	0x0
 933 0038 05       		.uleb128 0x5
 934 0039 13       		.uleb128 0x13
 935 003a 01       		.byte	0x1
 936 003b 03       		.uleb128 0x3
 937 003c 0E       		.uleb128 0xe
 938 003d 0B       		.uleb128 0xb
 939 003e 0B       		.uleb128 0xb
 940 003f 3A       		.uleb128 0x3a
 941 0040 0B       		.uleb128 0xb
 942 0041 3B       		.uleb128 0x3b
 943 0042 0B       		.uleb128 0xb
 944 0043 01       		.uleb128 0x1
 945 0044 13       		.uleb128 0x13
 946 0045 00       		.byte	0x0
 947 0046 00       		.byte	0x0
 948 0047 06       		.uleb128 0x6
 949 0048 0D       		.uleb128 0xd
 950 0049 00       		.byte	0x0
 951 004a 03       		.uleb128 0x3
 952 004b 0E       		.uleb128 0xe
 953 004c 3A       		.uleb128 0x3a
 954 004d 0B       		.uleb128 0xb
 955 004e 3B       		.uleb128 0x3b
 956 004f 0B       		.uleb128 0xb
 957 0050 49       		.uleb128 0x49
 958 0051 13       		.uleb128 0x13
 959 0052 38       		.uleb128 0x38
 960 0053 0A       		.uleb128 0xa
 961 0054 00       		.byte	0x0
 962 0055 00       		.byte	0x0
 963 0056 07       		.uleb128 0x7
 964 0057 0D       		.uleb128 0xd
ARM GAS  /tmp/ccwoh2Eh.s 			page 18


 965 0058 00       		.byte	0x0
 966 0059 03       		.uleb128 0x3
 967 005a 08       		.uleb128 0x8
 968 005b 3A       		.uleb128 0x3a
 969 005c 0B       		.uleb128 0xb
 970 005d 3B       		.uleb128 0x3b
 971 005e 0B       		.uleb128 0xb
 972 005f 49       		.uleb128 0x49
 973 0060 13       		.uleb128 0x13
 974 0061 38       		.uleb128 0x38
 975 0062 0A       		.uleb128 0xa
 976 0063 00       		.byte	0x0
 977 0064 00       		.byte	0x0
 978 0065 08       		.uleb128 0x8
 979 0066 13       		.uleb128 0x13
 980 0067 01       		.byte	0x1
 981 0068 0B       		.uleb128 0xb
 982 0069 0B       		.uleb128 0xb
 983 006a 3A       		.uleb128 0x3a
 984 006b 0B       		.uleb128 0xb
 985 006c 3B       		.uleb128 0x3b
 986 006d 0B       		.uleb128 0xb
 987 006e 01       		.uleb128 0x1
 988 006f 13       		.uleb128 0x13
 989 0070 00       		.byte	0x0
 990 0071 00       		.byte	0x0
 991 0072 09       		.uleb128 0x9
 992 0073 0F       		.uleb128 0xf
 993 0074 00       		.byte	0x0
 994 0075 0B       		.uleb128 0xb
 995 0076 0B       		.uleb128 0xb
 996 0077 49       		.uleb128 0x49
 997 0078 13       		.uleb128 0x13
 998 0079 00       		.byte	0x0
 999 007a 00       		.byte	0x0
 1000 007b 0A       		.uleb128 0xa
 1001 007c 24       		.uleb128 0x24
 1002 007d 00       		.byte	0x0
 1003 007e 0B       		.uleb128 0xb
 1004 007f 0B       		.uleb128 0xb
 1005 0080 3E       		.uleb128 0x3e
 1006 0081 0B       		.uleb128 0xb
 1007 0082 00       		.byte	0x0
 1008 0083 00       		.byte	0x0
 1009 0084 0B       		.uleb128 0xb
 1010 0085 16       		.uleb128 0x16
 1011 0086 00       		.byte	0x0
 1012 0087 03       		.uleb128 0x3
 1013 0088 0E       		.uleb128 0xe
 1014 0089 3A       		.uleb128 0x3a
 1015 008a 0B       		.uleb128 0xb
 1016 008b 3B       		.uleb128 0x3b
 1017 008c 05       		.uleb128 0x5
 1018 008d 49       		.uleb128 0x49
 1019 008e 13       		.uleb128 0x13
 1020 008f 00       		.byte	0x0
 1021 0090 00       		.byte	0x0
ARM GAS  /tmp/ccwoh2Eh.s 			page 19


 1022 0091 0C       		.uleb128 0xc
 1023 0092 0F       		.uleb128 0xf
 1024 0093 00       		.byte	0x0
 1025 0094 0B       		.uleb128 0xb
 1026 0095 0B       		.uleb128 0xb
 1027 0096 00       		.byte	0x0
 1028 0097 00       		.byte	0x0
 1029 0098 0D       		.uleb128 0xd
 1030 0099 13       		.uleb128 0x13
 1031 009a 01       		.byte	0x1
 1032 009b 03       		.uleb128 0x3
 1033 009c 0E       		.uleb128 0xe
 1034 009d 0B       		.uleb128 0xb
 1035 009e 0B       		.uleb128 0xb
 1036 009f 3A       		.uleb128 0x3a
 1037 00a0 0B       		.uleb128 0xb
 1038 00a1 3B       		.uleb128 0x3b
 1039 00a2 05       		.uleb128 0x5
 1040 00a3 01       		.uleb128 0x1
 1041 00a4 13       		.uleb128 0x13
 1042 00a5 00       		.byte	0x0
 1043 00a6 00       		.byte	0x0
 1044 00a7 0E       		.uleb128 0xe
 1045 00a8 0D       		.uleb128 0xd
 1046 00a9 00       		.byte	0x0
 1047 00aa 03       		.uleb128 0x3
 1048 00ab 08       		.uleb128 0x8
 1049 00ac 3A       		.uleb128 0x3a
 1050 00ad 0B       		.uleb128 0xb
 1051 00ae 3B       		.uleb128 0x3b
 1052 00af 05       		.uleb128 0x5
 1053 00b0 49       		.uleb128 0x49
 1054 00b1 13       		.uleb128 0x13
 1055 00b2 38       		.uleb128 0x38
 1056 00b3 0A       		.uleb128 0xa
 1057 00b4 00       		.byte	0x0
 1058 00b5 00       		.byte	0x0
 1059 00b6 0F       		.uleb128 0xf
 1060 00b7 35       		.uleb128 0x35
 1061 00b8 00       		.byte	0x0
 1062 00b9 49       		.uleb128 0x49
 1063 00ba 13       		.uleb128 0x13
 1064 00bb 00       		.byte	0x0
 1065 00bc 00       		.byte	0x0
 1066 00bd 10       		.uleb128 0x10
 1067 00be 17       		.uleb128 0x17
 1068 00bf 01       		.byte	0x1
 1069 00c0 0B       		.uleb128 0xb
 1070 00c1 0B       		.uleb128 0xb
 1071 00c2 3A       		.uleb128 0x3a
 1072 00c3 0B       		.uleb128 0xb
 1073 00c4 3B       		.uleb128 0x3b
 1074 00c5 0B       		.uleb128 0xb
 1075 00c6 01       		.uleb128 0x1
 1076 00c7 13       		.uleb128 0x13
 1077 00c8 00       		.byte	0x0
 1078 00c9 00       		.byte	0x0
ARM GAS  /tmp/ccwoh2Eh.s 			page 20


 1079 00ca 11       		.uleb128 0x11
 1080 00cb 0D       		.uleb128 0xd
 1081 00cc 00       		.byte	0x0
 1082 00cd 03       		.uleb128 0x3
 1083 00ce 0E       		.uleb128 0xe
 1084 00cf 3A       		.uleb128 0x3a
 1085 00d0 0B       		.uleb128 0xb
 1086 00d1 3B       		.uleb128 0x3b
 1087 00d2 0B       		.uleb128 0xb
 1088 00d3 49       		.uleb128 0x49
 1089 00d4 13       		.uleb128 0x13
 1090 00d5 00       		.byte	0x0
 1091 00d6 00       		.byte	0x0
 1092 00d7 12       		.uleb128 0x12
 1093 00d8 2E       		.uleb128 0x2e
 1094 00d9 01       		.byte	0x1
 1095 00da 3F       		.uleb128 0x3f
 1096 00db 0C       		.uleb128 0xc
 1097 00dc 03       		.uleb128 0x3
 1098 00dd 0E       		.uleb128 0xe
 1099 00de 3A       		.uleb128 0x3a
 1100 00df 0B       		.uleb128 0xb
 1101 00e0 3B       		.uleb128 0x3b
 1102 00e1 0B       		.uleb128 0xb
 1103 00e2 27       		.uleb128 0x27
 1104 00e3 0C       		.uleb128 0xc
 1105 00e4 49       		.uleb128 0x49
 1106 00e5 13       		.uleb128 0x13
 1107 00e6 11       		.uleb128 0x11
 1108 00e7 01       		.uleb128 0x1
 1109 00e8 12       		.uleb128 0x12
 1110 00e9 01       		.uleb128 0x1
 1111 00ea 40       		.uleb128 0x40
 1112 00eb 0A       		.uleb128 0xa
 1113 00ec 01       		.uleb128 0x1
 1114 00ed 13       		.uleb128 0x13
 1115 00ee 00       		.byte	0x0
 1116 00ef 00       		.byte	0x0
 1117 00f0 13       		.uleb128 0x13
 1118 00f1 34       		.uleb128 0x34
 1119 00f2 00       		.byte	0x0
 1120 00f3 03       		.uleb128 0x3
 1121 00f4 08       		.uleb128 0x8
 1122 00f5 3A       		.uleb128 0x3a
 1123 00f6 0B       		.uleb128 0xb
 1124 00f7 3B       		.uleb128 0x3b
 1125 00f8 0B       		.uleb128 0xb
 1126 00f9 49       		.uleb128 0x49
 1127 00fa 13       		.uleb128 0x13
 1128 00fb 02       		.uleb128 0x2
 1129 00fc 06       		.uleb128 0x6
 1130 00fd 00       		.byte	0x0
 1131 00fe 00       		.byte	0x0
 1132 00ff 14       		.uleb128 0x14
 1133 0100 0B       		.uleb128 0xb
 1134 0101 01       		.byte	0x1
 1135 0102 11       		.uleb128 0x11
ARM GAS  /tmp/ccwoh2Eh.s 			page 21


 1136 0103 01       		.uleb128 0x1
 1137 0104 12       		.uleb128 0x12
 1138 0105 01       		.uleb128 0x1
 1139 0106 01       		.uleb128 0x1
 1140 0107 13       		.uleb128 0x13
 1141 0108 00       		.byte	0x0
 1142 0109 00       		.byte	0x0
 1143 010a 15       		.uleb128 0x15
 1144 010b 0B       		.uleb128 0xb
 1145 010c 01       		.byte	0x1
 1146 010d 55       		.uleb128 0x55
 1147 010e 06       		.uleb128 0x6
 1148 010f 00       		.byte	0x0
 1149 0110 00       		.byte	0x0
 1150 0111 16       		.uleb128 0x16
 1151 0112 34       		.uleb128 0x34
 1152 0113 00       		.byte	0x0
 1153 0114 03       		.uleb128 0x3
 1154 0115 08       		.uleb128 0x8
 1155 0116 3A       		.uleb128 0x3a
 1156 0117 0B       		.uleb128 0xb
 1157 0118 3B       		.uleb128 0x3b
 1158 0119 0B       		.uleb128 0xb
 1159 011a 49       		.uleb128 0x49
 1160 011b 13       		.uleb128 0x13
 1161 011c 02       		.uleb128 0x2
 1162 011d 0A       		.uleb128 0xa
 1163 011e 00       		.byte	0x0
 1164 011f 00       		.byte	0x0
 1165 0120 17       		.uleb128 0x17
 1166 0121 2E       		.uleb128 0x2e
 1167 0122 01       		.byte	0x1
 1168 0123 3F       		.uleb128 0x3f
 1169 0124 0C       		.uleb128 0xc
 1170 0125 03       		.uleb128 0x3
 1171 0126 0E       		.uleb128 0xe
 1172 0127 3A       		.uleb128 0x3a
 1173 0128 0B       		.uleb128 0xb
 1174 0129 3B       		.uleb128 0x3b
 1175 012a 0B       		.uleb128 0xb
 1176 012b 27       		.uleb128 0x27
 1177 012c 0C       		.uleb128 0xc
 1178 012d 49       		.uleb128 0x49
 1179 012e 13       		.uleb128 0x13
 1180 012f 11       		.uleb128 0x11
 1181 0130 01       		.uleb128 0x1
 1182 0131 12       		.uleb128 0x12
 1183 0132 01       		.uleb128 0x1
 1184 0133 40       		.uleb128 0x40
 1185 0134 06       		.uleb128 0x6
 1186 0135 01       		.uleb128 0x1
 1187 0136 13       		.uleb128 0x13
 1188 0137 00       		.byte	0x0
 1189 0138 00       		.byte	0x0
 1190 0139 18       		.uleb128 0x18
 1191 013a 05       		.uleb128 0x5
 1192 013b 00       		.byte	0x0
ARM GAS  /tmp/ccwoh2Eh.s 			page 22


 1193 013c 03       		.uleb128 0x3
 1194 013d 08       		.uleb128 0x8
 1195 013e 3A       		.uleb128 0x3a
 1196 013f 0B       		.uleb128 0xb
 1197 0140 3B       		.uleb128 0x3b
 1198 0141 0B       		.uleb128 0xb
 1199 0142 49       		.uleb128 0x49
 1200 0143 13       		.uleb128 0x13
 1201 0144 02       		.uleb128 0x2
 1202 0145 06       		.uleb128 0x6
 1203 0146 00       		.byte	0x0
 1204 0147 00       		.byte	0x0
 1205 0148 19       		.uleb128 0x19
 1206 0149 34       		.uleb128 0x34
 1207 014a 00       		.byte	0x0
 1208 014b 03       		.uleb128 0x3
 1209 014c 0E       		.uleb128 0xe
 1210 014d 3A       		.uleb128 0x3a
 1211 014e 0B       		.uleb128 0xb
 1212 014f 3B       		.uleb128 0x3b
 1213 0150 0B       		.uleb128 0xb
 1214 0151 49       		.uleb128 0x49
 1215 0152 13       		.uleb128 0x13
 1216 0153 3F       		.uleb128 0x3f
 1217 0154 0C       		.uleb128 0xc
 1218 0155 3C       		.uleb128 0x3c
 1219 0156 0C       		.uleb128 0xc
 1220 0157 00       		.byte	0x0
 1221 0158 00       		.byte	0x0
 1222 0159 00       		.byte	0x0
 1223              		.section	.debug_pubnames,"",%progbits
 1224 0000 37000000 		.4byte	0x37
 1225 0004 0200     		.2byte	0x2
 1226 0006 00000000 		.4byte	.Ldebug_info0
 1227 000a DE040000 		.4byte	0x4de
 1228 000e 0B040000 		.4byte	0x40b
 1229 0012 63685265 		.ascii	"chRegFirstThread\000"
 1229      67466972 
 1229      73745468 
 1229      72656164 
 1229      00
 1230 0023 65040000 		.4byte	0x465
 1231 0027 63685265 		.ascii	"chRegNextThread\000"
 1231      674E6578 
 1231      74546872 
 1231      65616400 
 1232 0037 00000000 		.4byte	0x0
 1233              		.section	.debug_aranges,"",%progbits
 1234 0000 24000000 		.4byte	0x24
 1235 0004 0200     		.2byte	0x2
 1236 0006 00000000 		.4byte	.Ldebug_info0
 1237 000a 04       		.byte	0x4
 1238 000b 00       		.byte	0x0
 1239 000c 0000     		.2byte	0x0
 1240 000e 0000     		.2byte	0x0
 1241 0010 00000000 		.4byte	.LFB7
 1242 0014 1E000000 		.4byte	.LFE7-.LFB7
ARM GAS  /tmp/ccwoh2Eh.s 			page 23


 1243 0018 00000000 		.4byte	.LFB8
 1244 001c 3A000000 		.4byte	.LFE8-.LFB8
 1245 0020 00000000 		.4byte	0x0
 1246 0024 00000000 		.4byte	0x0
 1247              		.section	.debug_ranges,"",%progbits
 1248              	.Ldebug_ranges0:
 1249 0000 10000000 		.4byte	.LBB3
 1250 0004 12000000 		.4byte	.LBE3
 1251 0008 18000000 		.4byte	.LBB4
 1252 000c 1C000000 		.4byte	.LBE4
 1253 0010 00000000 		.4byte	0x0
 1254 0014 00000000 		.4byte	0x0
 1255 0018 18000000 		.4byte	.LBB6
 1256 001c 1A000000 		.4byte	.LBE6
 1257 0020 2C000000 		.4byte	.LBB8
 1258 0024 32000000 		.4byte	.LBE8
 1259 0028 1E000000 		.4byte	.LBB7
 1260 002c 22000000 		.4byte	.LBE7
 1261 0030 00000000 		.4byte	0x0
 1262 0034 00000000 		.4byte	0x0
 1263 0038 00000000 		.4byte	.Ltext0
 1264 003c 00000000 		.4byte	.Letext0
 1265 0040 00000000 		.4byte	.LFB7
 1266 0044 1E000000 		.4byte	.LFE7
 1267 0048 00000000 		.4byte	.LFB8
 1268 004c 3A000000 		.4byte	.LFE8
 1269 0050 00000000 		.4byte	0x0
 1270 0054 00000000 		.4byte	0x0
 1271              		.section	.debug_str,"MS",%progbits,1
 1272              	.LASF33:
 1273 0000 705F6D73 		.ascii	"p_msg\000"
 1273      6700
 1274              	.LASF55:
 1275 0006 7264796D 		.ascii	"rdymsg\000"
 1275      736700
 1276              	.LASF11:
 1277 000d 6C6F6E67 		.ascii	"long long unsigned int\000"
 1277      206C6F6E 
 1277      6720756E 
 1277      7369676E 
 1277      65642069 
 1278              	.LASF56:
 1279 0024 65786974 		.ascii	"exitcode\000"
 1279      636F6465 
 1279      00
 1280              	.LASF61:
 1281 002d 474E5520 		.ascii	"GNU C 4.4.1\000"
 1281      4320342E 
 1281      342E3100 
 1282              	.LASF59:
 1283 0039 63685265 		.ascii	"chRegFirstThread\000"
 1283      67466972 
 1283      73745468 
 1283      72656164 
 1283      00
 1284              	.LASF23:
 1285 004a 705F7072 		.ascii	"p_prio\000"
ARM GAS  /tmp/ccwoh2Eh.s 			page 24


 1285      696F00
 1286              	.LASF63:
 1287 0051 2F686F6D 		.ascii	"/home/dan/Downloads/ChibiOS_2.2.3/demos/ARMCM3-STM3"
 1287      652F6461 
 1287      6E2F446F 
 1287      776E6C6F 
 1287      6164732F 
 1288 0084 32463130 		.ascii	"2F103\000"
 1288      3300
 1289              	.LASF1:
 1290 008a 7369676E 		.ascii	"signed char\000"
 1290      65642063 
 1290      68617200 
 1291              	.LASF37:
 1292 0096 705F6D70 		.ascii	"p_mpool\000"
 1292      6F6F6C00 
 1293              	.LASF52:
 1294 009e 6D5F7175 		.ascii	"m_queue\000"
 1294      65756500 
 1295              	.LASF7:
 1296 00a6 6C6F6E67 		.ascii	"long int\000"
 1296      20696E74 
 1296      00
 1297              	.LASF13:
 1298 00af 74737461 		.ascii	"tstate_t\000"
 1298      74655F74 
 1298      00
 1299              	.LASF10:
 1300 00b8 6C6F6E67 		.ascii	"long long int\000"
 1300      206C6F6E 
 1300      6720696E 
 1300      7400
 1301              	.LASF25:
 1302 00c6 705F6E65 		.ascii	"p_newer\000"
 1302      77657200 
 1303              	.LASF46:
 1304 00ce 725F6E65 		.ascii	"r_newer\000"
 1304      77657200 
 1305              	.LASF40:
 1306 00d6 72656761 		.ascii	"regarm_t\000"
 1306      726D5F74 
 1306      00
 1307              	.LASF19:
 1308 00df 636E745F 		.ascii	"cnt_t\000"
 1308      7400
 1309              	.LASF0:
 1310 00e5 756E7369 		.ascii	"unsigned int\000"
 1310      676E6564 
 1310      20696E74 
 1310      00
 1311              	.LASF9:
 1312 00f2 6C6F6E67 		.ascii	"long unsigned int\000"
 1312      20756E73 
 1312      69676E65 
 1312      6420696E 
 1312      7400
 1313              	.LASF41:
ARM GAS  /tmp/ccwoh2Eh.s 			page 25


 1314 0104 636F6E74 		.ascii	"context\000"
 1314      65787400 
 1315              	.LASF4:
 1316 010c 73686F72 		.ascii	"short unsigned int\000"
 1316      7420756E 
 1316      7369676E 
 1316      65642069 
 1316      6E7400
 1317              	.LASF16:
 1318 011f 6D73675F 		.ascii	"msg_t\000"
 1318      7400
 1319              	.LASF12:
 1320 0125 746D6F64 		.ascii	"tmode_t\000"
 1320      655F7400 
 1321              	.LASF39:
 1322 012d 54687265 		.ascii	"ThreadsList\000"
 1322      6164734C 
 1322      69737400 
 1323              	.LASF17:
 1324 0139 6576656E 		.ascii	"eventmask_t\000"
 1324      746D6173 
 1324      6B5F7400 
 1325              	.LASF51:
 1326 0145 4D757465 		.ascii	"Mutex\000"
 1326      7800
 1327              	.LASF26:
 1328 014b 705F6F6C 		.ascii	"p_older\000"
 1328      64657200 
 1329              	.LASF45:
 1330 0153 725F6374 		.ascii	"r_ctx\000"
 1330      7800
 1331              	.LASF38:
 1332 0159 54687265 		.ascii	"ThreadsQueue\000"
 1332      61647351 
 1332      75657565 
 1332      00
 1333              	.LASF49:
 1334 0166 725F6375 		.ascii	"r_current\000"
 1334      7272656E 
 1334      7400
 1335              	.LASF47:
 1336 0170 725F6F6C 		.ascii	"r_older\000"
 1336      64657200 
 1337              	.LASF14:
 1338 0178 74726566 		.ascii	"trefs_t\000"
 1338      735F7400 
 1339              	.LASF22:
 1340 0180 705F7072 		.ascii	"p_prev\000"
 1340      657600
 1341              	.LASF15:
 1342 0187 74707269 		.ascii	"tprio_t\000"
 1342      6F5F7400 
 1343              	.LASF6:
 1344 018f 696E7433 		.ascii	"int32_t\000"
 1344      325F7400 
 1345              	.LASF2:
 1346 0197 756E7369 		.ascii	"unsigned char\000"
ARM GAS  /tmp/ccwoh2Eh.s 			page 26


 1346      676E6564 
 1346      20636861 
 1346      7200
 1347              	.LASF35:
 1348 01a5 705F6D74 		.ascii	"p_mtxlist\000"
 1348      786C6973 
 1348      7400
 1349              	.LASF3:
 1350 01af 73686F72 		.ascii	"short int\000"
 1350      7420696E 
 1350      7400
 1351              	.LASF27:
 1352 01b9 705F7374 		.ascii	"p_state\000"
 1352      61746500 
 1353              	.LASF44:
 1354 01c1 725F7072 		.ascii	"r_prio\000"
 1354      696F00
 1355              	.LASF58:
 1356 01c8 65776D61 		.ascii	"ewmask\000"
 1356      736B00
 1357              	.LASF21:
 1358 01cf 705F6E65 		.ascii	"p_next\000"
 1358      787400
 1359              	.LASF28:
 1360 01d6 705F666C 		.ascii	"p_flags\000"
 1360      61677300 
 1361              	.LASF20:
 1362 01de 54687265 		.ascii	"Thread\000"
 1362      616400
 1363              	.LASF34:
 1364 01e5 705F6570 		.ascii	"p_epending\000"
 1364      656E6469 
 1364      6E6700
 1365              	.LASF8:
 1366 01f0 75696E74 		.ascii	"uint32_t\000"
 1366      33325F74 
 1366      00
 1367              	.LASF43:
 1368 01f9 725F7175 		.ascii	"r_queue\000"
 1368      65756500 
 1369              	.LASF60:
 1370 0201 63685265 		.ascii	"chRegNextThread\000"
 1370      674E6578 
 1370      74546872 
 1370      65616400 
 1371              	.LASF54:
 1372 0211 6D5F6E65 		.ascii	"m_next\000"
 1372      787400
 1373              	.LASF18:
 1374 0218 73797374 		.ascii	"systime_t\000"
 1374      696D655F 
 1374      7400
 1375              	.LASF36:
 1376 0222 705F7265 		.ascii	"p_realprio\000"
 1376      616C7072 
 1376      696F00
 1377              	.LASF30:
ARM GAS  /tmp/ccwoh2Eh.s 			page 27


 1378 022d 705F7469 		.ascii	"p_time\000"
 1378      6D6500
 1379              	.LASF42:
 1380 0234 696E7463 		.ascii	"intctx\000"
 1380      747800
 1381              	.LASF32:
 1382 023b 705F6D73 		.ascii	"p_msgqueue\000"
 1382      67717565 
 1382      756500
 1383              	.LASF62:
 1384 0246 2E2E2F2E 		.ascii	"../../os/kernel/src/chregistry.c\000"
 1384      2E2F6F73 
 1384      2F6B6572 
 1384      6E656C2F 
 1384      7372632F 
 1385              	.LASF29:
 1386 0267 705F7265 		.ascii	"p_refs\000"
 1386      667300
 1387              	.LASF50:
 1388 026e 52656164 		.ascii	"ReadyList\000"
 1388      794C6973 
 1388      7400
 1389              	.LASF64:
 1390 0278 726C6973 		.ascii	"rlist\000"
 1390      7400
 1391              	.LASF5:
 1392 027e 75696E74 		.ascii	"uint8_t\000"
 1392      385F7400 
 1393              	.LASF57:
 1394 0286 77746F62 		.ascii	"wtobjp\000"
 1394      6A7000
 1395              	.LASF48:
 1396 028d 725F7072 		.ascii	"r_preempt\000"
 1396      65656D70 
 1396      7400
 1397              	.LASF53:
 1398 0297 6D5F6F77 		.ascii	"m_owner\000"
 1398      6E657200 
 1399              	.LASF24:
 1400 029f 705F6374 		.ascii	"p_ctx\000"
 1400      7800
 1401              	.LASF31:
 1402 02a5 705F7761 		.ascii	"p_waiting\000"
 1402      6974696E 
 1402      6700
 1403              		.ident	"GCC: (Red Suite 2010Q1 by Code Red) 4.4.1"
ARM GAS  /tmp/ccwoh2Eh.s 			page 28


DEFINED SYMBOLS
                            *ABS*:00000000 chregistry.c
     /tmp/ccwoh2Eh.s:24     .text.chRegFirstThread:00000000 $t
     /tmp/ccwoh2Eh.s:30     .text.chRegFirstThread:00000000 chRegFirstThread
     /tmp/ccwoh2Eh.s:76     .text.chRegNextThread:00000000 $t
     /tmp/ccwoh2Eh.s:82     .text.chRegNextThread:00000000 chRegNextThread
                     .debug_frame:00000010 $d

UNDEFINED SYMBOLS
rlist
chThdRelease
