ARM GAS  /tmp/ccsqOzaM.s 			page 1


   1              		.syntax unified
   2              		.cpu cortex-m3
   3              		.fpu softvfp
   4              		.eabi_attribute 20, 1
   5              		.eabi_attribute 21, 1
   6              		.eabi_attribute 23, 3
   7              		.eabi_attribute 24, 1
   8              		.eabi_attribute 25, 1
   9              		.eabi_attribute 26, 1
  10              		.eabi_attribute 30, 2
  11              		.eabi_attribute 18, 4
  12              		.thumb
  13              		.file	"chsys.c"
  14              		.section	.debug_abbrev,"",%progbits
  15              	.Ldebug_abbrev0:
  16              		.section	.debug_info,"",%progbits
  17              	.Ldebug_info0:
  18              		.section	.debug_line,"",%progbits
  19              	.Ldebug_line0:
  20 0000 95010000 		.text
  20      02004801 
  20      00000201 
  20      FB0E0D00 
  20      01010101 
  21              	.Ltext0:
  22              		.cfi_sections	.debug_frame
  23              		.section	.text._idle_thread,"ax",%progbits
  24              		.align	2
  25              		.p2align 4,,15
  26              		.global	_idle_thread
  27              		.thumb
  28              		.thumb_func
  29              		.type	_idle_thread, %function
  30              	_idle_thread:
  31              	.LFB7:
  32              		.file 1 "../../os/kernel/src/chsys.c"
  33              		.loc 1 60 0
  34              		.cfi_startproc
  35              		@ args = 0, pretend = 0, frame = 0
  36              		@ frame_needed = 0, uses_anonymous_args = 0
  37              		@ link register save eliminated.
  38              	.LVL0:
  39              	.L2:
  40 0000 FEE7     		b	.L2
  41              		.cfi_endproc
  42              	.LFE7:
  43              		.size	_idle_thread, .-_idle_thread
  44 0002 00BFAFF3 		.section	.text.chSysTimerHandlerI,"ax",%progbits
  44      0080AFF3 
  44      0080AFF3 
  44      0080
  45              		.align	2
  46              		.p2align 4,,15
  47              		.global	chSysTimerHandlerI
  48              		.thumb
  49              		.thumb_func
  50              		.type	chSysTimerHandlerI, %function
ARM GAS  /tmp/ccsqOzaM.s 			page 2


  51              	chSysTimerHandlerI:
  52              	.LFB9:
  53              		.loc 1 120 0
  54              		.cfi_startproc
  55              		@ args = 0, pretend = 0, frame = 0
  56              		@ frame_needed = 0, uses_anonymous_args = 0
  57              		.loc 1 124 0
  58 0000 40F20003 		movw	r3, #:lower16:rlist
  59 0004 C0F20003 		movt	r3, #:upper16:rlist
  60 0008 9A69     		ldr	r2, [r3, #24]
  61              		.loc 1 120 0
  62 000a 70B5     		push	{r4, r5, r6, lr}
  63              	.LCFI0:
  64              		.cfi_def_cfa_offset 16
  65              		.loc 1 124 0
  66 000c 002A     		cmp	r2, #0
  67 000e 01DD     		ble	.L5
  68              		.cfi_offset 14, -4
  69              		.cfi_offset 6, -8
  70              		.cfi_offset 5, -12
  71              		.cfi_offset 4, -16
  72              		.loc 1 126 0
  73 0010 013A     		subs	r2, r2, #1
  74 0012 9A61     		str	r2, [r3, #24]
  75              	.L5:
  76              		.loc 1 129 0
  77 0014 DB69     		ldr	r3, [r3, #28]
  78              		.loc 1 131 0
  79 0016 40F20004 		movw	r4, #:lower16:vtlist
  80              		.loc 1 129 0
  81 001a D869     		ldr	r0, [r3, #28]
  82              		.loc 1 131 0
  83 001c C0F20004 		movt	r4, #:upper16:vtlist
  84              		.loc 1 129 0
  85 0020 421C     		adds	r2, r0, #1
  86 0022 DA61     		str	r2, [r3, #28]
  87              		.loc 1 131 0
  88 0024 E168     		ldr	r1, [r4, #12]
  89 0026 2368     		ldr	r3, [r4, #0]
  90              	.LVL1:
  91 0028 481C     		adds	r0, r1, #1
  92 002a A342     		cmp	r3, r4
  93 002c E060     		str	r0, [r4, #12]
  94 002e 0FD0     		beq	.L8
  95              	.LBB2:
  96 0030 9E68     		ldr	r6, [r3, #8]
  97 0032 013E     		subs	r6, r6, #1
  98 0034 9E60     		str	r6, [r3, #8]
  99 0036 5EB9     		cbnz	r6, .L8
 100 0038 2546     		mov	r5, r4
 101              	.L7:
 102              	.LBB3:
 103 003a 1968     		ldr	r1, [r3, #0]
 104 003c DA68     		ldr	r2, [r3, #12]
 105              	.LVL2:
 106 003e 4D60     		str	r5, [r1, #4]
 107 0040 1869     		ldr	r0, [r3, #16]
ARM GAS  /tmp/ccsqOzaM.s 			page 3


 108 0042 2160     		str	r1, [r4, #0]
 109 0044 DE60     		str	r6, [r3, #12]
 110 0046 9047     		blx	r2
 111              	.LVL3:
 112              	.LBE3:
 113 0048 2368     		ldr	r3, [r4, #0]
 114              	.LVL4:
 115 004a 9968     		ldr	r1, [r3, #8]
 116 004c 0029     		cmp	r1, #0
 117 004e F4D0     		beq	.L7
 118              	.L8:
 119 0050 70BD     		pop	{r4, r5, r6, pc}
 120              	.LBE2:
 121              		.cfi_endproc
 122              	.LFE9:
 123              		.size	chSysTimerHandlerI, .-chSysTimerHandlerI
 124 0052 00BFAFF3 		.section	.text.chSysInit,"ax",%progbits
 124      0080AFF3 
 124      0080AFF3 
 124      0080
 125              		.align	2
 126              		.p2align 4,,15
 127              		.global	chSysInit
 128              		.thumb
 129              		.thumb_func
 130              		.type	chSysInit, %function
 131              	chSysInit:
 132              	.LFB8:
 133              		.loc 1 81 0
 134              		.cfi_startproc
 135              		@ args = 0, pretend = 0, frame = 0
 136              		@ frame_needed = 0, uses_anonymous_args = 0
 137 0000 10B5     		push	{r4, lr}
 138              	.LCFI1:
 139              		.cfi_def_cfa_offset 8
 140              		.loc 1 84 0
 141 0002 4EF60050 		movw	r0, #:lower16:-536810240
 142 0006 40F20002 		movw	r2, #:lower16:100270080
 143 000a C0F2FA52 		movt	r2, #:upper16:100270080
 144 000e CEF20000 		movt	r0, #:upper16:-536810240
 145 0012 C260     		str	r2, [r0, #12]
 146              		.loc 1 81 0
 147 0014 82B0     		sub	sp, sp, #8
 148              	.LCFI2:
 149              		.cfi_def_cfa_offset 16
 150              		.loc 1 84 0
 151 0016 0720     		movs	r0, #7
 152 0018 1021     		movs	r1, #16
 153              		.cfi_offset 14, -4
 154              		.cfi_offset 4, -8
 155 001a FFF7FEFF 		bl	NVICSetSystemHandlerPriority
 156 001e 0B20     		movs	r0, #11
 157 0020 8021     		movs	r1, #128
 158 0022 FFF7FEFF 		bl	NVICSetSystemHandlerPriority
 159              		.loc 1 85 0
 160 0026 FFF7FEFF 		bl	scheduler_init
 161              		.loc 1 86 0
ARM GAS  /tmp/ccsqOzaM.s 			page 4


 162 002a FFF7FEFF 		bl	vt_init
 163              		.loc 1 88 0
 164 002e FFF7FEFF 		bl	core_init
 165              		.loc 1 91 0
 166 0032 FFF7FEFF 		bl	heap_init
 167              		.loc 1 98 0
 168 0036 40F20000 		movw	r0, #:lower16:.LANCHOR0
 169 003a 4021     		movs	r1, #64
 170 003c C0F20000 		movt	r0, #:upper16:.LANCHOR0
 171 0040 FFF7FEFF 		bl	_thread_init
 172 0044 40F20003 		movw	r3, #:lower16:rlist
 173 0048 C0F20003 		movt	r3, #:upper16:rlist
 174              		.loc 1 99 0
 175 004c 0122     		movs	r2, #1
 176              		.loc 1 98 0
 177 004e D861     		str	r0, [r3, #28]
 178              		.loc 1 99 0
 179 0050 0276     		strb	r2, [r0, #24]
 180              	.LBB4:
 181              		.loc 1 100 0
 182 0052 0023     		movs	r3, #0
 183              	.LVL5:
 184              	@ 100 "../../os/kernel/src/chsys.c" 1
 185 0054 83F31188 		msr     BASEPRI, r3                    
 186 0058 62B6     		cpsie   i
 187              	@ 0 "" 2
 188              		.thumb
 189              	.LBE4:
 190              		.loc 1 105 0
 191 005a 40F20000 		movw	r0, #:lower16:_idle_thread_wa
 192 005e 1C46     		mov	r4, r3
 193 0060 40F20003 		movw	r3, #:lower16:_idle_thread
 194              	.LVL6:
 195 0064 C0F20003 		movt	r3, #:upper16:_idle_thread
 196 0068 A021     		movs	r1, #160
 197 006a C0F20000 		movt	r0, #:upper16:_idle_thread_wa
 198 006e 0094     		str	r4, [sp, #0]
 199 0070 FFF7FEFF 		bl	chThdCreateStatic
 200              		.loc 1 107 0
 201 0074 02B0     		add	sp, sp, #8
 202 0076 10BD     		pop	{r4, pc}
 203              		.cfi_endproc
 204              	.LFE8:
 205              		.size	chSysInit, .-chSysInit
 206              		.comm	_idle_thread_wa,160,8
 207 0078 AFF30080 		.section	.bss.mainthread.1989,"aw",%nobits
 207      AFF30080 
 208              		.align	2
 209              		.set	.LANCHOR0,. + 0
 210              		.type	mainthread.1989, %object
 211              		.size	mainthread.1989, 68
 212              	mainthread.1989:
 213 0000 00000000 		.space	68
 213      00000000 
 213      00000000 
 213      00000000 
 213      00000000 
ARM GAS  /tmp/ccsqOzaM.s 			page 5


 214              		.text
 215              	.Letext0:
 216              		.section	.debug_loc,"",%progbits
 217              	.Ldebug_loc0:
 218              	.LLST1:
 219 0000 00000000 		.4byte	.LFB9
 220 0004 0C000000 		.4byte	.LCFI0
 221 0008 0100     		.2byte	0x1
 222 000a 5D       		.byte	0x5d
 223 000b 0C000000 		.4byte	.LCFI0
 224 000f 52000000 		.4byte	.LFE9
 225 0013 0200     		.2byte	0x2
 226 0015 7D       		.byte	0x7d
 227 0016 10       		.sleb128 16
 228 0017 00000000 		.4byte	0x0
 229 001b 00000000 		.4byte	0x0
 230              	.LLST2:
 231 001f 28000000 		.4byte	.LVL1
 232 0023 48000000 		.4byte	.LVL3
 233 0027 0100     		.2byte	0x1
 234 0029 53       		.byte	0x53
 235 002a 4A000000 		.4byte	.LVL4
 236 002e 52000000 		.4byte	.LFE9
 237 0032 0100     		.2byte	0x1
 238 0034 53       		.byte	0x53
 239 0035 00000000 		.4byte	0x0
 240 0039 00000000 		.4byte	0x0
 241              	.LLST3:
 242 003d 3E000000 		.4byte	.LVL2
 243 0041 48000000 		.4byte	.LVL3
 244 0045 0100     		.2byte	0x1
 245 0047 52       		.byte	0x52
 246 0048 00000000 		.4byte	0x0
 247 004c 00000000 		.4byte	0x0
 248              	.LLST4:
 249 0050 00000000 		.4byte	.LFB8
 250 0054 02000000 		.4byte	.LCFI1
 251 0058 0100     		.2byte	0x1
 252 005a 5D       		.byte	0x5d
 253 005b 02000000 		.4byte	.LCFI1
 254 005f 16000000 		.4byte	.LCFI2
 255 0063 0200     		.2byte	0x2
 256 0065 7D       		.byte	0x7d
 257 0066 08       		.sleb128 8
 258 0067 16000000 		.4byte	.LCFI2
 259 006b 78000000 		.4byte	.LFE8
 260 006f 0200     		.2byte	0x2
 261 0071 7D       		.byte	0x7d
 262 0072 10       		.sleb128 16
 263 0073 00000000 		.4byte	0x0
 264 0077 00000000 		.4byte	0x0
 265              	.LLST5:
 266 007b 54000000 		.4byte	.LVL5
 267 007f 64000000 		.4byte	.LVL6
 268 0083 0100     		.2byte	0x1
 269 0085 53       		.byte	0x53
 270 0086 64000000 		.4byte	.LVL6
ARM GAS  /tmp/ccsqOzaM.s 			page 6


 271 008a 78000000 		.4byte	.LFE8
 272 008e 0100     		.2byte	0x1
 273 0090 54       		.byte	0x54
 274 0091 00000000 		.4byte	0x0
 275 0095 00000000 		.4byte	0x0
 276              		.file 2 "/usr/local/LPCXpresso/tools/bin/../lib/gcc/arm-none-eabi/4.4.1/../../../../arm-none-eabi/
 277              		.file 3 "../../os/ports/GCC/ARMCMx/chtypes.h"
 278              		.file 4 "../../os/kernel/include/chlists.h"
 279              		.file 5 "../../os/kernel/include/chthreads.h"
 280              		.file 6 "../../os/ports/GCC/ARMCMx/nvic.h"
 281              		.file 7 "../../os/ports/GCC/ARMCMx/chcore.h"
 282              		.file 8 "../../os/ports/GCC/ARMCMx/chcore_v7m.h"
 283              		.file 9 "../../os/kernel/include/chvt.h"
 284              		.file 10 "../../os/kernel/include/chschd.h"
 285              		.file 11 "../../os/kernel/include/chmtx.h"
 286              		.section	.debug_info
 287 0000 D1060000 		.4byte	0x6d1
 288 0004 0200     		.2byte	0x2
 289 0006 00000000 		.4byte	.Ldebug_abbrev0
 290 000a 04       		.byte	0x4
 291 000b 01       		.uleb128 0x1
 292 000c 5B000000 		.4byte	.LASF89
 293 0010 01       		.byte	0x1
 294 0011 1E030000 		.4byte	.LASF90
 295 0015 74000000 		.4byte	.LASF91
 296 0019 00000000 		.4byte	0x0
 297 001d 00000000 		.4byte	0x0
 298 0021 00000000 		.4byte	.Ldebug_ranges0+0x0
 299 0025 00000000 		.4byte	.Ldebug_line0
 300 0029 02       		.uleb128 0x2
 301 002a 04       		.byte	0x4
 302 002b 05       		.byte	0x5
 303 002c 696E7400 		.ascii	"int\000"
 304 0030 03       		.uleb128 0x3
 305 0031 04       		.byte	0x4
 306 0032 07       		.byte	0x7
 307 0033 2F010000 		.4byte	.LASF0
 308 0037 03       		.uleb128 0x3
 309 0038 01       		.byte	0x1
 310 0039 06       		.byte	0x6
 311 003a AD000000 		.4byte	.LASF1
 312 003e 04       		.uleb128 0x4
 313 003f 3A030000 		.4byte	.LASF5
 314 0043 02       		.byte	0x2
 315 0044 2A       		.byte	0x2a
 316 0045 49000000 		.4byte	0x49
 317 0049 03       		.uleb128 0x3
 318 004a 01       		.byte	0x1
 319 004b 08       		.byte	0x8
 320 004c 3E020000 		.4byte	.LASF2
 321 0050 03       		.uleb128 0x3
 322 0051 02       		.byte	0x2
 323 0052 05       		.byte	0x5
 324 0053 5C020000 		.4byte	.LASF3
 325 0057 03       		.uleb128 0x3
 326 0058 02       		.byte	0x2
 327 0059 07       		.byte	0x7
ARM GAS  /tmp/ccsqOzaM.s 			page 7


 328 005a 70010000 		.4byte	.LASF4
 329 005e 04       		.uleb128 0x4
 330 005f 36020000 		.4byte	.LASF6
 331 0063 02       		.byte	0x2
 332 0064 4F       		.byte	0x4f
 333 0065 69000000 		.4byte	0x69
 334 0069 03       		.uleb128 0x3
 335 006a 04       		.byte	0x4
 336 006b 05       		.byte	0x5
 337 006c D3000000 		.4byte	.LASF7
 338 0070 04       		.uleb128 0x4
 339 0071 9D020000 		.4byte	.LASF8
 340 0075 02       		.byte	0x2
 341 0076 50       		.byte	0x50
 342 0077 7B000000 		.4byte	0x7b
 343 007b 03       		.uleb128 0x3
 344 007c 04       		.byte	0x4
 345 007d 07       		.byte	0x7
 346 007e 44010000 		.4byte	.LASF9
 347 0082 03       		.uleb128 0x3
 348 0083 08       		.byte	0x8
 349 0084 05       		.byte	0x5
 350 0085 E5000000 		.4byte	.LASF10
 351 0089 04       		.uleb128 0x4
 352 008a 0D000000 		.4byte	.LASF11
 353 008e 02       		.byte	0x2
 354 008f 78       		.byte	0x78
 355 0090 94000000 		.4byte	0x94
 356 0094 03       		.uleb128 0x3
 357 0095 08       		.byte	0x8
 358 0096 07       		.byte	0x7
 359 0097 30000000 		.4byte	.LASF12
 360 009b 04       		.uleb128 0x4
 361 009c 9F010000 		.4byte	.LASF13
 362 00a0 03       		.byte	0x3
 363 00a1 2E       		.byte	0x2e
 364 00a2 3E000000 		.4byte	0x3e
 365 00a6 04       		.uleb128 0x4
 366 00a7 DC000000 		.4byte	.LASF14
 367 00ab 03       		.byte	0x3
 368 00ac 2F       		.byte	0x2f
 369 00ad 3E000000 		.4byte	0x3e
 370 00b1 04       		.uleb128 0x4
 371 00b2 1F020000 		.4byte	.LASF15
 372 00b6 03       		.byte	0x3
 373 00b7 30       		.byte	0x30
 374 00b8 3E000000 		.4byte	0x3e
 375 00bc 04       		.uleb128 0x4
 376 00bd 2E020000 		.4byte	.LASF16
 377 00c1 03       		.byte	0x3
 378 00c2 31       		.byte	0x31
 379 00c3 70000000 		.4byte	0x70
 380 00c7 04       		.uleb128 0x4
 381 00c8 88010000 		.4byte	.LASF17
 382 00cc 03       		.byte	0x3
 383 00cd 32       		.byte	0x32
 384 00ce 5E000000 		.4byte	0x5e
ARM GAS  /tmp/ccsqOzaM.s 			page 8


 385 00d2 04       		.uleb128 0x4
 386 00d3 B3010000 		.4byte	.LASF18
 387 00d7 03       		.byte	0x3
 388 00d8 34       		.byte	0x34
 389 00d9 70000000 		.4byte	0x70
 390 00dd 04       		.uleb128 0x4
 391 00de BA020000 		.4byte	.LASF19
 392 00e2 03       		.byte	0x3
 393 00e3 35       		.byte	0x35
 394 00e4 70000000 		.4byte	0x70
 395 00e8 04       		.uleb128 0x4
 396 00e9 29010000 		.4byte	.LASF20
 397 00ed 03       		.byte	0x3
 398 00ee 36       		.byte	0x36
 399 00ef 5E000000 		.4byte	0x5e
 400 00f3 04       		.uleb128 0x4
 401 00f4 8B020000 		.4byte	.LASF21
 402 00f8 04       		.byte	0x4
 403 00f9 29       		.byte	0x29
 404 00fa FE000000 		.4byte	0xfe
 405 00fe 05       		.uleb128 0x5
 406 00ff 8B020000 		.4byte	.LASF21
 407 0103 44       		.byte	0x44
 408 0104 04       		.byte	0x4
 409 0105 29       		.byte	0x29
 410 0106 07020000 		.4byte	0x207
 411 010a 06       		.uleb128 0x6
 412 010b 7C020000 		.4byte	.LASF22
 413 010f 05       		.byte	0x5
 414 0110 2F       		.byte	0x2f
 415 0111 2C020000 		.4byte	0x22c
 416 0115 02       		.byte	0x2
 417 0116 23       		.byte	0x23
 418 0117 00       		.uleb128 0x0
 419 0118 06       		.uleb128 0x6
 420 0119 27020000 		.4byte	.LASF23
 421 011d 05       		.byte	0x5
 422 011e 31       		.byte	0x31
 423 011f 2C020000 		.4byte	0x22c
 424 0123 02       		.byte	0x2
 425 0124 23       		.byte	0x23
 426 0125 04       		.uleb128 0x4
 427 0126 06       		.uleb128 0x6
 428 0127 6D000000 		.4byte	.LASF24
 429 012b 05       		.byte	0x5
 430 012c 33       		.byte	0x33
 431 012d BC000000 		.4byte	0xbc
 432 0131 02       		.byte	0x2
 433 0132 23       		.byte	0x23
 434 0133 08       		.uleb128 0x8
 435 0134 06       		.uleb128 0x6
 436 0135 68030000 		.4byte	.LASF25
 437 0139 05       		.byte	0x5
 438 013a 34       		.byte	0x34
 439 013b 63030000 		.4byte	0x363
 440 013f 02       		.byte	0x2
 441 0140 23       		.byte	0x23
ARM GAS  /tmp/ccsqOzaM.s 			page 9


 442 0141 0C       		.uleb128 0xc
 443 0142 06       		.uleb128 0x6
 444 0143 F3000000 		.4byte	.LASF26
 445 0147 05       		.byte	0x5
 446 0148 36       		.byte	0x36
 447 0149 2C020000 		.4byte	0x22c
 448 014d 02       		.byte	0x2
 449 014e 23       		.byte	0x23
 450 014f 10       		.uleb128 0x10
 451 0150 06       		.uleb128 0x6
 452 0151 E5010000 		.4byte	.LASF27
 453 0155 05       		.byte	0x5
 454 0156 37       		.byte	0x37
 455 0157 2C020000 		.4byte	0x22c
 456 015b 02       		.byte	0x2
 457 015c 23       		.byte	0x23
 458 015d 14       		.uleb128 0x14
 459 015e 06       		.uleb128 0x6
 460 015f 66020000 		.4byte	.LASF28
 461 0163 05       		.byte	0x5
 462 0164 3D       		.byte	0x3d
 463 0165 A6000000 		.4byte	0xa6
 464 0169 02       		.byte	0x2
 465 016a 23       		.byte	0x23
 466 016b 18       		.uleb128 0x18
 467 016c 06       		.uleb128 0x6
 468 016d 83020000 		.4byte	.LASF29
 469 0171 05       		.byte	0x5
 470 0172 41       		.byte	0x41
 471 0173 9B000000 		.4byte	0x9b
 472 0177 02       		.byte	0x2
 473 0178 23       		.byte	0x23
 474 0179 19       		.uleb128 0x19
 475 017a 06       		.uleb128 0x6
 476 017b 07030000 		.4byte	.LASF30
 477 017f 05       		.byte	0x5
 478 0180 46       		.byte	0x46
 479 0181 B1000000 		.4byte	0xb1
 480 0185 02       		.byte	0x2
 481 0186 23       		.byte	0x23
 482 0187 1A       		.uleb128 0x1a
 483 0188 06       		.uleb128 0x6
 484 0189 E2020000 		.4byte	.LASF31
 485 018d 05       		.byte	0x5
 486 018e 53       		.byte	0x53
 487 018f CD040000 		.4byte	0x4cd
 488 0193 02       		.byte	0x2
 489 0194 23       		.byte	0x23
 490 0195 1C       		.uleb128 0x1c
 491 0196 07       		.uleb128 0x7
 492 0197 705F7500 		.ascii	"p_u\000"
 493 019b 05       		.byte	0x5
 494 019c 78       		.byte	0x78
 495 019d 9B050000 		.4byte	0x59b
 496 01a1 02       		.byte	0x2
 497 01a2 23       		.byte	0x23
 498 01a3 20       		.uleb128 0x20
ARM GAS  /tmp/ccsqOzaM.s 			page 10


 499 01a4 06       		.uleb128 0x6
 500 01a5 6E030000 		.4byte	.LASF32
 501 01a9 05       		.byte	0x5
 502 01aa 7D       		.byte	0x7d
 503 01ab 54020000 		.4byte	0x254
 504 01af 02       		.byte	0x2
 505 01b0 23       		.byte	0x23
 506 01b1 24       		.uleb128 0x24
 507 01b2 06       		.uleb128 0x6
 508 01b3 F5020000 		.4byte	.LASF33
 509 01b7 05       		.byte	0x5
 510 01b8 83       		.byte	0x83
 511 01b9 32020000 		.4byte	0x232
 512 01bd 02       		.byte	0x2
 513 01be 23       		.byte	0x23
 514 01bf 28       		.uleb128 0x28
 515 01c0 06       		.uleb128 0x6
 516 01c1 00000000 		.4byte	.LASF34
 517 01c5 05       		.byte	0x5
 518 01c6 87       		.byte	0x87
 519 01c7 C7000000 		.4byte	0xc7
 520 01cb 02       		.byte	0x2
 521 01cc 23       		.byte	0x23
 522 01cd 30       		.uleb128 0x30
 523 01ce 06       		.uleb128 0x6
 524 01cf 92020000 		.4byte	.LASF35
 525 01d3 05       		.byte	0x5
 526 01d4 8D       		.byte	0x8d
 527 01d5 D2000000 		.4byte	0xd2
 528 01d9 02       		.byte	0x2
 529 01da 23       		.byte	0x23
 530 01db 34       		.uleb128 0x34
 531 01dc 06       		.uleb128 0x6
 532 01dd 52020000 		.4byte	.LASF36
 533 01e1 05       		.byte	0x5
 534 01e2 94       		.byte	0x94
 535 01e3 D0050000 		.4byte	0x5d0
 536 01e7 02       		.byte	0x2
 537 01e8 23       		.byte	0x23
 538 01e9 38       		.uleb128 0x38
 539 01ea 06       		.uleb128 0x6
 540 01eb C4020000 		.4byte	.LASF37
 541 01ef 05       		.byte	0x5
 542 01f0 98       		.byte	0x98
 543 01f1 BC000000 		.4byte	0xbc
 544 01f5 02       		.byte	0x2
 545 01f6 23       		.byte	0x23
 546 01f7 3C       		.uleb128 0x3c
 547 01f8 06       		.uleb128 0x6
 548 01f9 C3000000 		.4byte	.LASF38
 549 01fd 05       		.byte	0x5
 550 01fe 9E       		.byte	0x9e
 551 01ff 61030000 		.4byte	0x361
 552 0203 02       		.byte	0x2
 553 0204 23       		.byte	0x23
 554 0205 40       		.uleb128 0x40
 555 0206 00       		.byte	0x0
ARM GAS  /tmp/ccsqOzaM.s 			page 11


 556 0207 08       		.uleb128 0x8
 557 0208 08       		.byte	0x8
 558 0209 04       		.byte	0x4
 559 020a 60       		.byte	0x60
 560 020b 2C020000 		.4byte	0x22c
 561 020f 06       		.uleb128 0x6
 562 0210 7C020000 		.4byte	.LASF22
 563 0214 04       		.byte	0x4
 564 0215 61       		.byte	0x61
 565 0216 2C020000 		.4byte	0x22c
 566 021a 02       		.byte	0x2
 567 021b 23       		.byte	0x23
 568 021c 00       		.uleb128 0x0
 569 021d 06       		.uleb128 0x6
 570 021e 27020000 		.4byte	.LASF23
 571 0222 04       		.byte	0x4
 572 0223 63       		.byte	0x63
 573 0224 2C020000 		.4byte	0x22c
 574 0228 02       		.byte	0x2
 575 0229 23       		.byte	0x23
 576 022a 04       		.uleb128 0x4
 577 022b 00       		.byte	0x0
 578 022c 09       		.uleb128 0x9
 579 022d 04       		.byte	0x4
 580 022e F3000000 		.4byte	0xf3
 581 0232 04       		.uleb128 0x4
 582 0233 F3010000 		.4byte	.LASF39
 583 0237 04       		.byte	0x4
 584 0238 65       		.byte	0x65
 585 0239 07020000 		.4byte	0x207
 586 023d 08       		.uleb128 0x8
 587 023e 04       		.byte	0x4
 588 023f 04       		.byte	0x4
 589 0240 6A       		.byte	0x6a
 590 0241 54020000 		.4byte	0x254
 591 0245 06       		.uleb128 0x6
 592 0246 7C020000 		.4byte	.LASF22
 593 024a 04       		.byte	0x4
 594 024b 6C       		.byte	0x6c
 595 024c 2C020000 		.4byte	0x22c
 596 0250 02       		.byte	0x2
 597 0251 23       		.byte	0x23
 598 0252 00       		.uleb128 0x0
 599 0253 00       		.byte	0x0
 600 0254 04       		.uleb128 0x4
 601 0255 A7010000 		.4byte	.LASF40
 602 0259 04       		.byte	0x4
 603 025a 6F       		.byte	0x6f
 604 025b 3D020000 		.4byte	0x23d
 605 025f 0A       		.uleb128 0xa
 606 0260 7B000000 		.4byte	0x7b
 607 0264 0B       		.uleb128 0xb
 608 0265 04       		.byte	0x4
 609 0266 07       		.byte	0x7
 610 0267 08       		.uleb128 0x8
 611 0268 40       		.byte	0x40
 612 0269 06       		.byte	0x6
ARM GAS  /tmp/ccsqOzaM.s 			page 12


 613 026a 88       		.byte	0x88
 614 026b 34030000 		.4byte	0x334
 615 026f 06       		.uleb128 0x6
 616 0270 67000000 		.4byte	.LASF41
 617 0274 06       		.byte	0x6
 618 0275 89       		.byte	0x89
 619 0276 5F020000 		.4byte	0x25f
 620 027a 02       		.byte	0x2
 621 027b 23       		.byte	0x23
 622 027c 00       		.uleb128 0x0
 623 027d 06       		.uleb128 0x6
 624 027e 83010000 		.4byte	.LASF42
 625 0282 06       		.byte	0x6
 626 0283 8A       		.byte	0x8a
 627 0284 5F020000 		.4byte	0x25f
 628 0288 02       		.byte	0x2
 629 0289 23       		.byte	0x23
 630 028a 04       		.uleb128 0x4
 631 028b 06       		.uleb128 0x6
 632 028c 56010000 		.4byte	.LASF43
 633 0290 06       		.byte	0x6
 634 0291 8B       		.byte	0x8b
 635 0292 5F020000 		.4byte	0x25f
 636 0296 02       		.byte	0x2
 637 0297 23       		.byte	0x23
 638 0298 08       		.uleb128 0x8
 639 0299 06       		.uleb128 0x6
 640 029a 8E010000 		.4byte	.LASF44
 641 029e 06       		.byte	0x6
 642 029f 8C       		.byte	0x8c
 643 02a0 5F020000 		.4byte	0x25f
 644 02a4 02       		.byte	0x2
 645 02a5 23       		.byte	0x23
 646 02a6 0C       		.uleb128 0xc
 647 02a7 07       		.uleb128 0x7
 648 02a8 53435200 		.ascii	"SCR\000"
 649 02ac 06       		.byte	0x6
 650 02ad 8D       		.byte	0x8d
 651 02ae 5F020000 		.4byte	0x25f
 652 02b2 02       		.byte	0x2
 653 02b3 23       		.byte	0x23
 654 02b4 10       		.uleb128 0x10
 655 02b5 07       		.uleb128 0x7
 656 02b6 43435200 		.ascii	"CCR\000"
 657 02ba 06       		.byte	0x6
 658 02bb 8E       		.byte	0x8e
 659 02bc 5F020000 		.4byte	0x25f
 660 02c0 02       		.byte	0x2
 661 02c1 23       		.byte	0x23
 662 02c2 14       		.uleb128 0x14
 663 02c3 06       		.uleb128 0x6
 664 02c4 E9020000 		.4byte	.LASF45
 665 02c8 06       		.byte	0x6
 666 02c9 8F       		.byte	0x8f
 667 02ca 44030000 		.4byte	0x344
 668 02ce 02       		.byte	0x2
 669 02cf 23       		.byte	0x23
ARM GAS  /tmp/ccsqOzaM.s 			page 13


 670 02d0 18       		.uleb128 0x18
 671 02d1 06       		.uleb128 0x6
 672 02d2 4C020000 		.4byte	.LASF46
 673 02d6 06       		.byte	0x6
 674 02d7 90       		.byte	0x90
 675 02d8 5F020000 		.4byte	0x25f
 676 02dc 02       		.byte	0x2
 677 02dd 23       		.byte	0x23
 678 02de 24       		.uleb128 0x24
 679 02df 06       		.uleb128 0x6
 680 02e0 E0010000 		.4byte	.LASF47
 681 02e4 06       		.byte	0x6
 682 02e5 91       		.byte	0x91
 683 02e6 5F020000 		.4byte	0x25f
 684 02ea 02       		.byte	0x2
 685 02eb 23       		.byte	0x23
 686 02ec 28       		.uleb128 0x28
 687 02ed 06       		.uleb128 0x6
 688 02ee 5B030000 		.4byte	.LASF48
 689 02f2 06       		.byte	0x6
 690 02f3 92       		.byte	0x92
 691 02f4 5F020000 		.4byte	0x25f
 692 02f8 02       		.byte	0x2
 693 02f9 23       		.byte	0x23
 694 02fa 2C       		.uleb128 0x2c
 695 02fb 06       		.uleb128 0x6
 696 02fc 94010000 		.4byte	.LASF49
 697 0300 06       		.byte	0x6
 698 0301 93       		.byte	0x93
 699 0302 5F020000 		.4byte	0x25f
 700 0306 02       		.byte	0x2
 701 0307 23       		.byte	0x23
 702 0308 30       		.uleb128 0x30
 703 0309 06       		.uleb128 0x6
 704 030a 99010000 		.4byte	.LASF50
 705 030e 06       		.byte	0x6
 706 030f 94       		.byte	0x94
 707 0310 5F020000 		.4byte	0x25f
 708 0314 02       		.byte	0x2
 709 0315 23       		.byte	0x23
 710 0316 34       		.uleb128 0x34
 711 0317 06       		.uleb128 0x6
 712 0318 0B010000 		.4byte	.LASF51
 713 031c 06       		.byte	0x6
 714 031d 95       		.byte	0x95
 715 031e 5F020000 		.4byte	0x25f
 716 0322 02       		.byte	0x2
 717 0323 23       		.byte	0x23
 718 0324 38       		.uleb128 0x38
 719 0325 06       		.uleb128 0x6
 720 0326 AE020000 		.4byte	.LASF52
 721 032a 06       		.byte	0x6
 722 032b 96       		.byte	0x96
 723 032c 5F020000 		.4byte	0x25f
 724 0330 02       		.byte	0x2
 725 0331 23       		.byte	0x23
 726 0332 3C       		.uleb128 0x3c
ARM GAS  /tmp/ccsqOzaM.s 			page 14


 727 0333 00       		.byte	0x0
 728 0334 0C       		.uleb128 0xc
 729 0335 7B000000 		.4byte	0x7b
 730 0339 44030000 		.4byte	0x344
 731 033d 0D       		.uleb128 0xd
 732 033e 64020000 		.4byte	0x264
 733 0342 02       		.byte	0x2
 734 0343 00       		.byte	0x0
 735 0344 0A       		.uleb128 0xa
 736 0345 34030000 		.4byte	0x334
 737 0349 0E       		.uleb128 0xe
 738 034a C5010000 		.4byte	.LASF53
 739 034e 07       		.byte	0x7
 740 034f 0401     		.2byte	0x104
 741 0351 89000000 		.4byte	0x89
 742 0355 0E       		.uleb128 0xe
 743 0356 18010000 		.4byte	.LASF54
 744 035a 07       		.byte	0x7
 745 035b 0F01     		.2byte	0x10f
 746 035d 61030000 		.4byte	0x361
 747 0361 0F       		.uleb128 0xf
 748 0362 04       		.byte	0x4
 749 0363 10       		.uleb128 0x10
 750 0364 68010000 		.4byte	.LASF55
 751 0368 04       		.byte	0x4
 752 0369 07       		.byte	0x7
 753 036a 2B01     		.2byte	0x12b
 754 036c 80030000 		.4byte	0x380
 755 0370 11       		.uleb128 0x11
 756 0371 72313300 		.ascii	"r13\000"
 757 0375 07       		.byte	0x7
 758 0376 2C01     		.2byte	0x12c
 759 0378 05040000 		.4byte	0x405
 760 037c 02       		.byte	0x2
 761 037d 23       		.byte	0x23
 762 037e 00       		.uleb128 0x0
 763 037f 00       		.byte	0x0
 764 0380 10       		.uleb128 0x10
 765 0381 EE020000 		.4byte	.LASF56
 766 0385 24       		.byte	0x24
 767 0386 07       		.byte	0x7
 768 0387 2C01     		.2byte	0x12c
 769 0389 05040000 		.4byte	0x405
 770 038d 07       		.uleb128 0x7
 771 038e 723400   		.ascii	"r4\000"
 772 0391 08       		.byte	0x8
 773 0392 37       		.byte	0x37
 774 0393 55030000 		.4byte	0x355
 775 0397 02       		.byte	0x2
 776 0398 23       		.byte	0x23
 777 0399 00       		.uleb128 0x0
 778 039a 07       		.uleb128 0x7
 779 039b 723500   		.ascii	"r5\000"
 780 039e 08       		.byte	0x8
 781 039f 38       		.byte	0x38
 782 03a0 55030000 		.4byte	0x355
 783 03a4 02       		.byte	0x2
ARM GAS  /tmp/ccsqOzaM.s 			page 15


 784 03a5 23       		.byte	0x23
 785 03a6 04       		.uleb128 0x4
 786 03a7 07       		.uleb128 0x7
 787 03a8 723600   		.ascii	"r6\000"
 788 03ab 08       		.byte	0x8
 789 03ac 39       		.byte	0x39
 790 03ad 55030000 		.4byte	0x355
 791 03b1 02       		.byte	0x2
 792 03b2 23       		.byte	0x23
 793 03b3 08       		.uleb128 0x8
 794 03b4 07       		.uleb128 0x7
 795 03b5 723700   		.ascii	"r7\000"
 796 03b8 08       		.byte	0x8
 797 03b9 3B       		.byte	0x3b
 798 03ba 55030000 		.4byte	0x355
 799 03be 02       		.byte	0x2
 800 03bf 23       		.byte	0x23
 801 03c0 0C       		.uleb128 0xc
 802 03c1 07       		.uleb128 0x7
 803 03c2 723800   		.ascii	"r8\000"
 804 03c5 08       		.byte	0x8
 805 03c6 3D       		.byte	0x3d
 806 03c7 55030000 		.4byte	0x355
 807 03cb 02       		.byte	0x2
 808 03cc 23       		.byte	0x23
 809 03cd 10       		.uleb128 0x10
 810 03ce 07       		.uleb128 0x7
 811 03cf 723900   		.ascii	"r9\000"
 812 03d2 08       		.byte	0x8
 813 03d3 3E       		.byte	0x3e
 814 03d4 55030000 		.4byte	0x355
 815 03d8 02       		.byte	0x2
 816 03d9 23       		.byte	0x23
 817 03da 14       		.uleb128 0x14
 818 03db 07       		.uleb128 0x7
 819 03dc 72313000 		.ascii	"r10\000"
 820 03e0 08       		.byte	0x8
 821 03e1 3F       		.byte	0x3f
 822 03e2 55030000 		.4byte	0x355
 823 03e6 02       		.byte	0x2
 824 03e7 23       		.byte	0x23
 825 03e8 18       		.uleb128 0x18
 826 03e9 07       		.uleb128 0x7
 827 03ea 72313100 		.ascii	"r11\000"
 828 03ee 08       		.byte	0x8
 829 03ef 40       		.byte	0x40
 830 03f0 55030000 		.4byte	0x355
 831 03f4 02       		.byte	0x2
 832 03f5 23       		.byte	0x23
 833 03f6 1C       		.uleb128 0x1c
 834 03f7 07       		.uleb128 0x7
 835 03f8 6C7200   		.ascii	"lr\000"
 836 03fb 08       		.byte	0x8
 837 03fc 41       		.byte	0x41
 838 03fd 55030000 		.4byte	0x355
 839 0401 02       		.byte	0x2
 840 0402 23       		.byte	0x23
ARM GAS  /tmp/ccsqOzaM.s 			page 16


 841 0403 20       		.uleb128 0x20
 842 0404 00       		.byte	0x0
 843 0405 09       		.uleb128 0x9
 844 0406 04       		.byte	0x4
 845 0407 80030000 		.4byte	0x380
 846 040b 04       		.uleb128 0x4
 847 040c CF020000 		.4byte	.LASF57
 848 0410 09       		.byte	0x9
 849 0411 3E       		.byte	0x3e
 850 0412 16040000 		.4byte	0x416
 851 0416 09       		.uleb128 0x9
 852 0417 04       		.byte	0x4
 853 0418 1C040000 		.4byte	0x41c
 854 041c 12       		.uleb128 0x12
 855 041d 01       		.byte	0x1
 856 041e 28040000 		.4byte	0x428
 857 0422 13       		.uleb128 0x13
 858 0423 61030000 		.4byte	0x361
 859 0427 00       		.byte	0x0
 860 0428 04       		.uleb128 0x4
 861 0429 5B010000 		.4byte	.LASF58
 862 042d 09       		.byte	0x9
 863 042e 43       		.byte	0x43
 864 042f 33040000 		.4byte	0x433
 865 0433 05       		.uleb128 0x5
 866 0434 5B010000 		.4byte	.LASF58
 867 0438 14       		.byte	0x14
 868 0439 09       		.byte	0x9
 869 043a 43       		.byte	0x43
 870 043b 86040000 		.4byte	0x486
 871 043f 06       		.uleb128 0x6
 872 0440 3C010000 		.4byte	.LASF59
 873 0444 09       		.byte	0x9
 874 0445 4B       		.byte	0x4b
 875 0446 86040000 		.4byte	0x486
 876 044a 02       		.byte	0x2
 877 044b 23       		.byte	0x23
 878 044c 00       		.uleb128 0x0
 879 044d 06       		.uleb128 0x6
 880 044e 21010000 		.4byte	.LASF60
 881 0452 09       		.byte	0x9
 882 0453 4D       		.byte	0x4d
 883 0454 86040000 		.4byte	0x486
 884 0458 02       		.byte	0x2
 885 0459 23       		.byte	0x23
 886 045a 04       		.uleb128 0x4
 887 045b 06       		.uleb128 0x6
 888 045c D0010000 		.4byte	.LASF61
 889 0460 09       		.byte	0x9
 890 0461 4F       		.byte	0x4f
 891 0462 DD000000 		.4byte	0xdd
 892 0466 02       		.byte	0x2
 893 0467 23       		.byte	0x23
 894 0468 08       		.uleb128 0x8
 895 0469 06       		.uleb128 0x6
 896 046a D8010000 		.4byte	.LASF62
 897 046e 09       		.byte	0x9
ARM GAS  /tmp/ccsqOzaM.s 			page 17


 898 046f 50       		.byte	0x50
 899 0470 0B040000 		.4byte	0x40b
 900 0474 02       		.byte	0x2
 901 0475 23       		.byte	0x23
 902 0476 0C       		.uleb128 0xc
 903 0477 06       		.uleb128 0x6
 904 0478 00030000 		.4byte	.LASF63
 905 047c 09       		.byte	0x9
 906 047d 52       		.byte	0x52
 907 047e 61030000 		.4byte	0x361
 908 0482 02       		.byte	0x2
 909 0483 23       		.byte	0x23
 910 0484 10       		.uleb128 0x10
 911 0485 00       		.byte	0x0
 912 0486 09       		.uleb128 0x9
 913 0487 04       		.byte	0x4
 914 0488 28040000 		.4byte	0x428
 915 048c 08       		.uleb128 0x8
 916 048d 10       		.byte	0x10
 917 048e 09       		.byte	0x9
 918 048f 5C       		.byte	0x5c
 919 0490 CD040000 		.4byte	0x4cd
 920 0494 06       		.uleb128 0x6
 921 0495 3C010000 		.4byte	.LASF59
 922 0499 09       		.byte	0x9
 923 049a 5D       		.byte	0x5d
 924 049b 86040000 		.4byte	0x486
 925 049f 02       		.byte	0x2
 926 04a0 23       		.byte	0x23
 927 04a1 00       		.uleb128 0x0
 928 04a2 06       		.uleb128 0x6
 929 04a3 21010000 		.4byte	.LASF60
 930 04a7 09       		.byte	0x9
 931 04a8 5F       		.byte	0x5f
 932 04a9 86040000 		.4byte	0x486
 933 04ad 02       		.byte	0x2
 934 04ae 23       		.byte	0x23
 935 04af 04       		.uleb128 0x4
 936 04b0 06       		.uleb128 0x6
 937 04b1 D0010000 		.4byte	.LASF61
 938 04b5 09       		.byte	0x9
 939 04b6 61       		.byte	0x61
 940 04b7 DD000000 		.4byte	0xdd
 941 04bb 02       		.byte	0x2
 942 04bc 23       		.byte	0x23
 943 04bd 08       		.uleb128 0x8
 944 04be 06       		.uleb128 0x6
 945 04bf 49030000 		.4byte	.LASF64
 946 04c3 09       		.byte	0x9
 947 04c4 62       		.byte	0x62
 948 04c5 CD040000 		.4byte	0x4cd
 949 04c9 02       		.byte	0x2
 950 04ca 23       		.byte	0x23
 951 04cb 0C       		.uleb128 0xc
 952 04cc 00       		.byte	0x0
 953 04cd 0A       		.uleb128 0xa
 954 04ce DD000000 		.4byte	0xdd
ARM GAS  /tmp/ccsqOzaM.s 			page 18


 955 04d2 04       		.uleb128 0x4
 956 04d3 54030000 		.4byte	.LASF65
 957 04d7 09       		.byte	0x9
 958 04d8 63       		.byte	0x63
 959 04d9 8C040000 		.4byte	0x48c
 960 04dd 08       		.uleb128 0x8
 961 04de 20       		.byte	0x20
 962 04df 0A       		.byte	0xa
 963 04e0 4F       		.byte	0x4f
 964 04e1 48050000 		.4byte	0x548
 965 04e5 06       		.uleb128 0x6
 966 04e6 A6020000 		.4byte	.LASF66
 967 04ea 0A       		.byte	0xa
 968 04eb 50       		.byte	0x50
 969 04ec 32020000 		.4byte	0x232
 970 04f0 02       		.byte	0x2
 971 04f1 23       		.byte	0x23
 972 04f2 00       		.uleb128 0x0
 973 04f3 06       		.uleb128 0x6
 974 04f4 6E020000 		.4byte	.LASF67
 975 04f8 0A       		.byte	0xa
 976 04f9 51       		.byte	0x51
 977 04fa BC000000 		.4byte	0xbc
 978 04fe 02       		.byte	0x2
 979 04ff 23       		.byte	0x23
 980 0500 08       		.uleb128 0x8
 981 0501 06       		.uleb128 0x6
 982 0502 ED010000 		.4byte	.LASF68
 983 0506 0A       		.byte	0xa
 984 0507 53       		.byte	0x53
 985 0508 63030000 		.4byte	0x363
 986 050c 02       		.byte	0x2
 987 050d 23       		.byte	0x23
 988 050e 0C       		.uleb128 0xc
 989 050f 06       		.uleb128 0x6
 990 0510 10010000 		.4byte	.LASF69
 991 0514 0A       		.byte	0xa
 992 0515 56       		.byte	0x56
 993 0516 2C020000 		.4byte	0x22c
 994 051a 02       		.byte	0x2
 995 051b 23       		.byte	0x23
 996 051c 10       		.uleb128 0x10
 997 051d 06       		.uleb128 0x6
 998 051e 0A020000 		.4byte	.LASF70
 999 0522 0A       		.byte	0xa
 1000 0523 57       		.byte	0x57
 1001 0524 2C020000 		.4byte	0x22c
 1002 0528 02       		.byte	0x2
 1003 0529 23       		.byte	0x23
 1004 052a 14       		.uleb128 0x14
 1005 052b 06       		.uleb128 0x6
 1006 052c D8020000 		.4byte	.LASF71
 1007 0530 0A       		.byte	0xa
 1008 0531 5B       		.byte	0x5b
 1009 0532 E8000000 		.4byte	0xe8
 1010 0536 02       		.byte	0x2
 1011 0537 23       		.byte	0x23
ARM GAS  /tmp/ccsqOzaM.s 			page 19


 1012 0538 18       		.uleb128 0x18
 1013 0539 06       		.uleb128 0x6
 1014 053a 00020000 		.4byte	.LASF72
 1015 053e 0A       		.byte	0xa
 1016 053f 5E       		.byte	0x5e
 1017 0540 2C020000 		.4byte	0x22c
 1018 0544 02       		.byte	0x2
 1019 0545 23       		.byte	0x23
 1020 0546 1C       		.uleb128 0x1c
 1021 0547 00       		.byte	0x0
 1022 0548 04       		.uleb128 0x4
 1023 0549 0E030000 		.4byte	.LASF73
 1024 054d 0A       		.byte	0xa
 1025 054e 61       		.byte	0x61
 1026 054f DD040000 		.4byte	0x4dd
 1027 0553 05       		.uleb128 0x5
 1028 0554 BF010000 		.4byte	.LASF74
 1029 0558 10       		.byte	0x10
 1030 0559 0B       		.byte	0xb
 1031 055a 2B       		.byte	0x2b
 1032 055b 8A050000 		.4byte	0x58a
 1033 055f 06       		.uleb128 0x6
 1034 0560 CB000000 		.4byte	.LASF75
 1035 0564 0B       		.byte	0xb
 1036 0565 2C       		.byte	0x2c
 1037 0566 32020000 		.4byte	0x232
 1038 056a 02       		.byte	0x2
 1039 056b 23       		.byte	0x23
 1040 056c 00       		.uleb128 0x0
 1041 056d 06       		.uleb128 0x6
 1042 056e 60030000 		.4byte	.LASF76
 1043 0572 0B       		.byte	0xb
 1044 0573 2E       		.byte	0x2e
 1045 0574 2C020000 		.4byte	0x22c
 1046 0578 02       		.byte	0x2
 1047 0579 23       		.byte	0x23
 1048 057a 08       		.uleb128 0x8
 1049 057b 06       		.uleb128 0x6
 1050 057c B3020000 		.4byte	.LASF77
 1051 0580 0B       		.byte	0xb
 1052 0581 30       		.byte	0x30
 1053 0582 8A050000 		.4byte	0x58a
 1054 0586 02       		.byte	0x2
 1055 0587 23       		.byte	0x23
 1056 0588 0C       		.uleb128 0xc
 1057 0589 00       		.byte	0x0
 1058 058a 09       		.uleb128 0x9
 1059 058b 04       		.byte	0x4
 1060 058c 53050000 		.4byte	0x553
 1061 0590 04       		.uleb128 0x4
 1062 0591 BF010000 		.4byte	.LASF74
 1063 0595 0B       		.byte	0xb
 1064 0596 32       		.byte	0x32
 1065 0597 53050000 		.4byte	0x553
 1066 059b 14       		.uleb128 0x14
 1067 059c 04       		.byte	0x4
 1068 059d 05       		.byte	0x5
ARM GAS  /tmp/ccsqOzaM.s 			page 20


 1069 059e 5A       		.byte	0x5a
 1070 059f D0050000 		.4byte	0x5d0
 1071 05a3 15       		.uleb128 0x15
 1072 05a4 06000000 		.4byte	.LASF78
 1073 05a8 05       		.byte	0x5
 1074 05a9 61       		.byte	0x61
 1075 05aa C7000000 		.4byte	0xc7
 1076 05ae 15       		.uleb128 0x15
 1077 05af 47000000 		.4byte	.LASF79
 1078 05b3 05       		.byte	0x5
 1079 05b4 68       		.byte	0x68
 1080 05b5 C7000000 		.4byte	0xc7
 1081 05b9 15       		.uleb128 0x15
 1082 05ba 42030000 		.4byte	.LASF80
 1083 05be 05       		.byte	0x5
 1084 05bf 6F       		.byte	0x6f
 1085 05c0 61030000 		.4byte	0x361
 1086 05c4 15       		.uleb128 0x15
 1087 05c5 75020000 		.4byte	.LASF81
 1088 05c9 05       		.byte	0x5
 1089 05ca 76       		.byte	0x76
 1090 05cb D2000000 		.4byte	0xd2
 1091 05cf 00       		.byte	0x0
 1092 05d0 09       		.uleb128 0x9
 1093 05d1 04       		.byte	0x4
 1094 05d2 90050000 		.4byte	0x590
 1095 05d6 16       		.uleb128 0x16
 1096 05d7 01       		.byte	0x1
 1097 05d8 C7000000 		.4byte	0xc7
 1098 05dc E6050000 		.4byte	0x5e6
 1099 05e0 13       		.uleb128 0x13
 1100 05e1 61030000 		.4byte	0x361
 1101 05e5 00       		.byte	0x0
 1102 05e6 17       		.uleb128 0x17
 1103 05e7 01       		.byte	0x1
 1104 05e8 12020000 		.4byte	.LASF82
 1105 05ec 01       		.byte	0x1
 1106 05ed 3C       		.byte	0x3c
 1107 05ee 01       		.byte	0x1
 1108 05ef 00000000 		.4byte	.LFB7
 1109 05f3 02000000 		.4byte	.LFE7
 1110 05f7 01       		.byte	0x1
 1111 05f8 5D       		.byte	0x5d
 1112 05f9 09060000 		.4byte	0x609
 1113 05fd 18       		.uleb128 0x18
 1114 05fe 7000     		.ascii	"p\000"
 1115 0600 01       		.byte	0x1
 1116 0601 3C       		.byte	0x3c
 1117 0602 61030000 		.4byte	0x361
 1118 0606 01       		.byte	0x1
 1119 0607 50       		.byte	0x50
 1120 0608 00       		.byte	0x0
 1121 0609 19       		.uleb128 0x19
 1122 060a 01       		.byte	0x1
 1123 060b 1D000000 		.4byte	.LASF83
 1124 060f 01       		.byte	0x1
 1125 0610 78       		.byte	0x78
ARM GAS  /tmp/ccsqOzaM.s 			page 21


 1126 0611 01       		.byte	0x1
 1127 0612 00000000 		.4byte	.LFB9
 1128 0616 52000000 		.4byte	.LFE9
 1129 061a 00000000 		.4byte	.LLST1
 1130 061e 54060000 		.4byte	0x654
 1131 0622 1A       		.uleb128 0x1a
 1132 0623 30000000 		.4byte	.LBB2
 1133 0627 52000000 		.4byte	.LBE2
 1134 062b 1B       		.uleb128 0x1b
 1135 062c 76747000 		.ascii	"vtp\000"
 1136 0630 01       		.byte	0x1
 1137 0631 83       		.byte	0x83
 1138 0632 86040000 		.4byte	0x486
 1139 0636 1F000000 		.4byte	.LLST2
 1140 063a 1A       		.uleb128 0x1a
 1141 063b 3A000000 		.4byte	.LBB3
 1142 063f 48000000 		.4byte	.LBE3
 1143 0643 1B       		.uleb128 0x1b
 1144 0644 666E00   		.ascii	"fn\000"
 1145 0647 01       		.byte	0x1
 1146 0648 83       		.byte	0x83
 1147 0649 0B040000 		.4byte	0x40b
 1148 064d 3D000000 		.4byte	.LLST3
 1149 0651 00       		.byte	0x0
 1150 0652 00       		.byte	0x0
 1151 0653 00       		.byte	0x0
 1152 0654 19       		.uleb128 0x19
 1153 0655 01       		.byte	0x1
 1154 0656 B9000000 		.4byte	.LASF84
 1155 065a 01       		.byte	0x1
 1156 065b 51       		.byte	0x51
 1157 065c 01       		.byte	0x1
 1158 065d 00000000 		.4byte	.LFB8
 1159 0661 78000000 		.4byte	.LFE8
 1160 0665 50000000 		.4byte	.LLST4
 1161 0669 98060000 		.4byte	0x698
 1162 066d 1C       		.uleb128 0x1c
 1163 066e 50000000 		.4byte	.LASF85
 1164 0672 01       		.byte	0x1
 1165 0673 52       		.byte	0x52
 1166 0674 F3000000 		.4byte	0xf3
 1167 0678 05       		.byte	0x5
 1168 0679 03       		.byte	0x3
 1169 067a 00000000 		.4byte	mainthread.1989
 1170 067e 1A       		.uleb128 0x1a
 1171 067f 52000000 		.4byte	.LBB4
 1172 0683 5A000000 		.4byte	.LBE4
 1173 0687 1B       		.uleb128 0x1b
 1174 0688 746D7000 		.ascii	"tmp\000"
 1175 068c 01       		.byte	0x1
 1176 068d 64       		.byte	0x64
 1177 068e 70000000 		.4byte	0x70
 1178 0692 7B000000 		.4byte	.LLST5
 1179 0696 00       		.byte	0x0
 1180 0697 00       		.byte	0x0
 1181 0698 1D       		.uleb128 0x1d
 1182 0699 16000000 		.4byte	.LASF86
ARM GAS  /tmp/ccsqOzaM.s 			page 22


 1183 069d 09       		.byte	0x9
 1184 069e 65       		.byte	0x65
 1185 069f D2040000 		.4byte	0x4d2
 1186 06a3 01       		.byte	0x1
 1187 06a4 01       		.byte	0x1
 1188 06a5 1D       		.uleb128 0x1d
 1189 06a6 18030000 		.4byte	.LASF87
 1190 06aa 0A       		.byte	0xa
 1191 06ab 65       		.byte	0x65
 1192 06ac 48050000 		.4byte	0x548
 1193 06b0 01       		.byte	0x1
 1194 06b1 01       		.byte	0x1
 1195 06b2 0C       		.uleb128 0xc
 1196 06b3 49030000 		.4byte	0x349
 1197 06b7 C2060000 		.4byte	0x6c2
 1198 06bb 0D       		.uleb128 0xd
 1199 06bc 64020000 		.4byte	0x264
 1200 06c0 13       		.byte	0x13
 1201 06c1 00       		.byte	0x0
 1202 06c2 1E       		.uleb128 0x1e
 1203 06c3 FB000000 		.4byte	.LASF88
 1204 06c7 01       		.byte	0x1
 1205 06c8 30       		.byte	0x30
 1206 06c9 B2060000 		.4byte	0x6b2
 1207 06cd 01       		.byte	0x1
 1208 06ce 05       		.byte	0x5
 1209 06cf 03       		.byte	0x3
 1210 06d0 00000000 		.4byte	_idle_thread_wa
 1211 06d4 00       		.byte	0x0
 1212              		.section	.debug_abbrev
 1213 0000 01       		.uleb128 0x1
 1214 0001 11       		.uleb128 0x11
 1215 0002 01       		.byte	0x1
 1216 0003 25       		.uleb128 0x25
 1217 0004 0E       		.uleb128 0xe
 1218 0005 13       		.uleb128 0x13
 1219 0006 0B       		.uleb128 0xb
 1220 0007 03       		.uleb128 0x3
 1221 0008 0E       		.uleb128 0xe
 1222 0009 1B       		.uleb128 0x1b
 1223 000a 0E       		.uleb128 0xe
 1224 000b 11       		.uleb128 0x11
 1225 000c 01       		.uleb128 0x1
 1226 000d 52       		.uleb128 0x52
 1227 000e 01       		.uleb128 0x1
 1228 000f 55       		.uleb128 0x55
 1229 0010 06       		.uleb128 0x6
 1230 0011 10       		.uleb128 0x10
 1231 0012 06       		.uleb128 0x6
 1232 0013 00       		.byte	0x0
 1233 0014 00       		.byte	0x0
 1234 0015 02       		.uleb128 0x2
 1235 0016 24       		.uleb128 0x24
 1236 0017 00       		.byte	0x0
 1237 0018 0B       		.uleb128 0xb
 1238 0019 0B       		.uleb128 0xb
 1239 001a 3E       		.uleb128 0x3e
ARM GAS  /tmp/ccsqOzaM.s 			page 23


 1240 001b 0B       		.uleb128 0xb
 1241 001c 03       		.uleb128 0x3
 1242 001d 08       		.uleb128 0x8
 1243 001e 00       		.byte	0x0
 1244 001f 00       		.byte	0x0
 1245 0020 03       		.uleb128 0x3
 1246 0021 24       		.uleb128 0x24
 1247 0022 00       		.byte	0x0
 1248 0023 0B       		.uleb128 0xb
 1249 0024 0B       		.uleb128 0xb
 1250 0025 3E       		.uleb128 0x3e
 1251 0026 0B       		.uleb128 0xb
 1252 0027 03       		.uleb128 0x3
 1253 0028 0E       		.uleb128 0xe
 1254 0029 00       		.byte	0x0
 1255 002a 00       		.byte	0x0
 1256 002b 04       		.uleb128 0x4
 1257 002c 16       		.uleb128 0x16
 1258 002d 00       		.byte	0x0
 1259 002e 03       		.uleb128 0x3
 1260 002f 0E       		.uleb128 0xe
 1261 0030 3A       		.uleb128 0x3a
 1262 0031 0B       		.uleb128 0xb
 1263 0032 3B       		.uleb128 0x3b
 1264 0033 0B       		.uleb128 0xb
 1265 0034 49       		.uleb128 0x49
 1266 0035 13       		.uleb128 0x13
 1267 0036 00       		.byte	0x0
 1268 0037 00       		.byte	0x0
 1269 0038 05       		.uleb128 0x5
 1270 0039 13       		.uleb128 0x13
 1271 003a 01       		.byte	0x1
 1272 003b 03       		.uleb128 0x3
 1273 003c 0E       		.uleb128 0xe
 1274 003d 0B       		.uleb128 0xb
 1275 003e 0B       		.uleb128 0xb
 1276 003f 3A       		.uleb128 0x3a
 1277 0040 0B       		.uleb128 0xb
 1278 0041 3B       		.uleb128 0x3b
 1279 0042 0B       		.uleb128 0xb
 1280 0043 01       		.uleb128 0x1
 1281 0044 13       		.uleb128 0x13
 1282 0045 00       		.byte	0x0
 1283 0046 00       		.byte	0x0
 1284 0047 06       		.uleb128 0x6
 1285 0048 0D       		.uleb128 0xd
 1286 0049 00       		.byte	0x0
 1287 004a 03       		.uleb128 0x3
 1288 004b 0E       		.uleb128 0xe
 1289 004c 3A       		.uleb128 0x3a
 1290 004d 0B       		.uleb128 0xb
 1291 004e 3B       		.uleb128 0x3b
 1292 004f 0B       		.uleb128 0xb
 1293 0050 49       		.uleb128 0x49
 1294 0051 13       		.uleb128 0x13
 1295 0052 38       		.uleb128 0x38
 1296 0053 0A       		.uleb128 0xa
ARM GAS  /tmp/ccsqOzaM.s 			page 24


 1297 0054 00       		.byte	0x0
 1298 0055 00       		.byte	0x0
 1299 0056 07       		.uleb128 0x7
 1300 0057 0D       		.uleb128 0xd
 1301 0058 00       		.byte	0x0
 1302 0059 03       		.uleb128 0x3
 1303 005a 08       		.uleb128 0x8
 1304 005b 3A       		.uleb128 0x3a
 1305 005c 0B       		.uleb128 0xb
 1306 005d 3B       		.uleb128 0x3b
 1307 005e 0B       		.uleb128 0xb
 1308 005f 49       		.uleb128 0x49
 1309 0060 13       		.uleb128 0x13
 1310 0061 38       		.uleb128 0x38
 1311 0062 0A       		.uleb128 0xa
 1312 0063 00       		.byte	0x0
 1313 0064 00       		.byte	0x0
 1314 0065 08       		.uleb128 0x8
 1315 0066 13       		.uleb128 0x13
 1316 0067 01       		.byte	0x1
 1317 0068 0B       		.uleb128 0xb
 1318 0069 0B       		.uleb128 0xb
 1319 006a 3A       		.uleb128 0x3a
 1320 006b 0B       		.uleb128 0xb
 1321 006c 3B       		.uleb128 0x3b
 1322 006d 0B       		.uleb128 0xb
 1323 006e 01       		.uleb128 0x1
 1324 006f 13       		.uleb128 0x13
 1325 0070 00       		.byte	0x0
 1326 0071 00       		.byte	0x0
 1327 0072 09       		.uleb128 0x9
 1328 0073 0F       		.uleb128 0xf
 1329 0074 00       		.byte	0x0
 1330 0075 0B       		.uleb128 0xb
 1331 0076 0B       		.uleb128 0xb
 1332 0077 49       		.uleb128 0x49
 1333 0078 13       		.uleb128 0x13
 1334 0079 00       		.byte	0x0
 1335 007a 00       		.byte	0x0
 1336 007b 0A       		.uleb128 0xa
 1337 007c 35       		.uleb128 0x35
 1338 007d 00       		.byte	0x0
 1339 007e 49       		.uleb128 0x49
 1340 007f 13       		.uleb128 0x13
 1341 0080 00       		.byte	0x0
 1342 0081 00       		.byte	0x0
 1343 0082 0B       		.uleb128 0xb
 1344 0083 24       		.uleb128 0x24
 1345 0084 00       		.byte	0x0
 1346 0085 0B       		.uleb128 0xb
 1347 0086 0B       		.uleb128 0xb
 1348 0087 3E       		.uleb128 0x3e
 1349 0088 0B       		.uleb128 0xb
 1350 0089 00       		.byte	0x0
 1351 008a 00       		.byte	0x0
 1352 008b 0C       		.uleb128 0xc
 1353 008c 01       		.uleb128 0x1
ARM GAS  /tmp/ccsqOzaM.s 			page 25


 1354 008d 01       		.byte	0x1
 1355 008e 49       		.uleb128 0x49
 1356 008f 13       		.uleb128 0x13
 1357 0090 01       		.uleb128 0x1
 1358 0091 13       		.uleb128 0x13
 1359 0092 00       		.byte	0x0
 1360 0093 00       		.byte	0x0
 1361 0094 0D       		.uleb128 0xd
 1362 0095 21       		.uleb128 0x21
 1363 0096 00       		.byte	0x0
 1364 0097 49       		.uleb128 0x49
 1365 0098 13       		.uleb128 0x13
 1366 0099 2F       		.uleb128 0x2f
 1367 009a 0B       		.uleb128 0xb
 1368 009b 00       		.byte	0x0
 1369 009c 00       		.byte	0x0
 1370 009d 0E       		.uleb128 0xe
 1371 009e 16       		.uleb128 0x16
 1372 009f 00       		.byte	0x0
 1373 00a0 03       		.uleb128 0x3
 1374 00a1 0E       		.uleb128 0xe
 1375 00a2 3A       		.uleb128 0x3a
 1376 00a3 0B       		.uleb128 0xb
 1377 00a4 3B       		.uleb128 0x3b
 1378 00a5 05       		.uleb128 0x5
 1379 00a6 49       		.uleb128 0x49
 1380 00a7 13       		.uleb128 0x13
 1381 00a8 00       		.byte	0x0
 1382 00a9 00       		.byte	0x0
 1383 00aa 0F       		.uleb128 0xf
 1384 00ab 0F       		.uleb128 0xf
 1385 00ac 00       		.byte	0x0
 1386 00ad 0B       		.uleb128 0xb
 1387 00ae 0B       		.uleb128 0xb
 1388 00af 00       		.byte	0x0
 1389 00b0 00       		.byte	0x0
 1390 00b1 10       		.uleb128 0x10
 1391 00b2 13       		.uleb128 0x13
 1392 00b3 01       		.byte	0x1
 1393 00b4 03       		.uleb128 0x3
 1394 00b5 0E       		.uleb128 0xe
 1395 00b6 0B       		.uleb128 0xb
 1396 00b7 0B       		.uleb128 0xb
 1397 00b8 3A       		.uleb128 0x3a
 1398 00b9 0B       		.uleb128 0xb
 1399 00ba 3B       		.uleb128 0x3b
 1400 00bb 05       		.uleb128 0x5
 1401 00bc 01       		.uleb128 0x1
 1402 00bd 13       		.uleb128 0x13
 1403 00be 00       		.byte	0x0
 1404 00bf 00       		.byte	0x0
 1405 00c0 11       		.uleb128 0x11
 1406 00c1 0D       		.uleb128 0xd
 1407 00c2 00       		.byte	0x0
 1408 00c3 03       		.uleb128 0x3
 1409 00c4 08       		.uleb128 0x8
 1410 00c5 3A       		.uleb128 0x3a
ARM GAS  /tmp/ccsqOzaM.s 			page 26


 1411 00c6 0B       		.uleb128 0xb
 1412 00c7 3B       		.uleb128 0x3b
 1413 00c8 05       		.uleb128 0x5
 1414 00c9 49       		.uleb128 0x49
 1415 00ca 13       		.uleb128 0x13
 1416 00cb 38       		.uleb128 0x38
 1417 00cc 0A       		.uleb128 0xa
 1418 00cd 00       		.byte	0x0
 1419 00ce 00       		.byte	0x0
 1420 00cf 12       		.uleb128 0x12
 1421 00d0 15       		.uleb128 0x15
 1422 00d1 01       		.byte	0x1
 1423 00d2 27       		.uleb128 0x27
 1424 00d3 0C       		.uleb128 0xc
 1425 00d4 01       		.uleb128 0x1
 1426 00d5 13       		.uleb128 0x13
 1427 00d6 00       		.byte	0x0
 1428 00d7 00       		.byte	0x0
 1429 00d8 13       		.uleb128 0x13
 1430 00d9 05       		.uleb128 0x5
 1431 00da 00       		.byte	0x0
 1432 00db 49       		.uleb128 0x49
 1433 00dc 13       		.uleb128 0x13
 1434 00dd 00       		.byte	0x0
 1435 00de 00       		.byte	0x0
 1436 00df 14       		.uleb128 0x14
 1437 00e0 17       		.uleb128 0x17
 1438 00e1 01       		.byte	0x1
 1439 00e2 0B       		.uleb128 0xb
 1440 00e3 0B       		.uleb128 0xb
 1441 00e4 3A       		.uleb128 0x3a
 1442 00e5 0B       		.uleb128 0xb
 1443 00e6 3B       		.uleb128 0x3b
 1444 00e7 0B       		.uleb128 0xb
 1445 00e8 01       		.uleb128 0x1
 1446 00e9 13       		.uleb128 0x13
 1447 00ea 00       		.byte	0x0
 1448 00eb 00       		.byte	0x0
 1449 00ec 15       		.uleb128 0x15
 1450 00ed 0D       		.uleb128 0xd
 1451 00ee 00       		.byte	0x0
 1452 00ef 03       		.uleb128 0x3
 1453 00f0 0E       		.uleb128 0xe
 1454 00f1 3A       		.uleb128 0x3a
 1455 00f2 0B       		.uleb128 0xb
 1456 00f3 3B       		.uleb128 0x3b
 1457 00f4 0B       		.uleb128 0xb
 1458 00f5 49       		.uleb128 0x49
 1459 00f6 13       		.uleb128 0x13
 1460 00f7 00       		.byte	0x0
 1461 00f8 00       		.byte	0x0
 1462 00f9 16       		.uleb128 0x16
 1463 00fa 15       		.uleb128 0x15
 1464 00fb 01       		.byte	0x1
 1465 00fc 27       		.uleb128 0x27
 1466 00fd 0C       		.uleb128 0xc
 1467 00fe 49       		.uleb128 0x49
ARM GAS  /tmp/ccsqOzaM.s 			page 27


 1468 00ff 13       		.uleb128 0x13
 1469 0100 01       		.uleb128 0x1
 1470 0101 13       		.uleb128 0x13
 1471 0102 00       		.byte	0x0
 1472 0103 00       		.byte	0x0
 1473 0104 17       		.uleb128 0x17
 1474 0105 2E       		.uleb128 0x2e
 1475 0106 01       		.byte	0x1
 1476 0107 3F       		.uleb128 0x3f
 1477 0108 0C       		.uleb128 0xc
 1478 0109 03       		.uleb128 0x3
 1479 010a 0E       		.uleb128 0xe
 1480 010b 3A       		.uleb128 0x3a
 1481 010c 0B       		.uleb128 0xb
 1482 010d 3B       		.uleb128 0x3b
 1483 010e 0B       		.uleb128 0xb
 1484 010f 27       		.uleb128 0x27
 1485 0110 0C       		.uleb128 0xc
 1486 0111 11       		.uleb128 0x11
 1487 0112 01       		.uleb128 0x1
 1488 0113 12       		.uleb128 0x12
 1489 0114 01       		.uleb128 0x1
 1490 0115 40       		.uleb128 0x40
 1491 0116 0A       		.uleb128 0xa
 1492 0117 01       		.uleb128 0x1
 1493 0118 13       		.uleb128 0x13
 1494 0119 00       		.byte	0x0
 1495 011a 00       		.byte	0x0
 1496 011b 18       		.uleb128 0x18
 1497 011c 05       		.uleb128 0x5
 1498 011d 00       		.byte	0x0
 1499 011e 03       		.uleb128 0x3
 1500 011f 08       		.uleb128 0x8
 1501 0120 3A       		.uleb128 0x3a
 1502 0121 0B       		.uleb128 0xb
 1503 0122 3B       		.uleb128 0x3b
 1504 0123 0B       		.uleb128 0xb
 1505 0124 49       		.uleb128 0x49
 1506 0125 13       		.uleb128 0x13
 1507 0126 02       		.uleb128 0x2
 1508 0127 0A       		.uleb128 0xa
 1509 0128 00       		.byte	0x0
 1510 0129 00       		.byte	0x0
 1511 012a 19       		.uleb128 0x19
 1512 012b 2E       		.uleb128 0x2e
 1513 012c 01       		.byte	0x1
 1514 012d 3F       		.uleb128 0x3f
 1515 012e 0C       		.uleb128 0xc
 1516 012f 03       		.uleb128 0x3
 1517 0130 0E       		.uleb128 0xe
 1518 0131 3A       		.uleb128 0x3a
 1519 0132 0B       		.uleb128 0xb
 1520 0133 3B       		.uleb128 0x3b
 1521 0134 0B       		.uleb128 0xb
 1522 0135 27       		.uleb128 0x27
 1523 0136 0C       		.uleb128 0xc
 1524 0137 11       		.uleb128 0x11
ARM GAS  /tmp/ccsqOzaM.s 			page 28


 1525 0138 01       		.uleb128 0x1
 1526 0139 12       		.uleb128 0x12
 1527 013a 01       		.uleb128 0x1
 1528 013b 40       		.uleb128 0x40
 1529 013c 06       		.uleb128 0x6
 1530 013d 01       		.uleb128 0x1
 1531 013e 13       		.uleb128 0x13
 1532 013f 00       		.byte	0x0
 1533 0140 00       		.byte	0x0
 1534 0141 1A       		.uleb128 0x1a
 1535 0142 0B       		.uleb128 0xb
 1536 0143 01       		.byte	0x1
 1537 0144 11       		.uleb128 0x11
 1538 0145 01       		.uleb128 0x1
 1539 0146 12       		.uleb128 0x12
 1540 0147 01       		.uleb128 0x1
 1541 0148 00       		.byte	0x0
 1542 0149 00       		.byte	0x0
 1543 014a 1B       		.uleb128 0x1b
 1544 014b 34       		.uleb128 0x34
 1545 014c 00       		.byte	0x0
 1546 014d 03       		.uleb128 0x3
 1547 014e 08       		.uleb128 0x8
 1548 014f 3A       		.uleb128 0x3a
 1549 0150 0B       		.uleb128 0xb
 1550 0151 3B       		.uleb128 0x3b
 1551 0152 0B       		.uleb128 0xb
 1552 0153 49       		.uleb128 0x49
 1553 0154 13       		.uleb128 0x13
 1554 0155 02       		.uleb128 0x2
 1555 0156 06       		.uleb128 0x6
 1556 0157 00       		.byte	0x0
 1557 0158 00       		.byte	0x0
 1558 0159 1C       		.uleb128 0x1c
 1559 015a 34       		.uleb128 0x34
 1560 015b 00       		.byte	0x0
 1561 015c 03       		.uleb128 0x3
 1562 015d 0E       		.uleb128 0xe
 1563 015e 3A       		.uleb128 0x3a
 1564 015f 0B       		.uleb128 0xb
 1565 0160 3B       		.uleb128 0x3b
 1566 0161 0B       		.uleb128 0xb
 1567 0162 49       		.uleb128 0x49
 1568 0163 13       		.uleb128 0x13
 1569 0164 02       		.uleb128 0x2
 1570 0165 0A       		.uleb128 0xa
 1571 0166 00       		.byte	0x0
 1572 0167 00       		.byte	0x0
 1573 0168 1D       		.uleb128 0x1d
 1574 0169 34       		.uleb128 0x34
 1575 016a 00       		.byte	0x0
 1576 016b 03       		.uleb128 0x3
 1577 016c 0E       		.uleb128 0xe
 1578 016d 3A       		.uleb128 0x3a
 1579 016e 0B       		.uleb128 0xb
 1580 016f 3B       		.uleb128 0x3b
 1581 0170 0B       		.uleb128 0xb
ARM GAS  /tmp/ccsqOzaM.s 			page 29


 1582 0171 49       		.uleb128 0x49
 1583 0172 13       		.uleb128 0x13
 1584 0173 3F       		.uleb128 0x3f
 1585 0174 0C       		.uleb128 0xc
 1586 0175 3C       		.uleb128 0x3c
 1587 0176 0C       		.uleb128 0xc
 1588 0177 00       		.byte	0x0
 1589 0178 00       		.byte	0x0
 1590 0179 1E       		.uleb128 0x1e
 1591 017a 34       		.uleb128 0x34
 1592 017b 00       		.byte	0x0
 1593 017c 03       		.uleb128 0x3
 1594 017d 0E       		.uleb128 0xe
 1595 017e 3A       		.uleb128 0x3a
 1596 017f 0B       		.uleb128 0xb
 1597 0180 3B       		.uleb128 0x3b
 1598 0181 0B       		.uleb128 0xb
 1599 0182 49       		.uleb128 0x49
 1600 0183 13       		.uleb128 0x13
 1601 0184 3F       		.uleb128 0x3f
 1602 0185 0C       		.uleb128 0xc
 1603 0186 02       		.uleb128 0x2
 1604 0187 0A       		.uleb128 0xa
 1605 0188 00       		.byte	0x0
 1606 0189 00       		.byte	0x0
 1607 018a 00       		.byte	0x0
 1608              		.section	.debug_pubnames,"",%progbits
 1609 0000 58000000 		.4byte	0x58
 1610 0004 0200     		.2byte	0x2
 1611 0006 00000000 		.4byte	.Ldebug_info0
 1612 000a D5060000 		.4byte	0x6d5
 1613 000e E6050000 		.4byte	0x5e6
 1614 0012 5F69646C 		.ascii	"_idle_thread\000"
 1614      655F7468 
 1614      72656164 
 1614      00
 1615 001f 09060000 		.4byte	0x609
 1616 0023 63685379 		.ascii	"chSysTimerHandlerI\000"
 1616      7354696D 
 1616      65724861 
 1616      6E646C65 
 1616      724900
 1617 0036 54060000 		.4byte	0x654
 1618 003a 63685379 		.ascii	"chSysInit\000"
 1618      73496E69 
 1618      7400
 1619 0044 C2060000 		.4byte	0x6c2
 1620 0048 5F69646C 		.ascii	"_idle_thread_wa\000"
 1620      655F7468 
 1620      72656164 
 1620      5F776100 
 1621 0058 00000000 		.4byte	0x0
 1622              		.section	.debug_aranges,"",%progbits
 1623 0000 2C000000 		.4byte	0x2c
 1624 0004 0200     		.2byte	0x2
 1625 0006 00000000 		.4byte	.Ldebug_info0
 1626 000a 04       		.byte	0x4
ARM GAS  /tmp/ccsqOzaM.s 			page 30


 1627 000b 00       		.byte	0x0
 1628 000c 0000     		.2byte	0x0
 1629 000e 0000     		.2byte	0x0
 1630 0010 00000000 		.4byte	.LFB7
 1631 0014 02000000 		.4byte	.LFE7-.LFB7
 1632 0018 00000000 		.4byte	.LFB9
 1633 001c 52000000 		.4byte	.LFE9-.LFB9
 1634 0020 00000000 		.4byte	.LFB8
 1635 0024 78000000 		.4byte	.LFE8-.LFB8
 1636 0028 00000000 		.4byte	0x0
 1637 002c 00000000 		.4byte	0x0
 1638              		.section	.debug_ranges,"",%progbits
 1639              	.Ldebug_ranges0:
 1640 0000 00000000 		.4byte	.Ltext0
 1641 0004 00000000 		.4byte	.Letext0
 1642 0008 00000000 		.4byte	.LFB7
 1643 000c 02000000 		.4byte	.LFE7
 1644 0010 00000000 		.4byte	.LFB9
 1645 0014 52000000 		.4byte	.LFE9
 1646 0018 00000000 		.4byte	.LFB8
 1647 001c 78000000 		.4byte	.LFE8
 1648 0020 00000000 		.4byte	0x0
 1649 0024 00000000 		.4byte	0x0
 1650              		.section	.debug_str,"MS",%progbits,1
 1651              	.LASF34:
 1652 0000 705F6D73 		.ascii	"p_msg\000"
 1652      6700
 1653              	.LASF78:
 1654 0006 7264796D 		.ascii	"rdymsg\000"
 1654      736700
 1655              	.LASF11:
 1656 000d 75696E74 		.ascii	"uint64_t\000"
 1656      36345F74 
 1656      00
 1657              	.LASF86:
 1658 0016 76746C69 		.ascii	"vtlist\000"
 1658      737400
 1659              	.LASF83:
 1660 001d 63685379 		.ascii	"chSysTimerHandlerI\000"
 1660      7354696D 
 1660      65724861 
 1660      6E646C65 
 1660      724900
 1661              	.LASF12:
 1662 0030 6C6F6E67 		.ascii	"long long unsigned int\000"
 1662      206C6F6E 
 1662      6720756E 
 1662      7369676E 
 1662      65642069 
 1663              	.LASF79:
 1664 0047 65786974 		.ascii	"exitcode\000"
 1664      636F6465 
 1664      00
 1665              	.LASF85:
 1666 0050 6D61696E 		.ascii	"mainthread\000"
 1666      74687265 
 1666      616400
ARM GAS  /tmp/ccsqOzaM.s 			page 31


 1667              	.LASF89:
 1668 005b 474E5520 		.ascii	"GNU C 4.4.1\000"
 1668      4320342E 
 1668      342E3100 
 1669              	.LASF41:
 1670 0067 43505549 		.ascii	"CPUID\000"
 1670      4400
 1671              	.LASF24:
 1672 006d 705F7072 		.ascii	"p_prio\000"
 1672      696F00
 1673              	.LASF91:
 1674 0074 2F686F6D 		.ascii	"/home/dan/Downloads/ChibiOS_2.2.3/demos/ARMCM3-STM3"
 1674      652F6461 
 1674      6E2F446F 
 1674      776E6C6F 
 1674      6164732F 
 1675 00a7 32463130 		.ascii	"2F103\000"
 1675      3300
 1676              	.LASF1:
 1677 00ad 7369676E 		.ascii	"signed char\000"
 1677      65642063 
 1677      68617200 
 1678              	.LASF84:
 1679 00b9 63685379 		.ascii	"chSysInit\000"
 1679      73496E69 
 1679      7400
 1680              	.LASF38:
 1681 00c3 705F6D70 		.ascii	"p_mpool\000"
 1681      6F6F6C00 
 1682              	.LASF75:
 1683 00cb 6D5F7175 		.ascii	"m_queue\000"
 1683      65756500 
 1684              	.LASF7:
 1685 00d3 6C6F6E67 		.ascii	"long int\000"
 1685      20696E74 
 1685      00
 1686              	.LASF14:
 1687 00dc 74737461 		.ascii	"tstate_t\000"
 1687      74655F74 
 1687      00
 1688              	.LASF10:
 1689 00e5 6C6F6E67 		.ascii	"long long int\000"
 1689      206C6F6E 
 1689      6720696E 
 1689      7400
 1690              	.LASF26:
 1691 00f3 705F6E65 		.ascii	"p_newer\000"
 1691      77657200 
 1692              	.LASF88:
 1693 00fb 5F69646C 		.ascii	"_idle_thread_wa\000"
 1693      655F7468 
 1693      72656164 
 1693      5F776100 
 1694              	.LASF51:
 1695 010b 42464152 		.ascii	"BFAR\000"
 1695      00
 1696              	.LASF69:
ARM GAS  /tmp/ccsqOzaM.s 			page 32


 1697 0110 725F6E65 		.ascii	"r_newer\000"
 1697      77657200 
 1698              	.LASF54:
 1699 0118 72656761 		.ascii	"regarm_t\000"
 1699      726D5F74 
 1699      00
 1700              	.LASF60:
 1701 0121 76745F70 		.ascii	"vt_prev\000"
 1701      72657600 
 1702              	.LASF20:
 1703 0129 636E745F 		.ascii	"cnt_t\000"
 1703      7400
 1704              	.LASF0:
 1705 012f 756E7369 		.ascii	"unsigned int\000"
 1705      676E6564 
 1705      20696E74 
 1705      00
 1706              	.LASF59:
 1707 013c 76745F6E 		.ascii	"vt_next\000"
 1707      65787400 
 1708              	.LASF9:
 1709 0144 6C6F6E67 		.ascii	"long unsigned int\000"
 1709      20756E73 
 1709      69676E65 
 1709      6420696E 
 1709      7400
 1710              	.LASF43:
 1711 0156 56544F52 		.ascii	"VTOR\000"
 1711      00
 1712              	.LASF58:
 1713 015b 56697274 		.ascii	"VirtualTimer\000"
 1713      75616C54 
 1713      696D6572 
 1713      00
 1714              	.LASF55:
 1715 0168 636F6E74 		.ascii	"context\000"
 1715      65787400 
 1716              	.LASF4:
 1717 0170 73686F72 		.ascii	"short unsigned int\000"
 1717      7420756E 
 1717      7369676E 
 1717      65642069 
 1717      6E7400
 1718              	.LASF42:
 1719 0183 49435352 		.ascii	"ICSR\000"
 1719      00
 1720              	.LASF17:
 1721 0188 6D73675F 		.ascii	"msg_t\000"
 1721      7400
 1722              	.LASF44:
 1723 018e 41495243 		.ascii	"AIRCR\000"
 1723      5200
 1724              	.LASF49:
 1725 0194 44465352 		.ascii	"DFSR\000"
 1725      00
 1726              	.LASF50:
 1727 0199 4D4D4641 		.ascii	"MMFAR\000"
ARM GAS  /tmp/ccsqOzaM.s 			page 33


 1727      5200
 1728              	.LASF13:
 1729 019f 746D6F64 		.ascii	"tmode_t\000"
 1729      655F7400 
 1730              	.LASF40:
 1731 01a7 54687265 		.ascii	"ThreadsList\000"
 1731      6164734C 
 1731      69737400 
 1732              	.LASF18:
 1733 01b3 6576656E 		.ascii	"eventmask_t\000"
 1733      746D6173 
 1733      6B5F7400 
 1734              	.LASF74:
 1735 01bf 4D757465 		.ascii	"Mutex\000"
 1735      7800
 1736              	.LASF53:
 1737 01c5 73746B61 		.ascii	"stkalign_t\000"
 1737      6C69676E 
 1737      5F7400
 1738              	.LASF61:
 1739 01d0 76745F74 		.ascii	"vt_time\000"
 1739      696D6500 
 1740              	.LASF62:
 1741 01d8 76745F66 		.ascii	"vt_func\000"
 1741      756E6300 
 1742              	.LASF47:
 1743 01e0 43465352 		.ascii	"CFSR\000"
 1743      00
 1744              	.LASF27:
 1745 01e5 705F6F6C 		.ascii	"p_older\000"
 1745      64657200 
 1746              	.LASF68:
 1747 01ed 725F6374 		.ascii	"r_ctx\000"
 1747      7800
 1748              	.LASF39:
 1749 01f3 54687265 		.ascii	"ThreadsQueue\000"
 1749      61647351 
 1749      75657565 
 1749      00
 1750              	.LASF72:
 1751 0200 725F6375 		.ascii	"r_current\000"
 1751      7272656E 
 1751      7400
 1752              	.LASF70:
 1753 020a 725F6F6C 		.ascii	"r_older\000"
 1753      64657200 
 1754              	.LASF82:
 1755 0212 5F69646C 		.ascii	"_idle_thread\000"
 1755      655F7468 
 1755      72656164 
 1755      00
 1756              	.LASF15:
 1757 021f 74726566 		.ascii	"trefs_t\000"
 1757      735F7400 
 1758              	.LASF23:
 1759 0227 705F7072 		.ascii	"p_prev\000"
 1759      657600
ARM GAS  /tmp/ccsqOzaM.s 			page 34


 1760              	.LASF16:
 1761 022e 74707269 		.ascii	"tprio_t\000"
 1761      6F5F7400 
 1762              	.LASF6:
 1763 0236 696E7433 		.ascii	"int32_t\000"
 1763      325F7400 
 1764              	.LASF2:
 1765 023e 756E7369 		.ascii	"unsigned char\000"
 1765      676E6564 
 1765      20636861 
 1765      7200
 1766              	.LASF46:
 1767 024c 53484353 		.ascii	"SHCSR\000"
 1767      5200
 1768              	.LASF36:
 1769 0252 705F6D74 		.ascii	"p_mtxlist\000"
 1769      786C6973 
 1769      7400
 1770              	.LASF3:
 1771 025c 73686F72 		.ascii	"short int\000"
 1771      7420696E 
 1771      7400
 1772              	.LASF28:
 1773 0266 705F7374 		.ascii	"p_state\000"
 1773      61746500 
 1774              	.LASF67:
 1775 026e 725F7072 		.ascii	"r_prio\000"
 1775      696F00
 1776              	.LASF81:
 1777 0275 65776D61 		.ascii	"ewmask\000"
 1777      736B00
 1778              	.LASF22:
 1779 027c 705F6E65 		.ascii	"p_next\000"
 1779      787400
 1780              	.LASF29:
 1781 0283 705F666C 		.ascii	"p_flags\000"
 1781      61677300 
 1782              	.LASF21:
 1783 028b 54687265 		.ascii	"Thread\000"
 1783      616400
 1784              	.LASF35:
 1785 0292 705F6570 		.ascii	"p_epending\000"
 1785      656E6469 
 1785      6E6700
 1786              	.LASF8:
 1787 029d 75696E74 		.ascii	"uint32_t\000"
 1787      33325F74 
 1787      00
 1788              	.LASF66:
 1789 02a6 725F7175 		.ascii	"r_queue\000"
 1789      65756500 
 1790              	.LASF52:
 1791 02ae 41465352 		.ascii	"AFSR\000"
 1791      00
 1792              	.LASF77:
 1793 02b3 6D5F6E65 		.ascii	"m_next\000"
 1793      787400
ARM GAS  /tmp/ccsqOzaM.s 			page 35


 1794              	.LASF19:
 1795 02ba 73797374 		.ascii	"systime_t\000"
 1795      696D655F 
 1795      7400
 1796              	.LASF37:
 1797 02c4 705F7265 		.ascii	"p_realprio\000"
 1797      616C7072 
 1797      696F00
 1798              	.LASF57:
 1799 02cf 76746675 		.ascii	"vtfunc_t\000"
 1799      6E635F74 
 1799      00
 1800              	.LASF71:
 1801 02d8 725F7072 		.ascii	"r_preempt\000"
 1801      65656D70 
 1801      7400
 1802              	.LASF31:
 1803 02e2 705F7469 		.ascii	"p_time\000"
 1803      6D6500
 1804              	.LASF45:
 1805 02e9 53485052 		.ascii	"SHPR\000"
 1805      00
 1806              	.LASF56:
 1807 02ee 696E7463 		.ascii	"intctx\000"
 1807      747800
 1808              	.LASF33:
 1809 02f5 705F6D73 		.ascii	"p_msgqueue\000"
 1809      67717565 
 1809      756500
 1810              	.LASF63:
 1811 0300 76745F70 		.ascii	"vt_par\000"
 1811      617200
 1812              	.LASF30:
 1813 0307 705F7265 		.ascii	"p_refs\000"
 1813      667300
 1814              	.LASF73:
 1815 030e 52656164 		.ascii	"ReadyList\000"
 1815      794C6973 
 1815      7400
 1816              	.LASF87:
 1817 0318 726C6973 		.ascii	"rlist\000"
 1817      7400
 1818              	.LASF90:
 1819 031e 2E2E2F2E 		.ascii	"../../os/kernel/src/chsys.c\000"
 1819      2E2F6F73 
 1819      2F6B6572 
 1819      6E656C2F 
 1819      7372632F 
 1820              	.LASF5:
 1821 033a 75696E74 		.ascii	"uint8_t\000"
 1821      385F7400 
 1822              	.LASF80:
 1823 0342 77746F62 		.ascii	"wtobjp\000"
 1823      6A7000
 1824              	.LASF64:
 1825 0349 76745F73 		.ascii	"vt_systime\000"
 1825      79737469 
ARM GAS  /tmp/ccsqOzaM.s 			page 36


 1825      6D6500
 1826              	.LASF65:
 1827 0354 56544C69 		.ascii	"VTList\000"
 1827      737400
 1828              	.LASF48:
 1829 035b 48465352 		.ascii	"HFSR\000"
 1829      00
 1830              	.LASF76:
 1831 0360 6D5F6F77 		.ascii	"m_owner\000"
 1831      6E657200 
 1832              	.LASF25:
 1833 0368 705F6374 		.ascii	"p_ctx\000"
 1833      7800
 1834              	.LASF32:
 1835 036e 705F7761 		.ascii	"p_waiting\000"
 1835      6974696E 
 1835      6700
 1836              		.ident	"GCC: (Red Suite 2010Q1 by Code Red) 4.4.1"
ARM GAS  /tmp/ccsqOzaM.s 			page 37


DEFINED SYMBOLS
                            *ABS*:00000000 chsys.c
     /tmp/ccsqOzaM.s:24     .text._idle_thread:00000000 $t
     /tmp/ccsqOzaM.s:30     .text._idle_thread:00000000 _idle_thread
     /tmp/ccsqOzaM.s:45     .text.chSysTimerHandlerI:00000000 $t
     /tmp/ccsqOzaM.s:51     .text.chSysTimerHandlerI:00000000 chSysTimerHandlerI
     /tmp/ccsqOzaM.s:125    .text.chSysInit:00000000 $t
     /tmp/ccsqOzaM.s:131    .text.chSysInit:00000000 chSysInit
     /tmp/ccsqOzaM.s:209    .bss.mainthread.1989:00000000 .LANCHOR0
                            *COM*:000000a0 _idle_thread_wa
     /tmp/ccsqOzaM.s:208    .bss.mainthread.1989:00000000 $d
     /tmp/ccsqOzaM.s:212    .bss.mainthread.1989:00000000 mainthread.1989
                     .debug_frame:00000010 $d

UNDEFINED SYMBOLS
rlist
vtlist
NVICSetSystemHandlerPriority
scheduler_init
vt_init
core_init
heap_init
_thread_init
chThdCreateStatic
